[2023-01-23 22:19:12,578] 159 numexpr.utils - INFO - NumExpr defaulting to 8 threads.
[2023-01-23 22:19:19,147] 17 root - INFO - >>>>>>>>>>>>>>>>>>>>>>>>>>>>>>>>>>>>>>>> Data Ingestion <<<<<<<<<<<<<<<<<<<<<<<<<<<<<<<<<<<<<<<<
[2023-01-23 22:19:19,147] 24 root - INFO - Exporting collection data as pandas DataFrame
[2023-01-23 22:19:19,147] 11 root - INFO - Reading data from database: APS and collection: Sensor
[2023-01-23 22:20:03,297] 13 root - INFO - Found columns: Index(['_id', 'class', 'aa_000', 'ab_000', 'ac_000', 'ad_000', 'ae_000',
       'af_000', 'ag_000', 'ag_001',
       ...
       'ee_002', 'ee_003', 'ee_004', 'ee_005', 'ee_006', 'ee_007', 'ee_008',
       'ee_009', 'ef_000', 'eg_000'],
      dtype='object', length=172)
[2023-01-23 22:20:03,305] 15 root - INFO - Dropping column: _id
[2023-01-23 22:20:03,749] 17 root - INFO - Row and columns in df : (36188, 171)
[2023-01-23 22:20:03,749] 29 root - INFO - save data in feature store
[2023-01-23 22:20:04,632] 35 root - INFO - Create feature store folder if not available
[2023-01-23 22:20:04,640] 39 root - INFO - Save df to feature store folder
[2023-01-23 22:20:08,198] 43 root - INFO - split dataset into train and test set
[2023-01-23 22:20:09,064] 47 root - INFO - create dataset directory folder if not available
[2023-01-23 22:20:09,064] 52 root - INFO - Save df to feature store folder
[2023-01-23 22:20:11,898] 64 root - INFO - Data ingestion artifact: DataIngestionArtifact(feature_store_file_path='C:\\Users\\shara\\ML_Projects\\artifact\\012323__221919\\data_ingestion\\feature_store\\sensor.csv', train_file_path='C:\\Users\\shara\\ML_Projects\\artifact\\012323__221919\\data_ingestion\\dataset\\train.csv', test_file_path='C:\\Users\\shara\\ML_Projects\\artifact\\012323__221919\\data_ingestion\\dataset\\test.csv')
[2023-01-23 22:20:12,304] 17 root - INFO - >>>>>>>>>>>>>>>>>>>>>>>>>>>>>>>>>>>>>>>> Data Validation <<<<<<<<<<<<<<<<<<<<<<<<<<<<<<<<<<<<<<<<
[2023-01-23 22:20:12,304] 106 root - INFO - Reading base DataFrame
