[2023-01-27 00:28:00,255] 159 numexpr.utils - INFO - NumExpr defaulting to 8 threads.
[2023-01-27 00:28:05,151] 17 root - INFO - >>>>>>>>>>>>>>>>>>>>>>>>>>>>>>>>>>>>>>>> Data Ingestion <<<<<<<<<<<<<<<<<<<<<<<<<<<<<<<<<<<<<<<<
[2023-01-27 00:28:05,151] 24 root - INFO - Exporting collection data as pandas DataFrame
[2023-01-27 00:28:05,152] 13 root - INFO - Reading data from database: APS and collection: Sensor
[2023-01-27 00:28:36,539] 15 root - INFO - Found columns: Index(['_id', 'class', 'aa_000', 'ab_000', 'ac_000', 'ad_000', 'ae_000',
       'af_000', 'ag_000', 'ag_001',
       ...
       'ee_002', 'ee_003', 'ee_004', 'ee_005', 'ee_006', 'ee_007', 'ee_008',
       'ee_009', 'ef_000', 'eg_000'],
      dtype='object', length=172)
[2023-01-27 00:28:36,547] 17 root - INFO - Dropping column: _id
[2023-01-27 00:28:36,723] 19 root - INFO - Row and columns in df : (36188, 171)
[2023-01-27 00:28:36,723] 29 root - INFO - save data in feature store
[2023-01-27 00:28:37,027] 35 root - INFO - Create feature store folder if not available
[2023-01-27 00:28:37,029] 39 root - INFO - Save df to feature store folder
[2023-01-27 00:28:38,462] 43 root - INFO - split dataset into train and test set
[2023-01-27 00:28:38,903] 47 root - INFO - create dataset directory folder if not available
[2023-01-27 00:28:38,903] 52 root - INFO - Save df to feature store folder
[2023-01-27 00:28:40,242] 64 root - INFO - Data ingestion artifact: DataIngestionArtifact(feature_store_file_path='C:\\Users\\shara\\ML_Projects\\artifact\\012723__002805\\data_ingestion\\feature_store\\sensor.csv', train_file_path='C:\\Users\\shara\\ML_Projects\\artifact\\012723__002805\\data_ingestion\\dataset\\train.csv', test_file_path='C:\\Users\\shara\\ML_Projects\\artifact\\012723__002805\\data_ingestion\\dataset\\test.csv')
[2023-01-27 00:28:40,524] 18 root - INFO - >>>>>>>>>>>>>>>>>>>>>>>>>>>>>>>>>>>>>>>> Data Validation <<<<<<<<<<<<<<<<<<<<<<<<<<<<<<<<<<<<<<<<
[2023-01-27 00:28:40,524] 107 root - INFO - Reading base DataFrame
[2023-01-27 00:28:42,240] 110 root - INFO - Replace na value in base df
[2023-01-27 00:28:42,240] 112 root - INFO - Drop null values column from base df
[2023-01-27 00:28:42,782] 41 root - INFO - Selecting column names which contain null values above to 0.2
[2023-01-27 00:28:42,782] 43 root - INFO - columns to drop: ['ab_000', 'ad_000', 'bk_000', 'bl_000', 'bm_000', 'bn_000', 'bo_000', 'bp_000', 'bq_000', 'br_000', 'cf_000', 'cg_000', 'ch_000', 'co_000', 'cr_000', 'ct_000', 'cu_000', 'cv_000', 'cx_000', 'cy_000', 'cz_000', 'da_000', 'db_000', 'dc_000']
[2023-01-27 00:28:42,851] 115 root - INFO - Reading train DataFrame
[2023-01-27 00:28:43,183] 117 root - INFO - Reading test DataFrame
[2023-01-27 00:28:43,295] 120 root - INFO - Drop null values column from train DataFrame
[2023-01-27 00:28:43,311] 41 root - INFO - Selecting column names which contain null values above to 0.2
[2023-01-27 00:28:43,311] 43 root - INFO - columns to drop: ['ab_000', 'ad_000', 'bk_000', 'bl_000', 'bm_000', 'bn_000', 'bo_000', 'bp_000', 'bq_000', 'br_000', 'cf_000', 'cg_000', 'ch_000', 'co_000', 'cr_000', 'ct_000', 'cu_000', 'cv_000', 'cx_000', 'cy_000', 'cz_000', 'da_000', 'db_000', 'dc_000']
[2023-01-27 00:28:43,325] 122 root - INFO - Drop null values column from test DataFrame
[2023-01-27 00:28:43,330] 41 root - INFO - Selecting column names which contain null values above to 0.2
[2023-01-27 00:28:43,330] 43 root - INFO - columns to drop: ['ab_000', 'ad_000', 'bk_000', 'bl_000', 'bm_000', 'bn_000', 'bo_000', 'bp_000', 'bq_000', 'br_000', 'cf_000', 'cg_000', 'ch_000', 'co_000', 'cr_000', 'ct_000', 'cu_000', 'cv_000', 'cx_000', 'cy_000', 'cz_000', 'da_000', 'db_000', 'dc_000']
[2023-01-27 00:28:48,791] 130 root - INFO - Is all required columns present in train df
[2023-01-27 00:28:48,791] 132 root - INFO - Is all required columns present in test df
[2023-01-27 00:28:48,791] 136 root - INFO - As all columns are available in train df hence detecting data drift
[2023-01-27 00:28:48,791] 84 root - INFO - Hypothesis class: object, object
[2023-01-27 00:28:48,962] 84 root - INFO - Hypothesis aa_000: float64, float64
[2023-01-27 00:28:49,002] 84 root - INFO - Hypothesis ac_000: float64, float64
[2023-01-27 00:28:49,036] 84 root - INFO - Hypothesis ae_000: float64, float64
[2023-01-27 00:28:49,065] 84 root - INFO - Hypothesis af_000: float64, float64
[2023-01-27 00:28:49,098] 84 root - INFO - Hypothesis ag_000: float64, float64
[2023-01-27 00:28:49,128] 84 root - INFO - Hypothesis ag_001: float64, float64
[2023-01-27 00:28:49,153] 84 root - INFO - Hypothesis ag_002: float64, float64
[2023-01-27 00:28:49,186] 84 root - INFO - Hypothesis ag_003: float64, float64
[2023-01-27 00:28:49,219] 84 root - INFO - Hypothesis ag_004: float64, float64
[2023-01-27 00:28:49,252] 84 root - INFO - Hypothesis ag_005: float64, float64
[2023-01-27 00:28:49,287] 84 root - INFO - Hypothesis ag_006: float64, float64
[2023-01-27 00:28:49,323] 84 root - INFO - Hypothesis ag_007: float64, float64
[2023-01-27 00:28:49,362] 84 root - INFO - Hypothesis ag_008: float64, float64
[2023-01-27 00:28:49,396] 84 root - INFO - Hypothesis ag_009: float64, float64
[2023-01-27 00:28:49,431] 84 root - INFO - Hypothesis ah_000: float64, float64
[2023-01-27 00:28:49,470] 84 root - INFO - Hypothesis ai_000: float64, float64
[2023-01-27 00:28:49,506] 84 root - INFO - Hypothesis aj_000: float64, float64
[2023-01-27 00:28:49,540] 84 root - INFO - Hypothesis ak_000: float64, float64
[2023-01-27 00:28:49,572] 84 root - INFO - Hypothesis al_000: float64, float64
[2023-01-27 00:28:49,603] 84 root - INFO - Hypothesis am_0: float64, float64
[2023-01-27 00:28:49,634] 84 root - INFO - Hypothesis an_000: float64, float64
[2023-01-27 00:28:49,643] 84 root - INFO - Hypothesis ao_000: float64, float64
[2023-01-27 00:28:49,680] 84 root - INFO - Hypothesis ap_000: float64, float64
[2023-01-27 00:28:49,713] 84 root - INFO - Hypothesis aq_000: float64, float64
[2023-01-27 00:28:49,747] 84 root - INFO - Hypothesis ar_000: float64, float64
[2023-01-27 00:28:49,778] 84 root - INFO - Hypothesis as_000: float64, float64
[2023-01-27 00:28:49,805] 84 root - INFO - Hypothesis at_000: float64, float64
[2023-01-27 00:28:49,813] 84 root - INFO - Hypothesis au_000: float64, float64
[2023-01-27 00:28:49,844] 84 root - INFO - Hypothesis av_000: float64, float64
[2023-01-27 00:28:49,852] 84 root - INFO - Hypothesis ax_000: float64, float64
[2023-01-27 00:28:49,861] 84 root - INFO - Hypothesis ay_000: float64, float64
[2023-01-27 00:28:49,889] 84 root - INFO - Hypothesis ay_001: float64, float64
[2023-01-27 00:28:49,923] 84 root - INFO - Hypothesis ay_002: float64, float64
[2023-01-27 00:28:49,948] 84 root - INFO - Hypothesis ay_003: float64, float64
[2023-01-27 00:28:49,972] 84 root - INFO - Hypothesis ay_004: float64, float64
[2023-01-27 00:28:49,996] 84 root - INFO - Hypothesis ay_005: float64, float64
[2023-01-27 00:28:50,033] 84 root - INFO - Hypothesis ay_006: float64, float64
[2023-01-27 00:28:50,063] 84 root - INFO - Hypothesis ay_007: float64, float64
[2023-01-27 00:28:50,098] 84 root - INFO - Hypothesis ay_008: float64, float64
[2023-01-27 00:28:50,107] 84 root - INFO - Hypothesis ay_009: float64, float64
[2023-01-27 00:28:50,137] 84 root - INFO - Hypothesis az_000: float64, float64
[2023-01-27 00:28:50,172] 84 root - INFO - Hypothesis az_001: float64, float64
[2023-01-27 00:28:50,206] 84 root - INFO - Hypothesis az_002: float64, float64
[2023-01-27 00:28:50,236] 84 root - INFO - Hypothesis az_003: float64, float64
[2023-01-27 00:28:50,269] 84 root - INFO - Hypothesis az_004: float64, float64
[2023-01-27 00:28:50,300] 84 root - INFO - Hypothesis az_005: float64, float64
[2023-01-27 00:28:50,311] 84 root - INFO - Hypothesis az_006: float64, float64
[2023-01-27 00:28:50,319] 84 root - INFO - Hypothesis az_007: float64, float64
[2023-01-27 00:28:50,357] 84 root - INFO - Hypothesis az_008: float64, float64
[2023-01-27 00:28:50,387] 84 root - INFO - Hypothesis az_009: float64, float64
[2023-01-27 00:28:50,421] 84 root - INFO - Hypothesis ba_000: float64, float64
[2023-01-27 00:28:50,430] 84 root - INFO - Hypothesis ba_001: float64, float64
[2023-01-27 00:28:50,460] 84 root - INFO - Hypothesis ba_002: float64, float64
[2023-01-27 00:28:50,489] 84 root - INFO - Hypothesis ba_003: float64, float64
[2023-01-27 00:28:50,520] 84 root - INFO - Hypothesis ba_004: float64, float64
[2023-01-27 00:28:50,559] 84 root - INFO - Hypothesis ba_005: float64, float64
[2023-01-27 00:28:50,593] 84 root - INFO - Hypothesis ba_006: float64, float64
[2023-01-27 00:28:50,628] 84 root - INFO - Hypothesis ba_007: float64, float64
[2023-01-27 00:28:50,637] 84 root - INFO - Hypothesis ba_008: float64, float64
[2023-01-27 00:28:50,646] 84 root - INFO - Hypothesis ba_009: float64, float64
[2023-01-27 00:28:50,681] 84 root - INFO - Hypothesis bb_000: float64, float64
[2023-01-27 00:28:50,720] 84 root - INFO - Hypothesis bc_000: float64, float64
[2023-01-27 00:28:50,752] 84 root - INFO - Hypothesis bd_000: float64, float64
[2023-01-27 00:28:50,782] 84 root - INFO - Hypothesis be_000: float64, float64
[2023-01-27 00:28:50,791] 84 root - INFO - Hypothesis bf_000: float64, float64
[2023-01-27 00:28:50,819] 84 root - INFO - Hypothesis bg_000: float64, float64
[2023-01-27 00:28:50,858] 84 root - INFO - Hypothesis bh_000: float64, float64
[2023-01-27 00:28:50,889] 84 root - INFO - Hypothesis bi_000: float64, float64
[2023-01-27 00:28:50,922] 84 root - INFO - Hypothesis bj_000: float64, float64
[2023-01-27 00:28:50,959] 84 root - INFO - Hypothesis bs_000: float64, float64
[2023-01-27 00:28:50,969] 84 root - INFO - Hypothesis bt_000: float64, float64
[2023-01-27 00:28:50,979] 84 root - INFO - Hypothesis bu_000: float64, float64
[2023-01-27 00:28:51,011] 84 root - INFO - Hypothesis bv_000: float64, float64
[2023-01-27 00:28:51,049] 84 root - INFO - Hypothesis bx_000: float64, float64
[2023-01-27 00:28:51,083] 84 root - INFO - Hypothesis by_000: float64, float64
[2023-01-27 00:28:51,112] 84 root - INFO - Hypothesis bz_000: float64, float64
[2023-01-27 00:28:51,122] 84 root - INFO - Hypothesis ca_000: float64, float64
[2023-01-27 00:28:51,133] 84 root - INFO - Hypothesis cb_000: float64, float64
[2023-01-27 00:28:51,143] 84 root - INFO - Hypothesis cc_000: float64, float64
[2023-01-27 00:28:51,171] 84 root - INFO - Hypothesis cd_000: float64, float64
[2023-01-27 00:28:51,205] 84 root - INFO - Hypothesis ce_000: float64, float64
[2023-01-27 00:28:51,214] 84 root - INFO - Hypothesis ci_000: float64, float64
[2023-01-27 00:28:51,252] 84 root - INFO - Hypothesis cj_000: float64, float64
[2023-01-27 00:28:51,282] 84 root - INFO - Hypothesis ck_000: float64, float64
[2023-01-27 00:28:51,292] 84 root - INFO - Hypothesis cl_000: float64, float64
[2023-01-27 00:28:51,322] 84 root - INFO - Hypothesis cm_000: float64, float64
[2023-01-27 00:28:51,351] 84 root - INFO - Hypothesis cn_000: float64, float64
[2023-01-27 00:28:51,380] 84 root - INFO - Hypothesis cn_001: float64, float64
[2023-01-27 00:28:51,416] 84 root - INFO - Hypothesis cn_002: float64, float64
[2023-01-27 00:28:51,448] 84 root - INFO - Hypothesis cn_003: float64, float64
[2023-01-27 00:28:51,457] 84 root - INFO - Hypothesis cn_004: float64, float64
[2023-01-27 00:28:51,491] 84 root - INFO - Hypothesis cn_005: float64, float64
[2023-01-27 00:28:51,526] 84 root - INFO - Hypothesis cn_006: float64, float64
[2023-01-27 00:28:51,536] 84 root - INFO - Hypothesis cn_007: float64, float64
[2023-01-27 00:28:51,571] 84 root - INFO - Hypothesis cn_008: float64, float64
[2023-01-27 00:28:51,599] 84 root - INFO - Hypothesis cn_009: float64, float64
[2023-01-27 00:28:51,626] 84 root - INFO - Hypothesis cp_000: float64, float64
[2023-01-27 00:28:51,652] 84 root - INFO - Hypothesis cq_000: float64, float64
[2023-01-27 00:28:51,679] 84 root - INFO - Hypothesis cs_000: float64, float64
[2023-01-27 00:28:51,708] 84 root - INFO - Hypothesis cs_001: float64, float64
[2023-01-27 00:28:51,739] 84 root - INFO - Hypothesis cs_002: float64, float64
[2023-01-27 00:28:51,771] 84 root - INFO - Hypothesis cs_003: float64, float64
[2023-01-27 00:28:51,804] 84 root - INFO - Hypothesis cs_004: float64, float64
[2023-01-27 00:28:51,840] 84 root - INFO - Hypothesis cs_005: float64, float64
[2023-01-27 00:28:51,878] 84 root - INFO - Hypothesis cs_006: float64, float64
[2023-01-27 00:28:51,888] 84 root - INFO - Hypothesis cs_007: float64, float64
[2023-01-27 00:28:51,897] 84 root - INFO - Hypothesis cs_008: float64, float64
[2023-01-27 00:28:51,925] 84 root - INFO - Hypothesis cs_009: float64, float64
[2023-01-27 00:28:51,954] 84 root - INFO - Hypothesis dd_000: float64, float64
[2023-01-27 00:28:51,965] 84 root - INFO - Hypothesis de_000: float64, float64
[2023-01-27 00:28:51,974] 84 root - INFO - Hypothesis df_000: float64, float64
[2023-01-27 00:28:52,010] 84 root - INFO - Hypothesis dg_000: float64, float64
[2023-01-27 00:28:52,040] 84 root - INFO - Hypothesis dh_000: float64, float64
[2023-01-27 00:28:52,073] 84 root - INFO - Hypothesis di_000: float64, float64
[2023-01-27 00:28:52,101] 84 root - INFO - Hypothesis dj_000: float64, float64
[2023-01-27 00:28:52,129] 84 root - INFO - Hypothesis dk_000: float64, float64
[2023-01-27 00:28:52,157] 84 root - INFO - Hypothesis dl_000: float64, float64
[2023-01-27 00:28:52,183] 84 root - INFO - Hypothesis dm_000: float64, float64
[2023-01-27 00:28:52,216] 84 root - INFO - Hypothesis dn_000: float64, float64
[2023-01-27 00:28:52,250] 84 root - INFO - Hypothesis do_000: float64, float64
[2023-01-27 00:28:52,290] 84 root - INFO - Hypothesis dp_000: float64, float64
[2023-01-27 00:28:52,322] 84 root - INFO - Hypothesis dq_000: float64, float64
[2023-01-27 00:28:52,349] 84 root - INFO - Hypothesis dr_000: float64, float64
[2023-01-27 00:28:52,357] 84 root - INFO - Hypothesis ds_000: float64, float64
[2023-01-27 00:28:52,389] 84 root - INFO - Hypothesis dt_000: float64, float64
[2023-01-27 00:28:52,418] 84 root - INFO - Hypothesis du_000: float64, float64
[2023-01-27 00:28:52,428] 84 root - INFO - Hypothesis dv_000: float64, float64
[2023-01-27 00:28:52,466] 84 root - INFO - Hypothesis dx_000: float64, float64
[2023-01-27 00:28:52,501] 84 root - INFO - Hypothesis dy_000: float64, float64
[2023-01-27 00:28:52,511] 84 root - INFO - Hypothesis dz_000: float64, float64
[2023-01-27 00:28:52,546] 84 root - INFO - Hypothesis ea_000: float64, float64
[2023-01-27 00:28:52,579] 84 root - INFO - Hypothesis eb_000: float64, float64
[2023-01-27 00:28:52,611] 84 root - INFO - Hypothesis ec_00: float64, float64
[2023-01-27 00:28:52,651] 84 root - INFO - Hypothesis ed_000: float64, float64
[2023-01-27 00:28:52,680] 84 root - INFO - Hypothesis ee_000: float64, float64
[2023-01-27 00:28:52,708] 84 root - INFO - Hypothesis ee_001: float64, float64
[2023-01-27 00:28:52,734] 84 root - INFO - Hypothesis ee_002: float64, float64
[2023-01-27 00:28:52,761] 84 root - INFO - Hypothesis ee_003: float64, float64
[2023-01-27 00:28:52,792] 84 root - INFO - Hypothesis ee_004: float64, float64
[2023-01-27 00:28:52,829] 84 root - INFO - Hypothesis ee_005: float64, float64
[2023-01-27 00:28:52,864] 84 root - INFO - Hypothesis ee_006: float64, float64
[2023-01-27 00:28:52,898] 84 root - INFO - Hypothesis ee_007: float64, float64
[2023-01-27 00:28:52,937] 84 root - INFO - Hypothesis ee_008: float64, float64
[2023-01-27 00:28:52,975] 84 root - INFO - Hypothesis ee_009: float64, float64
[2023-01-27 00:28:53,004] 84 root - INFO - Hypothesis ef_000: float64, float64
[2023-01-27 00:28:53,032] 84 root - INFO - Hypothesis eg_000: float64, float64
[2023-01-27 00:28:53,064] 139 root - INFO - As all columns are available in test df hence detecting data drift
[2023-01-27 00:28:53,064] 84 root - INFO - Hypothesis class: object, object
[2023-01-27 00:28:53,103] 84 root - INFO - Hypothesis aa_000: float64, float64
[2023-01-27 00:28:53,108] 84 root - INFO - Hypothesis ac_000: float64, float64
[2023-01-27 00:28:53,114] 84 root - INFO - Hypothesis ae_000: float64, float64
[2023-01-27 00:28:53,129] 84 root - INFO - Hypothesis af_000: float64, float64
[2023-01-27 00:28:53,142] 84 root - INFO - Hypothesis ag_000: float64, float64
[2023-01-27 00:28:53,157] 84 root - INFO - Hypothesis ag_001: float64, float64
[2023-01-27 00:28:53,169] 84 root - INFO - Hypothesis ag_002: float64, float64
[2023-01-27 00:28:53,175] 84 root - INFO - Hypothesis ag_003: float64, float64
[2023-01-27 00:28:53,179] 84 root - INFO - Hypothesis ag_004: float64, float64
[2023-01-27 00:28:53,185] 84 root - INFO - Hypothesis ag_005: float64, float64
[2023-01-27 00:28:53,191] 84 root - INFO - Hypothesis ag_006: float64, float64
[2023-01-27 00:28:53,197] 84 root - INFO - Hypothesis ag_007: float64, float64
[2023-01-27 00:28:53,201] 84 root - INFO - Hypothesis ag_008: float64, float64
[2023-01-27 00:28:53,206] 84 root - INFO - Hypothesis ag_009: float64, float64
[2023-01-27 00:28:53,211] 84 root - INFO - Hypothesis ah_000: float64, float64
[2023-01-27 00:28:53,216] 84 root - INFO - Hypothesis ai_000: float64, float64
[2023-01-27 00:28:53,221] 84 root - INFO - Hypothesis aj_000: float64, float64
[2023-01-27 00:28:53,226] 84 root - INFO - Hypothesis ak_000: float64, float64
[2023-01-27 00:28:53,237] 84 root - INFO - Hypothesis al_000: float64, float64
[2023-01-27 00:28:53,257] 84 root - INFO - Hypothesis am_0: float64, float64
[2023-01-27 00:28:53,269] 84 root - INFO - Hypothesis an_000: float64, float64
[2023-01-27 00:28:53,276] 84 root - INFO - Hypothesis ao_000: float64, float64
[2023-01-27 00:28:53,280] 84 root - INFO - Hypothesis ap_000: float64, float64
[2023-01-27 00:28:53,286] 84 root - INFO - Hypothesis aq_000: float64, float64
[2023-01-27 00:28:53,292] 84 root - INFO - Hypothesis ar_000: float64, float64
[2023-01-27 00:28:53,304] 84 root - INFO - Hypothesis as_000: float64, float64
[2023-01-27 00:28:53,318] 84 root - INFO - Hypothesis at_000: float64, float64
[2023-01-27 00:28:53,323] 84 root - INFO - Hypothesis au_000: float64, float64
[2023-01-27 00:28:53,338] 84 root - INFO - Hypothesis av_000: float64, float64
[2023-01-27 00:28:53,344] 84 root - INFO - Hypothesis ax_000: float64, float64
[2023-01-27 00:28:53,350] 84 root - INFO - Hypothesis ay_000: float64, float64
[2023-01-27 00:28:53,364] 84 root - INFO - Hypothesis ay_001: float64, float64
[2023-01-27 00:28:53,377] 84 root - INFO - Hypothesis ay_002: float64, float64
[2023-01-27 00:28:53,391] 84 root - INFO - Hypothesis ay_003: float64, float64
[2023-01-27 00:28:53,408] 84 root - INFO - Hypothesis ay_004: float64, float64
[2023-01-27 00:28:53,424] 84 root - INFO - Hypothesis ay_005: float64, float64
[2023-01-27 00:28:53,430] 84 root - INFO - Hypothesis ay_006: float64, float64
[2023-01-27 00:28:53,435] 84 root - INFO - Hypothesis ay_007: float64, float64
[2023-01-27 00:28:53,440] 84 root - INFO - Hypothesis ay_008: float64, float64
[2023-01-27 00:28:53,445] 84 root - INFO - Hypothesis ay_009: float64, float64
[2023-01-27 00:28:53,457] 84 root - INFO - Hypothesis az_000: float64, float64
[2023-01-27 00:28:53,462] 84 root - INFO - Hypothesis az_001: float64, float64
[2023-01-27 00:28:53,467] 84 root - INFO - Hypothesis az_002: float64, float64
[2023-01-27 00:28:53,473] 84 root - INFO - Hypothesis az_003: float64, float64
[2023-01-27 00:28:53,479] 84 root - INFO - Hypothesis az_004: float64, float64
[2023-01-27 00:28:53,484] 84 root - INFO - Hypothesis az_005: float64, float64
[2023-01-27 00:28:53,490] 84 root - INFO - Hypothesis az_006: float64, float64
[2023-01-27 00:28:53,494] 84 root - INFO - Hypothesis az_007: float64, float64
[2023-01-27 00:28:53,499] 84 root - INFO - Hypothesis az_008: float64, float64
[2023-01-27 00:28:53,510] 84 root - INFO - Hypothesis az_009: float64, float64
[2023-01-27 00:28:53,521] 84 root - INFO - Hypothesis ba_000: float64, float64
[2023-01-27 00:28:53,527] 84 root - INFO - Hypothesis ba_001: float64, float64
[2023-01-27 00:28:53,532] 84 root - INFO - Hypothesis ba_002: float64, float64
[2023-01-27 00:28:53,537] 84 root - INFO - Hypothesis ba_003: float64, float64
[2023-01-27 00:28:53,543] 84 root - INFO - Hypothesis ba_004: float64, float64
[2023-01-27 00:28:53,548] 84 root - INFO - Hypothesis ba_005: float64, float64
[2023-01-27 00:28:53,554] 84 root - INFO - Hypothesis ba_006: float64, float64
[2023-01-27 00:28:53,559] 84 root - INFO - Hypothesis ba_007: float64, float64
[2023-01-27 00:28:53,564] 84 root - INFO - Hypothesis ba_008: float64, float64
[2023-01-27 00:28:53,569] 84 root - INFO - Hypothesis ba_009: float64, float64
[2023-01-27 00:28:53,574] 84 root - INFO - Hypothesis bb_000: float64, float64
[2023-01-27 00:28:53,579] 84 root - INFO - Hypothesis bc_000: float64, float64
[2023-01-27 00:28:53,584] 84 root - INFO - Hypothesis bd_000: float64, float64
[2023-01-27 00:28:53,589] 84 root - INFO - Hypothesis be_000: float64, float64
[2023-01-27 00:28:53,593] 84 root - INFO - Hypothesis bf_000: float64, float64
[2023-01-27 00:28:53,598] 84 root - INFO - Hypothesis bg_000: float64, float64
[2023-01-27 00:28:53,603] 84 root - INFO - Hypothesis bh_000: float64, float64
[2023-01-27 00:28:53,608] 84 root - INFO - Hypothesis bi_000: float64, float64
[2023-01-27 00:28:53,614] 84 root - INFO - Hypothesis bj_000: float64, float64
[2023-01-27 00:28:53,619] 84 root - INFO - Hypothesis bs_000: float64, float64
[2023-01-27 00:28:53,624] 84 root - INFO - Hypothesis bt_000: float64, float64
[2023-01-27 00:28:53,630] 84 root - INFO - Hypothesis bu_000: float64, float64
[2023-01-27 00:28:53,635] 84 root - INFO - Hypothesis bv_000: float64, float64
[2023-01-27 00:28:53,640] 84 root - INFO - Hypothesis bx_000: float64, float64
[2023-01-27 00:28:53,645] 84 root - INFO - Hypothesis by_000: float64, float64
[2023-01-27 00:28:53,651] 84 root - INFO - Hypothesis bz_000: float64, float64
[2023-01-27 00:28:53,656] 84 root - INFO - Hypothesis ca_000: float64, float64
[2023-01-27 00:28:53,661] 84 root - INFO - Hypothesis cb_000: float64, float64
[2023-01-27 00:28:53,666] 84 root - INFO - Hypothesis cc_000: float64, float64
[2023-01-27 00:28:53,671] 84 root - INFO - Hypothesis cd_000: float64, float64
[2023-01-27 00:28:53,681] 84 root - INFO - Hypothesis ce_000: float64, float64
[2023-01-27 00:28:53,686] 84 root - INFO - Hypothesis ci_000: float64, float64
[2023-01-27 00:28:53,691] 84 root - INFO - Hypothesis cj_000: float64, float64
[2023-01-27 00:28:53,696] 84 root - INFO - Hypothesis ck_000: float64, float64
[2023-01-27 00:28:53,701] 84 root - INFO - Hypothesis cl_000: float64, float64
[2023-01-27 00:28:53,706] 84 root - INFO - Hypothesis cm_000: float64, float64
[2023-01-27 00:28:53,710] 84 root - INFO - Hypothesis cn_000: float64, float64
[2023-01-27 00:28:53,721] 84 root - INFO - Hypothesis cn_001: float64, float64
[2023-01-27 00:28:53,725] 84 root - INFO - Hypothesis cn_002: float64, float64
[2023-01-27 00:28:53,730] 84 root - INFO - Hypothesis cn_003: float64, float64
[2023-01-27 00:28:53,735] 84 root - INFO - Hypothesis cn_004: float64, float64
[2023-01-27 00:28:53,741] 84 root - INFO - Hypothesis cn_005: float64, float64
[2023-01-27 00:28:53,746] 84 root - INFO - Hypothesis cn_006: float64, float64
[2023-01-27 00:28:53,751] 84 root - INFO - Hypothesis cn_007: float64, float64
[2023-01-27 00:28:53,756] 84 root - INFO - Hypothesis cn_008: float64, float64
[2023-01-27 00:28:53,761] 84 root - INFO - Hypothesis cn_009: float64, float64
[2023-01-27 00:28:53,772] 84 root - INFO - Hypothesis cp_000: float64, float64
[2023-01-27 00:28:53,777] 84 root - INFO - Hypothesis cq_000: float64, float64
[2023-01-27 00:28:53,781] 84 root - INFO - Hypothesis cs_000: float64, float64
[2023-01-27 00:28:53,787] 84 root - INFO - Hypothesis cs_001: float64, float64
[2023-01-27 00:28:53,792] 84 root - INFO - Hypothesis cs_002: float64, float64
[2023-01-27 00:28:53,797] 84 root - INFO - Hypothesis cs_003: float64, float64
[2023-01-27 00:28:53,802] 84 root - INFO - Hypothesis cs_004: float64, float64
[2023-01-27 00:28:53,807] 84 root - INFO - Hypothesis cs_005: float64, float64
[2023-01-27 00:28:53,812] 84 root - INFO - Hypothesis cs_006: float64, float64
[2023-01-27 00:28:53,817] 84 root - INFO - Hypothesis cs_007: float64, float64
[2023-01-27 00:28:53,822] 84 root - INFO - Hypothesis cs_008: float64, float64
[2023-01-27 00:28:53,827] 84 root - INFO - Hypothesis cs_009: float64, float64
[2023-01-27 00:28:53,838] 84 root - INFO - Hypothesis dd_000: float64, float64
[2023-01-27 00:28:53,843] 84 root - INFO - Hypothesis de_000: float64, float64
[2023-01-27 00:28:53,848] 84 root - INFO - Hypothesis df_000: float64, float64
[2023-01-27 00:28:53,853] 84 root - INFO - Hypothesis dg_000: float64, float64
[2023-01-27 00:28:53,857] 84 root - INFO - Hypothesis dh_000: float64, float64
[2023-01-27 00:28:53,862] 84 root - INFO - Hypothesis di_000: float64, float64
[2023-01-27 00:28:53,867] 84 root - INFO - Hypothesis dj_000: float64, float64
[2023-01-27 00:28:53,880] 84 root - INFO - Hypothesis dk_000: float64, float64
[2023-01-27 00:28:53,895] 84 root - INFO - Hypothesis dl_000: float64, float64
[2023-01-27 00:28:53,909] 84 root - INFO - Hypothesis dm_000: float64, float64
[2023-01-27 00:28:53,923] 84 root - INFO - Hypothesis dn_000: float64, float64
[2023-01-27 00:28:53,929] 84 root - INFO - Hypothesis do_000: float64, float64
[2023-01-27 00:28:53,935] 84 root - INFO - Hypothesis dp_000: float64, float64
[2023-01-27 00:28:53,940] 84 root - INFO - Hypothesis dq_000: float64, float64
[2023-01-27 00:28:53,945] 84 root - INFO - Hypothesis dr_000: float64, float64
[2023-01-27 00:28:53,950] 84 root - INFO - Hypothesis ds_000: float64, float64
[2023-01-27 00:28:53,955] 84 root - INFO - Hypothesis dt_000: float64, float64
[2023-01-27 00:28:53,962] 84 root - INFO - Hypothesis du_000: float64, float64
[2023-01-27 00:28:53,968] 84 root - INFO - Hypothesis dv_000: float64, float64
[2023-01-27 00:28:53,974] 84 root - INFO - Hypothesis dx_000: float64, float64
[2023-01-27 00:28:53,978] 84 root - INFO - Hypothesis dy_000: float64, float64
[2023-01-27 00:28:53,984] 84 root - INFO - Hypothesis dz_000: float64, float64
[2023-01-27 00:28:53,999] 84 root - INFO - Hypothesis ea_000: float64, float64
[2023-01-27 00:28:54,012] 84 root - INFO - Hypothesis eb_000: float64, float64
[2023-01-27 00:28:54,017] 84 root - INFO - Hypothesis ec_00: float64, float64
[2023-01-27 00:28:54,024] 84 root - INFO - Hypothesis ed_000: float64, float64
[2023-01-27 00:28:54,030] 84 root - INFO - Hypothesis ee_000: float64, float64
[2023-01-27 00:28:54,036] 84 root - INFO - Hypothesis ee_001: float64, float64
[2023-01-27 00:28:54,040] 84 root - INFO - Hypothesis ee_002: float64, float64
[2023-01-27 00:28:54,047] 84 root - INFO - Hypothesis ee_003: float64, float64
[2023-01-27 00:28:54,051] 84 root - INFO - Hypothesis ee_004: float64, float64
[2023-01-27 00:28:54,056] 84 root - INFO - Hypothesis ee_005: float64, float64
[2023-01-27 00:28:54,062] 84 root - INFO - Hypothesis ee_006: float64, float64
[2023-01-27 00:28:54,067] 84 root - INFO - Hypothesis ee_007: float64, float64
[2023-01-27 00:28:54,073] 84 root - INFO - Hypothesis ee_008: float64, float64
[2023-01-27 00:28:54,078] 84 root - INFO - Hypothesis ee_009: float64, float64
[2023-01-27 00:28:54,083] 84 root - INFO - Hypothesis ef_000: float64, float64
[2023-01-27 00:28:54,094] 84 root - INFO - Hypothesis eg_000: float64, float64
[2023-01-27 00:28:54,105] 144 root - INFO - Writing report to yaml file
[2023-01-27 00:28:54,153] 149 root - INFO - Data Validation artifact: DataValidationArtifact(report_file_path='C:\\Users\\shara\\ML_Projects\\artifact\\012723__002805\\data_validation\\report.yaml')
[2023-01-27 00:28:54,814] 73 root - INFO - Before resampling in training set Input: (28950, 170) Target: (7238,)
