[2023-01-27 00:13:55,080] 159 numexpr.utils - INFO - NumExpr defaulting to 8 threads.
[2023-01-27 00:13:58,697] 17 root - INFO - >>>>>>>>>>>>>>>>>>>>>>>>>>>>>>>>>>>>>>>> Data Ingestion <<<<<<<<<<<<<<<<<<<<<<<<<<<<<<<<<<<<<<<<
[2023-01-27 00:13:58,697] 24 root - INFO - Exporting collection data as pandas DataFrame
[2023-01-27 00:13:58,697] 13 root - INFO - Reading data from database: APS and collection: Sensor
[2023-01-27 00:14:26,987] 15 root - INFO - Found columns: Index(['_id', 'class', 'aa_000', 'ab_000', 'ac_000', 'ad_000', 'ae_000',
       'af_000', 'ag_000', 'ag_001',
       ...
       'ee_002', 'ee_003', 'ee_004', 'ee_005', 'ee_006', 'ee_007', 'ee_008',
       'ee_009', 'ef_000', 'eg_000'],
      dtype='object', length=172)
[2023-01-27 00:14:26,990] 17 root - INFO - Dropping column: _id
[2023-01-27 00:14:27,250] 19 root - INFO - Row and columns in df : (36188, 171)
[2023-01-27 00:14:27,250] 29 root - INFO - save data in feature store
[2023-01-27 00:14:27,659] 35 root - INFO - Create feature store folder if not available
[2023-01-27 00:14:27,661] 39 root - INFO - Save df to feature store folder
[2023-01-27 00:14:29,546] 43 root - INFO - split dataset into train and test set
[2023-01-27 00:14:30,065] 47 root - INFO - create dataset directory folder if not available
[2023-01-27 00:14:30,066] 52 root - INFO - Save df to feature store folder
[2023-01-27 00:14:31,730] 64 root - INFO - Data ingestion artifact: DataIngestionArtifact(feature_store_file_path='C:\\Users\\shara\\ML_Projects\\artifact\\012723__001358\\data_ingestion\\feature_store\\sensor.csv', train_file_path='C:\\Users\\shara\\ML_Projects\\artifact\\012723__001358\\data_ingestion\\dataset\\train.csv', test_file_path='C:\\Users\\shara\\ML_Projects\\artifact\\012723__001358\\data_ingestion\\dataset\\test.csv')
[2023-01-27 00:14:32,162] 18 root - INFO - >>>>>>>>>>>>>>>>>>>>>>>>>>>>>>>>>>>>>>>> Data Validation <<<<<<<<<<<<<<<<<<<<<<<<<<<<<<<<<<<<<<<<
[2023-01-27 00:14:32,163] 107 root - INFO - Reading base DataFrame
[2023-01-27 00:14:34,542] 110 root - INFO - Replace na value in base df
[2023-01-27 00:14:34,543] 112 root - INFO - Drop null values column from base df
[2023-01-27 00:14:35,132] 41 root - INFO - Selecting column names which contain null values above to 0.2
[2023-01-27 00:14:35,132] 43 root - INFO - columns to drop: ['ab_000', 'ad_000', 'bk_000', 'bl_000', 'bm_000', 'bn_000', 'bo_000', 'bp_000', 'bq_000', 'br_000', 'cf_000', 'cg_000', 'ch_000', 'co_000', 'cr_000', 'ct_000', 'cu_000', 'cv_000', 'cx_000', 'cy_000', 'cz_000', 'da_000', 'db_000', 'dc_000']
[2023-01-27 00:14:35,221] 115 root - INFO - Reading train DataFrame
[2023-01-27 00:14:35,600] 117 root - INFO - Reading test DataFrame
[2023-01-27 00:14:35,712] 120 root - INFO - Drop null values column from train DataFrame
[2023-01-27 00:14:35,725] 41 root - INFO - Selecting column names which contain null values above to 0.2
[2023-01-27 00:14:35,725] 43 root - INFO - columns to drop: ['ab_000', 'ad_000', 'bk_000', 'bl_000', 'bm_000', 'bn_000', 'bo_000', 'bp_000', 'bq_000', 'br_000', 'cf_000', 'cg_000', 'ch_000', 'co_000', 'cr_000', 'ct_000', 'cu_000', 'cv_000', 'cx_000', 'cy_000', 'cz_000', 'da_000', 'db_000', 'dc_000']
[2023-01-27 00:14:35,736] 122 root - INFO - Drop null values column from test DataFrame
[2023-01-27 00:14:35,744] 41 root - INFO - Selecting column names which contain null values above to 0.2
[2023-01-27 00:14:35,744] 43 root - INFO - columns to drop: ['ab_000', 'ad_000', 'bk_000', 'bl_000', 'bm_000', 'bn_000', 'bo_000', 'bp_000', 'bq_000', 'br_000', 'cf_000', 'cg_000', 'ch_000', 'co_000', 'cr_000', 'ct_000', 'cu_000', 'cv_000', 'cx_000', 'cy_000', 'cz_000', 'da_000', 'db_000', 'dc_000']
[2023-01-27 00:14:43,028] 130 root - INFO - Is all required columns present in train df
[2023-01-27 00:14:43,028] 132 root - INFO - Is all required columns present in test df
[2023-01-27 00:14:43,028] 136 root - INFO - As all columns are available in train df hence detecting data drift
[2023-01-27 00:14:43,028] 84 root - INFO - Hypothesis class: object, object
[2023-01-27 00:14:43,265] 84 root - INFO - Hypothesis aa_000: float64, float64
[2023-01-27 00:14:43,298] 84 root - INFO - Hypothesis ac_000: float64, float64
[2023-01-27 00:14:43,312] 84 root - INFO - Hypothesis ae_000: float64, float64
[2023-01-27 00:14:43,346] 84 root - INFO - Hypothesis af_000: float64, float64
[2023-01-27 00:14:43,380] 84 root - INFO - Hypothesis ag_000: float64, float64
[2023-01-27 00:14:43,407] 84 root - INFO - Hypothesis ag_001: float64, float64
[2023-01-27 00:14:43,447] 84 root - INFO - Hypothesis ag_002: float64, float64
[2023-01-27 00:14:43,474] 84 root - INFO - Hypothesis ag_003: float64, float64
[2023-01-27 00:14:43,500] 84 root - INFO - Hypothesis ag_004: float64, float64
[2023-01-27 00:14:43,512] 84 root - INFO - Hypothesis ag_005: float64, float64
[2023-01-27 00:14:43,557] 84 root - INFO - Hypothesis ag_006: float64, float64
[2023-01-27 00:14:43,595] 84 root - INFO - Hypothesis ag_007: float64, float64
[2023-01-27 00:14:43,632] 84 root - INFO - Hypothesis ag_008: float64, float64
[2023-01-27 00:14:43,666] 84 root - INFO - Hypothesis ag_009: float64, float64
[2023-01-27 00:14:43,707] 84 root - INFO - Hypothesis ah_000: float64, float64
[2023-01-27 00:14:43,748] 84 root - INFO - Hypothesis ai_000: float64, float64
[2023-01-27 00:14:43,788] 84 root - INFO - Hypothesis aj_000: float64, float64
[2023-01-27 00:14:43,826] 84 root - INFO - Hypothesis ak_000: float64, float64
[2023-01-27 00:14:43,863] 84 root - INFO - Hypothesis al_000: float64, float64
[2023-01-27 00:14:43,900] 84 root - INFO - Hypothesis am_0: float64, float64
[2023-01-27 00:14:43,941] 84 root - INFO - Hypothesis an_000: float64, float64
[2023-01-27 00:14:43,980] 84 root - INFO - Hypothesis ao_000: float64, float64
[2023-01-27 00:14:44,016] 84 root - INFO - Hypothesis ap_000: float64, float64
[2023-01-27 00:14:44,058] 84 root - INFO - Hypothesis aq_000: float64, float64
[2023-01-27 00:14:44,097] 84 root - INFO - Hypothesis ar_000: float64, float64
[2023-01-27 00:14:44,140] 84 root - INFO - Hypothesis as_000: float64, float64
[2023-01-27 00:14:44,178] 84 root - INFO - Hypothesis at_000: float64, float64
[2023-01-27 00:14:44,212] 84 root - INFO - Hypothesis au_000: float64, float64
[2023-01-27 00:14:44,250] 84 root - INFO - Hypothesis av_000: float64, float64
[2023-01-27 00:14:44,290] 84 root - INFO - Hypothesis ax_000: float64, float64
[2023-01-27 00:14:44,299] 84 root - INFO - Hypothesis ay_000: float64, float64
[2023-01-27 00:14:44,333] 84 root - INFO - Hypothesis ay_001: float64, float64
[2023-01-27 00:14:44,369] 84 root - INFO - Hypothesis ay_002: float64, float64
[2023-01-27 00:14:44,404] 84 root - INFO - Hypothesis ay_003: float64, float64
[2023-01-27 00:14:44,441] 84 root - INFO - Hypothesis ay_004: float64, float64
[2023-01-27 00:14:44,474] 84 root - INFO - Hypothesis ay_005: float64, float64
[2023-01-27 00:14:44,525] 84 root - INFO - Hypothesis ay_006: float64, float64
[2023-01-27 00:14:44,591] 84 root - INFO - Hypothesis ay_007: float64, float64
[2023-01-27 00:14:44,641] 84 root - INFO - Hypothesis ay_008: float64, float64
[2023-01-27 00:14:44,682] 84 root - INFO - Hypothesis ay_009: float64, float64
[2023-01-27 00:14:44,719] 84 root - INFO - Hypothesis az_000: float64, float64
[2023-01-27 00:14:44,730] 84 root - INFO - Hypothesis az_001: float64, float64
[2023-01-27 00:14:44,766] 84 root - INFO - Hypothesis az_002: float64, float64
[2023-01-27 00:14:44,801] 84 root - INFO - Hypothesis az_003: float64, float64
[2023-01-27 00:14:44,840] 84 root - INFO - Hypothesis az_004: float64, float64
[2023-01-27 00:14:44,879] 84 root - INFO - Hypothesis az_005: float64, float64
[2023-01-27 00:14:44,889] 84 root - INFO - Hypothesis az_006: float64, float64
[2023-01-27 00:14:44,899] 84 root - INFO - Hypothesis az_007: float64, float64
[2023-01-27 00:14:44,935] 84 root - INFO - Hypothesis az_008: float64, float64
[2023-01-27 00:14:44,971] 84 root - INFO - Hypothesis az_009: float64, float64
[2023-01-27 00:14:45,006] 84 root - INFO - Hypothesis ba_000: float64, float64
[2023-01-27 00:14:45,043] 84 root - INFO - Hypothesis ba_001: float64, float64
[2023-01-27 00:14:45,079] 84 root - INFO - Hypothesis ba_002: float64, float64
[2023-01-27 00:14:45,117] 84 root - INFO - Hypothesis ba_003: float64, float64
[2023-01-27 00:14:45,155] 84 root - INFO - Hypothesis ba_004: float64, float64
[2023-01-27 00:14:45,165] 84 root - INFO - Hypothesis ba_005: float64, float64
[2023-01-27 00:14:45,175] 84 root - INFO - Hypothesis ba_006: float64, float64
[2023-01-27 00:14:45,185] 84 root - INFO - Hypothesis ba_007: float64, float64
[2023-01-27 00:14:45,220] 84 root - INFO - Hypothesis ba_008: float64, float64
[2023-01-27 00:14:45,257] 84 root - INFO - Hypothesis ba_009: float64, float64
[2023-01-27 00:14:45,309] 84 root - INFO - Hypothesis bb_000: float64, float64
[2023-01-27 00:14:45,348] 84 root - INFO - Hypothesis bc_000: float64, float64
[2023-01-27 00:14:45,390] 84 root - INFO - Hypothesis bd_000: float64, float64
[2023-01-27 00:14:45,427] 84 root - INFO - Hypothesis be_000: float64, float64
[2023-01-27 00:14:45,439] 84 root - INFO - Hypothesis bf_000: float64, float64
[2023-01-27 00:14:45,469] 84 root - INFO - Hypothesis bg_000: float64, float64
[2023-01-27 00:14:45,501] 84 root - INFO - Hypothesis bh_000: float64, float64
[2023-01-27 00:14:45,541] 84 root - INFO - Hypothesis bi_000: float64, float64
[2023-01-27 00:14:45,582] 84 root - INFO - Hypothesis bj_000: float64, float64
[2023-01-27 00:14:45,619] 84 root - INFO - Hypothesis bs_000: float64, float64
[2023-01-27 00:14:45,658] 84 root - INFO - Hypothesis bt_000: float64, float64
[2023-01-27 00:14:45,700] 84 root - INFO - Hypothesis bu_000: float64, float64
[2023-01-27 00:14:45,743] 84 root - INFO - Hypothesis bv_000: float64, float64
[2023-01-27 00:14:45,782] 84 root - INFO - Hypothesis bx_000: float64, float64
[2023-01-27 00:14:45,819] 84 root - INFO - Hypothesis by_000: float64, float64
[2023-01-27 00:14:45,859] 84 root - INFO - Hypothesis bz_000: float64, float64
[2023-01-27 00:14:45,894] 84 root - INFO - Hypothesis ca_000: float64, float64
[2023-01-27 00:14:45,928] 84 root - INFO - Hypothesis cb_000: float64, float64
[2023-01-27 00:14:45,967] 84 root - INFO - Hypothesis cc_000: float64, float64
[2023-01-27 00:14:46,007] 84 root - INFO - Hypothesis cd_000: float64, float64
[2023-01-27 00:14:46,044] 84 root - INFO - Hypothesis ce_000: float64, float64
[2023-01-27 00:14:46,080] 84 root - INFO - Hypothesis ci_000: float64, float64
[2023-01-27 00:14:46,115] 84 root - INFO - Hypothesis cj_000: float64, float64
[2023-01-27 00:14:46,155] 84 root - INFO - Hypothesis ck_000: float64, float64
[2023-01-27 00:14:46,165] 84 root - INFO - Hypothesis cl_000: float64, float64
[2023-01-27 00:14:46,202] 84 root - INFO - Hypothesis cm_000: float64, float64
[2023-01-27 00:14:46,215] 84 root - INFO - Hypothesis cn_000: float64, float64
[2023-01-27 00:14:46,253] 84 root - INFO - Hypothesis cn_001: float64, float64
[2023-01-27 00:14:46,285] 84 root - INFO - Hypothesis cn_002: float64, float64
[2023-01-27 00:14:46,316] 84 root - INFO - Hypothesis cn_003: float64, float64
[2023-01-27 00:14:46,356] 84 root - INFO - Hypothesis cn_004: float64, float64
[2023-01-27 00:14:46,366] 84 root - INFO - Hypothesis cn_005: float64, float64
[2023-01-27 00:14:46,400] 84 root - INFO - Hypothesis cn_006: float64, float64
[2023-01-27 00:14:46,410] 84 root - INFO - Hypothesis cn_007: float64, float64
[2023-01-27 00:14:46,448] 84 root - INFO - Hypothesis cn_008: float64, float64
[2023-01-27 00:14:46,459] 84 root - INFO - Hypothesis cn_009: float64, float64
[2023-01-27 00:14:46,494] 84 root - INFO - Hypothesis cp_000: float64, float64
[2023-01-27 00:14:46,529] 84 root - INFO - Hypothesis cq_000: float64, float64
[2023-01-27 00:14:46,566] 84 root - INFO - Hypothesis cs_000: float64, float64
[2023-01-27 00:14:46,605] 84 root - INFO - Hypothesis cs_001: float64, float64
[2023-01-27 00:14:46,642] 84 root - INFO - Hypothesis cs_002: float64, float64
[2023-01-27 00:14:46,683] 84 root - INFO - Hypothesis cs_003: float64, float64
[2023-01-27 00:14:46,693] 84 root - INFO - Hypothesis cs_004: float64, float64
[2023-01-27 00:14:46,731] 84 root - INFO - Hypothesis cs_005: float64, float64
[2023-01-27 00:14:46,769] 84 root - INFO - Hypothesis cs_006: float64, float64
[2023-01-27 00:14:46,810] 84 root - INFO - Hypothesis cs_007: float64, float64
[2023-01-27 00:14:46,855] 84 root - INFO - Hypothesis cs_008: float64, float64
[2023-01-27 00:14:46,895] 84 root - INFO - Hypothesis cs_009: float64, float64
[2023-01-27 00:14:46,935] 84 root - INFO - Hypothesis dd_000: float64, float64
[2023-01-27 00:14:46,974] 84 root - INFO - Hypothesis de_000: float64, float64
[2023-01-27 00:14:47,013] 84 root - INFO - Hypothesis df_000: float64, float64
[2023-01-27 00:14:47,050] 84 root - INFO - Hypothesis dg_000: float64, float64
[2023-01-27 00:14:47,083] 84 root - INFO - Hypothesis dh_000: float64, float64
[2023-01-27 00:14:47,119] 84 root - INFO - Hypothesis di_000: float64, float64
[2023-01-27 00:14:47,156] 84 root - INFO - Hypothesis dj_000: float64, float64
[2023-01-27 00:14:47,193] 84 root - INFO - Hypothesis dk_000: float64, float64
[2023-01-27 00:14:47,224] 84 root - INFO - Hypothesis dl_000: float64, float64
[2023-01-27 00:14:47,270] 84 root - INFO - Hypothesis dm_000: float64, float64
[2023-01-27 00:14:47,309] 84 root - INFO - Hypothesis dn_000: float64, float64
[2023-01-27 00:14:47,341] 84 root - INFO - Hypothesis do_000: float64, float64
[2023-01-27 00:14:47,349] 84 root - INFO - Hypothesis dp_000: float64, float64
[2023-01-27 00:14:47,364] 84 root - INFO - Hypothesis dq_000: float64, float64
[2023-01-27 00:14:47,398] 84 root - INFO - Hypothesis dr_000: float64, float64
[2023-01-27 00:14:47,432] 84 root - INFO - Hypothesis ds_000: float64, float64
[2023-01-27 00:14:47,443] 84 root - INFO - Hypothesis dt_000: float64, float64
[2023-01-27 00:14:47,480] 84 root - INFO - Hypothesis du_000: float64, float64
[2023-01-27 00:14:47,521] 84 root - INFO - Hypothesis dv_000: float64, float64
[2023-01-27 00:14:47,562] 84 root - INFO - Hypothesis dx_000: float64, float64
[2023-01-27 00:14:47,598] 84 root - INFO - Hypothesis dy_000: float64, float64
[2023-01-27 00:14:47,633] 84 root - INFO - Hypothesis dz_000: float64, float64
[2023-01-27 00:14:47,665] 84 root - INFO - Hypothesis ea_000: float64, float64
[2023-01-27 00:14:47,697] 84 root - INFO - Hypothesis eb_000: float64, float64
[2023-01-27 00:14:47,737] 84 root - INFO - Hypothesis ec_00: float64, float64
[2023-01-27 00:14:47,750] 84 root - INFO - Hypothesis ed_000: float64, float64
[2023-01-27 00:14:47,760] 84 root - INFO - Hypothesis ee_000: float64, float64
[2023-01-27 00:14:47,770] 84 root - INFO - Hypothesis ee_001: float64, float64
[2023-01-27 00:14:47,808] 84 root - INFO - Hypothesis ee_002: float64, float64
[2023-01-27 00:14:47,844] 84 root - INFO - Hypothesis ee_003: float64, float64
[2023-01-27 00:14:47,880] 84 root - INFO - Hypothesis ee_004: float64, float64
[2023-01-27 00:14:47,917] 84 root - INFO - Hypothesis ee_005: float64, float64
[2023-01-27 00:14:47,958] 84 root - INFO - Hypothesis ee_006: float64, float64
[2023-01-27 00:14:47,996] 84 root - INFO - Hypothesis ee_007: float64, float64
[2023-01-27 00:14:48,035] 84 root - INFO - Hypothesis ee_008: float64, float64
[2023-01-27 00:14:48,074] 84 root - INFO - Hypothesis ee_009: float64, float64
[2023-01-27 00:14:48,082] 84 root - INFO - Hypothesis ef_000: float64, float64
[2023-01-27 00:14:48,122] 84 root - INFO - Hypothesis eg_000: float64, float64
[2023-01-27 00:14:48,157] 139 root - INFO - As all columns are available in test df hence detecting data drift
[2023-01-27 00:14:48,158] 84 root - INFO - Hypothesis class: object, object
[2023-01-27 00:14:48,211] 84 root - INFO - Hypothesis aa_000: float64, float64
[2023-01-27 00:14:48,217] 84 root - INFO - Hypothesis ac_000: float64, float64
[2023-01-27 00:14:48,225] 84 root - INFO - Hypothesis ae_000: float64, float64
[2023-01-27 00:14:48,241] 84 root - INFO - Hypothesis af_000: float64, float64
[2023-01-27 00:14:48,254] 84 root - INFO - Hypothesis ag_000: float64, float64
[2023-01-27 00:14:48,268] 84 root - INFO - Hypothesis ag_001: float64, float64
[2023-01-27 00:14:48,285] 84 root - INFO - Hypothesis ag_002: float64, float64
[2023-01-27 00:14:48,296] 84 root - INFO - Hypothesis ag_003: float64, float64
[2023-01-27 00:14:48,308] 84 root - INFO - Hypothesis ag_004: float64, float64
[2023-01-27 00:14:48,321] 84 root - INFO - Hypothesis ag_005: float64, float64
[2023-01-27 00:14:48,331] 84 root - INFO - Hypothesis ag_006: float64, float64
[2023-01-27 00:14:48,341] 84 root - INFO - Hypothesis ag_007: float64, float64
[2023-01-27 00:14:48,355] 84 root - INFO - Hypothesis ag_008: float64, float64
[2023-01-27 00:14:48,368] 84 root - INFO - Hypothesis ag_009: float64, float64
[2023-01-27 00:14:48,380] 84 root - INFO - Hypothesis ah_000: float64, float64
[2023-01-27 00:14:48,391] 84 root - INFO - Hypothesis ai_000: float64, float64
[2023-01-27 00:14:48,403] 84 root - INFO - Hypothesis aj_000: float64, float64
[2023-01-27 00:14:48,414] 84 root - INFO - Hypothesis ak_000: float64, float64
[2023-01-27 00:14:48,426] 84 root - INFO - Hypothesis al_000: float64, float64
[2023-01-27 00:14:48,434] 84 root - INFO - Hypothesis am_0: float64, float64
[2023-01-27 00:14:48,441] 84 root - INFO - Hypothesis an_000: float64, float64
[2023-01-27 00:14:48,449] 84 root - INFO - Hypothesis ao_000: float64, float64
[2023-01-27 00:14:48,458] 84 root - INFO - Hypothesis ap_000: float64, float64
[2023-01-27 00:14:48,465] 84 root - INFO - Hypothesis aq_000: float64, float64
[2023-01-27 00:14:48,471] 84 root - INFO - Hypothesis ar_000: float64, float64
[2023-01-27 00:14:48,488] 84 root - INFO - Hypothesis as_000: float64, float64
[2023-01-27 00:14:48,501] 84 root - INFO - Hypothesis at_000: float64, float64
[2023-01-27 00:14:48,508] 84 root - INFO - Hypothesis au_000: float64, float64
[2023-01-27 00:14:48,518] 84 root - INFO - Hypothesis av_000: float64, float64
[2023-01-27 00:14:48,526] 84 root - INFO - Hypothesis ax_000: float64, float64
[2023-01-27 00:14:48,534] 84 root - INFO - Hypothesis ay_000: float64, float64
[2023-01-27 00:14:48,545] 84 root - INFO - Hypothesis ay_001: float64, float64
[2023-01-27 00:14:48,557] 84 root - INFO - Hypothesis ay_002: float64, float64
[2023-01-27 00:14:48,576] 84 root - INFO - Hypothesis ay_003: float64, float64
[2023-01-27 00:14:48,587] 84 root - INFO - Hypothesis ay_004: float64, float64
[2023-01-27 00:14:48,607] 84 root - INFO - Hypothesis ay_005: float64, float64
[2023-01-27 00:14:48,613] 84 root - INFO - Hypothesis ay_006: float64, float64
[2023-01-27 00:14:48,623] 84 root - INFO - Hypothesis ay_007: float64, float64
[2023-01-27 00:14:48,629] 84 root - INFO - Hypothesis ay_008: float64, float64
[2023-01-27 00:14:48,635] 84 root - INFO - Hypothesis ay_009: float64, float64
[2023-01-27 00:14:48,647] 84 root - INFO - Hypothesis az_000: float64, float64
[2023-01-27 00:14:48,652] 84 root - INFO - Hypothesis az_001: float64, float64
[2023-01-27 00:14:48,660] 84 root - INFO - Hypothesis az_002: float64, float64
[2023-01-27 00:14:48,669] 84 root - INFO - Hypothesis az_003: float64, float64
[2023-01-27 00:14:48,676] 84 root - INFO - Hypothesis az_004: float64, float64
[2023-01-27 00:14:48,682] 84 root - INFO - Hypothesis az_005: float64, float64
[2023-01-27 00:14:48,688] 84 root - INFO - Hypothesis az_006: float64, float64
[2023-01-27 00:14:48,699] 84 root - INFO - Hypothesis az_007: float64, float64
[2023-01-27 00:14:48,708] 84 root - INFO - Hypothesis az_008: float64, float64
[2023-01-27 00:14:48,717] 84 root - INFO - Hypothesis az_009: float64, float64
[2023-01-27 00:14:48,733] 84 root - INFO - Hypothesis ba_000: float64, float64
[2023-01-27 00:14:48,741] 84 root - INFO - Hypothesis ba_001: float64, float64
[2023-01-27 00:14:48,750] 84 root - INFO - Hypothesis ba_002: float64, float64
[2023-01-27 00:14:48,758] 84 root - INFO - Hypothesis ba_003: float64, float64
[2023-01-27 00:14:48,764] 84 root - INFO - Hypothesis ba_004: float64, float64
[2023-01-27 00:14:48,769] 84 root - INFO - Hypothesis ba_005: float64, float64
[2023-01-27 00:14:48,776] 84 root - INFO - Hypothesis ba_006: float64, float64
[2023-01-27 00:14:48,782] 84 root - INFO - Hypothesis ba_007: float64, float64
[2023-01-27 00:14:48,787] 84 root - INFO - Hypothesis ba_008: float64, float64
[2023-01-27 00:14:48,794] 84 root - INFO - Hypothesis ba_009: float64, float64
[2023-01-27 00:14:48,798] 84 root - INFO - Hypothesis bb_000: float64, float64
[2023-01-27 00:14:48,804] 84 root - INFO - Hypothesis bc_000: float64, float64
[2023-01-27 00:14:48,810] 84 root - INFO - Hypothesis bd_000: float64, float64
[2023-01-27 00:14:48,815] 84 root - INFO - Hypothesis be_000: float64, float64
[2023-01-27 00:14:48,820] 84 root - INFO - Hypothesis bf_000: float64, float64
[2023-01-27 00:14:48,828] 84 root - INFO - Hypothesis bg_000: float64, float64
[2023-01-27 00:14:48,836] 84 root - INFO - Hypothesis bh_000: float64, float64
[2023-01-27 00:14:48,843] 84 root - INFO - Hypothesis bi_000: float64, float64
[2023-01-27 00:14:48,850] 84 root - INFO - Hypothesis bj_000: float64, float64
[2023-01-27 00:14:48,857] 84 root - INFO - Hypothesis bs_000: float64, float64
[2023-01-27 00:14:48,863] 84 root - INFO - Hypothesis bt_000: float64, float64
[2023-01-27 00:14:48,868] 84 root - INFO - Hypothesis bu_000: float64, float64
[2023-01-27 00:14:48,875] 84 root - INFO - Hypothesis bv_000: float64, float64
[2023-01-27 00:14:48,882] 84 root - INFO - Hypothesis bx_000: float64, float64
[2023-01-27 00:14:48,891] 84 root - INFO - Hypothesis by_000: float64, float64
[2023-01-27 00:14:48,902] 84 root - INFO - Hypothesis bz_000: float64, float64
[2023-01-27 00:14:48,910] 84 root - INFO - Hypothesis ca_000: float64, float64
[2023-01-27 00:14:48,915] 84 root - INFO - Hypothesis cb_000: float64, float64
[2023-01-27 00:14:48,920] 84 root - INFO - Hypothesis cc_000: float64, float64
[2023-01-27 00:14:48,927] 84 root - INFO - Hypothesis cd_000: float64, float64
[2023-01-27 00:14:48,941] 84 root - INFO - Hypothesis ce_000: float64, float64
[2023-01-27 00:14:48,947] 84 root - INFO - Hypothesis ci_000: float64, float64
[2023-01-27 00:14:48,952] 84 root - INFO - Hypothesis cj_000: float64, float64
[2023-01-27 00:14:48,958] 84 root - INFO - Hypothesis ck_000: float64, float64
[2023-01-27 00:14:48,965] 84 root - INFO - Hypothesis cl_000: float64, float64
[2023-01-27 00:14:48,975] 84 root - INFO - Hypothesis cm_000: float64, float64
[2023-01-27 00:14:48,980] 84 root - INFO - Hypothesis cn_000: float64, float64
[2023-01-27 00:14:48,994] 84 root - INFO - Hypothesis cn_001: float64, float64
[2023-01-27 00:14:49,009] 84 root - INFO - Hypothesis cn_002: float64, float64
[2023-01-27 00:14:49,023] 84 root - INFO - Hypothesis cn_003: float64, float64
[2023-01-27 00:14:49,029] 84 root - INFO - Hypothesis cn_004: float64, float64
[2023-01-27 00:14:49,035] 84 root - INFO - Hypothesis cn_005: float64, float64
[2023-01-27 00:14:49,042] 84 root - INFO - Hypothesis cn_006: float64, float64
[2023-01-27 00:14:49,048] 84 root - INFO - Hypothesis cn_007: float64, float64
[2023-01-27 00:14:49,054] 84 root - INFO - Hypothesis cn_008: float64, float64
[2023-01-27 00:14:49,060] 84 root - INFO - Hypothesis cn_009: float64, float64
[2023-01-27 00:14:49,067] 84 root - INFO - Hypothesis cp_000: float64, float64
[2023-01-27 00:14:49,073] 84 root - INFO - Hypothesis cq_000: float64, float64
[2023-01-27 00:14:49,080] 84 root - INFO - Hypothesis cs_000: float64, float64
[2023-01-27 00:14:49,087] 84 root - INFO - Hypothesis cs_001: float64, float64
[2023-01-27 00:14:49,093] 84 root - INFO - Hypothesis cs_002: float64, float64
[2023-01-27 00:14:49,099] 84 root - INFO - Hypothesis cs_003: float64, float64
[2023-01-27 00:14:49,105] 84 root - INFO - Hypothesis cs_004: float64, float64
[2023-01-27 00:14:49,111] 84 root - INFO - Hypothesis cs_005: float64, float64
[2023-01-27 00:14:49,117] 84 root - INFO - Hypothesis cs_006: float64, float64
[2023-01-27 00:14:49,124] 84 root - INFO - Hypothesis cs_007: float64, float64
[2023-01-27 00:14:49,131] 84 root - INFO - Hypothesis cs_008: float64, float64
[2023-01-27 00:14:49,136] 84 root - INFO - Hypothesis cs_009: float64, float64
[2023-01-27 00:14:49,151] 84 root - INFO - Hypothesis dd_000: float64, float64
[2023-01-27 00:14:49,159] 84 root - INFO - Hypothesis de_000: float64, float64
[2023-01-27 00:14:49,165] 84 root - INFO - Hypothesis df_000: float64, float64
[2023-01-27 00:14:49,180] 84 root - INFO - Hypothesis dg_000: float64, float64
[2023-01-27 00:14:49,194] 84 root - INFO - Hypothesis dh_000: float64, float64
[2023-01-27 00:14:49,211] 84 root - INFO - Hypothesis di_000: float64, float64
[2023-01-27 00:14:49,216] 84 root - INFO - Hypothesis dj_000: float64, float64
[2023-01-27 00:14:49,229] 84 root - INFO - Hypothesis dk_000: float64, float64
[2023-01-27 00:14:49,243] 84 root - INFO - Hypothesis dl_000: float64, float64
[2023-01-27 00:14:49,261] 84 root - INFO - Hypothesis dm_000: float64, float64
[2023-01-27 00:14:49,277] 84 root - INFO - Hypothesis dn_000: float64, float64
[2023-01-27 00:14:49,283] 84 root - INFO - Hypothesis do_000: float64, float64
[2023-01-27 00:14:49,291] 84 root - INFO - Hypothesis dp_000: float64, float64
[2023-01-27 00:14:49,298] 84 root - INFO - Hypothesis dq_000: float64, float64
[2023-01-27 00:14:49,304] 84 root - INFO - Hypothesis dr_000: float64, float64
[2023-01-27 00:14:49,310] 84 root - INFO - Hypothesis ds_000: float64, float64
[2023-01-27 00:14:49,316] 84 root - INFO - Hypothesis dt_000: float64, float64
[2023-01-27 00:14:49,322] 84 root - INFO - Hypothesis du_000: float64, float64
[2023-01-27 00:14:49,330] 84 root - INFO - Hypothesis dv_000: float64, float64
[2023-01-27 00:14:49,338] 84 root - INFO - Hypothesis dx_000: float64, float64
[2023-01-27 00:14:49,343] 84 root - INFO - Hypothesis dy_000: float64, float64
[2023-01-27 00:14:49,349] 84 root - INFO - Hypothesis dz_000: float64, float64
[2023-01-27 00:14:49,368] 84 root - INFO - Hypothesis ea_000: float64, float64
[2023-01-27 00:14:49,385] 84 root - INFO - Hypothesis eb_000: float64, float64
[2023-01-27 00:14:49,392] 84 root - INFO - Hypothesis ec_00: float64, float64
[2023-01-27 00:14:49,398] 84 root - INFO - Hypothesis ed_000: float64, float64
[2023-01-27 00:14:49,407] 84 root - INFO - Hypothesis ee_000: float64, float64
[2023-01-27 00:14:49,423] 84 root - INFO - Hypothesis ee_001: float64, float64
[2023-01-27 00:14:49,438] 84 root - INFO - Hypothesis ee_002: float64, float64
[2023-01-27 00:14:49,455] 84 root - INFO - Hypothesis ee_003: float64, float64
[2023-01-27 00:14:49,462] 84 root - INFO - Hypothesis ee_004: float64, float64
[2023-01-27 00:14:49,474] 84 root - INFO - Hypothesis ee_005: float64, float64
[2023-01-27 00:14:49,479] 84 root - INFO - Hypothesis ee_006: float64, float64
[2023-01-27 00:14:49,484] 84 root - INFO - Hypothesis ee_007: float64, float64
[2023-01-27 00:14:49,493] 84 root - INFO - Hypothesis ee_008: float64, float64
[2023-01-27 00:14:49,504] 84 root - INFO - Hypothesis ee_009: float64, float64
[2023-01-27 00:14:49,510] 84 root - INFO - Hypothesis ef_000: float64, float64
[2023-01-27 00:14:49,524] 84 root - INFO - Hypothesis eg_000: float64, float64
[2023-01-27 00:14:49,536] 144 root - INFO - Writing report to yaml file
[2023-01-27 00:14:49,586] 149 root - INFO - Data Validation artifact: DataValidationArtifact(report_file_path='C:\\Users\\shara\\ML_Projects\\artifact\\012723__001358\\data_validation\\report.yaml')
[2023-01-27 00:14:50,499] 73 root - INFO - Before resampling in training set Input: (28950, 170) Target: (7238,)
