[2023-02-08 23:08:43,612] 159 numexpr.utils - INFO - NumExpr defaulting to 8 threads.
[2023-02-08 23:08:46,961] 17 root - INFO - >>>>>>>>>>>>>>>>>>>>>>>>>>>>>>>>>>>>>>>> Data Ingestion <<<<<<<<<<<<<<<<<<<<<<<<<<<<<<<<<<<<<<<<
[2023-02-08 23:08:46,961] 24 root - INFO - Exporting collection data as pandas DataFrame
[2023-02-08 23:08:46,961] 13 root - INFO - Reading data from database: APS and collection: Sensor
[2023-02-08 23:09:15,821] 15 root - INFO - Found columns: Index(['_id', 'class', 'aa_000', 'ab_000', 'ac_000', 'ad_000', 'ae_000',
       'af_000', 'ag_000', 'ag_001',
       ...
       'ee_002', 'ee_003', 'ee_004', 'ee_005', 'ee_006', 'ee_007', 'ee_008',
       'ee_009', 'ef_000', 'eg_000'],
      dtype='object', length=172)
[2023-02-08 23:09:15,828] 17 root - INFO - Dropping column: _id
[2023-02-08 23:09:16,074] 19 root - INFO - Row and columns in df : (36188, 171)
[2023-02-08 23:09:16,074] 29 root - INFO - save data in feature store
[2023-02-08 23:09:16,479] 35 root - INFO - Create feature store folder if not available
[2023-02-08 23:09:16,480] 39 root - INFO - Save df to feature store folder
[2023-02-08 23:09:18,524] 43 root - INFO - split dataset into train and test set
[2023-02-08 23:09:19,012] 47 root - INFO - create dataset directory folder if not available
[2023-02-08 23:09:19,012] 52 root - INFO - Save df to feature store folder
[2023-02-08 23:09:20,782] 64 root - INFO - Data ingestion artifact: DataIngestionArtifact(feature_store_file_path='C:\\Users\\shara\\ML_Projects\\artifact\\020823__230846\\data_ingestion\\feature_store\\sensor.csv', train_file_path='C:\\Users\\shara\\ML_Projects\\artifact\\020823__230846\\data_ingestion\\dataset\\train.csv', test_file_path='C:\\Users\\shara\\ML_Projects\\artifact\\020823__230846\\data_ingestion\\dataset\\test.csv')
[2023-02-08 23:09:21,239] 18 root - INFO - >>>>>>>>>>>>>>>>>>>>>>>>>>>>>>>>>>>>>>>> Data Validation <<<<<<<<<<<<<<<<<<<<<<<<<<<<<<<<<<<<<<<<
[2023-02-08 23:09:21,239] 107 root - INFO - Reading base DataFrame
[2023-02-08 23:09:23,364] 110 root - INFO - Replace na value in base df
[2023-02-08 23:09:23,364] 112 root - INFO - Drop null values column from base df
[2023-02-08 23:09:24,081] 41 root - INFO - Selecting column names which contain null values above to 0.2
[2023-02-08 23:09:24,082] 43 root - INFO - columns to drop: ['ab_000', 'ad_000', 'bk_000', 'bl_000', 'bm_000', 'bn_000', 'bo_000', 'bp_000', 'bq_000', 'br_000', 'cf_000', 'cg_000', 'ch_000', 'co_000', 'cr_000', 'ct_000', 'cu_000', 'cv_000', 'cx_000', 'cy_000', 'cz_000', 'da_000', 'db_000', 'dc_000']
[2023-02-08 23:09:24,180] 115 root - INFO - Reading train DataFrame
[2023-02-08 23:09:24,608] 117 root - INFO - Reading test DataFrame
[2023-02-08 23:09:24,736] 120 root - INFO - Drop null values column from train DataFrame
[2023-02-08 23:09:24,757] 41 root - INFO - Selecting column names which contain null values above to 0.2
[2023-02-08 23:09:24,757] 43 root - INFO - columns to drop: ['ab_000', 'ad_000', 'bk_000', 'bl_000', 'bm_000', 'bn_000', 'bo_000', 'bp_000', 'bq_000', 'br_000', 'cf_000', 'cg_000', 'ch_000', 'co_000', 'cr_000', 'ct_000', 'cu_000', 'cv_000', 'cx_000', 'cy_000', 'cz_000', 'da_000', 'db_000', 'dc_000']
[2023-02-08 23:09:24,769] 122 root - INFO - Drop null values column from test DataFrame
[2023-02-08 23:09:24,775] 41 root - INFO - Selecting column names which contain null values above to 0.2
[2023-02-08 23:09:24,775] 43 root - INFO - columns to drop: ['ab_000', 'ad_000', 'bk_000', 'bl_000', 'bm_000', 'bn_000', 'bo_000', 'bp_000', 'bq_000', 'br_000', 'cf_000', 'cg_000', 'ch_000', 'co_000', 'cr_000', 'ct_000', 'cu_000', 'cv_000', 'cx_000', 'cy_000', 'cz_000', 'da_000', 'db_000', 'dc_000']
[2023-02-08 23:09:30,310] 130 root - INFO - Is all required columns present in train df
[2023-02-08 23:09:30,310] 132 root - INFO - Is all required columns present in test df
[2023-02-08 23:09:30,310] 136 root - INFO - As all columns are available in train df hence detecting data drift
[2023-02-08 23:09:30,310] 84 root - INFO - Hypothesis class: object, object
[2023-02-08 23:09:30,503] 84 root - INFO - Hypothesis aa_000: float64, float64
[2023-02-08 23:09:30,515] 84 root - INFO - Hypothesis ac_000: float64, float64
[2023-02-08 23:09:30,525] 84 root - INFO - Hypothesis ae_000: float64, float64
[2023-02-08 23:09:30,553] 84 root - INFO - Hypothesis af_000: float64, float64
[2023-02-08 23:09:30,585] 84 root - INFO - Hypothesis ag_000: float64, float64
[2023-02-08 23:09:30,614] 84 root - INFO - Hypothesis ag_001: float64, float64
[2023-02-08 23:09:30,645] 84 root - INFO - Hypothesis ag_002: float64, float64
[2023-02-08 23:09:30,677] 84 root - INFO - Hypothesis ag_003: float64, float64
[2023-02-08 23:09:30,696] 84 root - INFO - Hypothesis ag_004: float64, float64
[2023-02-08 23:09:30,710] 84 root - INFO - Hypothesis ag_005: float64, float64
[2023-02-08 23:09:30,751] 84 root - INFO - Hypothesis ag_006: float64, float64
[2023-02-08 23:09:30,786] 84 root - INFO - Hypothesis ag_007: float64, float64
[2023-02-08 23:09:30,821] 84 root - INFO - Hypothesis ag_008: float64, float64
[2023-02-08 23:09:30,830] 84 root - INFO - Hypothesis ag_009: float64, float64
[2023-02-08 23:09:30,840] 84 root - INFO - Hypothesis ah_000: float64, float64
[2023-02-08 23:09:30,874] 84 root - INFO - Hypothesis ai_000: float64, float64
[2023-02-08 23:09:30,883] 84 root - INFO - Hypothesis aj_000: float64, float64
[2023-02-08 23:09:30,918] 84 root - INFO - Hypothesis ak_000: float64, float64
[2023-02-08 23:09:30,955] 84 root - INFO - Hypothesis al_000: float64, float64
[2023-02-08 23:09:30,964] 84 root - INFO - Hypothesis am_0: float64, float64
[2023-02-08 23:09:30,973] 84 root - INFO - Hypothesis an_000: float64, float64
[2023-02-08 23:09:31,008] 84 root - INFO - Hypothesis ao_000: float64, float64
[2023-02-08 23:09:31,043] 84 root - INFO - Hypothesis ap_000: float64, float64
[2023-02-08 23:09:31,074] 84 root - INFO - Hypothesis aq_000: float64, float64
[2023-02-08 23:09:31,112] 84 root - INFO - Hypothesis ar_000: float64, float64
[2023-02-08 23:09:31,140] 84 root - INFO - Hypothesis as_000: float64, float64
[2023-02-08 23:09:31,169] 84 root - INFO - Hypothesis at_000: float64, float64
[2023-02-08 23:09:31,196] 84 root - INFO - Hypothesis au_000: float64, float64
[2023-02-08 23:09:31,229] 84 root - INFO - Hypothesis av_000: float64, float64
[2023-02-08 23:09:31,261] 84 root - INFO - Hypothesis ax_000: float64, float64
[2023-02-08 23:09:31,290] 84 root - INFO - Hypothesis ay_000: float64, float64
[2023-02-08 23:09:31,320] 84 root - INFO - Hypothesis ay_001: float64, float64
[2023-02-08 23:09:31,348] 84 root - INFO - Hypothesis ay_002: float64, float64
[2023-02-08 23:09:31,379] 84 root - INFO - Hypothesis ay_003: float64, float64
[2023-02-08 23:09:31,406] 84 root - INFO - Hypothesis ay_004: float64, float64
[2023-02-08 23:09:31,438] 84 root - INFO - Hypothesis ay_005: float64, float64
[2023-02-08 23:09:31,473] 84 root - INFO - Hypothesis ay_006: float64, float64
[2023-02-08 23:09:31,482] 84 root - INFO - Hypothesis ay_007: float64, float64
[2023-02-08 23:09:31,528] 84 root - INFO - Hypothesis ay_008: float64, float64
[2023-02-08 23:09:31,576] 84 root - INFO - Hypothesis ay_009: float64, float64
[2023-02-08 23:09:31,622] 84 root - INFO - Hypothesis az_000: float64, float64
[2023-02-08 23:09:31,661] 84 root - INFO - Hypothesis az_001: float64, float64
[2023-02-08 23:09:31,706] 84 root - INFO - Hypothesis az_002: float64, float64
[2023-02-08 23:09:31,755] 84 root - INFO - Hypothesis az_003: float64, float64
[2023-02-08 23:09:31,793] 84 root - INFO - Hypothesis az_004: float64, float64
[2023-02-08 23:09:31,841] 84 root - INFO - Hypothesis az_005: float64, float64
[2023-02-08 23:09:31,885] 84 root - INFO - Hypothesis az_006: float64, float64
[2023-02-08 23:09:31,932] 84 root - INFO - Hypothesis az_007: float64, float64
[2023-02-08 23:09:31,974] 84 root - INFO - Hypothesis az_008: float64, float64
[2023-02-08 23:09:32,018] 84 root - INFO - Hypothesis az_009: float64, float64
[2023-02-08 23:09:32,062] 84 root - INFO - Hypothesis ba_000: float64, float64
[2023-02-08 23:09:32,111] 84 root - INFO - Hypothesis ba_001: float64, float64
[2023-02-08 23:09:32,124] 84 root - INFO - Hypothesis ba_002: float64, float64
[2023-02-08 23:09:32,176] 84 root - INFO - Hypothesis ba_003: float64, float64
[2023-02-08 23:09:32,187] 84 root - INFO - Hypothesis ba_004: float64, float64
[2023-02-08 23:09:32,222] 84 root - INFO - Hypothesis ba_005: float64, float64
[2023-02-08 23:09:32,264] 84 root - INFO - Hypothesis ba_006: float64, float64
[2023-02-08 23:09:32,301] 84 root - INFO - Hypothesis ba_007: float64, float64
[2023-02-08 23:09:32,311] 84 root - INFO - Hypothesis ba_008: float64, float64
[2023-02-08 23:09:32,319] 84 root - INFO - Hypothesis ba_009: float64, float64
[2023-02-08 23:09:32,328] 84 root - INFO - Hypothesis bb_000: float64, float64
[2023-02-08 23:09:32,372] 84 root - INFO - Hypothesis bc_000: float64, float64
[2023-02-08 23:09:32,383] 84 root - INFO - Hypothesis bd_000: float64, float64
[2023-02-08 23:09:32,420] 84 root - INFO - Hypothesis be_000: float64, float64
[2023-02-08 23:09:32,463] 84 root - INFO - Hypothesis bf_000: float64, float64
[2023-02-08 23:09:32,506] 84 root - INFO - Hypothesis bg_000: float64, float64
[2023-02-08 23:09:32,545] 84 root - INFO - Hypothesis bh_000: float64, float64
[2023-02-08 23:09:32,590] 84 root - INFO - Hypothesis bi_000: float64, float64
[2023-02-08 23:09:32,634] 84 root - INFO - Hypothesis bj_000: float64, float64
[2023-02-08 23:09:32,669] 84 root - INFO - Hypothesis bs_000: float64, float64
[2023-02-08 23:09:32,679] 84 root - INFO - Hypothesis bt_000: float64, float64
[2023-02-08 23:09:32,711] 84 root - INFO - Hypothesis bu_000: float64, float64
[2023-02-08 23:09:32,743] 84 root - INFO - Hypothesis bv_000: float64, float64
[2023-02-08 23:09:32,778] 84 root - INFO - Hypothesis bx_000: float64, float64
[2023-02-08 23:09:32,816] 84 root - INFO - Hypothesis by_000: float64, float64
[2023-02-08 23:09:32,845] 84 root - INFO - Hypothesis bz_000: float64, float64
[2023-02-08 23:09:32,855] 84 root - INFO - Hypothesis ca_000: float64, float64
[2023-02-08 23:09:32,889] 84 root - INFO - Hypothesis cb_000: float64, float64
[2023-02-08 23:09:32,898] 84 root - INFO - Hypothesis cc_000: float64, float64
[2023-02-08 23:09:32,937] 84 root - INFO - Hypothesis cd_000: float64, float64
[2023-02-08 23:09:32,969] 84 root - INFO - Hypothesis ce_000: float64, float64
[2023-02-08 23:09:33,002] 84 root - INFO - Hypothesis ci_000: float64, float64
[2023-02-08 23:09:33,034] 84 root - INFO - Hypothesis cj_000: float64, float64
[2023-02-08 23:09:33,061] 84 root - INFO - Hypothesis ck_000: float64, float64
[2023-02-08 23:09:33,097] 84 root - INFO - Hypothesis cl_000: float64, float64
[2023-02-08 23:09:33,133] 84 root - INFO - Hypothesis cm_000: float64, float64
[2023-02-08 23:09:33,170] 84 root - INFO - Hypothesis cn_000: float64, float64
[2023-02-08 23:09:33,204] 84 root - INFO - Hypothesis cn_001: float64, float64
[2023-02-08 23:09:33,240] 84 root - INFO - Hypothesis cn_002: float64, float64
[2023-02-08 23:09:33,276] 84 root - INFO - Hypothesis cn_003: float64, float64
[2023-02-08 23:09:33,287] 84 root - INFO - Hypothesis cn_004: float64, float64
[2023-02-08 23:09:33,296] 84 root - INFO - Hypothesis cn_005: float64, float64
[2023-02-08 23:09:33,329] 84 root - INFO - Hypothesis cn_006: float64, float64
[2023-02-08 23:09:33,362] 84 root - INFO - Hypothesis cn_007: float64, float64
[2023-02-08 23:09:33,399] 84 root - INFO - Hypothesis cn_008: float64, float64
[2023-02-08 23:09:33,408] 84 root - INFO - Hypothesis cn_009: float64, float64
[2023-02-08 23:09:33,435] 84 root - INFO - Hypothesis cp_000: float64, float64
[2023-02-08 23:09:33,467] 84 root - INFO - Hypothesis cq_000: float64, float64
[2023-02-08 23:09:33,506] 84 root - INFO - Hypothesis cs_000: float64, float64
[2023-02-08 23:09:33,540] 84 root - INFO - Hypothesis cs_001: float64, float64
[2023-02-08 23:09:33,569] 84 root - INFO - Hypothesis cs_002: float64, float64
[2023-02-08 23:09:33,578] 84 root - INFO - Hypothesis cs_003: float64, float64
[2023-02-08 23:09:33,613] 84 root - INFO - Hypothesis cs_004: float64, float64
[2023-02-08 23:09:33,644] 84 root - INFO - Hypothesis cs_005: float64, float64
[2023-02-08 23:09:33,681] 84 root - INFO - Hypothesis cs_006: float64, float64
[2023-02-08 23:09:33,727] 84 root - INFO - Hypothesis cs_007: float64, float64
[2023-02-08 23:09:33,762] 84 root - INFO - Hypothesis cs_008: float64, float64
[2023-02-08 23:09:33,792] 84 root - INFO - Hypothesis cs_009: float64, float64
[2023-02-08 23:09:33,826] 84 root - INFO - Hypothesis dd_000: float64, float64
[2023-02-08 23:09:33,869] 84 root - INFO - Hypothesis de_000: float64, float64
[2023-02-08 23:09:33,918] 84 root - INFO - Hypothesis df_000: float64, float64
[2023-02-08 23:09:33,969] 84 root - INFO - Hypothesis dg_000: float64, float64
[2023-02-08 23:09:34,012] 84 root - INFO - Hypothesis dh_000: float64, float64
[2023-02-08 23:09:34,064] 84 root - INFO - Hypothesis di_000: float64, float64
[2023-02-08 23:09:34,111] 84 root - INFO - Hypothesis dj_000: float64, float64
[2023-02-08 23:09:34,152] 84 root - INFO - Hypothesis dk_000: float64, float64
[2023-02-08 23:09:34,189] 84 root - INFO - Hypothesis dl_000: float64, float64
[2023-02-08 23:09:34,245] 84 root - INFO - Hypothesis dm_000: float64, float64
[2023-02-08 23:09:34,294] 84 root - INFO - Hypothesis dn_000: float64, float64
[2023-02-08 23:09:34,342] 84 root - INFO - Hypothesis do_000: float64, float64
[2023-02-08 23:09:34,353] 84 root - INFO - Hypothesis dp_000: float64, float64
[2023-02-08 23:09:34,364] 84 root - INFO - Hypothesis dq_000: float64, float64
[2023-02-08 23:09:34,406] 84 root - INFO - Hypothesis dr_000: float64, float64
[2023-02-08 23:09:34,452] 84 root - INFO - Hypothesis ds_000: float64, float64
[2023-02-08 23:09:34,486] 84 root - INFO - Hypothesis dt_000: float64, float64
[2023-02-08 23:09:34,520] 84 root - INFO - Hypothesis du_000: float64, float64
[2023-02-08 23:09:34,570] 84 root - INFO - Hypothesis dv_000: float64, float64
[2023-02-08 23:09:34,606] 84 root - INFO - Hypothesis dx_000: float64, float64
[2023-02-08 23:09:34,642] 84 root - INFO - Hypothesis dy_000: float64, float64
[2023-02-08 23:09:34,675] 84 root - INFO - Hypothesis dz_000: float64, float64
[2023-02-08 23:09:34,708] 84 root - INFO - Hypothesis ea_000: float64, float64
[2023-02-08 23:09:34,741] 84 root - INFO - Hypothesis eb_000: float64, float64
[2023-02-08 23:09:34,752] 84 root - INFO - Hypothesis ec_00: float64, float64
[2023-02-08 23:09:34,762] 84 root - INFO - Hypothesis ed_000: float64, float64
[2023-02-08 23:09:34,773] 84 root - INFO - Hypothesis ee_000: float64, float64
[2023-02-08 23:09:34,803] 84 root - INFO - Hypothesis ee_001: float64, float64
[2023-02-08 23:09:34,839] 84 root - INFO - Hypothesis ee_002: float64, float64
[2023-02-08 23:09:34,876] 84 root - INFO - Hypothesis ee_003: float64, float64
[2023-02-08 23:09:34,912] 84 root - INFO - Hypothesis ee_004: float64, float64
[2023-02-08 23:09:34,949] 84 root - INFO - Hypothesis ee_005: float64, float64
[2023-02-08 23:09:34,959] 84 root - INFO - Hypothesis ee_006: float64, float64
[2023-02-08 23:09:34,987] 84 root - INFO - Hypothesis ee_007: float64, float64
[2023-02-08 23:09:35,023] 84 root - INFO - Hypothesis ee_008: float64, float64
[2023-02-08 23:09:35,052] 84 root - INFO - Hypothesis ee_009: float64, float64
[2023-02-08 23:09:35,083] 84 root - INFO - Hypothesis ef_000: float64, float64
[2023-02-08 23:09:35,116] 84 root - INFO - Hypothesis eg_000: float64, float64
[2023-02-08 23:09:35,148] 139 root - INFO - As all columns are available in test df hence detecting data drift
[2023-02-08 23:09:35,149] 84 root - INFO - Hypothesis class: object, object
[2023-02-08 23:09:35,206] 84 root - INFO - Hypothesis aa_000: float64, float64
[2023-02-08 23:09:35,214] 84 root - INFO - Hypothesis ac_000: float64, float64
[2023-02-08 23:09:35,220] 84 root - INFO - Hypothesis ae_000: float64, float64
[2023-02-08 23:09:35,233] 84 root - INFO - Hypothesis af_000: float64, float64
[2023-02-08 23:09:35,247] 84 root - INFO - Hypothesis ag_000: float64, float64
[2023-02-08 23:09:35,261] 84 root - INFO - Hypothesis ag_001: float64, float64
[2023-02-08 23:09:35,278] 84 root - INFO - Hypothesis ag_002: float64, float64
[2023-02-08 23:09:35,283] 84 root - INFO - Hypothesis ag_003: float64, float64
[2023-02-08 23:09:35,288] 84 root - INFO - Hypothesis ag_004: float64, float64
[2023-02-08 23:09:35,293] 84 root - INFO - Hypothesis ag_005: float64, float64
[2023-02-08 23:09:35,300] 84 root - INFO - Hypothesis ag_006: float64, float64
[2023-02-08 23:09:35,305] 84 root - INFO - Hypothesis ag_007: float64, float64
[2023-02-08 23:09:35,311] 84 root - INFO - Hypothesis ag_008: float64, float64
[2023-02-08 23:09:35,316] 84 root - INFO - Hypothesis ag_009: float64, float64
[2023-02-08 23:09:35,321] 84 root - INFO - Hypothesis ah_000: float64, float64
[2023-02-08 23:09:35,326] 84 root - INFO - Hypothesis ai_000: float64, float64
[2023-02-08 23:09:35,332] 84 root - INFO - Hypothesis aj_000: float64, float64
[2023-02-08 23:09:35,337] 84 root - INFO - Hypothesis ak_000: float64, float64
[2023-02-08 23:09:35,342] 84 root - INFO - Hypothesis al_000: float64, float64
[2023-02-08 23:09:35,349] 84 root - INFO - Hypothesis am_0: float64, float64
[2023-02-08 23:09:35,354] 84 root - INFO - Hypothesis an_000: float64, float64
[2023-02-08 23:09:35,360] 84 root - INFO - Hypothesis ao_000: float64, float64
[2023-02-08 23:09:35,366] 84 root - INFO - Hypothesis ap_000: float64, float64
[2023-02-08 23:09:35,372] 84 root - INFO - Hypothesis aq_000: float64, float64
[2023-02-08 23:09:35,377] 84 root - INFO - Hypothesis ar_000: float64, float64
[2023-02-08 23:09:35,392] 84 root - INFO - Hypothesis as_000: float64, float64
[2023-02-08 23:09:35,403] 84 root - INFO - Hypothesis at_000: float64, float64
[2023-02-08 23:09:35,408] 84 root - INFO - Hypothesis au_000: float64, float64
[2023-02-08 23:09:35,424] 84 root - INFO - Hypothesis av_000: float64, float64
[2023-02-08 23:09:35,429] 84 root - INFO - Hypothesis ax_000: float64, float64
[2023-02-08 23:09:35,435] 84 root - INFO - Hypothesis ay_000: float64, float64
[2023-02-08 23:09:35,448] 84 root - INFO - Hypothesis ay_001: float64, float64
[2023-02-08 23:09:35,462] 84 root - INFO - Hypothesis ay_002: float64, float64
[2023-02-08 23:09:35,476] 84 root - INFO - Hypothesis ay_003: float64, float64
[2023-02-08 23:09:35,490] 84 root - INFO - Hypothesis ay_004: float64, float64
[2023-02-08 23:09:35,507] 84 root - INFO - Hypothesis ay_005: float64, float64
[2023-02-08 23:09:35,514] 84 root - INFO - Hypothesis ay_006: float64, float64
[2023-02-08 23:09:35,520] 84 root - INFO - Hypothesis ay_007: float64, float64
[2023-02-08 23:09:35,528] 84 root - INFO - Hypothesis ay_008: float64, float64
[2023-02-08 23:09:35,535] 84 root - INFO - Hypothesis ay_009: float64, float64
[2023-02-08 23:09:35,546] 84 root - INFO - Hypothesis az_000: float64, float64
[2023-02-08 23:09:35,554] 84 root - INFO - Hypothesis az_001: float64, float64
[2023-02-08 23:09:35,560] 84 root - INFO - Hypothesis az_002: float64, float64
[2023-02-08 23:09:35,566] 84 root - INFO - Hypothesis az_003: float64, float64
[2023-02-08 23:09:35,571] 84 root - INFO - Hypothesis az_004: float64, float64
[2023-02-08 23:09:35,575] 84 root - INFO - Hypothesis az_005: float64, float64
[2023-02-08 23:09:35,581] 84 root - INFO - Hypothesis az_006: float64, float64
[2023-02-08 23:09:35,587] 84 root - INFO - Hypothesis az_007: float64, float64
[2023-02-08 23:09:35,603] 84 root - INFO - Hypothesis az_008: float64, float64
[2023-02-08 23:09:35,609] 84 root - INFO - Hypothesis az_009: float64, float64
[2023-02-08 23:09:35,627] 84 root - INFO - Hypothesis ba_000: float64, float64
[2023-02-08 23:09:35,633] 84 root - INFO - Hypothesis ba_001: float64, float64
[2023-02-08 23:09:35,638] 84 root - INFO - Hypothesis ba_002: float64, float64
[2023-02-08 23:09:35,644] 84 root - INFO - Hypothesis ba_003: float64, float64
[2023-02-08 23:09:35,651] 84 root - INFO - Hypothesis ba_004: float64, float64
[2023-02-08 23:09:35,656] 84 root - INFO - Hypothesis ba_005: float64, float64
[2023-02-08 23:09:35,661] 84 root - INFO - Hypothesis ba_006: float64, float64
[2023-02-08 23:09:35,668] 84 root - INFO - Hypothesis ba_007: float64, float64
[2023-02-08 23:09:35,673] 84 root - INFO - Hypothesis ba_008: float64, float64
[2023-02-08 23:09:35,679] 84 root - INFO - Hypothesis ba_009: float64, float64
[2023-02-08 23:09:35,684] 84 root - INFO - Hypothesis bb_000: float64, float64
[2023-02-08 23:09:35,690] 84 root - INFO - Hypothesis bc_000: float64, float64
[2023-02-08 23:09:35,695] 84 root - INFO - Hypothesis bd_000: float64, float64
[2023-02-08 23:09:35,701] 84 root - INFO - Hypothesis be_000: float64, float64
[2023-02-08 23:09:35,707] 84 root - INFO - Hypothesis bf_000: float64, float64
[2023-02-08 23:09:35,712] 84 root - INFO - Hypothesis bg_000: float64, float64
[2023-02-08 23:09:35,717] 84 root - INFO - Hypothesis bh_000: float64, float64
[2023-02-08 23:09:35,723] 84 root - INFO - Hypothesis bi_000: float64, float64
[2023-02-08 23:09:35,729] 84 root - INFO - Hypothesis bj_000: float64, float64
[2023-02-08 23:09:35,737] 84 root - INFO - Hypothesis bs_000: float64, float64
[2023-02-08 23:09:35,742] 84 root - INFO - Hypothesis bt_000: float64, float64
[2023-02-08 23:09:35,749] 84 root - INFO - Hypothesis bu_000: float64, float64
[2023-02-08 23:09:35,757] 84 root - INFO - Hypothesis bv_000: float64, float64
[2023-02-08 23:09:35,764] 84 root - INFO - Hypothesis bx_000: float64, float64
[2023-02-08 23:09:35,771] 84 root - INFO - Hypothesis by_000: float64, float64
[2023-02-08 23:09:35,777] 84 root - INFO - Hypothesis bz_000: float64, float64
[2023-02-08 23:09:35,784] 84 root - INFO - Hypothesis ca_000: float64, float64
[2023-02-08 23:09:35,790] 84 root - INFO - Hypothesis cb_000: float64, float64
[2023-02-08 23:09:35,797] 84 root - INFO - Hypothesis cc_000: float64, float64
[2023-02-08 23:09:35,805] 84 root - INFO - Hypothesis cd_000: float64, float64
[2023-02-08 23:09:35,817] 84 root - INFO - Hypothesis ce_000: float64, float64
[2023-02-08 23:09:35,824] 84 root - INFO - Hypothesis ci_000: float64, float64
[2023-02-08 23:09:35,831] 84 root - INFO - Hypothesis cj_000: float64, float64
[2023-02-08 23:09:35,838] 84 root - INFO - Hypothesis ck_000: float64, float64
[2023-02-08 23:09:35,847] 84 root - INFO - Hypothesis cl_000: float64, float64
[2023-02-08 23:09:35,855] 84 root - INFO - Hypothesis cm_000: float64, float64
[2023-02-08 23:09:35,862] 84 root - INFO - Hypothesis cn_000: float64, float64
[2023-02-08 23:09:35,881] 84 root - INFO - Hypothesis cn_001: float64, float64
[2023-02-08 23:09:35,888] 84 root - INFO - Hypothesis cn_002: float64, float64
[2023-02-08 23:09:35,896] 84 root - INFO - Hypothesis cn_003: float64, float64
[2023-02-08 23:09:35,904] 84 root - INFO - Hypothesis cn_004: float64, float64
[2023-02-08 23:09:35,911] 84 root - INFO - Hypothesis cn_005: float64, float64
[2023-02-08 23:09:35,918] 84 root - INFO - Hypothesis cn_006: float64, float64
[2023-02-08 23:09:35,925] 84 root - INFO - Hypothesis cn_007: float64, float64
[2023-02-08 23:09:35,931] 84 root - INFO - Hypothesis cn_008: float64, float64
[2023-02-08 23:09:35,937] 84 root - INFO - Hypothesis cn_009: float64, float64
[2023-02-08 23:09:35,943] 84 root - INFO - Hypothesis cp_000: float64, float64
[2023-02-08 23:09:35,950] 84 root - INFO - Hypothesis cq_000: float64, float64
[2023-02-08 23:09:35,955] 84 root - INFO - Hypothesis cs_000: float64, float64
[2023-02-08 23:09:35,961] 84 root - INFO - Hypothesis cs_001: float64, float64
[2023-02-08 23:09:35,977] 84 root - INFO - Hypothesis cs_002: float64, float64
[2023-02-08 23:09:35,983] 84 root - INFO - Hypothesis cs_003: float64, float64
[2023-02-08 23:09:35,988] 84 root - INFO - Hypothesis cs_004: float64, float64
[2023-02-08 23:09:35,994] 84 root - INFO - Hypothesis cs_005: float64, float64
[2023-02-08 23:09:36,000] 84 root - INFO - Hypothesis cs_006: float64, float64
[2023-02-08 23:09:36,006] 84 root - INFO - Hypothesis cs_007: float64, float64
[2023-02-08 23:09:36,011] 84 root - INFO - Hypothesis cs_008: float64, float64
[2023-02-08 23:09:36,018] 84 root - INFO - Hypothesis cs_009: float64, float64
[2023-02-08 23:09:36,037] 84 root - INFO - Hypothesis dd_000: float64, float64
[2023-02-08 23:09:36,043] 84 root - INFO - Hypothesis de_000: float64, float64
[2023-02-08 23:09:36,051] 84 root - INFO - Hypothesis df_000: float64, float64
[2023-02-08 23:09:36,065] 84 root - INFO - Hypothesis dg_000: float64, float64
[2023-02-08 23:09:36,080] 84 root - INFO - Hypothesis dh_000: float64, float64
[2023-02-08 23:09:36,094] 84 root - INFO - Hypothesis di_000: float64, float64
[2023-02-08 23:09:36,099] 84 root - INFO - Hypothesis dj_000: float64, float64
[2023-02-08 23:09:36,110] 84 root - INFO - Hypothesis dk_000: float64, float64
[2023-02-08 23:09:36,126] 84 root - INFO - Hypothesis dl_000: float64, float64
[2023-02-08 23:09:36,141] 84 root - INFO - Hypothesis dm_000: float64, float64
[2023-02-08 23:09:36,154] 84 root - INFO - Hypothesis dn_000: float64, float64
[2023-02-08 23:09:36,161] 84 root - INFO - Hypothesis do_000: float64, float64
[2023-02-08 23:09:36,166] 84 root - INFO - Hypothesis dp_000: float64, float64
[2023-02-08 23:09:36,172] 84 root - INFO - Hypothesis dq_000: float64, float64
[2023-02-08 23:09:36,177] 84 root - INFO - Hypothesis dr_000: float64, float64
[2023-02-08 23:09:36,183] 84 root - INFO - Hypothesis ds_000: float64, float64
[2023-02-08 23:09:36,188] 84 root - INFO - Hypothesis dt_000: float64, float64
[2023-02-08 23:09:36,194] 84 root - INFO - Hypothesis du_000: float64, float64
[2023-02-08 23:09:36,200] 84 root - INFO - Hypothesis dv_000: float64, float64
[2023-02-08 23:09:36,207] 84 root - INFO - Hypothesis dx_000: float64, float64
[2023-02-08 23:09:36,213] 84 root - INFO - Hypothesis dy_000: float64, float64
[2023-02-08 23:09:36,218] 84 root - INFO - Hypothesis dz_000: float64, float64
[2023-02-08 23:09:36,234] 84 root - INFO - Hypothesis ea_000: float64, float64
[2023-02-08 23:09:36,252] 84 root - INFO - Hypothesis eb_000: float64, float64
[2023-02-08 23:09:36,258] 84 root - INFO - Hypothesis ec_00: float64, float64
[2023-02-08 23:09:36,264] 84 root - INFO - Hypothesis ed_000: float64, float64
[2023-02-08 23:09:36,271] 84 root - INFO - Hypothesis ee_000: float64, float64
[2023-02-08 23:09:36,279] 84 root - INFO - Hypothesis ee_001: float64, float64
[2023-02-08 23:09:36,286] 84 root - INFO - Hypothesis ee_002: float64, float64
[2023-02-08 23:09:36,293] 84 root - INFO - Hypothesis ee_003: float64, float64
[2023-02-08 23:09:36,299] 84 root - INFO - Hypothesis ee_004: float64, float64
[2023-02-08 23:09:36,304] 84 root - INFO - Hypothesis ee_005: float64, float64
[2023-02-08 23:09:36,309] 84 root - INFO - Hypothesis ee_006: float64, float64
[2023-02-08 23:09:36,315] 84 root - INFO - Hypothesis ee_007: float64, float64
[2023-02-08 23:09:36,321] 84 root - INFO - Hypothesis ee_008: float64, float64
[2023-02-08 23:09:36,326] 84 root - INFO - Hypothesis ee_009: float64, float64
[2023-02-08 23:09:36,331] 84 root - INFO - Hypothesis ef_000: float64, float64
[2023-02-08 23:09:36,344] 84 root - INFO - Hypothesis eg_000: float64, float64
[2023-02-08 23:09:36,358] 144 root - INFO - Writing report to yaml file
[2023-02-08 23:09:36,409] 149 root - INFO - Data Validation artifact: DataValidationArtifact(report_file_path='C:\\Users\\shara\\ML_Projects\\artifact\\020823__230846\\data_validation\\report.yaml')
[2023-02-08 23:09:37,176] 73 root - INFO - Before resampling in training set Input: (28950, 170) Target: (7238,)
