[2023-02-08 23:42:36,700] 159 numexpr.utils - INFO - NumExpr defaulting to 8 threads.
[2023-02-08 23:42:41,050] 17 root - INFO - >>>>>>>>>>>>>>>>>>>>>>>>>>>>>>>>>>>>>>>> Data Ingestion <<<<<<<<<<<<<<<<<<<<<<<<<<<<<<<<<<<<<<<<
[2023-02-08 23:42:41,050] 24 root - INFO - Exporting collection data as pandas DataFrame
[2023-02-08 23:42:41,050] 13 root - INFO - Reading data from database: APS and collection: Sensor
[2023-02-08 23:43:08,250] 15 root - INFO - Found columns: Index(['_id', 'class', 'aa_000', 'ab_000', 'ac_000', 'ad_000', 'ae_000',
       'af_000', 'ag_000', 'ag_001',
       ...
       'ee_002', 'ee_003', 'ee_004', 'ee_005', 'ee_006', 'ee_007', 'ee_008',
       'ee_009', 'ef_000', 'eg_000'],
      dtype='object', length=172)
[2023-02-08 23:43:08,252] 17 root - INFO - Dropping column: _id
[2023-02-08 23:43:08,433] 19 root - INFO - Row and columns in df : (36188, 171)
[2023-02-08 23:43:08,433] 29 root - INFO - save data in feature store
[2023-02-08 23:43:08,754] 35 root - INFO - Create feature store folder if not available
[2023-02-08 23:43:08,757] 39 root - INFO - Save df to feature store folder
[2023-02-08 23:43:10,327] 43 root - INFO - split dataset into train and test set
[2023-02-08 23:43:10,865] 47 root - INFO - create dataset directory folder if not available
[2023-02-08 23:43:10,866] 52 root - INFO - Save df to feature store folder
[2023-02-08 23:43:12,269] 64 root - INFO - Data ingestion artifact: DataIngestionArtifact(feature_store_file_path='C:\\Users\\shara\\ML_Projects\\artifact\\020823__234241\\data_ingestion\\feature_store\\sensor.csv', train_file_path='C:\\Users\\shara\\ML_Projects\\artifact\\020823__234241\\data_ingestion\\dataset\\train.csv', test_file_path='C:\\Users\\shara\\ML_Projects\\artifact\\020823__234241\\data_ingestion\\dataset\\test.csv')
[2023-02-08 23:43:12,654] 18 root - INFO - >>>>>>>>>>>>>>>>>>>>>>>>>>>>>>>>>>>>>>>> Data Validation <<<<<<<<<<<<<<<<<<<<<<<<<<<<<<<<<<<<<<<<
[2023-02-08 23:43:12,654] 107 root - INFO - Reading base DataFrame
[2023-02-08 23:43:14,577] 110 root - INFO - Replace na value in base df
[2023-02-08 23:43:14,577] 112 root - INFO - Drop null values column from base df
[2023-02-08 23:43:15,146] 41 root - INFO - Selecting column names which contain null values above to 0.2
[2023-02-08 23:43:15,146] 43 root - INFO - columns to drop: ['ab_000', 'ad_000', 'bk_000', 'bl_000', 'bm_000', 'bn_000', 'bo_000', 'bp_000', 'bq_000', 'br_000', 'cf_000', 'cg_000', 'ch_000', 'co_000', 'cr_000', 'ct_000', 'cu_000', 'cv_000', 'cx_000', 'cy_000', 'cz_000', 'da_000', 'db_000', 'dc_000']
[2023-02-08 23:43:15,210] 115 root - INFO - Reading train DataFrame
[2023-02-08 23:43:15,567] 117 root - INFO - Reading test DataFrame
[2023-02-08 23:43:15,664] 120 root - INFO - Drop null values column from train DataFrame
[2023-02-08 23:43:15,674] 41 root - INFO - Selecting column names which contain null values above to 0.2
[2023-02-08 23:43:15,674] 43 root - INFO - columns to drop: ['ab_000', 'ad_000', 'bk_000', 'bl_000', 'bm_000', 'bn_000', 'bo_000', 'bp_000', 'bq_000', 'br_000', 'cf_000', 'cg_000', 'ch_000', 'co_000', 'cr_000', 'ct_000', 'cu_000', 'cv_000', 'cx_000', 'cy_000', 'cz_000', 'da_000', 'db_000', 'dc_000']
[2023-02-08 23:43:15,683] 122 root - INFO - Drop null values column from test DataFrame
[2023-02-08 23:43:15,685] 41 root - INFO - Selecting column names which contain null values above to 0.2
[2023-02-08 23:43:15,686] 43 root - INFO - columns to drop: ['ab_000', 'ad_000', 'bk_000', 'bl_000', 'bm_000', 'bn_000', 'bo_000', 'bp_000', 'bq_000', 'br_000', 'cf_000', 'cg_000', 'ch_000', 'co_000', 'cr_000', 'ct_000', 'cu_000', 'cv_000', 'cx_000', 'cy_000', 'cz_000', 'da_000', 'db_000', 'dc_000']
[2023-02-08 23:43:20,952] 130 root - INFO - Is all required columns present in train df
[2023-02-08 23:43:20,952] 132 root - INFO - Is all required columns present in test df
[2023-02-08 23:43:20,952] 136 root - INFO - As all columns are available in train df hence detecting data drift
[2023-02-08 23:43:20,952] 84 root - INFO - Hypothesis class: object, object
[2023-02-08 23:43:21,092] 84 root - INFO - Hypothesis aa_000: float64, float64
[2023-02-08 23:43:21,108] 84 root - INFO - Hypothesis ac_000: float64, float64
[2023-02-08 23:43:21,117] 84 root - INFO - Hypothesis ae_000: float64, float64
[2023-02-08 23:43:21,141] 84 root - INFO - Hypothesis af_000: float64, float64
[2023-02-08 23:43:21,171] 84 root - INFO - Hypothesis ag_000: float64, float64
[2023-02-08 23:43:21,199] 84 root - INFO - Hypothesis ag_001: float64, float64
[2023-02-08 23:43:21,230] 84 root - INFO - Hypothesis ag_002: float64, float64
[2023-02-08 23:43:21,259] 84 root - INFO - Hypothesis ag_003: float64, float64
[2023-02-08 23:43:21,296] 84 root - INFO - Hypothesis ag_004: float64, float64
[2023-02-08 23:43:21,306] 84 root - INFO - Hypothesis ag_005: float64, float64
[2023-02-08 23:43:21,316] 84 root - INFO - Hypothesis ag_006: float64, float64
[2023-02-08 23:43:21,327] 84 root - INFO - Hypothesis ag_007: float64, float64
[2023-02-08 23:43:21,358] 84 root - INFO - Hypothesis ag_008: float64, float64
[2023-02-08 23:43:21,395] 84 root - INFO - Hypothesis ag_009: float64, float64
[2023-02-08 23:43:21,431] 84 root - INFO - Hypothesis ah_000: float64, float64
[2023-02-08 23:43:21,441] 84 root - INFO - Hypothesis ai_000: float64, float64
[2023-02-08 23:43:21,472] 84 root - INFO - Hypothesis aj_000: float64, float64
[2023-02-08 23:43:21,505] 84 root - INFO - Hypothesis ak_000: float64, float64
[2023-02-08 23:43:21,530] 84 root - INFO - Hypothesis al_000: float64, float64
[2023-02-08 23:43:21,538] 84 root - INFO - Hypothesis am_0: float64, float64
[2023-02-08 23:43:21,548] 84 root - INFO - Hypothesis an_000: float64, float64
[2023-02-08 23:43:21,557] 84 root - INFO - Hypothesis ao_000: float64, float64
[2023-02-08 23:43:21,566] 84 root - INFO - Hypothesis ap_000: float64, float64
[2023-02-08 23:43:21,597] 84 root - INFO - Hypothesis aq_000: float64, float64
[2023-02-08 23:43:21,606] 84 root - INFO - Hypothesis ar_000: float64, float64
[2023-02-08 23:43:21,640] 84 root - INFO - Hypothesis as_000: float64, float64
[2023-02-08 23:43:21,669] 84 root - INFO - Hypothesis at_000: float64, float64
[2023-02-08 23:43:21,701] 84 root - INFO - Hypothesis au_000: float64, float64
[2023-02-08 23:43:21,730] 84 root - INFO - Hypothesis av_000: float64, float64
[2023-02-08 23:43:21,763] 84 root - INFO - Hypothesis ax_000: float64, float64
[2023-02-08 23:43:21,794] 84 root - INFO - Hypothesis ay_000: float64, float64
[2023-02-08 23:43:21,824] 84 root - INFO - Hypothesis ay_001: float64, float64
[2023-02-08 23:43:21,854] 84 root - INFO - Hypothesis ay_002: float64, float64
[2023-02-08 23:43:21,884] 84 root - INFO - Hypothesis ay_003: float64, float64
[2023-02-08 23:43:21,915] 84 root - INFO - Hypothesis ay_004: float64, float64
[2023-02-08 23:43:21,948] 84 root - INFO - Hypothesis ay_005: float64, float64
[2023-02-08 23:43:21,984] 84 root - INFO - Hypothesis ay_006: float64, float64
[2023-02-08 23:43:22,020] 84 root - INFO - Hypothesis ay_007: float64, float64
[2023-02-08 23:43:22,029] 84 root - INFO - Hypothesis ay_008: float64, float64
[2023-02-08 23:43:22,039] 84 root - INFO - Hypothesis ay_009: float64, float64
[2023-02-08 23:43:22,077] 84 root - INFO - Hypothesis az_000: float64, float64
[2023-02-08 23:43:22,112] 84 root - INFO - Hypothesis az_001: float64, float64
[2023-02-08 23:43:22,145] 84 root - INFO - Hypothesis az_002: float64, float64
[2023-02-08 23:43:22,154] 84 root - INFO - Hypothesis az_003: float64, float64
[2023-02-08 23:43:22,184] 84 root - INFO - Hypothesis az_004: float64, float64
[2023-02-08 23:43:22,194] 84 root - INFO - Hypothesis az_005: float64, float64
[2023-02-08 23:43:22,205] 84 root - INFO - Hypothesis az_006: float64, float64
[2023-02-08 23:43:22,214] 84 root - INFO - Hypothesis az_007: float64, float64
[2023-02-08 23:43:22,248] 84 root - INFO - Hypothesis az_008: float64, float64
[2023-02-08 23:43:22,287] 84 root - INFO - Hypothesis az_009: float64, float64
[2023-02-08 23:43:22,327] 84 root - INFO - Hypothesis ba_000: float64, float64
[2023-02-08 23:43:22,338] 84 root - INFO - Hypothesis ba_001: float64, float64
[2023-02-08 23:43:22,349] 84 root - INFO - Hypothesis ba_002: float64, float64
[2023-02-08 23:43:22,363] 84 root - INFO - Hypothesis ba_003: float64, float64
[2023-02-08 23:43:22,376] 84 root - INFO - Hypothesis ba_004: float64, float64
[2023-02-08 23:43:22,385] 84 root - INFO - Hypothesis ba_005: float64, float64
[2023-02-08 23:43:22,397] 84 root - INFO - Hypothesis ba_006: float64, float64
[2023-02-08 23:43:22,408] 84 root - INFO - Hypothesis ba_007: float64, float64
[2023-02-08 23:43:22,418] 84 root - INFO - Hypothesis ba_008: float64, float64
[2023-02-08 23:43:22,432] 84 root - INFO - Hypothesis ba_009: float64, float64
[2023-02-08 23:43:22,466] 84 root - INFO - Hypothesis bb_000: float64, float64
[2023-02-08 23:43:22,478] 84 root - INFO - Hypothesis bc_000: float64, float64
[2023-02-08 23:43:22,516] 84 root - INFO - Hypothesis bd_000: float64, float64
[2023-02-08 23:43:22,526] 84 root - INFO - Hypothesis be_000: float64, float64
[2023-02-08 23:43:22,536] 84 root - INFO - Hypothesis bf_000: float64, float64
[2023-02-08 23:43:22,573] 84 root - INFO - Hypothesis bg_000: float64, float64
[2023-02-08 23:43:22,584] 84 root - INFO - Hypothesis bh_000: float64, float64
[2023-02-08 23:43:22,598] 84 root - INFO - Hypothesis bi_000: float64, float64
[2023-02-08 23:43:22,630] 84 root - INFO - Hypothesis bj_000: float64, float64
[2023-02-08 23:43:22,640] 84 root - INFO - Hypothesis bs_000: float64, float64
[2023-02-08 23:43:22,674] 84 root - INFO - Hypothesis bt_000: float64, float64
[2023-02-08 23:43:22,685] 84 root - INFO - Hypothesis bu_000: float64, float64
[2023-02-08 23:43:22,698] 84 root - INFO - Hypothesis bv_000: float64, float64
[2023-02-08 23:43:22,710] 84 root - INFO - Hypothesis bx_000: float64, float64
[2023-02-08 23:43:22,719] 84 root - INFO - Hypothesis by_000: float64, float64
[2023-02-08 23:43:22,731] 84 root - INFO - Hypothesis bz_000: float64, float64
[2023-02-08 23:43:22,767] 84 root - INFO - Hypothesis ca_000: float64, float64
[2023-02-08 23:43:22,811] 84 root - INFO - Hypothesis cb_000: float64, float64
[2023-02-08 23:43:22,824] 84 root - INFO - Hypothesis cc_000: float64, float64
[2023-02-08 23:43:22,834] 84 root - INFO - Hypothesis cd_000: float64, float64
[2023-02-08 23:43:22,871] 84 root - INFO - Hypothesis ce_000: float64, float64
[2023-02-08 23:43:22,904] 84 root - INFO - Hypothesis ci_000: float64, float64
[2023-02-08 23:43:22,915] 84 root - INFO - Hypothesis cj_000: float64, float64
[2023-02-08 23:43:22,950] 84 root - INFO - Hypothesis ck_000: float64, float64
[2023-02-08 23:43:22,961] 84 root - INFO - Hypothesis cl_000: float64, float64
[2023-02-08 23:43:22,997] 84 root - INFO - Hypothesis cm_000: float64, float64
[2023-02-08 23:43:23,008] 84 root - INFO - Hypothesis cn_000: float64, float64
[2023-02-08 23:43:23,042] 84 root - INFO - Hypothesis cn_001: float64, float64
[2023-02-08 23:43:23,074] 84 root - INFO - Hypothesis cn_002: float64, float64
[2023-02-08 23:43:23,084] 84 root - INFO - Hypothesis cn_003: float64, float64
[2023-02-08 23:43:23,094] 84 root - INFO - Hypothesis cn_004: float64, float64
[2023-02-08 23:43:23,102] 84 root - INFO - Hypothesis cn_005: float64, float64
[2023-02-08 23:43:23,112] 84 root - INFO - Hypothesis cn_006: float64, float64
[2023-02-08 23:43:23,121] 84 root - INFO - Hypothesis cn_007: float64, float64
[2023-02-08 23:43:23,130] 84 root - INFO - Hypothesis cn_008: float64, float64
[2023-02-08 23:43:23,167] 84 root - INFO - Hypothesis cn_009: float64, float64
[2023-02-08 23:43:23,203] 84 root - INFO - Hypothesis cp_000: float64, float64
[2023-02-08 23:43:23,232] 84 root - INFO - Hypothesis cq_000: float64, float64
[2023-02-08 23:43:23,241] 84 root - INFO - Hypothesis cs_000: float64, float64
[2023-02-08 23:43:23,250] 84 root - INFO - Hypothesis cs_001: float64, float64
[2023-02-08 23:43:23,260] 84 root - INFO - Hypothesis cs_002: float64, float64
[2023-02-08 23:43:23,268] 84 root - INFO - Hypothesis cs_003: float64, float64
[2023-02-08 23:43:23,279] 84 root - INFO - Hypothesis cs_004: float64, float64
[2023-02-08 23:43:23,289] 84 root - INFO - Hypothesis cs_005: float64, float64
[2023-02-08 23:43:23,298] 84 root - INFO - Hypothesis cs_006: float64, float64
[2023-02-08 23:43:23,308] 84 root - INFO - Hypothesis cs_007: float64, float64
[2023-02-08 23:43:23,316] 84 root - INFO - Hypothesis cs_008: float64, float64
[2023-02-08 23:43:23,325] 84 root - INFO - Hypothesis cs_009: float64, float64
[2023-02-08 23:43:23,359] 84 root - INFO - Hypothesis dd_000: float64, float64
[2023-02-08 23:43:23,371] 84 root - INFO - Hypothesis de_000: float64, float64
[2023-02-08 23:43:23,409] 84 root - INFO - Hypothesis df_000: float64, float64
[2023-02-08 23:43:23,439] 84 root - INFO - Hypothesis dg_000: float64, float64
[2023-02-08 23:43:23,479] 84 root - INFO - Hypothesis dh_000: float64, float64
[2023-02-08 23:43:23,507] 84 root - INFO - Hypothesis di_000: float64, float64
[2023-02-08 23:43:23,537] 84 root - INFO - Hypothesis dj_000: float64, float64
[2023-02-08 23:43:23,567] 84 root - INFO - Hypothesis dk_000: float64, float64
[2023-02-08 23:43:23,597] 84 root - INFO - Hypothesis dl_000: float64, float64
[2023-02-08 23:43:23,629] 84 root - INFO - Hypothesis dm_000: float64, float64
[2023-02-08 23:43:23,656] 84 root - INFO - Hypothesis dn_000: float64, float64
[2023-02-08 23:43:23,665] 84 root - INFO - Hypothesis do_000: float64, float64
[2023-02-08 23:43:23,675] 84 root - INFO - Hypothesis dp_000: float64, float64
[2023-02-08 23:43:23,683] 84 root - INFO - Hypothesis dq_000: float64, float64
[2023-02-08 23:43:23,692] 84 root - INFO - Hypothesis dr_000: float64, float64
[2023-02-08 23:43:23,700] 84 root - INFO - Hypothesis ds_000: float64, float64
[2023-02-08 23:43:23,709] 84 root - INFO - Hypothesis dt_000: float64, float64
[2023-02-08 23:43:23,717] 84 root - INFO - Hypothesis du_000: float64, float64
[2023-02-08 23:43:23,727] 84 root - INFO - Hypothesis dv_000: float64, float64
[2023-02-08 23:43:23,739] 84 root - INFO - Hypothesis dx_000: float64, float64
[2023-02-08 23:43:23,774] 84 root - INFO - Hypothesis dy_000: float64, float64
[2023-02-08 23:43:23,787] 84 root - INFO - Hypothesis dz_000: float64, float64
[2023-02-08 23:43:23,823] 84 root - INFO - Hypothesis ea_000: float64, float64
[2023-02-08 23:43:23,862] 84 root - INFO - Hypothesis eb_000: float64, float64
[2023-02-08 23:43:23,871] 84 root - INFO - Hypothesis ec_00: float64, float64
[2023-02-08 23:43:23,909] 84 root - INFO - Hypothesis ed_000: float64, float64
[2023-02-08 23:43:23,919] 84 root - INFO - Hypothesis ee_000: float64, float64
[2023-02-08 23:43:23,930] 84 root - INFO - Hypothesis ee_001: float64, float64
[2023-02-08 23:43:23,939] 84 root - INFO - Hypothesis ee_002: float64, float64
[2023-02-08 23:43:23,952] 84 root - INFO - Hypothesis ee_003: float64, float64
[2023-02-08 23:43:23,963] 84 root - INFO - Hypothesis ee_004: float64, float64
[2023-02-08 23:43:23,974] 84 root - INFO - Hypothesis ee_005: float64, float64
[2023-02-08 23:43:23,983] 84 root - INFO - Hypothesis ee_006: float64, float64
[2023-02-08 23:43:24,011] 84 root - INFO - Hypothesis ee_007: float64, float64
[2023-02-08 23:43:24,020] 84 root - INFO - Hypothesis ee_008: float64, float64
[2023-02-08 23:43:24,028] 84 root - INFO - Hypothesis ee_009: float64, float64
[2023-02-08 23:43:24,036] 84 root - INFO - Hypothesis ef_000: float64, float64
[2023-02-08 23:43:24,067] 84 root - INFO - Hypothesis eg_000: float64, float64
[2023-02-08 23:43:24,095] 139 root - INFO - As all columns are available in test df hence detecting data drift
[2023-02-08 23:43:24,097] 84 root - INFO - Hypothesis class: object, object
[2023-02-08 23:43:24,141] 84 root - INFO - Hypothesis aa_000: float64, float64
[2023-02-08 23:43:24,147] 84 root - INFO - Hypothesis ac_000: float64, float64
[2023-02-08 23:43:24,153] 84 root - INFO - Hypothesis ae_000: float64, float64
[2023-02-08 23:43:24,164] 84 root - INFO - Hypothesis af_000: float64, float64
[2023-02-08 23:43:24,176] 84 root - INFO - Hypothesis ag_000: float64, float64
[2023-02-08 23:43:24,191] 84 root - INFO - Hypothesis ag_001: float64, float64
[2023-02-08 23:43:24,202] 84 root - INFO - Hypothesis ag_002: float64, float64
[2023-02-08 23:43:24,209] 84 root - INFO - Hypothesis ag_003: float64, float64
[2023-02-08 23:43:24,215] 84 root - INFO - Hypothesis ag_004: float64, float64
[2023-02-08 23:43:24,223] 84 root - INFO - Hypothesis ag_005: float64, float64
[2023-02-08 23:43:24,229] 84 root - INFO - Hypothesis ag_006: float64, float64
[2023-02-08 23:43:24,237] 84 root - INFO - Hypothesis ag_007: float64, float64
[2023-02-08 23:43:24,245] 84 root - INFO - Hypothesis ag_008: float64, float64
[2023-02-08 23:43:24,252] 84 root - INFO - Hypothesis ag_009: float64, float64
[2023-02-08 23:43:24,267] 84 root - INFO - Hypothesis ah_000: float64, float64
[2023-02-08 23:43:24,275] 84 root - INFO - Hypothesis ai_000: float64, float64
[2023-02-08 23:43:24,282] 84 root - INFO - Hypothesis aj_000: float64, float64
[2023-02-08 23:43:24,290] 84 root - INFO - Hypothesis ak_000: float64, float64
[2023-02-08 23:43:24,312] 84 root - INFO - Hypothesis al_000: float64, float64
[2023-02-08 23:43:24,323] 84 root - INFO - Hypothesis am_0: float64, float64
[2023-02-08 23:43:24,332] 84 root - INFO - Hypothesis an_000: float64, float64
[2023-02-08 23:43:24,343] 84 root - INFO - Hypothesis ao_000: float64, float64
[2023-02-08 23:43:24,351] 84 root - INFO - Hypothesis ap_000: float64, float64
[2023-02-08 23:43:24,360] 84 root - INFO - Hypothesis aq_000: float64, float64
[2023-02-08 23:43:24,369] 84 root - INFO - Hypothesis ar_000: float64, float64
[2023-02-08 23:43:24,388] 84 root - INFO - Hypothesis as_000: float64, float64
[2023-02-08 23:43:24,405] 84 root - INFO - Hypothesis at_000: float64, float64
[2023-02-08 23:43:24,412] 84 root - INFO - Hypothesis au_000: float64, float64
[2023-02-08 23:43:24,428] 84 root - INFO - Hypothesis av_000: float64, float64
[2023-02-08 23:43:24,438] 84 root - INFO - Hypothesis ax_000: float64, float64
[2023-02-08 23:43:24,446] 84 root - INFO - Hypothesis ay_000: float64, float64
[2023-02-08 23:43:24,460] 84 root - INFO - Hypothesis ay_001: float64, float64
[2023-02-08 23:43:24,473] 84 root - INFO - Hypothesis ay_002: float64, float64
[2023-02-08 23:43:24,483] 84 root - INFO - Hypothesis ay_003: float64, float64
[2023-02-08 23:43:24,495] 84 root - INFO - Hypothesis ay_004: float64, float64
[2023-02-08 23:43:24,507] 84 root - INFO - Hypothesis ay_005: float64, float64
[2023-02-08 23:43:24,512] 84 root - INFO - Hypothesis ay_006: float64, float64
[2023-02-08 23:43:24,519] 84 root - INFO - Hypothesis ay_007: float64, float64
[2023-02-08 23:43:24,525] 84 root - INFO - Hypothesis ay_008: float64, float64
[2023-02-08 23:43:24,531] 84 root - INFO - Hypothesis ay_009: float64, float64
[2023-02-08 23:43:24,542] 84 root - INFO - Hypothesis az_000: float64, float64
[2023-02-08 23:43:24,547] 84 root - INFO - Hypothesis az_001: float64, float64
[2023-02-08 23:43:24,553] 84 root - INFO - Hypothesis az_002: float64, float64
[2023-02-08 23:43:24,559] 84 root - INFO - Hypothesis az_003: float64, float64
[2023-02-08 23:43:24,565] 84 root - INFO - Hypothesis az_004: float64, float64
[2023-02-08 23:43:24,570] 84 root - INFO - Hypothesis az_005: float64, float64
[2023-02-08 23:43:24,578] 84 root - INFO - Hypothesis az_006: float64, float64
[2023-02-08 23:43:24,584] 84 root - INFO - Hypothesis az_007: float64, float64
[2023-02-08 23:43:24,589] 84 root - INFO - Hypothesis az_008: float64, float64
[2023-02-08 23:43:24,602] 84 root - INFO - Hypothesis az_009: float64, float64
[2023-02-08 23:43:24,619] 84 root - INFO - Hypothesis ba_000: float64, float64
[2023-02-08 23:43:24,630] 84 root - INFO - Hypothesis ba_001: float64, float64
[2023-02-08 23:43:24,636] 84 root - INFO - Hypothesis ba_002: float64, float64
[2023-02-08 23:43:24,646] 84 root - INFO - Hypothesis ba_003: float64, float64
[2023-02-08 23:43:24,655] 84 root - INFO - Hypothesis ba_004: float64, float64
[2023-02-08 23:43:24,665] 84 root - INFO - Hypothesis ba_005: float64, float64
[2023-02-08 23:43:24,673] 84 root - INFO - Hypothesis ba_006: float64, float64
[2023-02-08 23:43:24,684] 84 root - INFO - Hypothesis ba_007: float64, float64
[2023-02-08 23:43:24,693] 84 root - INFO - Hypothesis ba_008: float64, float64
[2023-02-08 23:43:24,700] 84 root - INFO - Hypothesis ba_009: float64, float64
[2023-02-08 23:43:24,706] 84 root - INFO - Hypothesis bb_000: float64, float64
[2023-02-08 23:43:24,717] 84 root - INFO - Hypothesis bc_000: float64, float64
[2023-02-08 23:43:24,723] 84 root - INFO - Hypothesis bd_000: float64, float64
[2023-02-08 23:43:24,731] 84 root - INFO - Hypothesis be_000: float64, float64
[2023-02-08 23:43:24,739] 84 root - INFO - Hypothesis bf_000: float64, float64
[2023-02-08 23:43:24,748] 84 root - INFO - Hypothesis bg_000: float64, float64
[2023-02-08 23:43:24,757] 84 root - INFO - Hypothesis bh_000: float64, float64
[2023-02-08 23:43:24,766] 84 root - INFO - Hypothesis bi_000: float64, float64
[2023-02-08 23:43:24,778] 84 root - INFO - Hypothesis bj_000: float64, float64
[2023-02-08 23:43:24,788] 84 root - INFO - Hypothesis bs_000: float64, float64
[2023-02-08 23:43:24,798] 84 root - INFO - Hypothesis bt_000: float64, float64
[2023-02-08 23:43:24,806] 84 root - INFO - Hypothesis bu_000: float64, float64
[2023-02-08 23:43:24,815] 84 root - INFO - Hypothesis bv_000: float64, float64
[2023-02-08 23:43:24,820] 84 root - INFO - Hypothesis bx_000: float64, float64
[2023-02-08 23:43:24,831] 84 root - INFO - Hypothesis by_000: float64, float64
[2023-02-08 23:43:24,842] 84 root - INFO - Hypothesis bz_000: float64, float64
[2023-02-08 23:43:24,850] 84 root - INFO - Hypothesis ca_000: float64, float64
[2023-02-08 23:43:24,859] 84 root - INFO - Hypothesis cb_000: float64, float64
[2023-02-08 23:43:24,867] 84 root - INFO - Hypothesis cc_000: float64, float64
[2023-02-08 23:43:24,875] 84 root - INFO - Hypothesis cd_000: float64, float64
[2023-02-08 23:43:24,893] 84 root - INFO - Hypothesis ce_000: float64, float64
[2023-02-08 23:43:24,903] 84 root - INFO - Hypothesis ci_000: float64, float64
[2023-02-08 23:43:24,915] 84 root - INFO - Hypothesis cj_000: float64, float64
[2023-02-08 23:43:24,922] 84 root - INFO - Hypothesis ck_000: float64, float64
[2023-02-08 23:43:24,932] 84 root - INFO - Hypothesis cl_000: float64, float64
[2023-02-08 23:43:24,942] 84 root - INFO - Hypothesis cm_000: float64, float64
[2023-02-08 23:43:24,951] 84 root - INFO - Hypothesis cn_000: float64, float64
[2023-02-08 23:43:24,959] 84 root - INFO - Hypothesis cn_001: float64, float64
[2023-02-08 23:43:24,967] 84 root - INFO - Hypothesis cn_002: float64, float64
[2023-02-08 23:43:24,977] 84 root - INFO - Hypothesis cn_003: float64, float64
[2023-02-08 23:43:24,985] 84 root - INFO - Hypothesis cn_004: float64, float64
[2023-02-08 23:43:24,993] 84 root - INFO - Hypothesis cn_005: float64, float64
[2023-02-08 23:43:25,002] 84 root - INFO - Hypothesis cn_006: float64, float64
[2023-02-08 23:43:25,009] 84 root - INFO - Hypothesis cn_007: float64, float64
[2023-02-08 23:43:25,016] 84 root - INFO - Hypothesis cn_008: float64, float64
[2023-02-08 23:43:25,021] 84 root - INFO - Hypothesis cn_009: float64, float64
[2023-02-08 23:43:25,029] 84 root - INFO - Hypothesis cp_000: float64, float64
[2023-02-08 23:43:25,036] 84 root - INFO - Hypothesis cq_000: float64, float64
[2023-02-08 23:43:25,044] 84 root - INFO - Hypothesis cs_000: float64, float64
[2023-02-08 23:43:25,051] 84 root - INFO - Hypothesis cs_001: float64, float64
[2023-02-08 23:43:25,061] 84 root - INFO - Hypothesis cs_002: float64, float64
[2023-02-08 23:43:25,067] 84 root - INFO - Hypothesis cs_003: float64, float64
[2023-02-08 23:43:25,075] 84 root - INFO - Hypothesis cs_004: float64, float64
[2023-02-08 23:43:25,081] 84 root - INFO - Hypothesis cs_005: float64, float64
[2023-02-08 23:43:25,087] 84 root - INFO - Hypothesis cs_006: float64, float64
[2023-02-08 23:43:25,095] 84 root - INFO - Hypothesis cs_007: float64, float64
[2023-02-08 23:43:25,101] 84 root - INFO - Hypothesis cs_008: float64, float64
[2023-02-08 23:43:25,108] 84 root - INFO - Hypothesis cs_009: float64, float64
[2023-02-08 23:43:25,121] 84 root - INFO - Hypothesis dd_000: float64, float64
[2023-02-08 23:43:25,129] 84 root - INFO - Hypothesis de_000: float64, float64
[2023-02-08 23:43:25,135] 84 root - INFO - Hypothesis df_000: float64, float64
[2023-02-08 23:43:25,148] 84 root - INFO - Hypothesis dg_000: float64, float64
[2023-02-08 23:43:25,160] 84 root - INFO - Hypothesis dh_000: float64, float64
[2023-02-08 23:43:25,167] 84 root - INFO - Hypothesis di_000: float64, float64
[2023-02-08 23:43:25,171] 84 root - INFO - Hypothesis dj_000: float64, float64
[2023-02-08 23:43:25,186] 84 root - INFO - Hypothesis dk_000: float64, float64
[2023-02-08 23:43:25,204] 84 root - INFO - Hypothesis dl_000: float64, float64
[2023-02-08 23:43:25,219] 84 root - INFO - Hypothesis dm_000: float64, float64
[2023-02-08 23:43:25,235] 84 root - INFO - Hypothesis dn_000: float64, float64
[2023-02-08 23:43:25,243] 84 root - INFO - Hypothesis do_000: float64, float64
[2023-02-08 23:43:25,251] 84 root - INFO - Hypothesis dp_000: float64, float64
[2023-02-08 23:43:25,260] 84 root - INFO - Hypothesis dq_000: float64, float64
[2023-02-08 23:43:25,268] 84 root - INFO - Hypothesis dr_000: float64, float64
[2023-02-08 23:43:25,278] 84 root - INFO - Hypothesis ds_000: float64, float64
[2023-02-08 23:43:25,286] 84 root - INFO - Hypothesis dt_000: float64, float64
[2023-02-08 23:43:25,300] 84 root - INFO - Hypothesis du_000: float64, float64
[2023-02-08 23:43:25,313] 84 root - INFO - Hypothesis dv_000: float64, float64
[2023-02-08 23:43:25,319] 84 root - INFO - Hypothesis dx_000: float64, float64
[2023-02-08 23:43:25,330] 84 root - INFO - Hypothesis dy_000: float64, float64
[2023-02-08 23:43:25,336] 84 root - INFO - Hypothesis dz_000: float64, float64
[2023-02-08 23:43:25,351] 84 root - INFO - Hypothesis ea_000: float64, float64
[2023-02-08 23:43:25,371] 84 root - INFO - Hypothesis eb_000: float64, float64
[2023-02-08 23:43:25,381] 84 root - INFO - Hypothesis ec_00: float64, float64
[2023-02-08 23:43:25,391] 84 root - INFO - Hypothesis ed_000: float64, float64
[2023-02-08 23:43:25,401] 84 root - INFO - Hypothesis ee_000: float64, float64
[2023-02-08 23:43:25,413] 84 root - INFO - Hypothesis ee_001: float64, float64
[2023-02-08 23:43:25,429] 84 root - INFO - Hypothesis ee_002: float64, float64
[2023-02-08 23:43:25,436] 84 root - INFO - Hypothesis ee_003: float64, float64
[2023-02-08 23:43:25,445] 84 root - INFO - Hypothesis ee_004: float64, float64
[2023-02-08 23:43:25,450] 84 root - INFO - Hypothesis ee_005: float64, float64
[2023-02-08 23:43:25,459] 84 root - INFO - Hypothesis ee_006: float64, float64
[2023-02-08 23:43:25,465] 84 root - INFO - Hypothesis ee_007: float64, float64
[2023-02-08 23:43:25,473] 84 root - INFO - Hypothesis ee_008: float64, float64
[2023-02-08 23:43:25,480] 84 root - INFO - Hypothesis ee_009: float64, float64
[2023-02-08 23:43:25,486] 84 root - INFO - Hypothesis ef_000: float64, float64
[2023-02-08 23:43:25,500] 84 root - INFO - Hypothesis eg_000: float64, float64
[2023-02-08 23:43:25,516] 144 root - INFO - Writing report to yaml file
[2023-02-08 23:43:25,581] 149 root - INFO - Data Validation artifact: DataValidationArtifact(report_file_path='C:\\Users\\shara\\ML_Projects\\artifact\\020823__234241\\data_validation\\report.yaml')
[2023-02-08 23:43:25,592] 23 root - INFO - >>>>>>>>>>>>>>>>>>>>>>>>>>>>>>>>>>>>>>>> Data Transformation <<<<<<<<<<<<<<<<<<<<<<<<<<<<<<<<<<<<<<<<
[2023-02-08 23:43:26,459] 73 root - INFO - Before resampling in training set Input: (28950, 170) Target: (28950,)
[2023-02-08 23:44:20,616] 75 root - INFO - After resampling in training set Input: (56178, 170) Target: (56178,)
[2023-02-08 23:44:20,620] 77 root - INFO - Before resampling in testing set Input: (7238, 170) Target: (7238,)
[2023-02-08 23:44:23,581] 79 root - INFO - After resampling in testing set Input: (14004, 170) Target: (14004,)
[2023-02-08 23:44:23,723] 48 root - INFO - Entered the save_object method of utils
