[2023-02-08 23:33:10,769] 159 numexpr.utils - INFO - NumExpr defaulting to 8 threads.
[2023-02-08 23:33:14,772] 17 root - INFO - >>>>>>>>>>>>>>>>>>>>>>>>>>>>>>>>>>>>>>>> Data Ingestion <<<<<<<<<<<<<<<<<<<<<<<<<<<<<<<<<<<<<<<<
[2023-02-08 23:33:14,772] 24 root - INFO - Exporting collection data as pandas DataFrame
[2023-02-08 23:33:14,772] 13 root - INFO - Reading data from database: APS and collection: Sensor
[2023-02-08 23:33:41,130] 15 root - INFO - Found columns: Index(['_id', 'class', 'aa_000', 'ab_000', 'ac_000', 'ad_000', 'ae_000',
       'af_000', 'ag_000', 'ag_001',
       ...
       'ee_002', 'ee_003', 'ee_004', 'ee_005', 'ee_006', 'ee_007', 'ee_008',
       'ee_009', 'ef_000', 'eg_000'],
      dtype='object', length=172)
[2023-02-08 23:33:41,135] 17 root - INFO - Dropping column: _id
[2023-02-08 23:33:41,363] 19 root - INFO - Row and columns in df : (36188, 171)
[2023-02-08 23:33:41,363] 29 root - INFO - save data in feature store
[2023-02-08 23:33:41,741] 35 root - INFO - Create feature store folder if not available
[2023-02-08 23:33:41,744] 39 root - INFO - Save df to feature store folder
[2023-02-08 23:33:43,382] 43 root - INFO - split dataset into train and test set
[2023-02-08 23:33:43,943] 47 root - INFO - create dataset directory folder if not available
[2023-02-08 23:33:43,944] 52 root - INFO - Save df to feature store folder
[2023-02-08 23:33:45,359] 64 root - INFO - Data ingestion artifact: DataIngestionArtifact(feature_store_file_path='C:\\Users\\shara\\ML_Projects\\artifact\\020823__233314\\data_ingestion\\feature_store\\sensor.csv', train_file_path='C:\\Users\\shara\\ML_Projects\\artifact\\020823__233314\\data_ingestion\\dataset\\train.csv', test_file_path='C:\\Users\\shara\\ML_Projects\\artifact\\020823__233314\\data_ingestion\\dataset\\test.csv')
[2023-02-08 23:33:45,692] 18 root - INFO - >>>>>>>>>>>>>>>>>>>>>>>>>>>>>>>>>>>>>>>> Data Validation <<<<<<<<<<<<<<<<<<<<<<<<<<<<<<<<<<<<<<<<
[2023-02-08 23:33:45,692] 107 root - INFO - Reading base DataFrame
[2023-02-08 23:33:47,602] 110 root - INFO - Replace na value in base df
[2023-02-08 23:33:47,602] 112 root - INFO - Drop null values column from base df
[2023-02-08 23:33:48,130] 41 root - INFO - Selecting column names which contain null values above to 0.2
[2023-02-08 23:33:48,130] 43 root - INFO - columns to drop: ['ab_000', 'ad_000', 'bk_000', 'bl_000', 'bm_000', 'bn_000', 'bo_000', 'bp_000', 'bq_000', 'br_000', 'cf_000', 'cg_000', 'ch_000', 'co_000', 'cr_000', 'ct_000', 'cu_000', 'cv_000', 'cx_000', 'cy_000', 'cz_000', 'da_000', 'db_000', 'dc_000']
[2023-02-08 23:33:48,196] 115 root - INFO - Reading train DataFrame
[2023-02-08 23:33:48,564] 117 root - INFO - Reading test DataFrame
[2023-02-08 23:33:48,681] 120 root - INFO - Drop null values column from train DataFrame
[2023-02-08 23:33:48,695] 41 root - INFO - Selecting column names which contain null values above to 0.2
[2023-02-08 23:33:48,696] 43 root - INFO - columns to drop: ['ab_000', 'ad_000', 'bk_000', 'bl_000', 'bm_000', 'bn_000', 'bo_000', 'bp_000', 'bq_000', 'br_000', 'cf_000', 'cg_000', 'ch_000', 'co_000', 'cr_000', 'ct_000', 'cu_000', 'cv_000', 'cx_000', 'cy_000', 'cz_000', 'da_000', 'db_000', 'dc_000']
[2023-02-08 23:33:48,706] 122 root - INFO - Drop null values column from test DataFrame
[2023-02-08 23:33:48,710] 41 root - INFO - Selecting column names which contain null values above to 0.2
[2023-02-08 23:33:48,710] 43 root - INFO - columns to drop: ['ab_000', 'ad_000', 'bk_000', 'bl_000', 'bm_000', 'bn_000', 'bo_000', 'bp_000', 'bq_000', 'br_000', 'cf_000', 'cg_000', 'ch_000', 'co_000', 'cr_000', 'ct_000', 'cu_000', 'cv_000', 'cx_000', 'cy_000', 'cz_000', 'da_000', 'db_000', 'dc_000']
[2023-02-08 23:33:53,755] 130 root - INFO - Is all required columns present in train df
[2023-02-08 23:33:53,757] 132 root - INFO - Is all required columns present in test df
[2023-02-08 23:33:53,757] 136 root - INFO - As all columns are available in train df hence detecting data drift
[2023-02-08 23:33:53,757] 84 root - INFO - Hypothesis class: object, object
[2023-02-08 23:33:54,094] 84 root - INFO - Hypothesis aa_000: float64, float64
[2023-02-08 23:33:54,105] 84 root - INFO - Hypothesis ac_000: float64, float64
[2023-02-08 23:33:54,116] 84 root - INFO - Hypothesis ae_000: float64, float64
[2023-02-08 23:33:54,141] 84 root - INFO - Hypothesis af_000: float64, float64
[2023-02-08 23:33:54,165] 84 root - INFO - Hypothesis ag_000: float64, float64
[2023-02-08 23:33:54,195] 84 root - INFO - Hypothesis ag_001: float64, float64
[2023-02-08 23:33:54,217] 84 root - INFO - Hypothesis ag_002: float64, float64
[2023-02-08 23:33:54,251] 84 root - INFO - Hypothesis ag_003: float64, float64
[2023-02-08 23:33:54,279] 84 root - INFO - Hypothesis ag_004: float64, float64
[2023-02-08 23:33:54,288] 84 root - INFO - Hypothesis ag_005: float64, float64
[2023-02-08 23:33:54,297] 84 root - INFO - Hypothesis ag_006: float64, float64
[2023-02-08 23:33:54,331] 84 root - INFO - Hypothesis ag_007: float64, float64
[2023-02-08 23:33:54,361] 84 root - INFO - Hypothesis ag_008: float64, float64
[2023-02-08 23:33:54,389] 84 root - INFO - Hypothesis ag_009: float64, float64
[2023-02-08 23:33:54,417] 84 root - INFO - Hypothesis ah_000: float64, float64
[2023-02-08 23:33:54,426] 84 root - INFO - Hypothesis ai_000: float64, float64
[2023-02-08 23:33:54,455] 84 root - INFO - Hypothesis aj_000: float64, float64
[2023-02-08 23:33:54,483] 84 root - INFO - Hypothesis ak_000: float64, float64
[2023-02-08 23:33:54,521] 84 root - INFO - Hypothesis al_000: float64, float64
[2023-02-08 23:33:54,531] 84 root - INFO - Hypothesis am_0: float64, float64
[2023-02-08 23:33:54,539] 84 root - INFO - Hypothesis an_000: float64, float64
[2023-02-08 23:33:54,548] 84 root - INFO - Hypothesis ao_000: float64, float64
[2023-02-08 23:33:54,558] 84 root - INFO - Hypothesis ap_000: float64, float64
[2023-02-08 23:33:54,570] 84 root - INFO - Hypothesis aq_000: float64, float64
[2023-02-08 23:33:54,580] 84 root - INFO - Hypothesis ar_000: float64, float64
[2023-02-08 23:33:54,589] 84 root - INFO - Hypothesis as_000: float64, float64
[2023-02-08 23:33:54,620] 84 root - INFO - Hypothesis at_000: float64, float64
[2023-02-08 23:33:54,627] 84 root - INFO - Hypothesis au_000: float64, float64
[2023-02-08 23:33:54,658] 84 root - INFO - Hypothesis av_000: float64, float64
[2023-02-08 23:33:54,667] 84 root - INFO - Hypothesis ax_000: float64, float64
[2023-02-08 23:33:54,675] 84 root - INFO - Hypothesis ay_000: float64, float64
[2023-02-08 23:33:54,703] 84 root - INFO - Hypothesis ay_001: float64, float64
[2023-02-08 23:33:54,729] 84 root - INFO - Hypothesis ay_002: float64, float64
[2023-02-08 23:33:54,754] 84 root - INFO - Hypothesis ay_003: float64, float64
[2023-02-08 23:33:54,779] 84 root - INFO - Hypothesis ay_004: float64, float64
[2023-02-08 23:33:54,806] 84 root - INFO - Hypothesis ay_005: float64, float64
[2023-02-08 23:33:54,832] 84 root - INFO - Hypothesis ay_006: float64, float64
[2023-02-08 23:33:54,841] 84 root - INFO - Hypothesis ay_007: float64, float64
[2023-02-08 23:33:54,869] 84 root - INFO - Hypothesis ay_008: float64, float64
[2023-02-08 23:33:54,896] 84 root - INFO - Hypothesis ay_009: float64, float64
[2023-02-08 23:33:54,925] 84 root - INFO - Hypothesis az_000: float64, float64
[2023-02-08 23:33:54,934] 84 root - INFO - Hypothesis az_001: float64, float64
[2023-02-08 23:33:54,944] 84 root - INFO - Hypothesis az_002: float64, float64
[2023-02-08 23:33:54,982] 84 root - INFO - Hypothesis az_003: float64, float64
[2023-02-08 23:33:55,014] 84 root - INFO - Hypothesis az_004: float64, float64
[2023-02-08 23:33:55,046] 84 root - INFO - Hypothesis az_005: float64, float64
[2023-02-08 23:33:55,056] 84 root - INFO - Hypothesis az_006: float64, float64
[2023-02-08 23:33:55,085] 84 root - INFO - Hypothesis az_007: float64, float64
[2023-02-08 23:33:55,114] 84 root - INFO - Hypothesis az_008: float64, float64
[2023-02-08 23:33:55,148] 84 root - INFO - Hypothesis az_009: float64, float64
[2023-02-08 23:33:55,175] 84 root - INFO - Hypothesis ba_000: float64, float64
[2023-02-08 23:33:55,184] 84 root - INFO - Hypothesis ba_001: float64, float64
[2023-02-08 23:33:55,218] 84 root - INFO - Hypothesis ba_002: float64, float64
[2023-02-08 23:33:55,254] 84 root - INFO - Hypothesis ba_003: float64, float64
[2023-02-08 23:33:55,281] 84 root - INFO - Hypothesis ba_004: float64, float64
[2023-02-08 23:33:55,290] 84 root - INFO - Hypothesis ba_005: float64, float64
[2023-02-08 23:33:55,325] 84 root - INFO - Hypothesis ba_006: float64, float64
[2023-02-08 23:33:55,352] 84 root - INFO - Hypothesis ba_007: float64, float64
[2023-02-08 23:33:55,380] 84 root - INFO - Hypothesis ba_008: float64, float64
[2023-02-08 23:33:55,412] 84 root - INFO - Hypothesis ba_009: float64, float64
[2023-02-08 23:33:55,450] 84 root - INFO - Hypothesis bb_000: float64, float64
[2023-02-08 23:33:55,459] 84 root - INFO - Hypothesis bc_000: float64, float64
[2023-02-08 23:33:55,468] 84 root - INFO - Hypothesis bd_000: float64, float64
[2023-02-08 23:33:55,477] 84 root - INFO - Hypothesis be_000: float64, float64
[2023-02-08 23:33:55,485] 84 root - INFO - Hypothesis bf_000: float64, float64
[2023-02-08 23:33:55,493] 84 root - INFO - Hypothesis bg_000: float64, float64
[2023-02-08 23:33:55,503] 84 root - INFO - Hypothesis bh_000: float64, float64
[2023-02-08 23:33:55,512] 84 root - INFO - Hypothesis bi_000: float64, float64
[2023-02-08 23:33:55,522] 84 root - INFO - Hypothesis bj_000: float64, float64
[2023-02-08 23:33:55,531] 84 root - INFO - Hypothesis bs_000: float64, float64
[2023-02-08 23:33:55,540] 84 root - INFO - Hypothesis bt_000: float64, float64
[2023-02-08 23:33:55,549] 84 root - INFO - Hypothesis bu_000: float64, float64
[2023-02-08 23:33:55,559] 84 root - INFO - Hypothesis bv_000: float64, float64
[2023-02-08 23:33:55,568] 84 root - INFO - Hypothesis bx_000: float64, float64
[2023-02-08 23:33:55,578] 84 root - INFO - Hypothesis by_000: float64, float64
[2023-02-08 23:33:55,589] 84 root - INFO - Hypothesis bz_000: float64, float64
[2023-02-08 23:33:55,629] 84 root - INFO - Hypothesis ca_000: float64, float64
[2023-02-08 23:33:55,637] 84 root - INFO - Hypothesis cb_000: float64, float64
[2023-02-08 23:33:55,647] 84 root - INFO - Hypothesis cc_000: float64, float64
[2023-02-08 23:33:55,656] 84 root - INFO - Hypothesis cd_000: float64, float64
[2023-02-08 23:33:55,687] 84 root - INFO - Hypothesis ce_000: float64, float64
[2023-02-08 23:33:55,697] 84 root - INFO - Hypothesis ci_000: float64, float64
[2023-02-08 23:33:55,707] 84 root - INFO - Hypothesis cj_000: float64, float64
[2023-02-08 23:33:55,741] 84 root - INFO - Hypothesis ck_000: float64, float64
[2023-02-08 23:33:55,773] 84 root - INFO - Hypothesis cl_000: float64, float64
[2023-02-08 23:33:55,806] 84 root - INFO - Hypothesis cm_000: float64, float64
[2023-02-08 23:33:55,834] 84 root - INFO - Hypothesis cn_000: float64, float64
[2023-02-08 23:33:55,862] 84 root - INFO - Hypothesis cn_001: float64, float64
[2023-02-08 23:33:55,888] 84 root - INFO - Hypothesis cn_002: float64, float64
[2023-02-08 23:33:55,921] 84 root - INFO - Hypothesis cn_003: float64, float64
[2023-02-08 23:33:55,949] 84 root - INFO - Hypothesis cn_004: float64, float64
[2023-02-08 23:33:55,981] 84 root - INFO - Hypothesis cn_005: float64, float64
[2023-02-08 23:33:56,014] 84 root - INFO - Hypothesis cn_006: float64, float64
[2023-02-08 23:33:56,024] 84 root - INFO - Hypothesis cn_007: float64, float64
[2023-02-08 23:33:56,033] 84 root - INFO - Hypothesis cn_008: float64, float64
[2023-02-08 23:33:56,063] 84 root - INFO - Hypothesis cn_009: float64, float64
[2023-02-08 23:33:56,072] 84 root - INFO - Hypothesis cp_000: float64, float64
[2023-02-08 23:33:56,080] 84 root - INFO - Hypothesis cq_000: float64, float64
[2023-02-08 23:33:56,089] 84 root - INFO - Hypothesis cs_000: float64, float64
[2023-02-08 23:33:56,099] 84 root - INFO - Hypothesis cs_001: float64, float64
[2023-02-08 23:33:56,129] 84 root - INFO - Hypothesis cs_002: float64, float64
[2023-02-08 23:33:56,139] 84 root - INFO - Hypothesis cs_003: float64, float64
[2023-02-08 23:33:56,147] 84 root - INFO - Hypothesis cs_004: float64, float64
[2023-02-08 23:33:56,177] 84 root - INFO - Hypothesis cs_005: float64, float64
[2023-02-08 23:33:56,213] 84 root - INFO - Hypothesis cs_006: float64, float64
[2023-02-08 23:33:56,224] 84 root - INFO - Hypothesis cs_007: float64, float64
[2023-02-08 23:33:56,252] 84 root - INFO - Hypothesis cs_008: float64, float64
[2023-02-08 23:33:56,261] 84 root - INFO - Hypothesis cs_009: float64, float64
[2023-02-08 23:33:56,295] 84 root - INFO - Hypothesis dd_000: float64, float64
[2023-02-08 23:33:56,306] 84 root - INFO - Hypothesis de_000: float64, float64
[2023-02-08 23:33:56,335] 84 root - INFO - Hypothesis df_000: float64, float64
[2023-02-08 23:33:56,361] 84 root - INFO - Hypothesis dg_000: float64, float64
[2023-02-08 23:33:56,386] 84 root - INFO - Hypothesis dh_000: float64, float64
[2023-02-08 23:33:56,394] 84 root - INFO - Hypothesis di_000: float64, float64
[2023-02-08 23:33:56,402] 84 root - INFO - Hypothesis dj_000: float64, float64
[2023-02-08 23:33:56,435] 84 root - INFO - Hypothesis dk_000: float64, float64
[2023-02-08 23:33:56,469] 84 root - INFO - Hypothesis dl_000: float64, float64
[2023-02-08 23:33:56,499] 84 root - INFO - Hypothesis dm_000: float64, float64
[2023-02-08 23:33:56,534] 84 root - INFO - Hypothesis dn_000: float64, float64
[2023-02-08 23:33:56,565] 84 root - INFO - Hypothesis do_000: float64, float64
[2023-02-08 23:33:56,574] 84 root - INFO - Hypothesis dp_000: float64, float64
[2023-02-08 23:33:56,583] 84 root - INFO - Hypothesis dq_000: float64, float64
[2023-02-08 23:33:56,608] 84 root - INFO - Hypothesis dr_000: float64, float64
[2023-02-08 23:33:56,640] 84 root - INFO - Hypothesis ds_000: float64, float64
[2023-02-08 23:33:56,651] 84 root - INFO - Hypothesis dt_000: float64, float64
[2023-02-08 23:33:56,661] 84 root - INFO - Hypothesis du_000: float64, float64
[2023-02-08 23:33:56,670] 84 root - INFO - Hypothesis dv_000: float64, float64
[2023-02-08 23:33:56,679] 84 root - INFO - Hypothesis dx_000: float64, float64
[2023-02-08 23:33:56,687] 84 root - INFO - Hypothesis dy_000: float64, float64
[2023-02-08 23:33:56,694] 84 root - INFO - Hypothesis dz_000: float64, float64
[2023-02-08 23:33:56,721] 84 root - INFO - Hypothesis ea_000: float64, float64
[2023-02-08 23:33:56,757] 84 root - INFO - Hypothesis eb_000: float64, float64
[2023-02-08 23:33:56,765] 84 root - INFO - Hypothesis ec_00: float64, float64
[2023-02-08 23:33:56,793] 84 root - INFO - Hypothesis ed_000: float64, float64
[2023-02-08 23:33:56,802] 84 root - INFO - Hypothesis ee_000: float64, float64
[2023-02-08 23:33:56,832] 84 root - INFO - Hypothesis ee_001: float64, float64
[2023-02-08 23:33:56,843] 84 root - INFO - Hypothesis ee_002: float64, float64
[2023-02-08 23:33:56,872] 84 root - INFO - Hypothesis ee_003: float64, float64
[2023-02-08 23:33:56,903] 84 root - INFO - Hypothesis ee_004: float64, float64
[2023-02-08 23:33:56,912] 84 root - INFO - Hypothesis ee_005: float64, float64
[2023-02-08 23:33:56,943] 84 root - INFO - Hypothesis ee_006: float64, float64
[2023-02-08 23:33:56,953] 84 root - INFO - Hypothesis ee_007: float64, float64
[2023-02-08 23:33:56,963] 84 root - INFO - Hypothesis ee_008: float64, float64
[2023-02-08 23:33:56,971] 84 root - INFO - Hypothesis ee_009: float64, float64
[2023-02-08 23:33:56,979] 84 root - INFO - Hypothesis ef_000: float64, float64
[2023-02-08 23:33:57,011] 84 root - INFO - Hypothesis eg_000: float64, float64
[2023-02-08 23:33:57,045] 139 root - INFO - As all columns are available in test df hence detecting data drift
[2023-02-08 23:33:57,046] 84 root - INFO - Hypothesis class: object, object
[2023-02-08 23:33:57,093] 84 root - INFO - Hypothesis aa_000: float64, float64
[2023-02-08 23:33:57,100] 84 root - INFO - Hypothesis ac_000: float64, float64
[2023-02-08 23:33:57,106] 84 root - INFO - Hypothesis ae_000: float64, float64
[2023-02-08 23:33:57,111] 84 root - INFO - Hypothesis af_000: float64, float64
[2023-02-08 23:33:57,116] 84 root - INFO - Hypothesis ag_000: float64, float64
[2023-02-08 23:33:57,131] 84 root - INFO - Hypothesis ag_001: float64, float64
[2023-02-08 23:33:57,145] 84 root - INFO - Hypothesis ag_002: float64, float64
[2023-02-08 23:33:57,150] 84 root - INFO - Hypothesis ag_003: float64, float64
[2023-02-08 23:33:57,155] 84 root - INFO - Hypothesis ag_004: float64, float64
[2023-02-08 23:33:57,160] 84 root - INFO - Hypothesis ag_005: float64, float64
[2023-02-08 23:33:57,166] 84 root - INFO - Hypothesis ag_006: float64, float64
[2023-02-08 23:33:57,171] 84 root - INFO - Hypothesis ag_007: float64, float64
[2023-02-08 23:33:57,176] 84 root - INFO - Hypothesis ag_008: float64, float64
[2023-02-08 23:33:57,180] 84 root - INFO - Hypothesis ag_009: float64, float64
[2023-02-08 23:33:57,185] 84 root - INFO - Hypothesis ah_000: float64, float64
[2023-02-08 23:33:57,192] 84 root - INFO - Hypothesis ai_000: float64, float64
[2023-02-08 23:33:57,196] 84 root - INFO - Hypothesis aj_000: float64, float64
[2023-02-08 23:33:57,211] 84 root - INFO - Hypothesis ak_000: float64, float64
[2023-02-08 23:33:57,215] 84 root - INFO - Hypothesis al_000: float64, float64
[2023-02-08 23:33:57,220] 84 root - INFO - Hypothesis am_0: float64, float64
[2023-02-08 23:33:57,225] 84 root - INFO - Hypothesis an_000: float64, float64
[2023-02-08 23:33:57,230] 84 root - INFO - Hypothesis ao_000: float64, float64
[2023-02-08 23:33:57,237] 84 root - INFO - Hypothesis ap_000: float64, float64
[2023-02-08 23:33:57,242] 84 root - INFO - Hypothesis aq_000: float64, float64
[2023-02-08 23:33:57,248] 84 root - INFO - Hypothesis ar_000: float64, float64
[2023-02-08 23:33:57,252] 84 root - INFO - Hypothesis as_000: float64, float64
[2023-02-08 23:33:57,263] 84 root - INFO - Hypothesis at_000: float64, float64
[2023-02-08 23:33:57,270] 84 root - INFO - Hypothesis au_000: float64, float64
[2023-02-08 23:33:57,279] 84 root - INFO - Hypothesis av_000: float64, float64
[2023-02-08 23:33:57,285] 84 root - INFO - Hypothesis ax_000: float64, float64
[2023-02-08 23:33:57,292] 84 root - INFO - Hypothesis ay_000: float64, float64
[2023-02-08 23:33:57,305] 84 root - INFO - Hypothesis ay_001: float64, float64
[2023-02-08 23:33:57,317] 84 root - INFO - Hypothesis ay_002: float64, float64
[2023-02-08 23:33:57,330] 84 root - INFO - Hypothesis ay_003: float64, float64
[2023-02-08 23:33:57,343] 84 root - INFO - Hypothesis ay_004: float64, float64
[2023-02-08 23:33:57,354] 84 root - INFO - Hypothesis ay_005: float64, float64
[2023-02-08 23:33:57,359] 84 root - INFO - Hypothesis ay_006: float64, float64
[2023-02-08 23:33:57,366] 84 root - INFO - Hypothesis ay_007: float64, float64
[2023-02-08 23:33:57,371] 84 root - INFO - Hypothesis ay_008: float64, float64
[2023-02-08 23:33:57,376] 84 root - INFO - Hypothesis ay_009: float64, float64
[2023-02-08 23:33:57,389] 84 root - INFO - Hypothesis az_000: float64, float64
[2023-02-08 23:33:57,394] 84 root - INFO - Hypothesis az_001: float64, float64
[2023-02-08 23:33:57,398] 84 root - INFO - Hypothesis az_002: float64, float64
[2023-02-08 23:33:57,404] 84 root - INFO - Hypothesis az_003: float64, float64
[2023-02-08 23:33:57,409] 84 root - INFO - Hypothesis az_004: float64, float64
[2023-02-08 23:33:57,416] 84 root - INFO - Hypothesis az_005: float64, float64
[2023-02-08 23:33:57,422] 84 root - INFO - Hypothesis az_006: float64, float64
[2023-02-08 23:33:57,428] 84 root - INFO - Hypothesis az_007: float64, float64
[2023-02-08 23:33:57,432] 84 root - INFO - Hypothesis az_008: float64, float64
[2023-02-08 23:33:57,446] 84 root - INFO - Hypothesis az_009: float64, float64
[2023-02-08 23:33:57,457] 84 root - INFO - Hypothesis ba_000: float64, float64
[2023-02-08 23:33:57,463] 84 root - INFO - Hypothesis ba_001: float64, float64
[2023-02-08 23:33:57,469] 84 root - INFO - Hypothesis ba_002: float64, float64
[2023-02-08 23:33:57,474] 84 root - INFO - Hypothesis ba_003: float64, float64
[2023-02-08 23:33:57,480] 84 root - INFO - Hypothesis ba_004: float64, float64
[2023-02-08 23:33:57,485] 84 root - INFO - Hypothesis ba_005: float64, float64
[2023-02-08 23:33:57,491] 84 root - INFO - Hypothesis ba_006: float64, float64
[2023-02-08 23:33:57,496] 84 root - INFO - Hypothesis ba_007: float64, float64
[2023-02-08 23:33:57,502] 84 root - INFO - Hypothesis ba_008: float64, float64
[2023-02-08 23:33:57,507] 84 root - INFO - Hypothesis ba_009: float64, float64
[2023-02-08 23:33:57,512] 84 root - INFO - Hypothesis bb_000: float64, float64
[2023-02-08 23:33:57,517] 84 root - INFO - Hypothesis bc_000: float64, float64
[2023-02-08 23:33:57,522] 84 root - INFO - Hypothesis bd_000: float64, float64
[2023-02-08 23:33:57,527] 84 root - INFO - Hypothesis be_000: float64, float64
[2023-02-08 23:33:57,533] 84 root - INFO - Hypothesis bf_000: float64, float64
[2023-02-08 23:33:57,539] 84 root - INFO - Hypothesis bg_000: float64, float64
[2023-02-08 23:33:57,546] 84 root - INFO - Hypothesis bh_000: float64, float64
[2023-02-08 23:33:57,553] 84 root - INFO - Hypothesis bi_000: float64, float64
[2023-02-08 23:33:57,559] 84 root - INFO - Hypothesis bj_000: float64, float64
[2023-02-08 23:33:57,564] 84 root - INFO - Hypothesis bs_000: float64, float64
[2023-02-08 23:33:57,572] 84 root - INFO - Hypothesis bt_000: float64, float64
[2023-02-08 23:33:57,579] 84 root - INFO - Hypothesis bu_000: float64, float64
[2023-02-08 23:33:57,586] 84 root - INFO - Hypothesis bv_000: float64, float64
[2023-02-08 23:33:57,591] 84 root - INFO - Hypothesis bx_000: float64, float64
[2023-02-08 23:33:57,597] 84 root - INFO - Hypothesis by_000: float64, float64
[2023-02-08 23:33:57,604] 84 root - INFO - Hypothesis bz_000: float64, float64
[2023-02-08 23:33:57,609] 84 root - INFO - Hypothesis ca_000: float64, float64
[2023-02-08 23:33:57,615] 84 root - INFO - Hypothesis cb_000: float64, float64
[2023-02-08 23:33:57,621] 84 root - INFO - Hypothesis cc_000: float64, float64
[2023-02-08 23:33:57,627] 84 root - INFO - Hypothesis cd_000: float64, float64
[2023-02-08 23:33:57,640] 84 root - INFO - Hypothesis ce_000: float64, float64
[2023-02-08 23:33:57,645] 84 root - INFO - Hypothesis ci_000: float64, float64
[2023-02-08 23:33:57,650] 84 root - INFO - Hypothesis cj_000: float64, float64
[2023-02-08 23:33:57,656] 84 root - INFO - Hypothesis ck_000: float64, float64
[2023-02-08 23:33:57,662] 84 root - INFO - Hypothesis cl_000: float64, float64
[2023-02-08 23:33:57,676] 84 root - INFO - Hypothesis cm_000: float64, float64
[2023-02-08 23:33:57,689] 84 root - INFO - Hypothesis cn_000: float64, float64
[2023-02-08 23:33:57,693] 84 root - INFO - Hypothesis cn_001: float64, float64
[2023-02-08 23:33:57,698] 84 root - INFO - Hypothesis cn_002: float64, float64
[2023-02-08 23:33:57,704] 84 root - INFO - Hypothesis cn_003: float64, float64
[2023-02-08 23:33:57,709] 84 root - INFO - Hypothesis cn_004: float64, float64
[2023-02-08 23:33:57,715] 84 root - INFO - Hypothesis cn_005: float64, float64
[2023-02-08 23:33:57,720] 84 root - INFO - Hypothesis cn_006: float64, float64
[2023-02-08 23:33:57,726] 84 root - INFO - Hypothesis cn_007: float64, float64
[2023-02-08 23:33:57,732] 84 root - INFO - Hypothesis cn_008: float64, float64
[2023-02-08 23:33:57,738] 84 root - INFO - Hypothesis cn_009: float64, float64
[2023-02-08 23:33:57,743] 84 root - INFO - Hypothesis cp_000: float64, float64
[2023-02-08 23:33:57,748] 84 root - INFO - Hypothesis cq_000: float64, float64
[2023-02-08 23:33:57,754] 84 root - INFO - Hypothesis cs_000: float64, float64
[2023-02-08 23:33:57,759] 84 root - INFO - Hypothesis cs_001: float64, float64
[2023-02-08 23:33:57,765] 84 root - INFO - Hypothesis cs_002: float64, float64
[2023-02-08 23:33:57,770] 84 root - INFO - Hypothesis cs_003: float64, float64
[2023-02-08 23:33:57,776] 84 root - INFO - Hypothesis cs_004: float64, float64
[2023-02-08 23:33:57,782] 84 root - INFO - Hypothesis cs_005: float64, float64
[2023-02-08 23:33:57,788] 84 root - INFO - Hypothesis cs_006: float64, float64
[2023-02-08 23:33:57,794] 84 root - INFO - Hypothesis cs_007: float64, float64
[2023-02-08 23:33:57,800] 84 root - INFO - Hypothesis cs_008: float64, float64
[2023-02-08 23:33:57,805] 84 root - INFO - Hypothesis cs_009: float64, float64
[2023-02-08 23:33:57,810] 84 root - INFO - Hypothesis dd_000: float64, float64
[2023-02-08 23:33:57,815] 84 root - INFO - Hypothesis de_000: float64, float64
[2023-02-08 23:33:57,820] 84 root - INFO - Hypothesis df_000: float64, float64
[2023-02-08 23:33:57,825] 84 root - INFO - Hypothesis dg_000: float64, float64
[2023-02-08 23:33:57,830] 84 root - INFO - Hypothesis dh_000: float64, float64
[2023-02-08 23:33:57,834] 84 root - INFO - Hypothesis di_000: float64, float64
[2023-02-08 23:33:57,839] 84 root - INFO - Hypothesis dj_000: float64, float64
[2023-02-08 23:33:57,843] 84 root - INFO - Hypothesis dk_000: float64, float64
[2023-02-08 23:33:57,848] 84 root - INFO - Hypothesis dl_000: float64, float64
[2023-02-08 23:33:57,852] 84 root - INFO - Hypothesis dm_000: float64, float64
[2023-02-08 23:33:57,857] 84 root - INFO - Hypothesis dn_000: float64, float64
[2023-02-08 23:33:57,863] 84 root - INFO - Hypothesis do_000: float64, float64
[2023-02-08 23:33:57,868] 84 root - INFO - Hypothesis dp_000: float64, float64
[2023-02-08 23:33:57,873] 84 root - INFO - Hypothesis dq_000: float64, float64
[2023-02-08 23:33:57,878] 84 root - INFO - Hypothesis dr_000: float64, float64
[2023-02-08 23:33:57,883] 84 root - INFO - Hypothesis ds_000: float64, float64
[2023-02-08 23:33:57,888] 84 root - INFO - Hypothesis dt_000: float64, float64
[2023-02-08 23:33:57,894] 84 root - INFO - Hypothesis du_000: float64, float64
[2023-02-08 23:33:57,899] 84 root - INFO - Hypothesis dv_000: float64, float64
[2023-02-08 23:33:57,904] 84 root - INFO - Hypothesis dx_000: float64, float64
[2023-02-08 23:33:57,909] 84 root - INFO - Hypothesis dy_000: float64, float64
[2023-02-08 23:33:57,914] 84 root - INFO - Hypothesis dz_000: float64, float64
[2023-02-08 23:33:57,918] 84 root - INFO - Hypothesis ea_000: float64, float64
[2023-02-08 23:33:57,923] 84 root - INFO - Hypothesis eb_000: float64, float64
[2023-02-08 23:33:57,930] 84 root - INFO - Hypothesis ec_00: float64, float64
[2023-02-08 23:33:57,936] 84 root - INFO - Hypothesis ed_000: float64, float64
[2023-02-08 23:33:57,941] 84 root - INFO - Hypothesis ee_000: float64, float64
[2023-02-08 23:33:57,946] 84 root - INFO - Hypothesis ee_001: float64, float64
[2023-02-08 23:33:57,951] 84 root - INFO - Hypothesis ee_002: float64, float64
[2023-02-08 23:33:57,957] 84 root - INFO - Hypothesis ee_003: float64, float64
[2023-02-08 23:33:57,961] 84 root - INFO - Hypothesis ee_004: float64, float64
[2023-02-08 23:33:57,966] 84 root - INFO - Hypothesis ee_005: float64, float64
[2023-02-08 23:33:57,971] 84 root - INFO - Hypothesis ee_006: float64, float64
[2023-02-08 23:33:57,976] 84 root - INFO - Hypothesis ee_007: float64, float64
[2023-02-08 23:33:57,980] 84 root - INFO - Hypothesis ee_008: float64, float64
[2023-02-08 23:33:57,985] 84 root - INFO - Hypothesis ee_009: float64, float64
[2023-02-08 23:33:57,992] 84 root - INFO - Hypothesis ef_000: float64, float64
[2023-02-08 23:33:57,998] 84 root - INFO - Hypothesis eg_000: float64, float64
[2023-02-08 23:33:58,002] 144 root - INFO - Writing report to yaml file
[2023-02-08 23:33:58,051] 149 root - INFO - Data Validation artifact: DataValidationArtifact(report_file_path='C:\\Users\\shara\\ML_Projects\\artifact\\020823__233314\\data_validation\\report.yaml')
[2023-02-08 23:33:58,062] 23 root - INFO - >>>>>>>>>>>>>>>>>>>>>>>>>>>>>>>>>>>>>>>> Data Transformation <<<<<<<<<<<<<<<<<<<<<<<<<<<<<<<<<<<<<<<<
[2023-02-08 23:33:58,793] 73 root - INFO - Before resampling in training set Input: (28950, 170) Target: (7238,)
