[2023-02-08 22:39:42,746] 159 numexpr.utils - INFO - NumExpr defaulting to 8 threads.
[2023-02-08 22:39:47,144] 17 root - INFO - >>>>>>>>>>>>>>>>>>>>>>>>>>>>>>>>>>>>>>>> Data Ingestion <<<<<<<<<<<<<<<<<<<<<<<<<<<<<<<<<<<<<<<<
[2023-02-08 22:39:47,144] 24 root - INFO - Exporting collection data as pandas DataFrame
[2023-02-08 22:39:47,144] 13 root - INFO - Reading data from database: APS and collection: Sensor
[2023-02-08 22:47:45,265] 15 root - INFO - Found columns: Index(['_id', 'class', 'aa_000', 'ab_000', 'ac_000', 'ad_000', 'ae_000',
       'af_000', 'ag_000', 'ag_001',
       ...
       'ee_002', 'ee_003', 'ee_004', 'ee_005', 'ee_006', 'ee_007', 'ee_008',
       'ee_009', 'ef_000', 'eg_000'],
      dtype='object', length=172)
[2023-02-08 22:47:45,275] 17 root - INFO - Dropping column: _id
[2023-02-08 22:47:45,581] 19 root - INFO - Row and columns in df : (36188, 171)
[2023-02-08 22:47:45,581] 29 root - INFO - save data in feature store
[2023-02-08 22:47:46,045] 35 root - INFO - Create feature store folder if not available
[2023-02-08 22:47:46,048] 39 root - INFO - Save df to feature store folder
[2023-02-08 22:47:48,278] 43 root - INFO - split dataset into train and test set
[2023-02-08 22:47:49,148] 47 root - INFO - create dataset directory folder if not available
[2023-02-08 22:47:49,149] 52 root - INFO - Save df to feature store folder
[2023-02-08 22:47:51,008] 64 root - INFO - Data ingestion artifact: DataIngestionArtifact(feature_store_file_path='C:\\Users\\shara\\ML_Projects\\artifact\\020823__223947\\data_ingestion\\feature_store\\sensor.csv', train_file_path='C:\\Users\\shara\\ML_Projects\\artifact\\020823__223947\\data_ingestion\\dataset\\train.csv', test_file_path='C:\\Users\\shara\\ML_Projects\\artifact\\020823__223947\\data_ingestion\\dataset\\test.csv')
[2023-02-08 22:47:51,417] 18 root - INFO - >>>>>>>>>>>>>>>>>>>>>>>>>>>>>>>>>>>>>>>> Data Validation <<<<<<<<<<<<<<<<<<<<<<<<<<<<<<<<<<<<<<<<
[2023-02-08 22:47:51,417] 107 root - INFO - Reading base DataFrame
[2023-02-08 22:47:53,797] 110 root - INFO - Replace na value in base df
[2023-02-08 22:47:53,797] 112 root - INFO - Drop null values column from base df
[2023-02-08 22:47:54,421] 41 root - INFO - Selecting column names which contain null values above to 0.2
[2023-02-08 22:47:54,421] 43 root - INFO - columns to drop: ['ab_000', 'ad_000', 'bk_000', 'bl_000', 'bm_000', 'bn_000', 'bo_000', 'bp_000', 'bq_000', 'br_000', 'cf_000', 'cg_000', 'ch_000', 'co_000', 'cr_000', 'ct_000', 'cu_000', 'cv_000', 'cx_000', 'cy_000', 'cz_000', 'da_000', 'db_000', 'dc_000']
[2023-02-08 22:47:54,522] 115 root - INFO - Reading train DataFrame
[2023-02-08 22:47:54,981] 117 root - INFO - Reading test DataFrame
[2023-02-08 22:47:55,141] 120 root - INFO - Drop null values column from train DataFrame
[2023-02-08 22:47:55,159] 41 root - INFO - Selecting column names which contain null values above to 0.2
[2023-02-08 22:47:55,160] 43 root - INFO - columns to drop: ['ab_000', 'ad_000', 'bk_000', 'bl_000', 'bm_000', 'bn_000', 'bo_000', 'bp_000', 'bq_000', 'br_000', 'cf_000', 'cg_000', 'ch_000', 'co_000', 'cr_000', 'ct_000', 'cu_000', 'cv_000', 'cx_000', 'cy_000', 'cz_000', 'da_000', 'db_000', 'dc_000']
[2023-02-08 22:47:55,174] 122 root - INFO - Drop null values column from test DataFrame
[2023-02-08 22:47:55,178] 41 root - INFO - Selecting column names which contain null values above to 0.2
[2023-02-08 22:47:55,180] 43 root - INFO - columns to drop: ['ab_000', 'ad_000', 'bk_000', 'bl_000', 'bm_000', 'bn_000', 'bo_000', 'bp_000', 'bq_000', 'br_000', 'cf_000', 'cg_000', 'ch_000', 'co_000', 'cr_000', 'ct_000', 'cu_000', 'cv_000', 'cx_000', 'cy_000', 'cz_000', 'da_000', 'db_000', 'dc_000']
[2023-02-08 22:48:01,379] 130 root - INFO - Is all required columns present in train df
[2023-02-08 22:48:01,380] 132 root - INFO - Is all required columns present in test df
[2023-02-08 22:48:01,380] 136 root - INFO - As all columns are available in train df hence detecting data drift
[2023-02-08 22:48:01,380] 84 root - INFO - Hypothesis class: object, object
[2023-02-08 22:48:01,654] 84 root - INFO - Hypothesis aa_000: float64, float64
[2023-02-08 22:48:01,669] 84 root - INFO - Hypothesis ac_000: float64, float64
[2023-02-08 22:48:01,677] 84 root - INFO - Hypothesis ae_000: float64, float64
[2023-02-08 22:48:01,720] 84 root - INFO - Hypothesis af_000: float64, float64
[2023-02-08 22:48:01,756] 84 root - INFO - Hypothesis ag_000: float64, float64
[2023-02-08 22:48:01,798] 84 root - INFO - Hypothesis ag_001: float64, float64
[2023-02-08 22:48:01,833] 84 root - INFO - Hypothesis ag_002: float64, float64
[2023-02-08 22:48:01,865] 84 root - INFO - Hypothesis ag_003: float64, float64
[2023-02-08 22:48:01,911] 84 root - INFO - Hypothesis ag_004: float64, float64
[2023-02-08 22:48:01,924] 84 root - INFO - Hypothesis ag_005: float64, float64
[2023-02-08 22:48:01,994] 84 root - INFO - Hypothesis ag_006: float64, float64
[2023-02-08 22:48:02,003] 84 root - INFO - Hypothesis ag_007: float64, float64
[2023-02-08 22:48:02,014] 84 root - INFO - Hypothesis ag_008: float64, float64
[2023-02-08 22:48:02,025] 84 root - INFO - Hypothesis ag_009: float64, float64
[2023-02-08 22:48:02,034] 84 root - INFO - Hypothesis ah_000: float64, float64
[2023-02-08 22:48:02,045] 84 root - INFO - Hypothesis ai_000: float64, float64
[2023-02-08 22:48:02,093] 84 root - INFO - Hypothesis aj_000: float64, float64
[2023-02-08 22:48:02,105] 84 root - INFO - Hypothesis ak_000: float64, float64
[2023-02-08 22:48:02,150] 84 root - INFO - Hypothesis al_000: float64, float64
[2023-02-08 22:48:02,161] 84 root - INFO - Hypothesis am_0: float64, float64
[2023-02-08 22:48:02,173] 84 root - INFO - Hypothesis an_000: float64, float64
[2023-02-08 22:48:02,190] 84 root - INFO - Hypothesis ao_000: float64, float64
[2023-02-08 22:48:02,208] 84 root - INFO - Hypothesis ap_000: float64, float64
[2023-02-08 22:48:02,264] 84 root - INFO - Hypothesis aq_000: float64, float64
[2023-02-08 22:48:02,284] 84 root - INFO - Hypothesis ar_000: float64, float64
[2023-02-08 22:48:02,339] 84 root - INFO - Hypothesis as_000: float64, float64
[2023-02-08 22:48:02,384] 84 root - INFO - Hypothesis at_000: float64, float64
[2023-02-08 22:48:02,428] 84 root - INFO - Hypothesis au_000: float64, float64
[2023-02-08 22:48:02,466] 84 root - INFO - Hypothesis av_000: float64, float64
[2023-02-08 22:48:02,477] 84 root - INFO - Hypothesis ax_000: float64, float64
[2023-02-08 22:48:02,492] 84 root - INFO - Hypothesis ay_000: float64, float64
[2023-02-08 22:48:02,532] 84 root - INFO - Hypothesis ay_001: float64, float64
[2023-02-08 22:48:02,574] 84 root - INFO - Hypothesis ay_002: float64, float64
[2023-02-08 22:48:02,617] 84 root - INFO - Hypothesis ay_003: float64, float64
[2023-02-08 22:48:02,653] 84 root - INFO - Hypothesis ay_004: float64, float64
[2023-02-08 22:48:02,691] 84 root - INFO - Hypothesis ay_005: float64, float64
[2023-02-08 22:48:02,731] 84 root - INFO - Hypothesis ay_006: float64, float64
[2023-02-08 22:48:02,742] 84 root - INFO - Hypothesis ay_007: float64, float64
[2023-02-08 22:48:02,790] 84 root - INFO - Hypothesis ay_008: float64, float64
[2023-02-08 22:48:02,831] 84 root - INFO - Hypothesis ay_009: float64, float64
[2023-02-08 22:48:02,880] 84 root - INFO - Hypothesis az_000: float64, float64
[2023-02-08 22:48:02,926] 84 root - INFO - Hypothesis az_001: float64, float64
[2023-02-08 22:48:02,969] 84 root - INFO - Hypothesis az_002: float64, float64
[2023-02-08 22:48:03,017] 84 root - INFO - Hypothesis az_003: float64, float64
[2023-02-08 22:48:03,064] 84 root - INFO - Hypothesis az_004: float64, float64
[2023-02-08 22:48:03,077] 84 root - INFO - Hypothesis az_005: float64, float64
[2023-02-08 22:48:03,090] 84 root - INFO - Hypothesis az_006: float64, float64
[2023-02-08 22:48:03,134] 84 root - INFO - Hypothesis az_007: float64, float64
[2023-02-08 22:48:03,186] 84 root - INFO - Hypothesis az_008: float64, float64
[2023-02-08 22:48:03,225] 84 root - INFO - Hypothesis az_009: float64, float64
[2023-02-08 22:48:03,272] 84 root - INFO - Hypothesis ba_000: float64, float64
[2023-02-08 22:48:03,288] 84 root - INFO - Hypothesis ba_001: float64, float64
[2023-02-08 22:48:03,304] 84 root - INFO - Hypothesis ba_002: float64, float64
[2023-02-08 22:48:03,316] 84 root - INFO - Hypothesis ba_003: float64, float64
[2023-02-08 22:48:03,326] 84 root - INFO - Hypothesis ba_004: float64, float64
[2023-02-08 22:48:03,336] 84 root - INFO - Hypothesis ba_005: float64, float64
[2023-02-08 22:48:03,346] 84 root - INFO - Hypothesis ba_006: float64, float64
[2023-02-08 22:48:03,358] 84 root - INFO - Hypothesis ba_007: float64, float64
[2023-02-08 22:48:03,398] 84 root - INFO - Hypothesis ba_008: float64, float64
[2023-02-08 22:48:03,433] 84 root - INFO - Hypothesis ba_009: float64, float64
[2023-02-08 22:48:03,442] 84 root - INFO - Hypothesis bb_000: float64, float64
[2023-02-08 22:48:03,478] 84 root - INFO - Hypothesis bc_000: float64, float64
[2023-02-08 22:48:03,487] 84 root - INFO - Hypothesis bd_000: float64, float64
[2023-02-08 22:48:03,498] 84 root - INFO - Hypothesis be_000: float64, float64
[2023-02-08 22:48:03,508] 84 root - INFO - Hypothesis bf_000: float64, float64
[2023-02-08 22:48:03,516] 84 root - INFO - Hypothesis bg_000: float64, float64
[2023-02-08 22:48:03,526] 84 root - INFO - Hypothesis bh_000: float64, float64
[2023-02-08 22:48:03,559] 84 root - INFO - Hypothesis bi_000: float64, float64
[2023-02-08 22:48:03,598] 84 root - INFO - Hypothesis bj_000: float64, float64
[2023-02-08 22:48:03,636] 84 root - INFO - Hypothesis bs_000: float64, float64
[2023-02-08 22:48:03,676] 84 root - INFO - Hypothesis bt_000: float64, float64
[2023-02-08 22:48:03,686] 84 root - INFO - Hypothesis bu_000: float64, float64
[2023-02-08 22:48:03,726] 84 root - INFO - Hypothesis bv_000: float64, float64
[2023-02-08 22:48:03,764] 84 root - INFO - Hypothesis bx_000: float64, float64
[2023-02-08 22:48:03,774] 84 root - INFO - Hypothesis by_000: float64, float64
[2023-02-08 22:48:03,784] 84 root - INFO - Hypothesis bz_000: float64, float64
[2023-02-08 22:48:03,792] 84 root - INFO - Hypothesis ca_000: float64, float64
[2023-02-08 22:48:03,803] 84 root - INFO - Hypothesis cb_000: float64, float64
[2023-02-08 22:48:03,837] 84 root - INFO - Hypothesis cc_000: float64, float64
[2023-02-08 22:48:03,847] 84 root - INFO - Hypothesis cd_000: float64, float64
[2023-02-08 22:48:03,856] 84 root - INFO - Hypothesis ce_000: float64, float64
[2023-02-08 22:48:03,865] 84 root - INFO - Hypothesis ci_000: float64, float64
[2023-02-08 22:48:03,875] 84 root - INFO - Hypothesis cj_000: float64, float64
[2023-02-08 22:48:03,908] 84 root - INFO - Hypothesis ck_000: float64, float64
[2023-02-08 22:48:03,945] 84 root - INFO - Hypothesis cl_000: float64, float64
[2023-02-08 22:48:03,980] 84 root - INFO - Hypothesis cm_000: float64, float64
[2023-02-08 22:48:03,989] 84 root - INFO - Hypothesis cn_000: float64, float64
[2023-02-08 22:48:04,025] 84 root - INFO - Hypothesis cn_001: float64, float64
[2023-02-08 22:48:04,060] 84 root - INFO - Hypothesis cn_002: float64, float64
[2023-02-08 22:48:04,069] 84 root - INFO - Hypothesis cn_003: float64, float64
[2023-02-08 22:48:04,083] 84 root - INFO - Hypothesis cn_004: float64, float64
[2023-02-08 22:48:04,093] 84 root - INFO - Hypothesis cn_005: float64, float64
[2023-02-08 22:48:04,103] 84 root - INFO - Hypothesis cn_006: float64, float64
[2023-02-08 22:48:04,113] 84 root - INFO - Hypothesis cn_007: float64, float64
[2023-02-08 22:48:04,121] 84 root - INFO - Hypothesis cn_008: float64, float64
[2023-02-08 22:48:04,130] 84 root - INFO - Hypothesis cn_009: float64, float64
[2023-02-08 22:48:04,167] 84 root - INFO - Hypothesis cp_000: float64, float64
[2023-02-08 22:48:04,203] 84 root - INFO - Hypothesis cq_000: float64, float64
[2023-02-08 22:48:04,237] 84 root - INFO - Hypothesis cs_000: float64, float64
[2023-02-08 22:48:04,276] 84 root - INFO - Hypothesis cs_001: float64, float64
[2023-02-08 22:48:04,310] 84 root - INFO - Hypothesis cs_002: float64, float64
[2023-02-08 22:48:04,321] 84 root - INFO - Hypothesis cs_003: float64, float64
[2023-02-08 22:48:04,354] 84 root - INFO - Hypothesis cs_004: float64, float64
[2023-02-08 22:48:04,363] 84 root - INFO - Hypothesis cs_005: float64, float64
[2023-02-08 22:48:04,372] 84 root - INFO - Hypothesis cs_006: float64, float64
[2023-02-08 22:48:04,383] 84 root - INFO - Hypothesis cs_007: float64, float64
[2023-02-08 22:48:04,393] 84 root - INFO - Hypothesis cs_008: float64, float64
[2023-02-08 22:48:04,424] 84 root - INFO - Hypothesis cs_009: float64, float64
[2023-02-08 22:48:04,453] 84 root - INFO - Hypothesis dd_000: float64, float64
[2023-02-08 22:48:04,463] 84 root - INFO - Hypothesis de_000: float64, float64
[2023-02-08 22:48:04,495] 84 root - INFO - Hypothesis df_000: float64, float64
[2023-02-08 22:48:04,530] 84 root - INFO - Hypothesis dg_000: float64, float64
[2023-02-08 22:48:04,563] 84 root - INFO - Hypothesis dh_000: float64, float64
[2023-02-08 22:48:04,599] 84 root - INFO - Hypothesis di_000: float64, float64
[2023-02-08 22:48:04,630] 84 root - INFO - Hypothesis dj_000: float64, float64
[2023-02-08 22:48:04,662] 84 root - INFO - Hypothesis dk_000: float64, float64
[2023-02-08 22:48:04,690] 84 root - INFO - Hypothesis dl_000: float64, float64
[2023-02-08 22:48:04,726] 84 root - INFO - Hypothesis dm_000: float64, float64
[2023-02-08 22:48:04,765] 84 root - INFO - Hypothesis dn_000: float64, float64
[2023-02-08 22:48:04,778] 84 root - INFO - Hypothesis do_000: float64, float64
[2023-02-08 22:48:04,792] 84 root - INFO - Hypothesis dp_000: float64, float64
[2023-02-08 22:48:04,805] 84 root - INFO - Hypothesis dq_000: float64, float64
[2023-02-08 22:48:04,841] 84 root - INFO - Hypothesis dr_000: float64, float64
[2023-02-08 22:48:04,870] 84 root - INFO - Hypothesis ds_000: float64, float64
[2023-02-08 22:48:04,880] 84 root - INFO - Hypothesis dt_000: float64, float64
[2023-02-08 22:48:04,890] 84 root - INFO - Hypothesis du_000: float64, float64
[2023-02-08 22:48:04,899] 84 root - INFO - Hypothesis dv_000: float64, float64
[2023-02-08 22:48:04,909] 84 root - INFO - Hypothesis dx_000: float64, float64
[2023-02-08 22:48:04,941] 84 root - INFO - Hypothesis dy_000: float64, float64
[2023-02-08 22:48:04,978] 84 root - INFO - Hypothesis dz_000: float64, float64
[2023-02-08 22:48:05,015] 84 root - INFO - Hypothesis ea_000: float64, float64
[2023-02-08 22:48:05,048] 84 root - INFO - Hypothesis eb_000: float64, float64
[2023-02-08 22:48:05,057] 84 root - INFO - Hypothesis ec_00: float64, float64
[2023-02-08 22:48:05,068] 84 root - INFO - Hypothesis ed_000: float64, float64
[2023-02-08 22:48:05,078] 84 root - INFO - Hypothesis ee_000: float64, float64
[2023-02-08 22:48:05,087] 84 root - INFO - Hypothesis ee_001: float64, float64
[2023-02-08 22:48:05,096] 84 root - INFO - Hypothesis ee_002: float64, float64
[2023-02-08 22:48:05,106] 84 root - INFO - Hypothesis ee_003: float64, float64
[2023-02-08 22:48:05,115] 84 root - INFO - Hypothesis ee_004: float64, float64
[2023-02-08 22:48:05,126] 84 root - INFO - Hypothesis ee_005: float64, float64
[2023-02-08 22:48:05,135] 84 root - INFO - Hypothesis ee_006: float64, float64
[2023-02-08 22:48:05,145] 84 root - INFO - Hypothesis ee_007: float64, float64
[2023-02-08 22:48:05,177] 84 root - INFO - Hypothesis ee_008: float64, float64
[2023-02-08 22:48:05,208] 84 root - INFO - Hypothesis ee_009: float64, float64
[2023-02-08 22:48:05,235] 84 root - INFO - Hypothesis ef_000: float64, float64
[2023-02-08 22:48:05,263] 84 root - INFO - Hypothesis eg_000: float64, float64
[2023-02-08 22:48:05,297] 139 root - INFO - As all columns are available in test df hence detecting data drift
[2023-02-08 22:48:05,297] 84 root - INFO - Hypothesis class: object, object
[2023-02-08 22:48:05,340] 84 root - INFO - Hypothesis aa_000: float64, float64
[2023-02-08 22:48:05,347] 84 root - INFO - Hypothesis ac_000: float64, float64
[2023-02-08 22:48:05,354] 84 root - INFO - Hypothesis ae_000: float64, float64
[2023-02-08 22:48:05,369] 84 root - INFO - Hypothesis af_000: float64, float64
[2023-02-08 22:48:05,384] 84 root - INFO - Hypothesis ag_000: float64, float64
[2023-02-08 22:48:05,401] 84 root - INFO - Hypothesis ag_001: float64, float64
[2023-02-08 22:48:05,416] 84 root - INFO - Hypothesis ag_002: float64, float64
[2023-02-08 22:48:05,427] 84 root - INFO - Hypothesis ag_003: float64, float64
[2023-02-08 22:48:05,434] 84 root - INFO - Hypothesis ag_004: float64, float64
[2023-02-08 22:48:05,442] 84 root - INFO - Hypothesis ag_005: float64, float64
[2023-02-08 22:48:05,449] 84 root - INFO - Hypothesis ag_006: float64, float64
[2023-02-08 22:48:05,459] 84 root - INFO - Hypothesis ag_007: float64, float64
[2023-02-08 22:48:05,468] 84 root - INFO - Hypothesis ag_008: float64, float64
[2023-02-08 22:48:05,477] 84 root - INFO - Hypothesis ag_009: float64, float64
[2023-02-08 22:48:05,485] 84 root - INFO - Hypothesis ah_000: float64, float64
[2023-02-08 22:48:05,494] 84 root - INFO - Hypothesis ai_000: float64, float64
[2023-02-08 22:48:05,501] 84 root - INFO - Hypothesis aj_000: float64, float64
[2023-02-08 22:48:05,508] 84 root - INFO - Hypothesis ak_000: float64, float64
[2023-02-08 22:48:05,526] 84 root - INFO - Hypothesis al_000: float64, float64
[2023-02-08 22:48:05,535] 84 root - INFO - Hypothesis am_0: float64, float64
[2023-02-08 22:48:05,542] 84 root - INFO - Hypothesis an_000: float64, float64
[2023-02-08 22:48:05,551] 84 root - INFO - Hypothesis ao_000: float64, float64
[2023-02-08 22:48:05,560] 84 root - INFO - Hypothesis ap_000: float64, float64
[2023-02-08 22:48:05,569] 84 root - INFO - Hypothesis aq_000: float64, float64
[2023-02-08 22:48:05,576] 84 root - INFO - Hypothesis ar_000: float64, float64
[2023-02-08 22:48:05,591] 84 root - INFO - Hypothesis as_000: float64, float64
[2023-02-08 22:48:05,607] 84 root - INFO - Hypothesis at_000: float64, float64
[2023-02-08 22:48:05,622] 84 root - INFO - Hypothesis au_000: float64, float64
[2023-02-08 22:48:05,635] 84 root - INFO - Hypothesis av_000: float64, float64
[2023-02-08 22:48:05,643] 84 root - INFO - Hypothesis ax_000: float64, float64
[2023-02-08 22:48:05,650] 84 root - INFO - Hypothesis ay_000: float64, float64
[2023-02-08 22:48:05,665] 84 root - INFO - Hypothesis ay_001: float64, float64
[2023-02-08 22:48:05,678] 84 root - INFO - Hypothesis ay_002: float64, float64
[2023-02-08 22:48:05,695] 84 root - INFO - Hypothesis ay_003: float64, float64
[2023-02-08 22:48:05,708] 84 root - INFO - Hypothesis ay_004: float64, float64
[2023-02-08 22:48:05,724] 84 root - INFO - Hypothesis ay_005: float64, float64
[2023-02-08 22:48:05,731] 84 root - INFO - Hypothesis ay_006: float64, float64
[2023-02-08 22:48:05,737] 84 root - INFO - Hypothesis ay_007: float64, float64
[2023-02-08 22:48:05,743] 84 root - INFO - Hypothesis ay_008: float64, float64
[2023-02-08 22:48:05,751] 84 root - INFO - Hypothesis ay_009: float64, float64
[2023-02-08 22:48:05,763] 84 root - INFO - Hypothesis az_000: float64, float64
[2023-02-08 22:48:05,771] 84 root - INFO - Hypothesis az_001: float64, float64
[2023-02-08 22:48:05,777] 84 root - INFO - Hypothesis az_002: float64, float64
[2023-02-08 22:48:05,785] 84 root - INFO - Hypothesis az_003: float64, float64
[2023-02-08 22:48:05,791] 84 root - INFO - Hypothesis az_004: float64, float64
[2023-02-08 22:48:05,798] 84 root - INFO - Hypothesis az_005: float64, float64
[2023-02-08 22:48:05,806] 84 root - INFO - Hypothesis az_006: float64, float64
[2023-02-08 22:48:05,813] 84 root - INFO - Hypothesis az_007: float64, float64
[2023-02-08 22:48:05,821] 84 root - INFO - Hypothesis az_008: float64, float64
[2023-02-08 22:48:05,826] 84 root - INFO - Hypothesis az_009: float64, float64
[2023-02-08 22:48:05,844] 84 root - INFO - Hypothesis ba_000: float64, float64
[2023-02-08 22:48:05,851] 84 root - INFO - Hypothesis ba_001: float64, float64
[2023-02-08 22:48:05,858] 84 root - INFO - Hypothesis ba_002: float64, float64
[2023-02-08 22:48:05,864] 84 root - INFO - Hypothesis ba_003: float64, float64
[2023-02-08 22:48:05,871] 84 root - INFO - Hypothesis ba_004: float64, float64
[2023-02-08 22:48:05,879] 84 root - INFO - Hypothesis ba_005: float64, float64
[2023-02-08 22:48:05,886] 84 root - INFO - Hypothesis ba_006: float64, float64
[2023-02-08 22:48:05,891] 84 root - INFO - Hypothesis ba_007: float64, float64
[2023-02-08 22:48:05,898] 84 root - INFO - Hypothesis ba_008: float64, float64
[2023-02-08 22:48:05,917] 84 root - INFO - Hypothesis ba_009: float64, float64
[2023-02-08 22:48:05,924] 84 root - INFO - Hypothesis bb_000: float64, float64
[2023-02-08 22:48:05,932] 84 root - INFO - Hypothesis bc_000: float64, float64
[2023-02-08 22:48:05,939] 84 root - INFO - Hypothesis bd_000: float64, float64
[2023-02-08 22:48:05,947] 84 root - INFO - Hypothesis be_000: float64, float64
[2023-02-08 22:48:05,953] 84 root - INFO - Hypothesis bf_000: float64, float64
[2023-02-08 22:48:05,959] 84 root - INFO - Hypothesis bg_000: float64, float64
[2023-02-08 22:48:05,965] 84 root - INFO - Hypothesis bh_000: float64, float64
[2023-02-08 22:48:05,970] 84 root - INFO - Hypothesis bi_000: float64, float64
[2023-02-08 22:48:05,976] 84 root - INFO - Hypothesis bj_000: float64, float64
[2023-02-08 22:48:05,984] 84 root - INFO - Hypothesis bs_000: float64, float64
[2023-02-08 22:48:05,991] 84 root - INFO - Hypothesis bt_000: float64, float64
[2023-02-08 22:48:05,997] 84 root - INFO - Hypothesis bu_000: float64, float64
[2023-02-08 22:48:06,004] 84 root - INFO - Hypothesis bv_000: float64, float64
[2023-02-08 22:48:06,009] 84 root - INFO - Hypothesis bx_000: float64, float64
[2023-02-08 22:48:06,017] 84 root - INFO - Hypothesis by_000: float64, float64
[2023-02-08 22:48:06,022] 84 root - INFO - Hypothesis bz_000: float64, float64
[2023-02-08 22:48:06,029] 84 root - INFO - Hypothesis ca_000: float64, float64
[2023-02-08 22:48:06,036] 84 root - INFO - Hypothesis cb_000: float64, float64
[2023-02-08 22:48:06,042] 84 root - INFO - Hypothesis cc_000: float64, float64
[2023-02-08 22:48:06,051] 84 root - INFO - Hypothesis cd_000: float64, float64
[2023-02-08 22:48:06,067] 84 root - INFO - Hypothesis ce_000: float64, float64
[2023-02-08 22:48:06,074] 84 root - INFO - Hypothesis ci_000: float64, float64
[2023-02-08 22:48:06,083] 84 root - INFO - Hypothesis cj_000: float64, float64
[2023-02-08 22:48:06,088] 84 root - INFO - Hypothesis ck_000: float64, float64
[2023-02-08 22:48:06,093] 84 root - INFO - Hypothesis cl_000: float64, float64
[2023-02-08 22:48:06,100] 84 root - INFO - Hypothesis cm_000: float64, float64
[2023-02-08 22:48:06,106] 84 root - INFO - Hypothesis cn_000: float64, float64
[2023-02-08 22:48:06,119] 84 root - INFO - Hypothesis cn_001: float64, float64
[2023-02-08 22:48:06,133] 84 root - INFO - Hypothesis cn_002: float64, float64
[2023-02-08 22:48:06,139] 84 root - INFO - Hypothesis cn_003: float64, float64
[2023-02-08 22:48:06,145] 84 root - INFO - Hypothesis cn_004: float64, float64
[2023-02-08 22:48:06,153] 84 root - INFO - Hypothesis cn_005: float64, float64
[2023-02-08 22:48:06,159] 84 root - INFO - Hypothesis cn_006: float64, float64
[2023-02-08 22:48:06,165] 84 root - INFO - Hypothesis cn_007: float64, float64
[2023-02-08 22:48:06,172] 84 root - INFO - Hypothesis cn_008: float64, float64
[2023-02-08 22:48:06,180] 84 root - INFO - Hypothesis cn_009: float64, float64
[2023-02-08 22:48:06,188] 84 root - INFO - Hypothesis cp_000: float64, float64
[2023-02-08 22:48:06,193] 84 root - INFO - Hypothesis cq_000: float64, float64
[2023-02-08 22:48:06,201] 84 root - INFO - Hypothesis cs_000: float64, float64
[2023-02-08 22:48:06,208] 84 root - INFO - Hypothesis cs_001: float64, float64
[2023-02-08 22:48:06,213] 84 root - INFO - Hypothesis cs_002: float64, float64
[2023-02-08 22:48:06,219] 84 root - INFO - Hypothesis cs_003: float64, float64
[2023-02-08 22:48:06,224] 84 root - INFO - Hypothesis cs_004: float64, float64
[2023-02-08 22:48:06,231] 84 root - INFO - Hypothesis cs_005: float64, float64
[2023-02-08 22:48:06,237] 84 root - INFO - Hypothesis cs_006: float64, float64
[2023-02-08 22:48:06,243] 84 root - INFO - Hypothesis cs_007: float64, float64
[2023-02-08 22:48:06,251] 84 root - INFO - Hypothesis cs_008: float64, float64
[2023-02-08 22:48:06,258] 84 root - INFO - Hypothesis cs_009: float64, float64
[2023-02-08 22:48:06,276] 84 root - INFO - Hypothesis dd_000: float64, float64
[2023-02-08 22:48:06,285] 84 root - INFO - Hypothesis de_000: float64, float64
[2023-02-08 22:48:06,290] 84 root - INFO - Hypothesis df_000: float64, float64
[2023-02-08 22:48:06,303] 84 root - INFO - Hypothesis dg_000: float64, float64
[2023-02-08 22:48:06,323] 84 root - INFO - Hypothesis dh_000: float64, float64
[2023-02-08 22:48:06,338] 84 root - INFO - Hypothesis di_000: float64, float64
[2023-02-08 22:48:06,344] 84 root - INFO - Hypothesis dj_000: float64, float64
[2023-02-08 22:48:06,357] 84 root - INFO - Hypothesis dk_000: float64, float64
[2023-02-08 22:48:06,371] 84 root - INFO - Hypothesis dl_000: float64, float64
[2023-02-08 22:48:06,387] 84 root - INFO - Hypothesis dm_000: float64, float64
[2023-02-08 22:48:06,402] 84 root - INFO - Hypothesis dn_000: float64, float64
[2023-02-08 22:48:06,410] 84 root - INFO - Hypothesis do_000: float64, float64
[2023-02-08 22:48:06,420] 84 root - INFO - Hypothesis dp_000: float64, float64
[2023-02-08 22:48:06,429] 84 root - INFO - Hypothesis dq_000: float64, float64
[2023-02-08 22:48:06,438] 84 root - INFO - Hypothesis dr_000: float64, float64
[2023-02-08 22:48:06,445] 84 root - INFO - Hypothesis ds_000: float64, float64
[2023-02-08 22:48:06,455] 84 root - INFO - Hypothesis dt_000: float64, float64
[2023-02-08 22:48:06,465] 84 root - INFO - Hypothesis du_000: float64, float64
[2023-02-08 22:48:06,474] 84 root - INFO - Hypothesis dv_000: float64, float64
[2023-02-08 22:48:06,482] 84 root - INFO - Hypothesis dx_000: float64, float64
[2023-02-08 22:48:06,490] 84 root - INFO - Hypothesis dy_000: float64, float64
[2023-02-08 22:48:06,498] 84 root - INFO - Hypothesis dz_000: float64, float64
[2023-02-08 22:48:06,516] 84 root - INFO - Hypothesis ea_000: float64, float64
[2023-02-08 22:48:06,534] 84 root - INFO - Hypothesis eb_000: float64, float64
[2023-02-08 22:48:06,539] 84 root - INFO - Hypothesis ec_00: float64, float64
[2023-02-08 22:48:06,544] 84 root - INFO - Hypothesis ed_000: float64, float64
[2023-02-08 22:48:06,551] 84 root - INFO - Hypothesis ee_000: float64, float64
[2023-02-08 22:48:06,558] 84 root - INFO - Hypothesis ee_001: float64, float64
[2023-02-08 22:48:06,564] 84 root - INFO - Hypothesis ee_002: float64, float64
[2023-02-08 22:48:06,573] 84 root - INFO - Hypothesis ee_003: float64, float64
[2023-02-08 22:48:06,578] 84 root - INFO - Hypothesis ee_004: float64, float64
[2023-02-08 22:48:06,584] 84 root - INFO - Hypothesis ee_005: float64, float64
[2023-02-08 22:48:06,590] 84 root - INFO - Hypothesis ee_006: float64, float64
[2023-02-08 22:48:06,595] 84 root - INFO - Hypothesis ee_007: float64, float64
[2023-02-08 22:48:06,602] 84 root - INFO - Hypothesis ee_008: float64, float64
[2023-02-08 22:48:06,608] 84 root - INFO - Hypothesis ee_009: float64, float64
[2023-02-08 22:48:06,615] 84 root - INFO - Hypothesis ef_000: float64, float64
[2023-02-08 22:48:06,627] 84 root - INFO - Hypothesis eg_000: float64, float64
[2023-02-08 22:48:06,640] 144 root - INFO - Writing report to yaml file
[2023-02-08 22:48:06,693] 149 root - INFO - Data Validation artifact: DataValidationArtifact(report_file_path='C:\\Users\\shara\\ML_Projects\\artifact\\020823__223947\\data_validation\\report.yaml')
[2023-02-08 22:48:07,676] 73 root - INFO - Before resampling in training set Input: (28950, 170) Target: (7238,)
