[2023-02-08 23:26:41,693] 159 numexpr.utils - INFO - NumExpr defaulting to 8 threads.
[2023-02-08 23:26:46,550] 17 root - INFO - >>>>>>>>>>>>>>>>>>>>>>>>>>>>>>>>>>>>>>>> Data Ingestion <<<<<<<<<<<<<<<<<<<<<<<<<<<<<<<<<<<<<<<<
[2023-02-08 23:26:46,550] 24 root - INFO - Exporting collection data as pandas DataFrame
[2023-02-08 23:26:46,551] 13 root - INFO - Reading data from database: APS and collection: Sensor
[2023-02-08 23:27:13,192] 15 root - INFO - Found columns: Index(['_id', 'class', 'aa_000', 'ab_000', 'ac_000', 'ad_000', 'ae_000',
       'af_000', 'ag_000', 'ag_001',
       ...
       'ee_002', 'ee_003', 'ee_004', 'ee_005', 'ee_006', 'ee_007', 'ee_008',
       'ee_009', 'ef_000', 'eg_000'],
      dtype='object', length=172)
[2023-02-08 23:27:13,202] 17 root - INFO - Dropping column: _id
[2023-02-08 23:27:13,423] 19 root - INFO - Row and columns in df : (36188, 171)
[2023-02-08 23:27:13,425] 29 root - INFO - save data in feature store
[2023-02-08 23:27:13,735] 35 root - INFO - Create feature store folder if not available
[2023-02-08 23:27:13,739] 39 root - INFO - Save df to feature store folder
[2023-02-08 23:27:15,431] 43 root - INFO - split dataset into train and test set
[2023-02-08 23:27:15,878] 47 root - INFO - create dataset directory folder if not available
[2023-02-08 23:27:15,879] 52 root - INFO - Save df to feature store folder
[2023-02-08 23:27:17,365] 64 root - INFO - Data ingestion artifact: DataIngestionArtifact(feature_store_file_path='C:\\Users\\shara\\ML_Projects\\artifact\\020823__232646\\data_ingestion\\feature_store\\sensor.csv', train_file_path='C:\\Users\\shara\\ML_Projects\\artifact\\020823__232646\\data_ingestion\\dataset\\train.csv', test_file_path='C:\\Users\\shara\\ML_Projects\\artifact\\020823__232646\\data_ingestion\\dataset\\test.csv')
[2023-02-08 23:27:17,723] 18 root - INFO - >>>>>>>>>>>>>>>>>>>>>>>>>>>>>>>>>>>>>>>> Data Validation <<<<<<<<<<<<<<<<<<<<<<<<<<<<<<<<<<<<<<<<
[2023-02-08 23:27:17,725] 107 root - INFO - Reading base DataFrame
[2023-02-08 23:27:19,674] 110 root - INFO - Replace na value in base df
[2023-02-08 23:27:19,674] 112 root - INFO - Drop null values column from base df
[2023-02-08 23:27:20,213] 41 root - INFO - Selecting column names which contain null values above to 0.2
[2023-02-08 23:27:20,213] 43 root - INFO - columns to drop: ['ab_000', 'ad_000', 'bk_000', 'bl_000', 'bm_000', 'bn_000', 'bo_000', 'bp_000', 'bq_000', 'br_000', 'cf_000', 'cg_000', 'ch_000', 'co_000', 'cr_000', 'ct_000', 'cu_000', 'cv_000', 'cx_000', 'cy_000', 'cz_000', 'da_000', 'db_000', 'dc_000']
[2023-02-08 23:27:20,279] 115 root - INFO - Reading train DataFrame
[2023-02-08 23:27:20,711] 117 root - INFO - Reading test DataFrame
[2023-02-08 23:27:20,815] 120 root - INFO - Drop null values column from train DataFrame
[2023-02-08 23:27:20,826] 41 root - INFO - Selecting column names which contain null values above to 0.2
[2023-02-08 23:27:20,826] 43 root - INFO - columns to drop: ['ab_000', 'ad_000', 'bk_000', 'bl_000', 'bm_000', 'bn_000', 'bo_000', 'bp_000', 'bq_000', 'br_000', 'cf_000', 'cg_000', 'ch_000', 'co_000', 'cr_000', 'ct_000', 'cu_000', 'cv_000', 'cx_000', 'cy_000', 'cz_000', 'da_000', 'db_000', 'dc_000']
[2023-02-08 23:27:20,836] 122 root - INFO - Drop null values column from test DataFrame
[2023-02-08 23:27:20,838] 41 root - INFO - Selecting column names which contain null values above to 0.2
[2023-02-08 23:27:20,839] 43 root - INFO - columns to drop: ['ab_000', 'ad_000', 'bk_000', 'bl_000', 'bm_000', 'bn_000', 'bo_000', 'bp_000', 'bq_000', 'br_000', 'cf_000', 'cg_000', 'ch_000', 'co_000', 'cr_000', 'ct_000', 'cu_000', 'cv_000', 'cx_000', 'cy_000', 'cz_000', 'da_000', 'db_000', 'dc_000']
[2023-02-08 23:27:25,647] 130 root - INFO - Is all required columns present in train df
[2023-02-08 23:27:25,647] 132 root - INFO - Is all required columns present in test df
[2023-02-08 23:27:25,647] 136 root - INFO - As all columns are available in train df hence detecting data drift
[2023-02-08 23:27:25,647] 84 root - INFO - Hypothesis class: object, object
[2023-02-08 23:27:26,080] 84 root - INFO - Hypothesis aa_000: float64, float64
[2023-02-08 23:27:26,126] 84 root - INFO - Hypothesis ac_000: float64, float64
[2023-02-08 23:27:26,135] 84 root - INFO - Hypothesis ae_000: float64, float64
[2023-02-08 23:27:26,166] 84 root - INFO - Hypothesis af_000: float64, float64
[2023-02-08 23:27:26,196] 84 root - INFO - Hypothesis ag_000: float64, float64
[2023-02-08 23:27:26,227] 84 root - INFO - Hypothesis ag_001: float64, float64
[2023-02-08 23:27:26,262] 84 root - INFO - Hypothesis ag_002: float64, float64
[2023-02-08 23:27:26,297] 84 root - INFO - Hypothesis ag_003: float64, float64
[2023-02-08 23:27:26,325] 84 root - INFO - Hypothesis ag_004: float64, float64
[2023-02-08 23:27:26,334] 84 root - INFO - Hypothesis ag_005: float64, float64
[2023-02-08 23:27:26,372] 84 root - INFO - Hypothesis ag_006: float64, float64
[2023-02-08 23:27:26,404] 84 root - INFO - Hypothesis ag_007: float64, float64
[2023-02-08 23:27:26,430] 84 root - INFO - Hypothesis ag_008: float64, float64
[2023-02-08 23:27:26,461] 84 root - INFO - Hypothesis ag_009: float64, float64
[2023-02-08 23:27:26,470] 84 root - INFO - Hypothesis ah_000: float64, float64
[2023-02-08 23:27:26,504] 84 root - INFO - Hypothesis ai_000: float64, float64
[2023-02-08 23:27:26,534] 84 root - INFO - Hypothesis aj_000: float64, float64
[2023-02-08 23:27:26,570] 84 root - INFO - Hypothesis ak_000: float64, float64
[2023-02-08 23:27:26,602] 84 root - INFO - Hypothesis al_000: float64, float64
[2023-02-08 23:27:26,628] 84 root - INFO - Hypothesis am_0: float64, float64
[2023-02-08 23:27:26,661] 84 root - INFO - Hypothesis an_000: float64, float64
[2023-02-08 23:27:26,690] 84 root - INFO - Hypothesis ao_000: float64, float64
[2023-02-08 23:27:26,725] 84 root - INFO - Hypothesis ap_000: float64, float64
[2023-02-08 23:27:26,756] 84 root - INFO - Hypothesis aq_000: float64, float64
[2023-02-08 23:27:26,790] 84 root - INFO - Hypothesis ar_000: float64, float64
[2023-02-08 23:27:26,824] 84 root - INFO - Hypothesis as_000: float64, float64
[2023-02-08 23:27:26,849] 84 root - INFO - Hypothesis at_000: float64, float64
[2023-02-08 23:27:26,882] 84 root - INFO - Hypothesis au_000: float64, float64
[2023-02-08 23:27:26,914] 84 root - INFO - Hypothesis av_000: float64, float64
[2023-02-08 23:27:26,922] 84 root - INFO - Hypothesis ax_000: float64, float64
[2023-02-08 23:27:26,931] 84 root - INFO - Hypothesis ay_000: float64, float64
[2023-02-08 23:27:26,965] 84 root - INFO - Hypothesis ay_001: float64, float64
[2023-02-08 23:27:26,996] 84 root - INFO - Hypothesis ay_002: float64, float64
[2023-02-08 23:27:27,033] 84 root - INFO - Hypothesis ay_003: float64, float64
[2023-02-08 23:27:27,063] 84 root - INFO - Hypothesis ay_004: float64, float64
[2023-02-08 23:27:27,090] 84 root - INFO - Hypothesis ay_005: float64, float64
[2023-02-08 23:27:27,122] 84 root - INFO - Hypothesis ay_006: float64, float64
[2023-02-08 23:27:27,174] 84 root - INFO - Hypothesis ay_007: float64, float64
[2023-02-08 23:27:27,210] 84 root - INFO - Hypothesis ay_008: float64, float64
[2023-02-08 23:27:27,248] 84 root - INFO - Hypothesis ay_009: float64, float64
[2023-02-08 23:27:27,278] 84 root - INFO - Hypothesis az_000: float64, float64
[2023-02-08 23:27:27,310] 84 root - INFO - Hypothesis az_001: float64, float64
[2023-02-08 23:27:27,319] 84 root - INFO - Hypothesis az_002: float64, float64
[2023-02-08 23:27:27,328] 84 root - INFO - Hypothesis az_003: float64, float64
[2023-02-08 23:27:27,365] 84 root - INFO - Hypothesis az_004: float64, float64
[2023-02-08 23:27:27,374] 84 root - INFO - Hypothesis az_005: float64, float64
[2023-02-08 23:27:27,406] 84 root - INFO - Hypothesis az_006: float64, float64
[2023-02-08 23:27:27,415] 84 root - INFO - Hypothesis az_007: float64, float64
[2023-02-08 23:27:27,442] 84 root - INFO - Hypothesis az_008: float64, float64
[2023-02-08 23:27:27,472] 84 root - INFO - Hypothesis az_009: float64, float64
[2023-02-08 23:27:27,501] 84 root - INFO - Hypothesis ba_000: float64, float64
[2023-02-08 23:27:27,528] 84 root - INFO - Hypothesis ba_001: float64, float64
[2023-02-08 23:27:27,555] 84 root - INFO - Hypothesis ba_002: float64, float64
[2023-02-08 23:27:27,590] 84 root - INFO - Hypothesis ba_003: float64, float64
[2023-02-08 23:27:27,627] 84 root - INFO - Hypothesis ba_004: float64, float64
[2023-02-08 23:27:27,654] 84 root - INFO - Hypothesis ba_005: float64, float64
[2023-02-08 23:27:27,683] 84 root - INFO - Hypothesis ba_006: float64, float64
[2023-02-08 23:27:27,713] 84 root - INFO - Hypothesis ba_007: float64, float64
[2023-02-08 23:27:27,747] 84 root - INFO - Hypothesis ba_008: float64, float64
[2023-02-08 23:27:27,756] 84 root - INFO - Hypothesis ba_009: float64, float64
[2023-02-08 23:27:27,784] 84 root - INFO - Hypothesis bb_000: float64, float64
[2023-02-08 23:27:27,822] 84 root - INFO - Hypothesis bc_000: float64, float64
[2023-02-08 23:27:27,831] 84 root - INFO - Hypothesis bd_000: float64, float64
[2023-02-08 23:27:27,841] 84 root - INFO - Hypothesis be_000: float64, float64
[2023-02-08 23:27:27,851] 84 root - INFO - Hypothesis bf_000: float64, float64
[2023-02-08 23:27:27,860] 84 root - INFO - Hypothesis bg_000: float64, float64
[2023-02-08 23:27:27,889] 84 root - INFO - Hypothesis bh_000: float64, float64
[2023-02-08 23:27:27,922] 84 root - INFO - Hypothesis bi_000: float64, float64
[2023-02-08 23:27:27,931] 84 root - INFO - Hypothesis bj_000: float64, float64
[2023-02-08 23:27:27,965] 84 root - INFO - Hypothesis bs_000: float64, float64
[2023-02-08 23:27:27,977] 84 root - INFO - Hypothesis bt_000: float64, float64
[2023-02-08 23:27:28,004] 84 root - INFO - Hypothesis bu_000: float64, float64
[2023-02-08 23:27:28,037] 84 root - INFO - Hypothesis bv_000: float64, float64
[2023-02-08 23:27:28,068] 84 root - INFO - Hypothesis bx_000: float64, float64
[2023-02-08 23:27:28,078] 84 root - INFO - Hypothesis by_000: float64, float64
[2023-02-08 23:27:28,107] 84 root - INFO - Hypothesis bz_000: float64, float64
[2023-02-08 23:27:28,115] 84 root - INFO - Hypothesis ca_000: float64, float64
[2023-02-08 23:27:28,142] 84 root - INFO - Hypothesis cb_000: float64, float64
[2023-02-08 23:27:28,180] 84 root - INFO - Hypothesis cc_000: float64, float64
[2023-02-08 23:27:28,189] 84 root - INFO - Hypothesis cd_000: float64, float64
[2023-02-08 23:27:28,217] 84 root - INFO - Hypothesis ce_000: float64, float64
[2023-02-08 23:27:28,227] 84 root - INFO - Hypothesis ci_000: float64, float64
[2023-02-08 23:27:28,263] 84 root - INFO - Hypothesis cj_000: float64, float64
[2023-02-08 23:27:28,291] 84 root - INFO - Hypothesis ck_000: float64, float64
[2023-02-08 23:27:28,302] 84 root - INFO - Hypothesis cl_000: float64, float64
[2023-02-08 23:27:28,310] 84 root - INFO - Hypothesis cm_000: float64, float64
[2023-02-08 23:27:28,318] 84 root - INFO - Hypothesis cn_000: float64, float64
[2023-02-08 23:27:28,356] 84 root - INFO - Hypothesis cn_001: float64, float64
[2023-02-08 23:27:28,382] 84 root - INFO - Hypothesis cn_002: float64, float64
[2023-02-08 23:27:28,391] 84 root - INFO - Hypothesis cn_003: float64, float64
[2023-02-08 23:27:28,419] 84 root - INFO - Hypothesis cn_004: float64, float64
[2023-02-08 23:27:28,448] 84 root - INFO - Hypothesis cn_005: float64, float64
[2023-02-08 23:27:28,480] 84 root - INFO - Hypothesis cn_006: float64, float64
[2023-02-08 23:27:28,513] 84 root - INFO - Hypothesis cn_007: float64, float64
[2023-02-08 23:27:28,544] 84 root - INFO - Hypothesis cn_008: float64, float64
[2023-02-08 23:27:28,571] 84 root - INFO - Hypothesis cn_009: float64, float64
[2023-02-08 23:27:28,598] 84 root - INFO - Hypothesis cp_000: float64, float64
[2023-02-08 23:27:28,629] 84 root - INFO - Hypothesis cq_000: float64, float64
[2023-02-08 23:27:28,663] 84 root - INFO - Hypothesis cs_000: float64, float64
[2023-02-08 23:27:28,672] 84 root - INFO - Hypothesis cs_001: float64, float64
[2023-02-08 23:27:28,681] 84 root - INFO - Hypothesis cs_002: float64, float64
[2023-02-08 23:27:28,690] 84 root - INFO - Hypothesis cs_003: float64, float64
[2023-02-08 23:27:28,728] 84 root - INFO - Hypothesis cs_004: float64, float64
[2023-02-08 23:27:28,761] 84 root - INFO - Hypothesis cs_005: float64, float64
[2023-02-08 23:27:28,791] 84 root - INFO - Hypothesis cs_006: float64, float64
[2023-02-08 23:27:28,800] 84 root - INFO - Hypothesis cs_007: float64, float64
[2023-02-08 23:27:28,827] 84 root - INFO - Hypothesis cs_008: float64, float64
[2023-02-08 23:27:28,837] 84 root - INFO - Hypothesis cs_009: float64, float64
[2023-02-08 23:27:28,868] 84 root - INFO - Hypothesis dd_000: float64, float64
[2023-02-08 23:27:28,876] 84 root - INFO - Hypothesis de_000: float64, float64
[2023-02-08 23:27:28,885] 84 root - INFO - Hypothesis df_000: float64, float64
[2023-02-08 23:27:28,917] 84 root - INFO - Hypothesis dg_000: float64, float64
[2023-02-08 23:27:28,944] 84 root - INFO - Hypothesis dh_000: float64, float64
[2023-02-08 23:27:28,952] 84 root - INFO - Hypothesis di_000: float64, float64
[2023-02-08 23:27:28,960] 84 root - INFO - Hypothesis dj_000: float64, float64
[2023-02-08 23:27:28,998] 84 root - INFO - Hypothesis dk_000: float64, float64
[2023-02-08 23:27:29,027] 84 root - INFO - Hypothesis dl_000: float64, float64
[2023-02-08 23:27:29,058] 84 root - INFO - Hypothesis dm_000: float64, float64
[2023-02-08 23:27:29,090] 84 root - INFO - Hypothesis dn_000: float64, float64
[2023-02-08 23:27:29,124] 84 root - INFO - Hypothesis do_000: float64, float64
[2023-02-08 23:27:29,135] 84 root - INFO - Hypothesis dp_000: float64, float64
[2023-02-08 23:27:29,143] 84 root - INFO - Hypothesis dq_000: float64, float64
[2023-02-08 23:27:29,175] 84 root - INFO - Hypothesis dr_000: float64, float64
[2023-02-08 23:27:29,205] 84 root - INFO - Hypothesis ds_000: float64, float64
[2023-02-08 23:27:29,214] 84 root - INFO - Hypothesis dt_000: float64, float64
[2023-02-08 23:27:29,223] 84 root - INFO - Hypothesis du_000: float64, float64
[2023-02-08 23:27:29,232] 84 root - INFO - Hypothesis dv_000: float64, float64
[2023-02-08 23:27:29,240] 84 root - INFO - Hypothesis dx_000: float64, float64
[2023-02-08 23:27:29,267] 84 root - INFO - Hypothesis dy_000: float64, float64
[2023-02-08 23:27:29,274] 84 root - INFO - Hypothesis dz_000: float64, float64
[2023-02-08 23:27:29,301] 84 root - INFO - Hypothesis ea_000: float64, float64
[2023-02-08 23:27:29,327] 84 root - INFO - Hypothesis eb_000: float64, float64
[2023-02-08 23:27:29,336] 84 root - INFO - Hypothesis ec_00: float64, float64
[2023-02-08 23:27:29,344] 84 root - INFO - Hypothesis ed_000: float64, float64
[2023-02-08 23:27:29,353] 84 root - INFO - Hypothesis ee_000: float64, float64
[2023-02-08 23:27:29,391] 84 root - INFO - Hypothesis ee_001: float64, float64
[2023-02-08 23:27:29,419] 84 root - INFO - Hypothesis ee_002: float64, float64
[2023-02-08 23:27:29,456] 84 root - INFO - Hypothesis ee_003: float64, float64
[2023-02-08 23:27:29,491] 84 root - INFO - Hypothesis ee_004: float64, float64
[2023-02-08 23:27:29,517] 84 root - INFO - Hypothesis ee_005: float64, float64
[2023-02-08 23:27:29,547] 84 root - INFO - Hypothesis ee_006: float64, float64
[2023-02-08 23:27:29,583] 84 root - INFO - Hypothesis ee_007: float64, float64
[2023-02-08 23:27:29,612] 84 root - INFO - Hypothesis ee_008: float64, float64
[2023-02-08 23:27:29,640] 84 root - INFO - Hypothesis ee_009: float64, float64
[2023-02-08 23:27:29,649] 84 root - INFO - Hypothesis ef_000: float64, float64
[2023-02-08 23:27:29,684] 84 root - INFO - Hypothesis eg_000: float64, float64
[2023-02-08 23:27:29,714] 139 root - INFO - As all columns are available in test df hence detecting data drift
[2023-02-08 23:27:29,714] 84 root - INFO - Hypothesis class: object, object
[2023-02-08 23:27:29,756] 84 root - INFO - Hypothesis aa_000: float64, float64
[2023-02-08 23:27:29,762] 84 root - INFO - Hypothesis ac_000: float64, float64
[2023-02-08 23:27:29,767] 84 root - INFO - Hypothesis ae_000: float64, float64
[2023-02-08 23:27:29,778] 84 root - INFO - Hypothesis af_000: float64, float64
[2023-02-08 23:27:29,792] 84 root - INFO - Hypothesis ag_000: float64, float64
[2023-02-08 23:27:29,805] 84 root - INFO - Hypothesis ag_001: float64, float64
[2023-02-08 23:27:29,817] 84 root - INFO - Hypothesis ag_002: float64, float64
[2023-02-08 23:27:29,828] 84 root - INFO - Hypothesis ag_003: float64, float64
[2023-02-08 23:27:29,833] 84 root - INFO - Hypothesis ag_004: float64, float64
[2023-02-08 23:27:29,839] 84 root - INFO - Hypothesis ag_005: float64, float64
[2023-02-08 23:27:29,846] 84 root - INFO - Hypothesis ag_006: float64, float64
[2023-02-08 23:27:29,853] 84 root - INFO - Hypothesis ag_007: float64, float64
[2023-02-08 23:27:29,861] 84 root - INFO - Hypothesis ag_008: float64, float64
[2023-02-08 23:27:29,868] 84 root - INFO - Hypothesis ag_009: float64, float64
[2023-02-08 23:27:29,876] 84 root - INFO - Hypothesis ah_000: float64, float64
[2023-02-08 23:27:29,883] 84 root - INFO - Hypothesis ai_000: float64, float64
[2023-02-08 23:27:29,890] 84 root - INFO - Hypothesis aj_000: float64, float64
[2023-02-08 23:27:29,897] 84 root - INFO - Hypothesis ak_000: float64, float64
[2023-02-08 23:27:29,903] 84 root - INFO - Hypothesis al_000: float64, float64
[2023-02-08 23:27:29,910] 84 root - INFO - Hypothesis am_0: float64, float64
[2023-02-08 23:27:29,914] 84 root - INFO - Hypothesis an_000: float64, float64
[2023-02-08 23:27:29,921] 84 root - INFO - Hypothesis ao_000: float64, float64
[2023-02-08 23:27:29,927] 84 root - INFO - Hypothesis ap_000: float64, float64
[2023-02-08 23:27:29,933] 84 root - INFO - Hypothesis aq_000: float64, float64
[2023-02-08 23:27:29,938] 84 root - INFO - Hypothesis ar_000: float64, float64
[2023-02-08 23:27:29,948] 84 root - INFO - Hypothesis as_000: float64, float64
[2023-02-08 23:27:29,959] 84 root - INFO - Hypothesis at_000: float64, float64
[2023-02-08 23:27:29,964] 84 root - INFO - Hypothesis au_000: float64, float64
[2023-02-08 23:27:29,974] 84 root - INFO - Hypothesis av_000: float64, float64
[2023-02-08 23:27:29,979] 84 root - INFO - Hypothesis ax_000: float64, float64
[2023-02-08 23:27:29,985] 84 root - INFO - Hypothesis ay_000: float64, float64
[2023-02-08 23:27:29,995] 84 root - INFO - Hypothesis ay_001: float64, float64
[2023-02-08 23:27:30,007] 84 root - INFO - Hypothesis ay_002: float64, float64
[2023-02-08 23:27:30,021] 84 root - INFO - Hypothesis ay_003: float64, float64
[2023-02-08 23:27:30,037] 84 root - INFO - Hypothesis ay_004: float64, float64
[2023-02-08 23:27:30,046] 84 root - INFO - Hypothesis ay_005: float64, float64
[2023-02-08 23:27:30,050] 84 root - INFO - Hypothesis ay_006: float64, float64
[2023-02-08 23:27:30,057] 84 root - INFO - Hypothesis ay_007: float64, float64
[2023-02-08 23:27:30,064] 84 root - INFO - Hypothesis ay_008: float64, float64
[2023-02-08 23:27:30,071] 84 root - INFO - Hypothesis ay_009: float64, float64
[2023-02-08 23:27:30,086] 84 root - INFO - Hypothesis az_000: float64, float64
[2023-02-08 23:27:30,093] 84 root - INFO - Hypothesis az_001: float64, float64
[2023-02-08 23:27:30,100] 84 root - INFO - Hypothesis az_002: float64, float64
[2023-02-08 23:27:30,107] 84 root - INFO - Hypothesis az_003: float64, float64
[2023-02-08 23:27:30,111] 84 root - INFO - Hypothesis az_004: float64, float64
[2023-02-08 23:27:30,116] 84 root - INFO - Hypothesis az_005: float64, float64
[2023-02-08 23:27:30,123] 84 root - INFO - Hypothesis az_006: float64, float64
[2023-02-08 23:27:30,129] 84 root - INFO - Hypothesis az_007: float64, float64
[2023-02-08 23:27:30,141] 84 root - INFO - Hypothesis az_008: float64, float64
[2023-02-08 23:27:30,156] 84 root - INFO - Hypothesis az_009: float64, float64
[2023-02-08 23:27:30,171] 84 root - INFO - Hypothesis ba_000: float64, float64
[2023-02-08 23:27:30,177] 84 root - INFO - Hypothesis ba_001: float64, float64
[2023-02-08 23:27:30,182] 84 root - INFO - Hypothesis ba_002: float64, float64
[2023-02-08 23:27:30,188] 84 root - INFO - Hypothesis ba_003: float64, float64
[2023-02-08 23:27:30,194] 84 root - INFO - Hypothesis ba_004: float64, float64
[2023-02-08 23:27:30,199] 84 root - INFO - Hypothesis ba_005: float64, float64
[2023-02-08 23:27:30,204] 84 root - INFO - Hypothesis ba_006: float64, float64
[2023-02-08 23:27:30,209] 84 root - INFO - Hypothesis ba_007: float64, float64
[2023-02-08 23:27:30,214] 84 root - INFO - Hypothesis ba_008: float64, float64
[2023-02-08 23:27:30,220] 84 root - INFO - Hypothesis ba_009: float64, float64
[2023-02-08 23:27:30,225] 84 root - INFO - Hypothesis bb_000: float64, float64
[2023-02-08 23:27:30,231] 84 root - INFO - Hypothesis bc_000: float64, float64
[2023-02-08 23:27:30,236] 84 root - INFO - Hypothesis bd_000: float64, float64
[2023-02-08 23:27:30,241] 84 root - INFO - Hypothesis be_000: float64, float64
[2023-02-08 23:27:30,247] 84 root - INFO - Hypothesis bf_000: float64, float64
[2023-02-08 23:27:30,252] 84 root - INFO - Hypothesis bg_000: float64, float64
[2023-02-08 23:27:30,257] 84 root - INFO - Hypothesis bh_000: float64, float64
[2023-02-08 23:27:30,263] 84 root - INFO - Hypothesis bi_000: float64, float64
[2023-02-08 23:27:30,269] 84 root - INFO - Hypothesis bj_000: float64, float64
[2023-02-08 23:27:30,276] 84 root - INFO - Hypothesis bs_000: float64, float64
[2023-02-08 23:27:30,282] 84 root - INFO - Hypothesis bt_000: float64, float64
[2023-02-08 23:27:30,289] 84 root - INFO - Hypothesis bu_000: float64, float64
[2023-02-08 23:27:30,296] 84 root - INFO - Hypothesis bv_000: float64, float64
[2023-02-08 23:27:30,302] 84 root - INFO - Hypothesis bx_000: float64, float64
[2023-02-08 23:27:30,308] 84 root - INFO - Hypothesis by_000: float64, float64
[2023-02-08 23:27:30,314] 84 root - INFO - Hypothesis bz_000: float64, float64
[2023-02-08 23:27:30,319] 84 root - INFO - Hypothesis ca_000: float64, float64
[2023-02-08 23:27:30,324] 84 root - INFO - Hypothesis cb_000: float64, float64
[2023-02-08 23:27:30,331] 84 root - INFO - Hypothesis cc_000: float64, float64
[2023-02-08 23:27:30,337] 84 root - INFO - Hypothesis cd_000: float64, float64
[2023-02-08 23:27:30,353] 84 root - INFO - Hypothesis ce_000: float64, float64
[2023-02-08 23:27:30,358] 84 root - INFO - Hypothesis ci_000: float64, float64
[2023-02-08 23:27:30,363] 84 root - INFO - Hypothesis cj_000: float64, float64
[2023-02-08 23:27:30,368] 84 root - INFO - Hypothesis ck_000: float64, float64
[2023-02-08 23:27:30,375] 84 root - INFO - Hypothesis cl_000: float64, float64
[2023-02-08 23:27:30,381] 84 root - INFO - Hypothesis cm_000: float64, float64
[2023-02-08 23:27:30,387] 84 root - INFO - Hypothesis cn_000: float64, float64
[2023-02-08 23:27:30,400] 84 root - INFO - Hypothesis cn_001: float64, float64
[2023-02-08 23:27:30,404] 84 root - INFO - Hypothesis cn_002: float64, float64
[2023-02-08 23:27:30,409] 84 root - INFO - Hypothesis cn_003: float64, float64
[2023-02-08 23:27:30,414] 84 root - INFO - Hypothesis cn_004: float64, float64
[2023-02-08 23:27:30,419] 84 root - INFO - Hypothesis cn_005: float64, float64
[2023-02-08 23:27:30,425] 84 root - INFO - Hypothesis cn_006: float64, float64
[2023-02-08 23:27:30,432] 84 root - INFO - Hypothesis cn_007: float64, float64
[2023-02-08 23:27:30,437] 84 root - INFO - Hypothesis cn_008: float64, float64
[2023-02-08 23:27:30,442] 84 root - INFO - Hypothesis cn_009: float64, float64
[2023-02-08 23:27:30,447] 84 root - INFO - Hypothesis cp_000: float64, float64
[2023-02-08 23:27:30,451] 84 root - INFO - Hypothesis cq_000: float64, float64
[2023-02-08 23:27:30,456] 84 root - INFO - Hypothesis cs_000: float64, float64
[2023-02-08 23:27:30,461] 84 root - INFO - Hypothesis cs_001: float64, float64
[2023-02-08 23:27:30,466] 84 root - INFO - Hypothesis cs_002: float64, float64
[2023-02-08 23:27:30,473] 84 root - INFO - Hypothesis cs_003: float64, float64
[2023-02-08 23:27:30,480] 84 root - INFO - Hypothesis cs_004: float64, float64
[2023-02-08 23:27:30,485] 84 root - INFO - Hypothesis cs_005: float64, float64
[2023-02-08 23:27:30,490] 84 root - INFO - Hypothesis cs_006: float64, float64
[2023-02-08 23:27:30,495] 84 root - INFO - Hypothesis cs_007: float64, float64
[2023-02-08 23:27:30,500] 84 root - INFO - Hypothesis cs_008: float64, float64
[2023-02-08 23:27:30,506] 84 root - INFO - Hypothesis cs_009: float64, float64
[2023-02-08 23:27:30,516] 84 root - INFO - Hypothesis dd_000: float64, float64
[2023-02-08 23:27:30,522] 84 root - INFO - Hypothesis de_000: float64, float64
[2023-02-08 23:27:30,529] 84 root - INFO - Hypothesis df_000: float64, float64
[2023-02-08 23:27:30,534] 84 root - INFO - Hypothesis dg_000: float64, float64
[2023-02-08 23:27:30,539] 84 root - INFO - Hypothesis dh_000: float64, float64
[2023-02-08 23:27:30,543] 84 root - INFO - Hypothesis di_000: float64, float64
[2023-02-08 23:27:30,548] 84 root - INFO - Hypothesis dj_000: float64, float64
[2023-02-08 23:27:30,552] 84 root - INFO - Hypothesis dk_000: float64, float64
[2023-02-08 23:27:30,557] 84 root - INFO - Hypothesis dl_000: float64, float64
[2023-02-08 23:27:30,562] 84 root - INFO - Hypothesis dm_000: float64, float64
[2023-02-08 23:27:30,565] 84 root - INFO - Hypothesis dn_000: float64, float64
[2023-02-08 23:27:30,572] 84 root - INFO - Hypothesis do_000: float64, float64
[2023-02-08 23:27:30,579] 84 root - INFO - Hypothesis dp_000: float64, float64
[2023-02-08 23:27:30,584] 84 root - INFO - Hypothesis dq_000: float64, float64
[2023-02-08 23:27:30,589] 84 root - INFO - Hypothesis dr_000: float64, float64
[2023-02-08 23:27:30,593] 84 root - INFO - Hypothesis ds_000: float64, float64
[2023-02-08 23:27:30,598] 84 root - INFO - Hypothesis dt_000: float64, float64
[2023-02-08 23:27:30,604] 84 root - INFO - Hypothesis du_000: float64, float64
[2023-02-08 23:27:30,609] 84 root - INFO - Hypothesis dv_000: float64, float64
[2023-02-08 23:27:30,615] 84 root - INFO - Hypothesis dx_000: float64, float64
[2023-02-08 23:27:30,619] 84 root - INFO - Hypothesis dy_000: float64, float64
[2023-02-08 23:27:30,624] 84 root - INFO - Hypothesis dz_000: float64, float64
[2023-02-08 23:27:30,635] 84 root - INFO - Hypothesis ea_000: float64, float64
[2023-02-08 23:27:30,645] 84 root - INFO - Hypothesis eb_000: float64, float64
[2023-02-08 23:27:30,650] 84 root - INFO - Hypothesis ec_00: float64, float64
[2023-02-08 23:27:30,656] 84 root - INFO - Hypothesis ed_000: float64, float64
[2023-02-08 23:27:30,661] 84 root - INFO - Hypothesis ee_000: float64, float64
[2023-02-08 23:27:30,667] 84 root - INFO - Hypothesis ee_001: float64, float64
[2023-02-08 23:27:30,673] 84 root - INFO - Hypothesis ee_002: float64, float64
[2023-02-08 23:27:30,678] 84 root - INFO - Hypothesis ee_003: float64, float64
[2023-02-08 23:27:30,683] 84 root - INFO - Hypothesis ee_004: float64, float64
[2023-02-08 23:27:30,689] 84 root - INFO - Hypothesis ee_005: float64, float64
[2023-02-08 23:27:30,694] 84 root - INFO - Hypothesis ee_006: float64, float64
[2023-02-08 23:27:30,699] 84 root - INFO - Hypothesis ee_007: float64, float64
[2023-02-08 23:27:30,704] 84 root - INFO - Hypothesis ee_008: float64, float64
[2023-02-08 23:27:30,709] 84 root - INFO - Hypothesis ee_009: float64, float64
[2023-02-08 23:27:30,713] 84 root - INFO - Hypothesis ef_000: float64, float64
[2023-02-08 23:27:30,726] 84 root - INFO - Hypothesis eg_000: float64, float64
[2023-02-08 23:27:30,738] 144 root - INFO - Writing report to yaml file
[2023-02-08 23:27:30,788] 149 root - INFO - Data Validation artifact: DataValidationArtifact(report_file_path='C:\\Users\\shara\\ML_Projects\\artifact\\020823__232646\\data_validation\\report.yaml')
[2023-02-08 23:27:30,798] 23 root - INFO - >>>>>>>>>>>>>>>>>>>>>>>>>>>>>>>>>>>>>>>> Data Transformation <<<<<<<<<<<<<<<<<<<<<<<<<<<<<<<<<<<<<<<<
[2023-02-08 23:27:31,542] 73 root - INFO - Before resampling in training set Input: (28950, 170) Target: (7238,)
