[2023-02-08 23:50:20,489] 159 numexpr.utils - INFO - NumExpr defaulting to 8 threads.
[2023-02-08 23:50:25,713] 17 root - INFO - >>>>>>>>>>>>>>>>>>>>>>>>>>>>>>>>>>>>>>>> Data Ingestion <<<<<<<<<<<<<<<<<<<<<<<<<<<<<<<<<<<<<<<<
[2023-02-08 23:50:25,714] 24 root - INFO - Exporting collection data as pandas DataFrame
[2023-02-08 23:50:25,714] 13 root - INFO - Reading data from database: APS and collection: Sensor
[2023-02-08 23:50:54,261] 15 root - INFO - Found columns: Index(['_id', 'class', 'aa_000', 'ab_000', 'ac_000', 'ad_000', 'ae_000',
       'af_000', 'ag_000', 'ag_001',
       ...
       'ee_002', 'ee_003', 'ee_004', 'ee_005', 'ee_006', 'ee_007', 'ee_008',
       'ee_009', 'ef_000', 'eg_000'],
      dtype='object', length=172)
[2023-02-08 23:50:54,269] 17 root - INFO - Dropping column: _id
[2023-02-08 23:50:54,596] 19 root - INFO - Row and columns in df : (36188, 171)
[2023-02-08 23:50:54,596] 29 root - INFO - save data in feature store
[2023-02-08 23:50:54,937] 35 root - INFO - Create feature store folder if not available
[2023-02-08 23:50:54,940] 39 root - INFO - Save df to feature store folder
[2023-02-08 23:50:56,927] 43 root - INFO - split dataset into train and test set
[2023-02-08 23:50:57,387] 47 root - INFO - create dataset directory folder if not available
[2023-02-08 23:50:57,388] 52 root - INFO - Save df to feature store folder
[2023-02-08 23:50:58,847] 64 root - INFO - Data ingestion artifact: DataIngestionArtifact(feature_store_file_path='C:\\Users\\shara\\ML_Projects\\artifact\\020823__235025\\data_ingestion\\feature_store\\sensor.csv', train_file_path='C:\\Users\\shara\\ML_Projects\\artifact\\020823__235025\\data_ingestion\\dataset\\train.csv', test_file_path='C:\\Users\\shara\\ML_Projects\\artifact\\020823__235025\\data_ingestion\\dataset\\test.csv')
[2023-02-08 23:50:59,236] 18 root - INFO - >>>>>>>>>>>>>>>>>>>>>>>>>>>>>>>>>>>>>>>> Data Validation <<<<<<<<<<<<<<<<<<<<<<<<<<<<<<<<<<<<<<<<
[2023-02-08 23:50:59,236] 107 root - INFO - Reading base DataFrame
[2023-02-08 23:51:01,419] 110 root - INFO - Replace na value in base df
[2023-02-08 23:51:01,419] 112 root - INFO - Drop null values column from base df
[2023-02-08 23:51:02,393] 41 root - INFO - Selecting column names which contain null values above to 0.2
[2023-02-08 23:51:02,394] 43 root - INFO - columns to drop: ['ab_000', 'ad_000', 'bk_000', 'bl_000', 'bm_000', 'bn_000', 'bo_000', 'bp_000', 'bq_000', 'br_000', 'cf_000', 'cg_000', 'ch_000', 'co_000', 'cr_000', 'ct_000', 'cu_000', 'cv_000', 'cx_000', 'cy_000', 'cz_000', 'da_000', 'db_000', 'dc_000']
[2023-02-08 23:51:02,570] 115 root - INFO - Reading train DataFrame
[2023-02-08 23:51:03,232] 117 root - INFO - Reading test DataFrame
[2023-02-08 23:51:03,358] 120 root - INFO - Drop null values column from train DataFrame
[2023-02-08 23:51:03,369] 41 root - INFO - Selecting column names which contain null values above to 0.2
[2023-02-08 23:51:03,369] 43 root - INFO - columns to drop: ['ab_000', 'ad_000', 'bk_000', 'bl_000', 'bm_000', 'bn_000', 'bo_000', 'bp_000', 'bq_000', 'br_000', 'cf_000', 'cg_000', 'ch_000', 'co_000', 'cr_000', 'ct_000', 'cu_000', 'cv_000', 'cx_000', 'cy_000', 'cz_000', 'da_000', 'db_000', 'dc_000']
[2023-02-08 23:51:03,379] 122 root - INFO - Drop null values column from test DataFrame
[2023-02-08 23:51:03,385] 41 root - INFO - Selecting column names which contain null values above to 0.2
[2023-02-08 23:51:03,385] 43 root - INFO - columns to drop: ['ab_000', 'ad_000', 'bk_000', 'bl_000', 'bm_000', 'bn_000', 'bo_000', 'bp_000', 'bq_000', 'br_000', 'cf_000', 'cg_000', 'ch_000', 'co_000', 'cr_000', 'ct_000', 'cu_000', 'cv_000', 'cx_000', 'cy_000', 'cz_000', 'da_000', 'db_000', 'dc_000']
[2023-02-08 23:51:08,913] 130 root - INFO - Is all required columns present in train df
[2023-02-08 23:51:08,913] 132 root - INFO - Is all required columns present in test df
[2023-02-08 23:51:08,913] 136 root - INFO - As all columns are available in train df hence detecting data drift
[2023-02-08 23:51:08,913] 84 root - INFO - Hypothesis class: object, object
[2023-02-08 23:51:09,130] 84 root - INFO - Hypothesis aa_000: float64, float64
[2023-02-08 23:51:09,154] 84 root - INFO - Hypothesis ac_000: float64, float64
[2023-02-08 23:51:09,169] 84 root - INFO - Hypothesis ae_000: float64, float64
[2023-02-08 23:51:09,265] 84 root - INFO - Hypothesis af_000: float64, float64
[2023-02-08 23:51:09,292] 84 root - INFO - Hypothesis ag_000: float64, float64
[2023-02-08 23:51:09,327] 84 root - INFO - Hypothesis ag_001: float64, float64
[2023-02-08 23:51:09,362] 84 root - INFO - Hypothesis ag_002: float64, float64
[2023-02-08 23:51:09,401] 84 root - INFO - Hypothesis ag_003: float64, float64
[2023-02-08 23:51:09,431] 84 root - INFO - Hypothesis ag_004: float64, float64
[2023-02-08 23:51:09,440] 84 root - INFO - Hypothesis ag_005: float64, float64
[2023-02-08 23:51:09,449] 84 root - INFO - Hypothesis ag_006: float64, float64
[2023-02-08 23:51:09,458] 84 root - INFO - Hypothesis ag_007: float64, float64
[2023-02-08 23:51:09,486] 84 root - INFO - Hypothesis ag_008: float64, float64
[2023-02-08 23:51:09,515] 84 root - INFO - Hypothesis ag_009: float64, float64
[2023-02-08 23:51:09,546] 84 root - INFO - Hypothesis ah_000: float64, float64
[2023-02-08 23:51:09,557] 84 root - INFO - Hypothesis ai_000: float64, float64
[2023-02-08 23:51:09,596] 84 root - INFO - Hypothesis aj_000: float64, float64
[2023-02-08 23:51:09,632] 84 root - INFO - Hypothesis ak_000: float64, float64
[2023-02-08 23:51:09,667] 84 root - INFO - Hypothesis al_000: float64, float64
[2023-02-08 23:51:09,701] 84 root - INFO - Hypothesis am_0: float64, float64
[2023-02-08 23:51:09,731] 84 root - INFO - Hypothesis an_000: float64, float64
[2023-02-08 23:51:09,740] 84 root - INFO - Hypothesis ao_000: float64, float64
[2023-02-08 23:51:09,750] 84 root - INFO - Hypothesis ap_000: float64, float64
[2023-02-08 23:51:09,788] 84 root - INFO - Hypothesis aq_000: float64, float64
[2023-02-08 23:51:09,798] 84 root - INFO - Hypothesis ar_000: float64, float64
[2023-02-08 23:51:09,831] 84 root - INFO - Hypothesis as_000: float64, float64
[2023-02-08 23:51:09,865] 84 root - INFO - Hypothesis at_000: float64, float64
[2023-02-08 23:51:09,892] 84 root - INFO - Hypothesis au_000: float64, float64
[2023-02-08 23:51:09,922] 84 root - INFO - Hypothesis av_000: float64, float64
[2023-02-08 23:51:09,933] 84 root - INFO - Hypothesis ax_000: float64, float64
[2023-02-08 23:51:09,966] 84 root - INFO - Hypothesis ay_000: float64, float64
[2023-02-08 23:51:09,997] 84 root - INFO - Hypothesis ay_001: float64, float64
[2023-02-08 23:51:10,025] 84 root - INFO - Hypothesis ay_002: float64, float64
[2023-02-08 23:51:10,057] 84 root - INFO - Hypothesis ay_003: float64, float64
[2023-02-08 23:51:10,087] 84 root - INFO - Hypothesis ay_004: float64, float64
[2023-02-08 23:51:10,117] 84 root - INFO - Hypothesis ay_005: float64, float64
[2023-02-08 23:51:10,125] 84 root - INFO - Hypothesis ay_006: float64, float64
[2023-02-08 23:51:10,133] 84 root - INFO - Hypothesis ay_007: float64, float64
[2023-02-08 23:51:10,142] 84 root - INFO - Hypothesis ay_008: float64, float64
[2023-02-08 23:51:10,170] 84 root - INFO - Hypothesis ay_009: float64, float64
[2023-02-08 23:51:10,207] 84 root - INFO - Hypothesis az_000: float64, float64
[2023-02-08 23:51:10,218] 84 root - INFO - Hypothesis az_001: float64, float64
[2023-02-08 23:51:10,247] 84 root - INFO - Hypothesis az_002: float64, float64
[2023-02-08 23:51:10,283] 84 root - INFO - Hypothesis az_003: float64, float64
[2023-02-08 23:51:10,292] 84 root - INFO - Hypothesis az_004: float64, float64
[2023-02-08 23:51:10,301] 84 root - INFO - Hypothesis az_005: float64, float64
[2023-02-08 23:51:10,311] 84 root - INFO - Hypothesis az_006: float64, float64
[2023-02-08 23:51:10,343] 84 root - INFO - Hypothesis az_007: float64, float64
[2023-02-08 23:51:10,370] 84 root - INFO - Hypothesis az_008: float64, float64
[2023-02-08 23:51:10,394] 84 root - INFO - Hypothesis az_009: float64, float64
[2023-02-08 23:51:10,428] 84 root - INFO - Hypothesis ba_000: float64, float64
[2023-02-08 23:51:10,438] 84 root - INFO - Hypothesis ba_001: float64, float64
[2023-02-08 23:51:10,448] 84 root - INFO - Hypothesis ba_002: float64, float64
[2023-02-08 23:51:10,460] 84 root - INFO - Hypothesis ba_003: float64, float64
[2023-02-08 23:51:10,469] 84 root - INFO - Hypothesis ba_004: float64, float64
[2023-02-08 23:51:10,480] 84 root - INFO - Hypothesis ba_005: float64, float64
[2023-02-08 23:51:10,489] 84 root - INFO - Hypothesis ba_006: float64, float64
[2023-02-08 23:51:10,522] 84 root - INFO - Hypothesis ba_007: float64, float64
[2023-02-08 23:51:10,533] 84 root - INFO - Hypothesis ba_008: float64, float64
[2023-02-08 23:51:10,542] 84 root - INFO - Hypothesis ba_009: float64, float64
[2023-02-08 23:51:10,577] 84 root - INFO - Hypothesis bb_000: float64, float64
[2023-02-08 23:51:10,587] 84 root - INFO - Hypothesis bc_000: float64, float64
[2023-02-08 23:51:10,595] 84 root - INFO - Hypothesis bd_000: float64, float64
[2023-02-08 23:51:10,604] 84 root - INFO - Hypothesis be_000: float64, float64
[2023-02-08 23:51:10,613] 84 root - INFO - Hypothesis bf_000: float64, float64
[2023-02-08 23:51:10,622] 84 root - INFO - Hypothesis bg_000: float64, float64
[2023-02-08 23:51:10,632] 84 root - INFO - Hypothesis bh_000: float64, float64
[2023-02-08 23:51:10,641] 84 root - INFO - Hypothesis bi_000: float64, float64
[2023-02-08 23:51:10,669] 84 root - INFO - Hypothesis bj_000: float64, float64
[2023-02-08 23:51:10,679] 84 root - INFO - Hypothesis bs_000: float64, float64
[2023-02-08 23:51:10,689] 84 root - INFO - Hypothesis bt_000: float64, float64
[2023-02-08 23:51:10,698] 84 root - INFO - Hypothesis bu_000: float64, float64
[2023-02-08 23:51:10,707] 84 root - INFO - Hypothesis bv_000: float64, float64
[2023-02-08 23:51:10,716] 84 root - INFO - Hypothesis bx_000: float64, float64
[2023-02-08 23:51:10,725] 84 root - INFO - Hypothesis by_000: float64, float64
[2023-02-08 23:51:10,734] 84 root - INFO - Hypothesis bz_000: float64, float64
[2023-02-08 23:51:10,743] 84 root - INFO - Hypothesis ca_000: float64, float64
[2023-02-08 23:51:10,752] 84 root - INFO - Hypothesis cb_000: float64, float64
[2023-02-08 23:51:10,761] 84 root - INFO - Hypothesis cc_000: float64, float64
[2023-02-08 23:51:10,771] 84 root - INFO - Hypothesis cd_000: float64, float64
[2023-02-08 23:51:10,803] 84 root - INFO - Hypothesis ce_000: float64, float64
[2023-02-08 23:51:10,813] 84 root - INFO - Hypothesis ci_000: float64, float64
[2023-02-08 23:51:10,823] 84 root - INFO - Hypothesis cj_000: float64, float64
[2023-02-08 23:51:10,856] 84 root - INFO - Hypothesis ck_000: float64, float64
[2023-02-08 23:51:10,865] 84 root - INFO - Hypothesis cl_000: float64, float64
[2023-02-08 23:51:10,897] 84 root - INFO - Hypothesis cm_000: float64, float64
[2023-02-08 23:51:10,905] 84 root - INFO - Hypothesis cn_000: float64, float64
[2023-02-08 23:51:10,934] 84 root - INFO - Hypothesis cn_001: float64, float64
[2023-02-08 23:51:10,961] 84 root - INFO - Hypothesis cn_002: float64, float64
[2023-02-08 23:51:10,971] 84 root - INFO - Hypothesis cn_003: float64, float64
[2023-02-08 23:51:10,983] 84 root - INFO - Hypothesis cn_004: float64, float64
[2023-02-08 23:51:10,993] 84 root - INFO - Hypothesis cn_005: float64, float64
[2023-02-08 23:51:11,002] 84 root - INFO - Hypothesis cn_006: float64, float64
[2023-02-08 23:51:11,033] 84 root - INFO - Hypothesis cn_007: float64, float64
[2023-02-08 23:51:11,063] 84 root - INFO - Hypothesis cn_008: float64, float64
[2023-02-08 23:51:11,072] 84 root - INFO - Hypothesis cn_009: float64, float64
[2023-02-08 23:51:11,110] 84 root - INFO - Hypothesis cp_000: float64, float64
[2023-02-08 23:51:11,141] 84 root - INFO - Hypothesis cq_000: float64, float64
[2023-02-08 23:51:11,150] 84 root - INFO - Hypothesis cs_000: float64, float64
[2023-02-08 23:51:11,194] 84 root - INFO - Hypothesis cs_001: float64, float64
[2023-02-08 23:51:11,205] 84 root - INFO - Hypothesis cs_002: float64, float64
[2023-02-08 23:51:11,243] 84 root - INFO - Hypothesis cs_003: float64, float64
[2023-02-08 23:51:11,281] 84 root - INFO - Hypothesis cs_004: float64, float64
[2023-02-08 23:51:11,319] 84 root - INFO - Hypothesis cs_005: float64, float64
[2023-02-08 23:51:11,328] 84 root - INFO - Hypothesis cs_006: float64, float64
[2023-02-08 23:51:11,338] 84 root - INFO - Hypothesis cs_007: float64, float64
[2023-02-08 23:51:11,348] 84 root - INFO - Hypothesis cs_008: float64, float64
[2023-02-08 23:51:11,382] 84 root - INFO - Hypothesis cs_009: float64, float64
[2023-02-08 23:51:11,418] 84 root - INFO - Hypothesis dd_000: float64, float64
[2023-02-08 23:51:11,428] 84 root - INFO - Hypothesis de_000: float64, float64
[2023-02-08 23:51:11,436] 84 root - INFO - Hypothesis df_000: float64, float64
[2023-02-08 23:51:11,463] 84 root - INFO - Hypothesis dg_000: float64, float64
[2023-02-08 23:51:11,497] 84 root - INFO - Hypothesis dh_000: float64, float64
[2023-02-08 23:51:11,527] 84 root - INFO - Hypothesis di_000: float64, float64
[2023-02-08 23:51:11,535] 84 root - INFO - Hypothesis dj_000: float64, float64
[2023-02-08 23:51:11,565] 84 root - INFO - Hypothesis dk_000: float64, float64
[2023-02-08 23:51:11,592] 84 root - INFO - Hypothesis dl_000: float64, float64
[2023-02-08 23:51:11,622] 84 root - INFO - Hypothesis dm_000: float64, float64
[2023-02-08 23:51:11,653] 84 root - INFO - Hypothesis dn_000: float64, float64
[2023-02-08 23:51:11,663] 84 root - INFO - Hypothesis do_000: float64, float64
[2023-02-08 23:51:11,673] 84 root - INFO - Hypothesis dp_000: float64, float64
[2023-02-08 23:51:11,681] 84 root - INFO - Hypothesis dq_000: float64, float64
[2023-02-08 23:51:11,717] 84 root - INFO - Hypothesis dr_000: float64, float64
[2023-02-08 23:51:11,744] 84 root - INFO - Hypothesis ds_000: float64, float64
[2023-02-08 23:51:11,753] 84 root - INFO - Hypothesis dt_000: float64, float64
[2023-02-08 23:51:11,762] 84 root - INFO - Hypothesis du_000: float64, float64
[2023-02-08 23:51:11,771] 84 root - INFO - Hypothesis dv_000: float64, float64
[2023-02-08 23:51:11,781] 84 root - INFO - Hypothesis dx_000: float64, float64
[2023-02-08 23:51:11,815] 84 root - INFO - Hypothesis dy_000: float64, float64
[2023-02-08 23:51:11,850] 84 root - INFO - Hypothesis dz_000: float64, float64
[2023-02-08 23:51:11,880] 84 root - INFO - Hypothesis ea_000: float64, float64
[2023-02-08 23:51:11,909] 84 root - INFO - Hypothesis eb_000: float64, float64
[2023-02-08 23:51:11,918] 84 root - INFO - Hypothesis ec_00: float64, float64
[2023-02-08 23:51:11,949] 84 root - INFO - Hypothesis ed_000: float64, float64
[2023-02-08 23:51:11,981] 84 root - INFO - Hypothesis ee_000: float64, float64
[2023-02-08 23:51:12,015] 84 root - INFO - Hypothesis ee_001: float64, float64
[2023-02-08 23:51:12,026] 84 root - INFO - Hypothesis ee_002: float64, float64
[2023-02-08 23:51:12,035] 84 root - INFO - Hypothesis ee_003: float64, float64
[2023-02-08 23:51:12,047] 84 root - INFO - Hypothesis ee_004: float64, float64
[2023-02-08 23:51:12,057] 84 root - INFO - Hypothesis ee_005: float64, float64
[2023-02-08 23:51:12,066] 84 root - INFO - Hypothesis ee_006: float64, float64
[2023-02-08 23:51:12,107] 84 root - INFO - Hypothesis ee_007: float64, float64
[2023-02-08 23:51:12,149] 84 root - INFO - Hypothesis ee_008: float64, float64
[2023-02-08 23:51:12,159] 84 root - INFO - Hypothesis ee_009: float64, float64
[2023-02-08 23:51:12,196] 84 root - INFO - Hypothesis ef_000: float64, float64
[2023-02-08 23:51:12,231] 84 root - INFO - Hypothesis eg_000: float64, float64
[2023-02-08 23:51:12,266] 139 root - INFO - As all columns are available in test df hence detecting data drift
[2023-02-08 23:51:12,266] 84 root - INFO - Hypothesis class: object, object
[2023-02-08 23:51:12,309] 84 root - INFO - Hypothesis aa_000: float64, float64
[2023-02-08 23:51:12,316] 84 root - INFO - Hypothesis ac_000: float64, float64
[2023-02-08 23:51:12,323] 84 root - INFO - Hypothesis ae_000: float64, float64
[2023-02-08 23:51:12,327] 84 root - INFO - Hypothesis af_000: float64, float64
[2023-02-08 23:51:12,332] 84 root - INFO - Hypothesis ag_000: float64, float64
[2023-02-08 23:51:12,349] 84 root - INFO - Hypothesis ag_001: float64, float64
[2023-02-08 23:51:12,364] 84 root - INFO - Hypothesis ag_002: float64, float64
[2023-02-08 23:51:12,370] 84 root - INFO - Hypothesis ag_003: float64, float64
[2023-02-08 23:51:12,375] 84 root - INFO - Hypothesis ag_004: float64, float64
[2023-02-08 23:51:12,381] 84 root - INFO - Hypothesis ag_005: float64, float64
[2023-02-08 23:51:12,387] 84 root - INFO - Hypothesis ag_006: float64, float64
[2023-02-08 23:51:12,394] 84 root - INFO - Hypothesis ag_007: float64, float64
[2023-02-08 23:51:12,401] 84 root - INFO - Hypothesis ag_008: float64, float64
[2023-02-08 23:51:12,409] 84 root - INFO - Hypothesis ag_009: float64, float64
[2023-02-08 23:51:12,415] 84 root - INFO - Hypothesis ah_000: float64, float64
[2023-02-08 23:51:12,421] 84 root - INFO - Hypothesis ai_000: float64, float64
[2023-02-08 23:51:12,426] 84 root - INFO - Hypothesis aj_000: float64, float64
[2023-02-08 23:51:12,439] 84 root - INFO - Hypothesis ak_000: float64, float64
[2023-02-08 23:51:12,443] 84 root - INFO - Hypothesis al_000: float64, float64
[2023-02-08 23:51:12,449] 84 root - INFO - Hypothesis am_0: float64, float64
[2023-02-08 23:51:12,454] 84 root - INFO - Hypothesis an_000: float64, float64
[2023-02-08 23:51:12,460] 84 root - INFO - Hypothesis ao_000: float64, float64
[2023-02-08 23:51:12,465] 84 root - INFO - Hypothesis ap_000: float64, float64
[2023-02-08 23:51:12,471] 84 root - INFO - Hypothesis aq_000: float64, float64
[2023-02-08 23:51:12,477] 84 root - INFO - Hypothesis ar_000: float64, float64
[2023-02-08 23:51:12,482] 84 root - INFO - Hypothesis as_000: float64, float64
[2023-02-08 23:51:12,496] 84 root - INFO - Hypothesis at_000: float64, float64
[2023-02-08 23:51:12,508] 84 root - INFO - Hypothesis au_000: float64, float64
[2023-02-08 23:51:12,518] 84 root - INFO - Hypothesis av_000: float64, float64
[2023-02-08 23:51:12,524] 84 root - INFO - Hypothesis ax_000: float64, float64
[2023-02-08 23:51:12,530] 84 root - INFO - Hypothesis ay_000: float64, float64
[2023-02-08 23:51:12,541] 84 root - INFO - Hypothesis ay_001: float64, float64
[2023-02-08 23:51:12,552] 84 root - INFO - Hypothesis ay_002: float64, float64
[2023-02-08 23:51:12,565] 84 root - INFO - Hypothesis ay_003: float64, float64
[2023-02-08 23:51:12,577] 84 root - INFO - Hypothesis ay_004: float64, float64
[2023-02-08 23:51:12,588] 84 root - INFO - Hypothesis ay_005: float64, float64
[2023-02-08 23:51:12,592] 84 root - INFO - Hypothesis ay_006: float64, float64
[2023-02-08 23:51:12,597] 84 root - INFO - Hypothesis ay_007: float64, float64
[2023-02-08 23:51:12,602] 84 root - INFO - Hypothesis ay_008: float64, float64
[2023-02-08 23:51:12,608] 84 root - INFO - Hypothesis ay_009: float64, float64
[2023-02-08 23:51:12,620] 84 root - INFO - Hypothesis az_000: float64, float64
[2023-02-08 23:51:12,626] 84 root - INFO - Hypothesis az_001: float64, float64
[2023-02-08 23:51:12,631] 84 root - INFO - Hypothesis az_002: float64, float64
[2023-02-08 23:51:12,636] 84 root - INFO - Hypothesis az_003: float64, float64
[2023-02-08 23:51:12,641] 84 root - INFO - Hypothesis az_004: float64, float64
[2023-02-08 23:51:12,646] 84 root - INFO - Hypothesis az_005: float64, float64
[2023-02-08 23:51:12,651] 84 root - INFO - Hypothesis az_006: float64, float64
[2023-02-08 23:51:12,658] 84 root - INFO - Hypothesis az_007: float64, float64
[2023-02-08 23:51:12,673] 84 root - INFO - Hypothesis az_008: float64, float64
[2023-02-08 23:51:12,686] 84 root - INFO - Hypothesis az_009: float64, float64
[2023-02-08 23:51:12,701] 84 root - INFO - Hypothesis ba_000: float64, float64
[2023-02-08 23:51:12,708] 84 root - INFO - Hypothesis ba_001: float64, float64
[2023-02-08 23:51:12,714] 84 root - INFO - Hypothesis ba_002: float64, float64
[2023-02-08 23:51:12,720] 84 root - INFO - Hypothesis ba_003: float64, float64
[2023-02-08 23:51:12,726] 84 root - INFO - Hypothesis ba_004: float64, float64
[2023-02-08 23:51:12,733] 84 root - INFO - Hypothesis ba_005: float64, float64
[2023-02-08 23:51:12,738] 84 root - INFO - Hypothesis ba_006: float64, float64
[2023-02-08 23:51:12,745] 84 root - INFO - Hypothesis ba_007: float64, float64
[2023-02-08 23:51:12,750] 84 root - INFO - Hypothesis ba_008: float64, float64
[2023-02-08 23:51:12,755] 84 root - INFO - Hypothesis ba_009: float64, float64
[2023-02-08 23:51:12,760] 84 root - INFO - Hypothesis bb_000: float64, float64
[2023-02-08 23:51:12,766] 84 root - INFO - Hypothesis bc_000: float64, float64
[2023-02-08 23:51:12,771] 84 root - INFO - Hypothesis bd_000: float64, float64
[2023-02-08 23:51:12,776] 84 root - INFO - Hypothesis be_000: float64, float64
[2023-02-08 23:51:12,782] 84 root - INFO - Hypothesis bf_000: float64, float64
[2023-02-08 23:51:12,787] 84 root - INFO - Hypothesis bg_000: float64, float64
[2023-02-08 23:51:12,793] 84 root - INFO - Hypothesis bh_000: float64, float64
[2023-02-08 23:51:12,799] 84 root - INFO - Hypothesis bi_000: float64, float64
[2023-02-08 23:51:12,804] 84 root - INFO - Hypothesis bj_000: float64, float64
[2023-02-08 23:51:12,811] 84 root - INFO - Hypothesis bs_000: float64, float64
[2023-02-08 23:51:12,817] 84 root - INFO - Hypothesis bt_000: float64, float64
[2023-02-08 23:51:12,824] 84 root - INFO - Hypothesis bu_000: float64, float64
[2023-02-08 23:51:12,829] 84 root - INFO - Hypothesis bv_000: float64, float64
[2023-02-08 23:51:12,834] 84 root - INFO - Hypothesis bx_000: float64, float64
[2023-02-08 23:51:12,841] 84 root - INFO - Hypothesis by_000: float64, float64
[2023-02-08 23:51:12,847] 84 root - INFO - Hypothesis bz_000: float64, float64
[2023-02-08 23:51:12,853] 84 root - INFO - Hypothesis ca_000: float64, float64
[2023-02-08 23:51:12,858] 84 root - INFO - Hypothesis cb_000: float64, float64
[2023-02-08 23:51:12,864] 84 root - INFO - Hypothesis cc_000: float64, float64
[2023-02-08 23:51:12,869] 84 root - INFO - Hypothesis cd_000: float64, float64
[2023-02-08 23:51:12,879] 84 root - INFO - Hypothesis ce_000: float64, float64
[2023-02-08 23:51:12,885] 84 root - INFO - Hypothesis ci_000: float64, float64
[2023-02-08 23:51:12,891] 84 root - INFO - Hypothesis cj_000: float64, float64
[2023-02-08 23:51:12,896] 84 root - INFO - Hypothesis ck_000: float64, float64
[2023-02-08 23:51:12,902] 84 root - INFO - Hypothesis cl_000: float64, float64
[2023-02-08 23:51:12,907] 84 root - INFO - Hypothesis cm_000: float64, float64
[2023-02-08 23:51:12,912] 84 root - INFO - Hypothesis cn_000: float64, float64
[2023-02-08 23:51:12,924] 84 root - INFO - Hypothesis cn_001: float64, float64
[2023-02-08 23:51:12,930] 84 root - INFO - Hypothesis cn_002: float64, float64
[2023-02-08 23:51:12,936] 84 root - INFO - Hypothesis cn_003: float64, float64
[2023-02-08 23:51:12,942] 84 root - INFO - Hypothesis cn_004: float64, float64
[2023-02-08 23:51:12,949] 84 root - INFO - Hypothesis cn_005: float64, float64
[2023-02-08 23:51:12,956] 84 root - INFO - Hypothesis cn_006: float64, float64
[2023-02-08 23:51:12,962] 84 root - INFO - Hypothesis cn_007: float64, float64
[2023-02-08 23:51:12,967] 84 root - INFO - Hypothesis cn_008: float64, float64
[2023-02-08 23:51:12,972] 84 root - INFO - Hypothesis cn_009: float64, float64
[2023-02-08 23:51:12,978] 84 root - INFO - Hypothesis cp_000: float64, float64
[2023-02-08 23:51:12,983] 84 root - INFO - Hypothesis cq_000: float64, float64
[2023-02-08 23:51:12,988] 84 root - INFO - Hypothesis cs_000: float64, float64
[2023-02-08 23:51:12,994] 84 root - INFO - Hypothesis cs_001: float64, float64
[2023-02-08 23:51:13,000] 84 root - INFO - Hypothesis cs_002: float64, float64
[2023-02-08 23:51:13,005] 84 root - INFO - Hypothesis cs_003: float64, float64
[2023-02-08 23:51:13,011] 84 root - INFO - Hypothesis cs_004: float64, float64
[2023-02-08 23:51:13,017] 84 root - INFO - Hypothesis cs_005: float64, float64
[2023-02-08 23:51:13,024] 84 root - INFO - Hypothesis cs_006: float64, float64
[2023-02-08 23:51:13,031] 84 root - INFO - Hypothesis cs_007: float64, float64
[2023-02-08 23:51:13,037] 84 root - INFO - Hypothesis cs_008: float64, float64
[2023-02-08 23:51:13,042] 84 root - INFO - Hypothesis cs_009: float64, float64
[2023-02-08 23:51:13,057] 84 root - INFO - Hypothesis dd_000: float64, float64
[2023-02-08 23:51:13,063] 84 root - INFO - Hypothesis de_000: float64, float64
[2023-02-08 23:51:13,068] 84 root - INFO - Hypothesis df_000: float64, float64
[2023-02-08 23:51:13,073] 84 root - INFO - Hypothesis dg_000: float64, float64
[2023-02-08 23:51:13,078] 84 root - INFO - Hypothesis dh_000: float64, float64
[2023-02-08 23:51:13,083] 84 root - INFO - Hypothesis di_000: float64, float64
[2023-02-08 23:51:13,090] 84 root - INFO - Hypothesis dj_000: float64, float64
[2023-02-08 23:51:13,096] 84 root - INFO - Hypothesis dk_000: float64, float64
[2023-02-08 23:51:13,101] 84 root - INFO - Hypothesis dl_000: float64, float64
[2023-02-08 23:51:13,107] 84 root - INFO - Hypothesis dm_000: float64, float64
[2023-02-08 23:51:13,113] 84 root - INFO - Hypothesis dn_000: float64, float64
[2023-02-08 23:51:13,120] 84 root - INFO - Hypothesis do_000: float64, float64
[2023-02-08 23:51:13,127] 84 root - INFO - Hypothesis dp_000: float64, float64
[2023-02-08 23:51:13,134] 84 root - INFO - Hypothesis dq_000: float64, float64
[2023-02-08 23:51:13,140] 84 root - INFO - Hypothesis dr_000: float64, float64
[2023-02-08 23:51:13,146] 84 root - INFO - Hypothesis ds_000: float64, float64
[2023-02-08 23:51:13,152] 84 root - INFO - Hypothesis dt_000: float64, float64
[2023-02-08 23:51:13,158] 84 root - INFO - Hypothesis du_000: float64, float64
[2023-02-08 23:51:13,164] 84 root - INFO - Hypothesis dv_000: float64, float64
[2023-02-08 23:51:13,170] 84 root - INFO - Hypothesis dx_000: float64, float64
[2023-02-08 23:51:13,174] 84 root - INFO - Hypothesis dy_000: float64, float64
[2023-02-08 23:51:13,181] 84 root - INFO - Hypothesis dz_000: float64, float64
[2023-02-08 23:51:13,196] 84 root - INFO - Hypothesis ea_000: float64, float64
[2023-02-08 23:51:13,201] 84 root - INFO - Hypothesis eb_000: float64, float64
[2023-02-08 23:51:13,207] 84 root - INFO - Hypothesis ec_00: float64, float64
[2023-02-08 23:51:13,213] 84 root - INFO - Hypothesis ed_000: float64, float64
[2023-02-08 23:51:13,219] 84 root - INFO - Hypothesis ee_000: float64, float64
[2023-02-08 23:51:13,226] 84 root - INFO - Hypothesis ee_001: float64, float64
[2023-02-08 23:51:13,231] 84 root - INFO - Hypothesis ee_002: float64, float64
[2023-02-08 23:51:13,237] 84 root - INFO - Hypothesis ee_003: float64, float64
[2023-02-08 23:51:13,243] 84 root - INFO - Hypothesis ee_004: float64, float64
[2023-02-08 23:51:13,249] 84 root - INFO - Hypothesis ee_005: float64, float64
[2023-02-08 23:51:13,254] 84 root - INFO - Hypothesis ee_006: float64, float64
[2023-02-08 23:51:13,259] 84 root - INFO - Hypothesis ee_007: float64, float64
[2023-02-08 23:51:13,265] 84 root - INFO - Hypothesis ee_008: float64, float64
[2023-02-08 23:51:13,270] 84 root - INFO - Hypothesis ee_009: float64, float64
[2023-02-08 23:51:13,275] 84 root - INFO - Hypothesis ef_000: float64, float64
[2023-02-08 23:51:13,280] 84 root - INFO - Hypothesis eg_000: float64, float64
[2023-02-08 23:51:13,284] 144 root - INFO - Writing report to yaml file
[2023-02-08 23:51:13,339] 149 root - INFO - Data Validation artifact: DataValidationArtifact(report_file_path='C:\\Users\\shara\\ML_Projects\\artifact\\020823__235025\\data_validation\\report.yaml')
[2023-02-08 23:51:13,351] 23 root - INFO - >>>>>>>>>>>>>>>>>>>>>>>>>>>>>>>>>>>>>>>> Data Transformation <<<<<<<<<<<<<<<<<<<<<<<<<<<<<<<<<<<<<<<<
[2023-02-08 23:51:14,114] 73 root - INFO - Before resampling in training set Input: (28950, 170) Target: (28950,)
[2023-02-08 23:52:06,273] 75 root - INFO - After resampling in training set Input: (56148, 170) Target: (56148,)
[2023-02-08 23:52:06,278] 77 root - INFO - Before resampling in testing set Input: (7238, 170) Target: (7238,)
[2023-02-08 23:52:08,992] 79 root - INFO - After resampling in testing set Input: (14056, 170) Target: (14056,)
[2023-02-08 23:52:09,118] 48 root - INFO - Entered the save_object method of utils
[2023-02-08 23:52:09,139] 52 root - INFO - Exited the save_object method of utils
