[2023-02-08 23:11:05,133] 159 numexpr.utils - INFO - NumExpr defaulting to 8 threads.
[2023-02-08 23:11:09,197] 17 root - INFO - >>>>>>>>>>>>>>>>>>>>>>>>>>>>>>>>>>>>>>>> Data Ingestion <<<<<<<<<<<<<<<<<<<<<<<<<<<<<<<<<<<<<<<<
[2023-02-08 23:11:09,197] 24 root - INFO - Exporting collection data as pandas DataFrame
[2023-02-08 23:11:09,197] 13 root - INFO - Reading data from database: APS and collection: Sensor
[2023-02-08 23:11:36,326] 15 root - INFO - Found columns: Index(['_id', 'class', 'aa_000', 'ab_000', 'ac_000', 'ad_000', 'ae_000',
       'af_000', 'ag_000', 'ag_001',
       ...
       'ee_002', 'ee_003', 'ee_004', 'ee_005', 'ee_006', 'ee_007', 'ee_008',
       'ee_009', 'ef_000', 'eg_000'],
      dtype='object', length=172)
[2023-02-08 23:11:36,334] 17 root - INFO - Dropping column: _id
[2023-02-08 23:11:36,544] 19 root - INFO - Row and columns in df : (36188, 171)
[2023-02-08 23:11:36,544] 29 root - INFO - save data in feature store
[2023-02-08 23:11:36,891] 35 root - INFO - Create feature store folder if not available
[2023-02-08 23:11:36,893] 39 root - INFO - Save df to feature store folder
[2023-02-08 23:11:38,443] 43 root - INFO - split dataset into train and test set
[2023-02-08 23:11:38,946] 47 root - INFO - create dataset directory folder if not available
[2023-02-08 23:11:38,946] 52 root - INFO - Save df to feature store folder
[2023-02-08 23:11:40,490] 64 root - INFO - Data ingestion artifact: DataIngestionArtifact(feature_store_file_path='C:\\Users\\shara\\ML_Projects\\artifact\\020823__231109\\data_ingestion\\feature_store\\sensor.csv', train_file_path='C:\\Users\\shara\\ML_Projects\\artifact\\020823__231109\\data_ingestion\\dataset\\train.csv', test_file_path='C:\\Users\\shara\\ML_Projects\\artifact\\020823__231109\\data_ingestion\\dataset\\test.csv')
[2023-02-08 23:11:40,878] 18 root - INFO - >>>>>>>>>>>>>>>>>>>>>>>>>>>>>>>>>>>>>>>> Data Validation <<<<<<<<<<<<<<<<<<<<<<<<<<<<<<<<<<<<<<<<
[2023-02-08 23:11:40,878] 107 root - INFO - Reading base DataFrame
[2023-02-08 23:11:42,853] 110 root - INFO - Replace na value in base df
[2023-02-08 23:11:42,853] 112 root - INFO - Drop null values column from base df
[2023-02-08 23:11:43,385] 41 root - INFO - Selecting column names which contain null values above to 0.2
[2023-02-08 23:11:43,386] 43 root - INFO - columns to drop: ['ab_000', 'ad_000', 'bk_000', 'bl_000', 'bm_000', 'bn_000', 'bo_000', 'bp_000', 'bq_000', 'br_000', 'cf_000', 'cg_000', 'ch_000', 'co_000', 'cr_000', 'ct_000', 'cu_000', 'cv_000', 'cx_000', 'cy_000', 'cz_000', 'da_000', 'db_000', 'dc_000']
[2023-02-08 23:11:43,451] 115 root - INFO - Reading train DataFrame
[2023-02-08 23:11:43,785] 117 root - INFO - Reading test DataFrame
[2023-02-08 23:11:43,890] 120 root - INFO - Drop null values column from train DataFrame
[2023-02-08 23:11:43,902] 41 root - INFO - Selecting column names which contain null values above to 0.2
[2023-02-08 23:11:43,902] 43 root - INFO - columns to drop: ['ab_000', 'ad_000', 'bk_000', 'bl_000', 'bm_000', 'bn_000', 'bo_000', 'bp_000', 'bq_000', 'br_000', 'cf_000', 'cg_000', 'ch_000', 'co_000', 'cr_000', 'ct_000', 'cu_000', 'cv_000', 'cx_000', 'cy_000', 'cz_000', 'da_000', 'db_000', 'dc_000']
[2023-02-08 23:11:43,911] 122 root - INFO - Drop null values column from test DataFrame
[2023-02-08 23:11:43,913] 41 root - INFO - Selecting column names which contain null values above to 0.2
[2023-02-08 23:11:43,913] 43 root - INFO - columns to drop: ['ab_000', 'ad_000', 'bk_000', 'bl_000', 'bm_000', 'bn_000', 'bo_000', 'bp_000', 'bq_000', 'br_000', 'cf_000', 'cg_000', 'ch_000', 'co_000', 'cr_000', 'ct_000', 'cu_000', 'cv_000', 'cx_000', 'cy_000', 'cz_000', 'da_000', 'db_000', 'dc_000']
[2023-02-08 23:11:48,964] 130 root - INFO - Is all required columns present in train df
[2023-02-08 23:11:48,964] 132 root - INFO - Is all required columns present in test df
[2023-02-08 23:11:48,964] 136 root - INFO - As all columns are available in train df hence detecting data drift
[2023-02-08 23:11:48,964] 84 root - INFO - Hypothesis class: object, object
[2023-02-08 23:11:49,376] 84 root - INFO - Hypothesis aa_000: float64, float64
[2023-02-08 23:11:49,407] 84 root - INFO - Hypothesis ac_000: float64, float64
[2023-02-08 23:11:49,415] 84 root - INFO - Hypothesis ae_000: float64, float64
[2023-02-08 23:11:49,453] 84 root - INFO - Hypothesis af_000: float64, float64
[2023-02-08 23:11:49,483] 84 root - INFO - Hypothesis ag_000: float64, float64
[2023-02-08 23:11:49,510] 84 root - INFO - Hypothesis ag_001: float64, float64
[2023-02-08 23:11:49,533] 84 root - INFO - Hypothesis ag_002: float64, float64
[2023-02-08 23:11:49,556] 84 root - INFO - Hypothesis ag_003: float64, float64
[2023-02-08 23:11:49,581] 84 root - INFO - Hypothesis ag_004: float64, float64
[2023-02-08 23:11:49,592] 84 root - INFO - Hypothesis ag_005: float64, float64
[2023-02-08 23:11:49,624] 84 root - INFO - Hypothesis ag_006: float64, float64
[2023-02-08 23:11:49,654] 84 root - INFO - Hypothesis ag_007: float64, float64
[2023-02-08 23:11:49,691] 84 root - INFO - Hypothesis ag_008: float64, float64
[2023-02-08 23:11:49,701] 84 root - INFO - Hypothesis ag_009: float64, float64
[2023-02-08 23:11:49,727] 84 root - INFO - Hypothesis ah_000: float64, float64
[2023-02-08 23:11:49,762] 84 root - INFO - Hypothesis ai_000: float64, float64
[2023-02-08 23:11:49,772] 84 root - INFO - Hypothesis aj_000: float64, float64
[2023-02-08 23:11:49,810] 84 root - INFO - Hypothesis ak_000: float64, float64
[2023-02-08 23:11:49,845] 84 root - INFO - Hypothesis al_000: float64, float64
[2023-02-08 23:11:49,877] 84 root - INFO - Hypothesis am_0: float64, float64
[2023-02-08 23:11:49,909] 84 root - INFO - Hypothesis an_000: float64, float64
[2023-02-08 23:11:49,918] 84 root - INFO - Hypothesis ao_000: float64, float64
[2023-02-08 23:11:49,946] 84 root - INFO - Hypothesis ap_000: float64, float64
[2023-02-08 23:11:49,957] 84 root - INFO - Hypothesis aq_000: float64, float64
[2023-02-08 23:11:49,996] 84 root - INFO - Hypothesis ar_000: float64, float64
[2023-02-08 23:11:50,029] 84 root - INFO - Hypothesis as_000: float64, float64
[2023-02-08 23:11:50,059] 84 root - INFO - Hypothesis at_000: float64, float64
[2023-02-08 23:11:50,067] 84 root - INFO - Hypothesis au_000: float64, float64
[2023-02-08 23:11:50,098] 84 root - INFO - Hypothesis av_000: float64, float64
[2023-02-08 23:11:50,107] 84 root - INFO - Hypothesis ax_000: float64, float64
[2023-02-08 23:11:50,141] 84 root - INFO - Hypothesis ay_000: float64, float64
[2023-02-08 23:11:50,170] 84 root - INFO - Hypothesis ay_001: float64, float64
[2023-02-08 23:11:50,203] 84 root - INFO - Hypothesis ay_002: float64, float64
[2023-02-08 23:11:50,232] 84 root - INFO - Hypothesis ay_003: float64, float64
[2023-02-08 23:11:50,263] 84 root - INFO - Hypothesis ay_004: float64, float64
[2023-02-08 23:11:50,298] 84 root - INFO - Hypothesis ay_005: float64, float64
[2023-02-08 23:11:50,337] 84 root - INFO - Hypothesis ay_006: float64, float64
[2023-02-08 23:11:50,371] 84 root - INFO - Hypothesis ay_007: float64, float64
[2023-02-08 23:11:50,404] 84 root - INFO - Hypothesis ay_008: float64, float64
[2023-02-08 23:11:50,441] 84 root - INFO - Hypothesis ay_009: float64, float64
[2023-02-08 23:11:50,469] 84 root - INFO - Hypothesis az_000: float64, float64
[2023-02-08 23:11:50,500] 84 root - INFO - Hypothesis az_001: float64, float64
[2023-02-08 23:11:50,533] 84 root - INFO - Hypothesis az_002: float64, float64
[2023-02-08 23:11:50,565] 84 root - INFO - Hypothesis az_003: float64, float64
[2023-02-08 23:11:50,601] 84 root - INFO - Hypothesis az_004: float64, float64
[2023-02-08 23:11:50,611] 84 root - INFO - Hypothesis az_005: float64, float64
[2023-02-08 23:11:50,647] 84 root - INFO - Hypothesis az_006: float64, float64
[2023-02-08 23:11:50,679] 84 root - INFO - Hypothesis az_007: float64, float64
[2023-02-08 23:11:50,714] 84 root - INFO - Hypothesis az_008: float64, float64
[2023-02-08 23:11:50,744] 84 root - INFO - Hypothesis az_009: float64, float64
[2023-02-08 23:11:50,772] 84 root - INFO - Hypothesis ba_000: float64, float64
[2023-02-08 23:11:50,809] 84 root - INFO - Hypothesis ba_001: float64, float64
[2023-02-08 23:11:50,845] 84 root - INFO - Hypothesis ba_002: float64, float64
[2023-02-08 23:11:50,886] 84 root - INFO - Hypothesis ba_003: float64, float64
[2023-02-08 23:11:50,925] 84 root - INFO - Hypothesis ba_004: float64, float64
[2023-02-08 23:11:50,970] 84 root - INFO - Hypothesis ba_005: float64, float64
[2023-02-08 23:11:51,011] 84 root - INFO - Hypothesis ba_006: float64, float64
[2023-02-08 23:11:51,044] 84 root - INFO - Hypothesis ba_007: float64, float64
[2023-02-08 23:11:51,078] 84 root - INFO - Hypothesis ba_008: float64, float64
[2023-02-08 23:11:51,113] 84 root - INFO - Hypothesis ba_009: float64, float64
[2023-02-08 23:11:51,147] 84 root - INFO - Hypothesis bb_000: float64, float64
[2023-02-08 23:11:51,184] 84 root - INFO - Hypothesis bc_000: float64, float64
[2023-02-08 23:11:51,191] 84 root - INFO - Hypothesis bd_000: float64, float64
[2023-02-08 23:11:51,221] 84 root - INFO - Hypothesis be_000: float64, float64
[2023-02-08 23:11:51,230] 84 root - INFO - Hypothesis bf_000: float64, float64
[2023-02-08 23:11:51,260] 84 root - INFO - Hypothesis bg_000: float64, float64
[2023-02-08 23:11:51,297] 84 root - INFO - Hypothesis bh_000: float64, float64
[2023-02-08 23:11:51,335] 84 root - INFO - Hypothesis bi_000: float64, float64
[2023-02-08 23:11:51,344] 84 root - INFO - Hypothesis bj_000: float64, float64
[2023-02-08 23:11:51,355] 84 root - INFO - Hypothesis bs_000: float64, float64
[2023-02-08 23:11:51,365] 84 root - INFO - Hypothesis bt_000: float64, float64
[2023-02-08 23:11:51,398] 84 root - INFO - Hypothesis bu_000: float64, float64
[2023-02-08 23:11:51,433] 84 root - INFO - Hypothesis bv_000: float64, float64
[2023-02-08 23:11:51,470] 84 root - INFO - Hypothesis bx_000: float64, float64
[2023-02-08 23:11:51,504] 84 root - INFO - Hypothesis by_000: float64, float64
[2023-02-08 23:11:51,539] 84 root - INFO - Hypothesis bz_000: float64, float64
[2023-02-08 23:11:51,578] 84 root - INFO - Hypothesis ca_000: float64, float64
[2023-02-08 23:11:51,590] 84 root - INFO - Hypothesis cb_000: float64, float64
[2023-02-08 23:11:51,600] 84 root - INFO - Hypothesis cc_000: float64, float64
[2023-02-08 23:11:51,611] 84 root - INFO - Hypothesis cd_000: float64, float64
[2023-02-08 23:11:51,643] 84 root - INFO - Hypothesis ce_000: float64, float64
[2023-02-08 23:11:51,672] 84 root - INFO - Hypothesis ci_000: float64, float64
[2023-02-08 23:11:51,710] 84 root - INFO - Hypothesis cj_000: float64, float64
[2023-02-08 23:11:51,744] 84 root - INFO - Hypothesis ck_000: float64, float64
[2023-02-08 23:11:51,754] 84 root - INFO - Hypothesis cl_000: float64, float64
[2023-02-08 23:11:51,789] 84 root - INFO - Hypothesis cm_000: float64, float64
[2023-02-08 23:11:51,826] 84 root - INFO - Hypothesis cn_000: float64, float64
[2023-02-08 23:11:51,863] 84 root - INFO - Hypothesis cn_001: float64, float64
[2023-02-08 23:11:51,901] 84 root - INFO - Hypothesis cn_002: float64, float64
[2023-02-08 23:11:51,936] 84 root - INFO - Hypothesis cn_003: float64, float64
[2023-02-08 23:11:51,973] 84 root - INFO - Hypothesis cn_004: float64, float64
[2023-02-08 23:11:52,011] 84 root - INFO - Hypothesis cn_005: float64, float64
[2023-02-08 23:11:52,043] 84 root - INFO - Hypothesis cn_006: float64, float64
[2023-02-08 23:11:52,079] 84 root - INFO - Hypothesis cn_007: float64, float64
[2023-02-08 23:11:52,089] 84 root - INFO - Hypothesis cn_008: float64, float64
[2023-02-08 23:11:52,098] 84 root - INFO - Hypothesis cn_009: float64, float64
[2023-02-08 23:11:52,107] 84 root - INFO - Hypothesis cp_000: float64, float64
[2023-02-08 23:11:52,141] 84 root - INFO - Hypothesis cq_000: float64, float64
[2023-02-08 23:11:52,179] 84 root - INFO - Hypothesis cs_000: float64, float64
[2023-02-08 23:11:52,212] 84 root - INFO - Hypothesis cs_001: float64, float64
[2023-02-08 23:11:52,242] 84 root - INFO - Hypothesis cs_002: float64, float64
[2023-02-08 23:11:52,252] 84 root - INFO - Hypothesis cs_003: float64, float64
[2023-02-08 23:11:52,285] 84 root - INFO - Hypothesis cs_004: float64, float64
[2023-02-08 23:11:52,294] 84 root - INFO - Hypothesis cs_005: float64, float64
[2023-02-08 23:11:52,329] 84 root - INFO - Hypothesis cs_006: float64, float64
[2023-02-08 23:11:52,357] 84 root - INFO - Hypothesis cs_007: float64, float64
[2023-02-08 23:11:52,389] 84 root - INFO - Hypothesis cs_008: float64, float64
[2023-02-08 23:11:52,398] 84 root - INFO - Hypothesis cs_009: float64, float64
[2023-02-08 23:11:52,435] 84 root - INFO - Hypothesis dd_000: float64, float64
[2023-02-08 23:11:52,463] 84 root - INFO - Hypothesis de_000: float64, float64
[2023-02-08 23:11:52,472] 84 root - INFO - Hypothesis df_000: float64, float64
[2023-02-08 23:11:52,504] 84 root - INFO - Hypothesis dg_000: float64, float64
[2023-02-08 23:11:52,535] 84 root - INFO - Hypothesis dh_000: float64, float64
[2023-02-08 23:11:52,578] 84 root - INFO - Hypothesis di_000: float64, float64
[2023-02-08 23:11:52,613] 84 root - INFO - Hypothesis dj_000: float64, float64
[2023-02-08 23:11:52,639] 84 root - INFO - Hypothesis dk_000: float64, float64
[2023-02-08 23:11:52,664] 84 root - INFO - Hypothesis dl_000: float64, float64
[2023-02-08 23:11:52,697] 84 root - INFO - Hypothesis dm_000: float64, float64
[2023-02-08 23:11:52,727] 84 root - INFO - Hypothesis dn_000: float64, float64
[2023-02-08 23:11:52,736] 84 root - INFO - Hypothesis do_000: float64, float64
[2023-02-08 23:11:52,745] 84 root - INFO - Hypothesis dp_000: float64, float64
[2023-02-08 23:11:52,775] 84 root - INFO - Hypothesis dq_000: float64, float64
[2023-02-08 23:11:52,784] 84 root - INFO - Hypothesis dr_000: float64, float64
[2023-02-08 23:11:52,825] 84 root - INFO - Hypothesis ds_000: float64, float64
[2023-02-08 23:11:52,836] 84 root - INFO - Hypothesis dt_000: float64, float64
[2023-02-08 23:11:52,914] 84 root - INFO - Hypothesis du_000: float64, float64
[2023-02-08 23:11:52,924] 84 root - INFO - Hypothesis dv_000: float64, float64
[2023-02-08 23:11:52,962] 84 root - INFO - Hypothesis dx_000: float64, float64
[2023-02-08 23:11:52,997] 84 root - INFO - Hypothesis dy_000: float64, float64
[2023-02-08 23:11:53,029] 84 root - INFO - Hypothesis dz_000: float64, float64
[2023-02-08 23:11:53,056] 84 root - INFO - Hypothesis ea_000: float64, float64
[2023-02-08 23:11:53,085] 84 root - INFO - Hypothesis eb_000: float64, float64
[2023-02-08 23:11:53,121] 84 root - INFO - Hypothesis ec_00: float64, float64
[2023-02-08 23:11:53,131] 84 root - INFO - Hypothesis ed_000: float64, float64
[2023-02-08 23:11:53,161] 84 root - INFO - Hypothesis ee_000: float64, float64
[2023-02-08 23:11:53,170] 84 root - INFO - Hypothesis ee_001: float64, float64
[2023-02-08 23:11:53,207] 84 root - INFO - Hypothesis ee_002: float64, float64
[2023-02-08 23:11:53,246] 84 root - INFO - Hypothesis ee_003: float64, float64
[2023-02-08 23:11:53,278] 84 root - INFO - Hypothesis ee_004: float64, float64
[2023-02-08 23:11:53,309] 84 root - INFO - Hypothesis ee_005: float64, float64
[2023-02-08 23:11:53,345] 84 root - INFO - Hypothesis ee_006: float64, float64
[2023-02-08 23:11:53,377] 84 root - INFO - Hypothesis ee_007: float64, float64
[2023-02-08 23:11:53,415] 84 root - INFO - Hypothesis ee_008: float64, float64
[2023-02-08 23:11:53,425] 84 root - INFO - Hypothesis ee_009: float64, float64
[2023-02-08 23:11:53,434] 84 root - INFO - Hypothesis ef_000: float64, float64
[2023-02-08 23:11:53,465] 84 root - INFO - Hypothesis eg_000: float64, float64
[2023-02-08 23:11:53,492] 139 root - INFO - As all columns are available in test df hence detecting data drift
[2023-02-08 23:11:53,493] 84 root - INFO - Hypothesis class: object, object
[2023-02-08 23:11:53,539] 84 root - INFO - Hypothesis aa_000: float64, float64
[2023-02-08 23:11:53,546] 84 root - INFO - Hypothesis ac_000: float64, float64
[2023-02-08 23:11:53,552] 84 root - INFO - Hypothesis ae_000: float64, float64
[2023-02-08 23:11:53,567] 84 root - INFO - Hypothesis af_000: float64, float64
[2023-02-08 23:11:53,581] 84 root - INFO - Hypothesis ag_000: float64, float64
[2023-02-08 23:11:53,594] 84 root - INFO - Hypothesis ag_001: float64, float64
[2023-02-08 23:11:53,605] 84 root - INFO - Hypothesis ag_002: float64, float64
[2023-02-08 23:11:53,619] 84 root - INFO - Hypothesis ag_003: float64, float64
[2023-02-08 23:11:53,624] 84 root - INFO - Hypothesis ag_004: float64, float64
[2023-02-08 23:11:53,630] 84 root - INFO - Hypothesis ag_005: float64, float64
[2023-02-08 23:11:53,637] 84 root - INFO - Hypothesis ag_006: float64, float64
[2023-02-08 23:11:53,643] 84 root - INFO - Hypothesis ag_007: float64, float64
[2023-02-08 23:11:53,650] 84 root - INFO - Hypothesis ag_008: float64, float64
[2023-02-08 23:11:53,655] 84 root - INFO - Hypothesis ag_009: float64, float64
[2023-02-08 23:11:53,661] 84 root - INFO - Hypothesis ah_000: float64, float64
[2023-02-08 23:11:53,669] 84 root - INFO - Hypothesis ai_000: float64, float64
[2023-02-08 23:11:53,674] 84 root - INFO - Hypothesis aj_000: float64, float64
[2023-02-08 23:11:53,680] 84 root - INFO - Hypothesis ak_000: float64, float64
[2023-02-08 23:11:53,697] 84 root - INFO - Hypothesis al_000: float64, float64
[2023-02-08 23:11:53,704] 84 root - INFO - Hypothesis am_0: float64, float64
[2023-02-08 23:11:53,709] 84 root - INFO - Hypothesis an_000: float64, float64
[2023-02-08 23:11:53,716] 84 root - INFO - Hypothesis ao_000: float64, float64
[2023-02-08 23:11:53,722] 84 root - INFO - Hypothesis ap_000: float64, float64
[2023-02-08 23:11:53,728] 84 root - INFO - Hypothesis aq_000: float64, float64
[2023-02-08 23:11:53,734] 84 root - INFO - Hypothesis ar_000: float64, float64
[2023-02-08 23:11:53,739] 84 root - INFO - Hypothesis as_000: float64, float64
[2023-02-08 23:11:53,753] 84 root - INFO - Hypothesis at_000: float64, float64
[2023-02-08 23:11:53,759] 84 root - INFO - Hypothesis au_000: float64, float64
[2023-02-08 23:11:53,772] 84 root - INFO - Hypothesis av_000: float64, float64
[2023-02-08 23:11:53,779] 84 root - INFO - Hypothesis ax_000: float64, float64
[2023-02-08 23:11:53,785] 84 root - INFO - Hypothesis ay_000: float64, float64
[2023-02-08 23:11:53,800] 84 root - INFO - Hypothesis ay_001: float64, float64
[2023-02-08 23:11:53,817] 84 root - INFO - Hypothesis ay_002: float64, float64
[2023-02-08 23:11:53,832] 84 root - INFO - Hypothesis ay_003: float64, float64
[2023-02-08 23:11:53,848] 84 root - INFO - Hypothesis ay_004: float64, float64
[2023-02-08 23:11:53,865] 84 root - INFO - Hypothesis ay_005: float64, float64
[2023-02-08 23:11:53,870] 84 root - INFO - Hypothesis ay_006: float64, float64
[2023-02-08 23:11:53,875] 84 root - INFO - Hypothesis ay_007: float64, float64
[2023-02-08 23:11:53,881] 84 root - INFO - Hypothesis ay_008: float64, float64
[2023-02-08 23:11:53,888] 84 root - INFO - Hypothesis ay_009: float64, float64
[2023-02-08 23:11:53,901] 84 root - INFO - Hypothesis az_000: float64, float64
[2023-02-08 23:11:53,908] 84 root - INFO - Hypothesis az_001: float64, float64
[2023-02-08 23:11:53,915] 84 root - INFO - Hypothesis az_002: float64, float64
[2023-02-08 23:11:53,923] 84 root - INFO - Hypothesis az_003: float64, float64
[2023-02-08 23:11:53,932] 84 root - INFO - Hypothesis az_004: float64, float64
[2023-02-08 23:11:53,939] 84 root - INFO - Hypothesis az_005: float64, float64
[2023-02-08 23:11:53,947] 84 root - INFO - Hypothesis az_006: float64, float64
[2023-02-08 23:11:53,956] 84 root - INFO - Hypothesis az_007: float64, float64
[2023-02-08 23:11:53,964] 84 root - INFO - Hypothesis az_008: float64, float64
[2023-02-08 23:11:53,972] 84 root - INFO - Hypothesis az_009: float64, float64
[2023-02-08 23:11:53,990] 84 root - INFO - Hypothesis ba_000: float64, float64
[2023-02-08 23:11:53,998] 84 root - INFO - Hypothesis ba_001: float64, float64
[2023-02-08 23:11:54,007] 84 root - INFO - Hypothesis ba_002: float64, float64
[2023-02-08 23:11:54,014] 84 root - INFO - Hypothesis ba_003: float64, float64
[2023-02-08 23:11:54,019] 84 root - INFO - Hypothesis ba_004: float64, float64
[2023-02-08 23:11:54,024] 84 root - INFO - Hypothesis ba_005: float64, float64
[2023-02-08 23:11:54,029] 84 root - INFO - Hypothesis ba_006: float64, float64
[2023-02-08 23:11:54,034] 84 root - INFO - Hypothesis ba_007: float64, float64
[2023-02-08 23:11:54,038] 84 root - INFO - Hypothesis ba_008: float64, float64
[2023-02-08 23:11:54,043] 84 root - INFO - Hypothesis ba_009: float64, float64
[2023-02-08 23:11:54,047] 84 root - INFO - Hypothesis bb_000: float64, float64
[2023-02-08 23:11:54,052] 84 root - INFO - Hypothesis bc_000: float64, float64
[2023-02-08 23:11:54,057] 84 root - INFO - Hypothesis bd_000: float64, float64
[2023-02-08 23:11:54,062] 84 root - INFO - Hypothesis be_000: float64, float64
[2023-02-08 23:11:54,067] 84 root - INFO - Hypothesis bf_000: float64, float64
[2023-02-08 23:11:54,074] 84 root - INFO - Hypothesis bg_000: float64, float64
[2023-02-08 23:11:54,082] 84 root - INFO - Hypothesis bh_000: float64, float64
[2023-02-08 23:11:54,090] 84 root - INFO - Hypothesis bi_000: float64, float64
[2023-02-08 23:11:54,096] 84 root - INFO - Hypothesis bj_000: float64, float64
[2023-02-08 23:11:54,104] 84 root - INFO - Hypothesis bs_000: float64, float64
[2023-02-08 23:11:54,109] 84 root - INFO - Hypothesis bt_000: float64, float64
[2023-02-08 23:11:54,117] 84 root - INFO - Hypothesis bu_000: float64, float64
[2023-02-08 23:11:54,123] 84 root - INFO - Hypothesis bv_000: float64, float64
[2023-02-08 23:11:54,130] 84 root - INFO - Hypothesis bx_000: float64, float64
[2023-02-08 23:11:54,137] 84 root - INFO - Hypothesis by_000: float64, float64
[2023-02-08 23:11:54,143] 84 root - INFO - Hypothesis bz_000: float64, float64
[2023-02-08 23:11:54,148] 84 root - INFO - Hypothesis ca_000: float64, float64
[2023-02-08 23:11:54,154] 84 root - INFO - Hypothesis cb_000: float64, float64
[2023-02-08 23:11:54,159] 84 root - INFO - Hypothesis cc_000: float64, float64
[2023-02-08 23:11:54,164] 84 root - INFO - Hypothesis cd_000: float64, float64
[2023-02-08 23:11:54,177] 84 root - INFO - Hypothesis ce_000: float64, float64
[2023-02-08 23:11:54,182] 84 root - INFO - Hypothesis ci_000: float64, float64
[2023-02-08 23:11:54,188] 84 root - INFO - Hypothesis cj_000: float64, float64
[2023-02-08 23:11:54,194] 84 root - INFO - Hypothesis ck_000: float64, float64
[2023-02-08 23:11:54,203] 84 root - INFO - Hypothesis cl_000: float64, float64
[2023-02-08 23:11:54,209] 84 root - INFO - Hypothesis cm_000: float64, float64
[2023-02-08 23:11:54,214] 84 root - INFO - Hypothesis cn_000: float64, float64
[2023-02-08 23:11:54,225] 84 root - INFO - Hypothesis cn_001: float64, float64
[2023-02-08 23:11:54,229] 84 root - INFO - Hypothesis cn_002: float64, float64
[2023-02-08 23:11:54,234] 84 root - INFO - Hypothesis cn_003: float64, float64
[2023-02-08 23:11:54,239] 84 root - INFO - Hypothesis cn_004: float64, float64
[2023-02-08 23:11:54,244] 84 root - INFO - Hypothesis cn_005: float64, float64
[2023-02-08 23:11:54,250] 84 root - INFO - Hypothesis cn_006: float64, float64
[2023-02-08 23:11:54,254] 84 root - INFO - Hypothesis cn_007: float64, float64
[2023-02-08 23:11:54,259] 84 root - INFO - Hypothesis cn_008: float64, float64
[2023-02-08 23:11:54,264] 84 root - INFO - Hypothesis cn_009: float64, float64
[2023-02-08 23:11:54,270] 84 root - INFO - Hypothesis cp_000: float64, float64
[2023-02-08 23:11:54,273] 84 root - INFO - Hypothesis cq_000: float64, float64
[2023-02-08 23:11:54,279] 84 root - INFO - Hypothesis cs_000: float64, float64
[2023-02-08 23:11:54,285] 84 root - INFO - Hypothesis cs_001: float64, float64
[2023-02-08 23:11:54,290] 84 root - INFO - Hypothesis cs_002: float64, float64
[2023-02-08 23:11:54,295] 84 root - INFO - Hypothesis cs_003: float64, float64
[2023-02-08 23:11:54,302] 84 root - INFO - Hypothesis cs_004: float64, float64
[2023-02-08 23:11:54,310] 84 root - INFO - Hypothesis cs_005: float64, float64
[2023-02-08 23:11:54,317] 84 root - INFO - Hypothesis cs_006: float64, float64
[2023-02-08 23:11:54,326] 84 root - INFO - Hypothesis cs_007: float64, float64
[2023-02-08 23:11:54,333] 84 root - INFO - Hypothesis cs_008: float64, float64
[2023-02-08 23:11:54,340] 84 root - INFO - Hypothesis cs_009: float64, float64
[2023-02-08 23:11:54,358] 84 root - INFO - Hypothesis dd_000: float64, float64
[2023-02-08 23:11:54,365] 84 root - INFO - Hypothesis de_000: float64, float64
[2023-02-08 23:11:54,371] 84 root - INFO - Hypothesis df_000: float64, float64
[2023-02-08 23:11:54,378] 84 root - INFO - Hypothesis dg_000: float64, float64
[2023-02-08 23:11:54,383] 84 root - INFO - Hypothesis dh_000: float64, float64
[2023-02-08 23:11:54,388] 84 root - INFO - Hypothesis di_000: float64, float64
[2023-02-08 23:11:54,392] 84 root - INFO - Hypothesis dj_000: float64, float64
[2023-02-08 23:11:54,396] 84 root - INFO - Hypothesis dk_000: float64, float64
[2023-02-08 23:11:54,400] 84 root - INFO - Hypothesis dl_000: float64, float64
[2023-02-08 23:11:54,404] 84 root - INFO - Hypothesis dm_000: float64, float64
[2023-02-08 23:11:54,410] 84 root - INFO - Hypothesis dn_000: float64, float64
[2023-02-08 23:11:54,414] 84 root - INFO - Hypothesis do_000: float64, float64
[2023-02-08 23:11:54,420] 84 root - INFO - Hypothesis dp_000: float64, float64
[2023-02-08 23:11:54,427] 84 root - INFO - Hypothesis dq_000: float64, float64
[2023-02-08 23:11:54,431] 84 root - INFO - Hypothesis dr_000: float64, float64
[2023-02-08 23:11:54,438] 84 root - INFO - Hypothesis ds_000: float64, float64
[2023-02-08 23:11:54,444] 84 root - INFO - Hypothesis dt_000: float64, float64
[2023-02-08 23:11:54,452] 84 root - INFO - Hypothesis du_000: float64, float64
[2023-02-08 23:11:54,458] 84 root - INFO - Hypothesis dv_000: float64, float64
[2023-02-08 23:11:54,463] 84 root - INFO - Hypothesis dx_000: float64, float64
[2023-02-08 23:11:54,468] 84 root - INFO - Hypothesis dy_000: float64, float64
[2023-02-08 23:11:54,473] 84 root - INFO - Hypothesis dz_000: float64, float64
[2023-02-08 23:11:54,483] 84 root - INFO - Hypothesis ea_000: float64, float64
[2023-02-08 23:11:54,496] 84 root - INFO - Hypothesis eb_000: float64, float64
[2023-02-08 23:11:54,503] 84 root - INFO - Hypothesis ec_00: float64, float64
[2023-02-08 23:11:54,509] 84 root - INFO - Hypothesis ed_000: float64, float64
[2023-02-08 23:11:54,514] 84 root - INFO - Hypothesis ee_000: float64, float64
[2023-02-08 23:11:54,521] 84 root - INFO - Hypothesis ee_001: float64, float64
[2023-02-08 23:11:54,527] 84 root - INFO - Hypothesis ee_002: float64, float64
[2023-02-08 23:11:54,533] 84 root - INFO - Hypothesis ee_003: float64, float64
[2023-02-08 23:11:54,538] 84 root - INFO - Hypothesis ee_004: float64, float64
[2023-02-08 23:11:54,544] 84 root - INFO - Hypothesis ee_005: float64, float64
[2023-02-08 23:11:54,548] 84 root - INFO - Hypothesis ee_006: float64, float64
[2023-02-08 23:11:54,554] 84 root - INFO - Hypothesis ee_007: float64, float64
[2023-02-08 23:11:54,559] 84 root - INFO - Hypothesis ee_008: float64, float64
[2023-02-08 23:11:54,565] 84 root - INFO - Hypothesis ee_009: float64, float64
[2023-02-08 23:11:54,572] 84 root - INFO - Hypothesis ef_000: float64, float64
[2023-02-08 23:11:54,588] 84 root - INFO - Hypothesis eg_000: float64, float64
[2023-02-08 23:11:54,601] 144 root - INFO - Writing report to yaml file
[2023-02-08 23:11:54,657] 149 root - INFO - Data Validation artifact: DataValidationArtifact(report_file_path='C:\\Users\\shara\\ML_Projects\\artifact\\020823__231109\\data_validation\\report.yaml')
[2023-02-08 23:11:55,452] 73 root - INFO - Before resampling in training set Input: (28950, 170) Target: (7238,)
