[2023-02-08 23:36:06,097] 159 numexpr.utils - INFO - NumExpr defaulting to 8 threads.
[2023-02-08 23:36:10,141] 17 root - INFO - >>>>>>>>>>>>>>>>>>>>>>>>>>>>>>>>>>>>>>>> Data Ingestion <<<<<<<<<<<<<<<<<<<<<<<<<<<<<<<<<<<<<<<<
[2023-02-08 23:36:10,141] 24 root - INFO - Exporting collection data as pandas DataFrame
[2023-02-08 23:36:10,142] 13 root - INFO - Reading data from database: APS and collection: Sensor
[2023-02-08 23:36:37,752] 15 root - INFO - Found columns: Index(['_id', 'class', 'aa_000', 'ab_000', 'ac_000', 'ad_000', 'ae_000',
       'af_000', 'ag_000', 'ag_001',
       ...
       'ee_002', 'ee_003', 'ee_004', 'ee_005', 'ee_006', 'ee_007', 'ee_008',
       'ee_009', 'ef_000', 'eg_000'],
      dtype='object', length=172)
[2023-02-08 23:36:37,759] 17 root - INFO - Dropping column: _id
[2023-02-08 23:36:38,010] 19 root - INFO - Row and columns in df : (36188, 171)
[2023-02-08 23:36:38,010] 29 root - INFO - save data in feature store
[2023-02-08 23:36:38,392] 35 root - INFO - Create feature store folder if not available
[2023-02-08 23:36:38,394] 39 root - INFO - Save df to feature store folder
[2023-02-08 23:36:40,083] 43 root - INFO - split dataset into train and test set
[2023-02-08 23:36:40,541] 47 root - INFO - create dataset directory folder if not available
[2023-02-08 23:36:40,542] 52 root - INFO - Save df to feature store folder
[2023-02-08 23:36:42,601] 64 root - INFO - Data ingestion artifact: DataIngestionArtifact(feature_store_file_path='C:\\Users\\shara\\ML_Projects\\artifact\\020823__233610\\data_ingestion\\feature_store\\sensor.csv', train_file_path='C:\\Users\\shara\\ML_Projects\\artifact\\020823__233610\\data_ingestion\\dataset\\train.csv', test_file_path='C:\\Users\\shara\\ML_Projects\\artifact\\020823__233610\\data_ingestion\\dataset\\test.csv')
[2023-02-08 23:36:43,041] 18 root - INFO - >>>>>>>>>>>>>>>>>>>>>>>>>>>>>>>>>>>>>>>> Data Validation <<<<<<<<<<<<<<<<<<<<<<<<<<<<<<<<<<<<<<<<
[2023-02-08 23:36:43,041] 107 root - INFO - Reading base DataFrame
[2023-02-08 23:36:44,935] 110 root - INFO - Replace na value in base df
[2023-02-08 23:36:44,935] 112 root - INFO - Drop null values column from base df
[2023-02-08 23:36:45,531] 41 root - INFO - Selecting column names which contain null values above to 0.2
[2023-02-08 23:36:45,531] 43 root - INFO - columns to drop: ['ab_000', 'ad_000', 'bk_000', 'bl_000', 'bm_000', 'bn_000', 'bo_000', 'bp_000', 'bq_000', 'br_000', 'cf_000', 'cg_000', 'ch_000', 'co_000', 'cr_000', 'ct_000', 'cu_000', 'cv_000', 'cx_000', 'cy_000', 'cz_000', 'da_000', 'db_000', 'dc_000']
[2023-02-08 23:36:45,600] 115 root - INFO - Reading train DataFrame
[2023-02-08 23:36:45,961] 117 root - INFO - Reading test DataFrame
[2023-02-08 23:36:46,074] 120 root - INFO - Drop null values column from train DataFrame
[2023-02-08 23:36:46,085] 41 root - INFO - Selecting column names which contain null values above to 0.2
[2023-02-08 23:36:46,086] 43 root - INFO - columns to drop: ['ab_000', 'ad_000', 'bk_000', 'bl_000', 'bm_000', 'bn_000', 'bo_000', 'bp_000', 'bq_000', 'br_000', 'cf_000', 'cg_000', 'ch_000', 'co_000', 'cr_000', 'ct_000', 'cu_000', 'cv_000', 'cx_000', 'cy_000', 'cz_000', 'da_000', 'db_000', 'dc_000']
[2023-02-08 23:36:46,094] 122 root - INFO - Drop null values column from test DataFrame
[2023-02-08 23:36:46,097] 41 root - INFO - Selecting column names which contain null values above to 0.2
[2023-02-08 23:36:46,097] 43 root - INFO - columns to drop: ['ab_000', 'ad_000', 'bk_000', 'bl_000', 'bm_000', 'bn_000', 'bo_000', 'bp_000', 'bq_000', 'br_000', 'cf_000', 'cg_000', 'ch_000', 'co_000', 'cr_000', 'ct_000', 'cu_000', 'cv_000', 'cx_000', 'cy_000', 'cz_000', 'da_000', 'db_000', 'dc_000']
[2023-02-08 23:36:51,408] 130 root - INFO - Is all required columns present in train df
[2023-02-08 23:36:51,408] 132 root - INFO - Is all required columns present in test df
[2023-02-08 23:36:51,408] 136 root - INFO - As all columns are available in train df hence detecting data drift
[2023-02-08 23:36:51,408] 84 root - INFO - Hypothesis class: object, object
[2023-02-08 23:36:51,569] 84 root - INFO - Hypothesis aa_000: float64, float64
[2023-02-08 23:36:51,579] 84 root - INFO - Hypothesis ac_000: float64, float64
[2023-02-08 23:36:51,588] 84 root - INFO - Hypothesis ae_000: float64, float64
[2023-02-08 23:36:51,615] 84 root - INFO - Hypothesis af_000: float64, float64
[2023-02-08 23:36:51,643] 84 root - INFO - Hypothesis ag_000: float64, float64
[2023-02-08 23:36:51,667] 84 root - INFO - Hypothesis ag_001: float64, float64
[2023-02-08 23:36:51,691] 84 root - INFO - Hypothesis ag_002: float64, float64
[2023-02-08 23:36:51,724] 84 root - INFO - Hypothesis ag_003: float64, float64
[2023-02-08 23:36:51,765] 84 root - INFO - Hypothesis ag_004: float64, float64
[2023-02-08 23:36:51,774] 84 root - INFO - Hypothesis ag_005: float64, float64
[2023-02-08 23:36:51,782] 84 root - INFO - Hypothesis ag_006: float64, float64
[2023-02-08 23:36:51,792] 84 root - INFO - Hypothesis ag_007: float64, float64
[2023-02-08 23:36:51,801] 84 root - INFO - Hypothesis ag_008: float64, float64
[2023-02-08 23:36:51,809] 84 root - INFO - Hypothesis ag_009: float64, float64
[2023-02-08 23:36:51,816] 84 root - INFO - Hypothesis ah_000: float64, float64
[2023-02-08 23:36:51,825] 84 root - INFO - Hypothesis ai_000: float64, float64
[2023-02-08 23:36:51,833] 84 root - INFO - Hypothesis aj_000: float64, float64
[2023-02-08 23:36:51,859] 84 root - INFO - Hypothesis ak_000: float64, float64
[2023-02-08 23:36:51,891] 84 root - INFO - Hypothesis al_000: float64, float64
[2023-02-08 23:36:51,903] 84 root - INFO - Hypothesis am_0: float64, float64
[2023-02-08 23:36:51,913] 84 root - INFO - Hypothesis an_000: float64, float64
[2023-02-08 23:36:51,924] 84 root - INFO - Hypothesis ao_000: float64, float64
[2023-02-08 23:36:51,932] 84 root - INFO - Hypothesis ap_000: float64, float64
[2023-02-08 23:36:51,941] 84 root - INFO - Hypothesis aq_000: float64, float64
[2023-02-08 23:36:51,949] 84 root - INFO - Hypothesis ar_000: float64, float64
[2023-02-08 23:36:51,985] 84 root - INFO - Hypothesis as_000: float64, float64
[2023-02-08 23:36:52,015] 84 root - INFO - Hypothesis at_000: float64, float64
[2023-02-08 23:36:52,041] 84 root - INFO - Hypothesis au_000: float64, float64
[2023-02-08 23:36:52,064] 84 root - INFO - Hypothesis av_000: float64, float64
[2023-02-08 23:36:52,073] 84 root - INFO - Hypothesis ax_000: float64, float64
[2023-02-08 23:36:52,084] 84 root - INFO - Hypothesis ay_000: float64, float64
[2023-02-08 23:36:52,112] 84 root - INFO - Hypothesis ay_001: float64, float64
[2023-02-08 23:36:52,143] 84 root - INFO - Hypothesis ay_002: float64, float64
[2023-02-08 23:36:52,176] 84 root - INFO - Hypothesis ay_003: float64, float64
[2023-02-08 23:36:52,206] 84 root - INFO - Hypothesis ay_004: float64, float64
[2023-02-08 23:36:52,233] 84 root - INFO - Hypothesis ay_005: float64, float64
[2023-02-08 23:36:52,263] 84 root - INFO - Hypothesis ay_006: float64, float64
[2023-02-08 23:36:52,292] 84 root - INFO - Hypothesis ay_007: float64, float64
[2023-02-08 23:36:52,301] 84 root - INFO - Hypothesis ay_008: float64, float64
[2023-02-08 23:36:52,336] 84 root - INFO - Hypothesis ay_009: float64, float64
[2023-02-08 23:36:52,370] 84 root - INFO - Hypothesis az_000: float64, float64
[2023-02-08 23:36:52,380] 84 root - INFO - Hypothesis az_001: float64, float64
[2023-02-08 23:36:52,389] 84 root - INFO - Hypothesis az_002: float64, float64
[2023-02-08 23:36:52,415] 84 root - INFO - Hypothesis az_003: float64, float64
[2023-02-08 23:36:52,425] 84 root - INFO - Hypothesis az_004: float64, float64
[2023-02-08 23:36:52,436] 84 root - INFO - Hypothesis az_005: float64, float64
[2023-02-08 23:36:52,464] 84 root - INFO - Hypothesis az_006: float64, float64
[2023-02-08 23:36:52,473] 84 root - INFO - Hypothesis az_007: float64, float64
[2023-02-08 23:36:52,504] 84 root - INFO - Hypothesis az_008: float64, float64
[2023-02-08 23:36:52,534] 84 root - INFO - Hypothesis az_009: float64, float64
[2023-02-08 23:36:52,563] 84 root - INFO - Hypothesis ba_000: float64, float64
[2023-02-08 23:36:52,573] 84 root - INFO - Hypothesis ba_001: float64, float64
[2023-02-08 23:36:52,581] 84 root - INFO - Hypothesis ba_002: float64, float64
[2023-02-08 23:36:52,590] 84 root - INFO - Hypothesis ba_003: float64, float64
[2023-02-08 23:36:52,599] 84 root - INFO - Hypothesis ba_004: float64, float64
[2023-02-08 23:36:52,608] 84 root - INFO - Hypothesis ba_005: float64, float64
[2023-02-08 23:36:52,616] 84 root - INFO - Hypothesis ba_006: float64, float64
[2023-02-08 23:36:52,626] 84 root - INFO - Hypothesis ba_007: float64, float64
[2023-02-08 23:36:52,634] 84 root - INFO - Hypothesis ba_008: float64, float64
[2023-02-08 23:36:52,643] 84 root - INFO - Hypothesis ba_009: float64, float64
[2023-02-08 23:36:52,683] 84 root - INFO - Hypothesis bb_000: float64, float64
[2023-02-08 23:36:52,693] 84 root - INFO - Hypothesis bc_000: float64, float64
[2023-02-08 23:36:52,702] 84 root - INFO - Hypothesis bd_000: float64, float64
[2023-02-08 23:36:52,747] 84 root - INFO - Hypothesis be_000: float64, float64
[2023-02-08 23:36:52,788] 84 root - INFO - Hypothesis bf_000: float64, float64
[2023-02-08 23:36:52,797] 84 root - INFO - Hypothesis bg_000: float64, float64
[2023-02-08 23:36:52,807] 84 root - INFO - Hypothesis bh_000: float64, float64
[2023-02-08 23:36:52,817] 84 root - INFO - Hypothesis bi_000: float64, float64
[2023-02-08 23:36:52,826] 84 root - INFO - Hypothesis bj_000: float64, float64
[2023-02-08 23:36:52,837] 84 root - INFO - Hypothesis bs_000: float64, float64
[2023-02-08 23:36:52,847] 84 root - INFO - Hypothesis bt_000: float64, float64
[2023-02-08 23:36:52,858] 84 root - INFO - Hypothesis bu_000: float64, float64
[2023-02-08 23:36:52,868] 84 root - INFO - Hypothesis bv_000: float64, float64
[2023-02-08 23:36:52,878] 84 root - INFO - Hypothesis bx_000: float64, float64
[2023-02-08 23:36:52,912] 84 root - INFO - Hypothesis by_000: float64, float64
[2023-02-08 23:36:52,923] 84 root - INFO - Hypothesis bz_000: float64, float64
[2023-02-08 23:36:52,952] 84 root - INFO - Hypothesis ca_000: float64, float64
[2023-02-08 23:36:52,962] 84 root - INFO - Hypothesis cb_000: float64, float64
[2023-02-08 23:36:52,971] 84 root - INFO - Hypothesis cc_000: float64, float64
[2023-02-08 23:36:52,981] 84 root - INFO - Hypothesis cd_000: float64, float64
[2023-02-08 23:36:53,013] 84 root - INFO - Hypothesis ce_000: float64, float64
[2023-02-08 23:36:53,043] 84 root - INFO - Hypothesis ci_000: float64, float64
[2023-02-08 23:36:53,053] 84 root - INFO - Hypothesis cj_000: float64, float64
[2023-02-08 23:36:53,087] 84 root - INFO - Hypothesis ck_000: float64, float64
[2023-02-08 23:36:53,097] 84 root - INFO - Hypothesis cl_000: float64, float64
[2023-02-08 23:36:53,131] 84 root - INFO - Hypothesis cm_000: float64, float64
[2023-02-08 23:36:53,141] 84 root - INFO - Hypothesis cn_000: float64, float64
[2023-02-08 23:36:53,174] 84 root - INFO - Hypothesis cn_001: float64, float64
[2023-02-08 23:36:53,203] 84 root - INFO - Hypothesis cn_002: float64, float64
[2023-02-08 23:36:53,211] 84 root - INFO - Hypothesis cn_003: float64, float64
[2023-02-08 23:36:53,244] 84 root - INFO - Hypothesis cn_004: float64, float64
[2023-02-08 23:36:53,276] 84 root - INFO - Hypothesis cn_005: float64, float64
[2023-02-08 23:36:53,287] 84 root - INFO - Hypothesis cn_006: float64, float64
[2023-02-08 23:36:53,298] 84 root - INFO - Hypothesis cn_007: float64, float64
[2023-02-08 23:36:53,309] 84 root - INFO - Hypothesis cn_008: float64, float64
[2023-02-08 23:36:53,337] 84 root - INFO - Hypothesis cn_009: float64, float64
[2023-02-08 23:36:53,369] 84 root - INFO - Hypothesis cp_000: float64, float64
[2023-02-08 23:36:53,377] 84 root - INFO - Hypothesis cq_000: float64, float64
[2023-02-08 23:36:53,386] 84 root - INFO - Hypothesis cs_000: float64, float64
[2023-02-08 23:36:53,425] 84 root - INFO - Hypothesis cs_001: float64, float64
[2023-02-08 23:36:53,435] 84 root - INFO - Hypothesis cs_002: float64, float64
[2023-02-08 23:36:53,446] 84 root - INFO - Hypothesis cs_003: float64, float64
[2023-02-08 23:36:53,456] 84 root - INFO - Hypothesis cs_004: float64, float64
[2023-02-08 23:36:53,465] 84 root - INFO - Hypothesis cs_005: float64, float64
[2023-02-08 23:36:53,475] 84 root - INFO - Hypothesis cs_006: float64, float64
[2023-02-08 23:36:53,486] 84 root - INFO - Hypothesis cs_007: float64, float64
[2023-02-08 23:36:53,496] 84 root - INFO - Hypothesis cs_008: float64, float64
[2023-02-08 23:36:53,536] 84 root - INFO - Hypothesis cs_009: float64, float64
[2023-02-08 23:36:53,576] 84 root - INFO - Hypothesis dd_000: float64, float64
[2023-02-08 23:36:53,612] 84 root - INFO - Hypothesis de_000: float64, float64
[2023-02-08 23:36:53,622] 84 root - INFO - Hypothesis df_000: float64, float64
[2023-02-08 23:36:53,654] 84 root - INFO - Hypothesis dg_000: float64, float64
[2023-02-08 23:36:53,694] 84 root - INFO - Hypothesis dh_000: float64, float64
[2023-02-08 23:36:53,724] 84 root - INFO - Hypothesis di_000: float64, float64
[2023-02-08 23:36:53,754] 84 root - INFO - Hypothesis dj_000: float64, float64
[2023-02-08 23:36:53,784] 84 root - INFO - Hypothesis dk_000: float64, float64
[2023-02-08 23:36:53,821] 84 root - INFO - Hypothesis dl_000: float64, float64
[2023-02-08 23:36:53,852] 84 root - INFO - Hypothesis dm_000: float64, float64
[2023-02-08 23:36:53,891] 84 root - INFO - Hypothesis dn_000: float64, float64
[2023-02-08 23:36:53,900] 84 root - INFO - Hypothesis do_000: float64, float64
[2023-02-08 23:36:53,909] 84 root - INFO - Hypothesis dp_000: float64, float64
[2023-02-08 23:36:53,918] 84 root - INFO - Hypothesis dq_000: float64, float64
[2023-02-08 23:36:53,945] 84 root - INFO - Hypothesis dr_000: float64, float64
[2023-02-08 23:36:53,976] 84 root - INFO - Hypothesis ds_000: float64, float64
[2023-02-08 23:36:53,986] 84 root - INFO - Hypothesis dt_000: float64, float64
[2023-02-08 23:36:53,997] 84 root - INFO - Hypothesis du_000: float64, float64
[2023-02-08 23:36:54,025] 84 root - INFO - Hypothesis dv_000: float64, float64
[2023-02-08 23:36:54,056] 84 root - INFO - Hypothesis dx_000: float64, float64
[2023-02-08 23:36:54,084] 84 root - INFO - Hypothesis dy_000: float64, float64
[2023-02-08 23:36:54,117] 84 root - INFO - Hypothesis dz_000: float64, float64
[2023-02-08 23:36:54,147] 84 root - INFO - Hypothesis ea_000: float64, float64
[2023-02-08 23:36:54,177] 84 root - INFO - Hypothesis eb_000: float64, float64
[2023-02-08 23:36:54,213] 84 root - INFO - Hypothesis ec_00: float64, float64
[2023-02-08 23:36:54,251] 84 root - INFO - Hypothesis ed_000: float64, float64
[2023-02-08 23:36:54,287] 84 root - INFO - Hypothesis ee_000: float64, float64
[2023-02-08 23:36:54,296] 84 root - INFO - Hypothesis ee_001: float64, float64
[2023-02-08 23:36:54,305] 84 root - INFO - Hypothesis ee_002: float64, float64
[2023-02-08 23:36:54,314] 84 root - INFO - Hypothesis ee_003: float64, float64
[2023-02-08 23:36:54,323] 84 root - INFO - Hypothesis ee_004: float64, float64
[2023-02-08 23:36:54,332] 84 root - INFO - Hypothesis ee_005: float64, float64
[2023-02-08 23:36:54,363] 84 root - INFO - Hypothesis ee_006: float64, float64
[2023-02-08 23:36:54,395] 84 root - INFO - Hypothesis ee_007: float64, float64
[2023-02-08 23:36:54,426] 84 root - INFO - Hypothesis ee_008: float64, float64
[2023-02-08 23:36:54,435] 84 root - INFO - Hypothesis ee_009: float64, float64
[2023-02-08 23:36:54,462] 84 root - INFO - Hypothesis ef_000: float64, float64
[2023-02-08 23:36:54,495] 84 root - INFO - Hypothesis eg_000: float64, float64
[2023-02-08 23:36:54,522] 139 root - INFO - As all columns are available in test df hence detecting data drift
[2023-02-08 23:36:54,522] 84 root - INFO - Hypothesis class: object, object
[2023-02-08 23:36:54,574] 84 root - INFO - Hypothesis aa_000: float64, float64
[2023-02-08 23:36:54,580] 84 root - INFO - Hypothesis ac_000: float64, float64
[2023-02-08 23:36:54,586] 84 root - INFO - Hypothesis ae_000: float64, float64
[2023-02-08 23:36:54,591] 84 root - INFO - Hypothesis af_000: float64, float64
[2023-02-08 23:36:54,596] 84 root - INFO - Hypothesis ag_000: float64, float64
[2023-02-08 23:36:54,612] 84 root - INFO - Hypothesis ag_001: float64, float64
[2023-02-08 23:36:54,624] 84 root - INFO - Hypothesis ag_002: float64, float64
[2023-02-08 23:36:54,637] 84 root - INFO - Hypothesis ag_003: float64, float64
[2023-02-08 23:36:54,642] 84 root - INFO - Hypothesis ag_004: float64, float64
[2023-02-08 23:36:54,647] 84 root - INFO - Hypothesis ag_005: float64, float64
[2023-02-08 23:36:54,652] 84 root - INFO - Hypothesis ag_006: float64, float64
[2023-02-08 23:36:54,660] 84 root - INFO - Hypothesis ag_007: float64, float64
[2023-02-08 23:36:54,666] 84 root - INFO - Hypothesis ag_008: float64, float64
[2023-02-08 23:36:54,672] 84 root - INFO - Hypothesis ag_009: float64, float64
[2023-02-08 23:36:54,678] 84 root - INFO - Hypothesis ah_000: float64, float64
[2023-02-08 23:36:54,684] 84 root - INFO - Hypothesis ai_000: float64, float64
[2023-02-08 23:36:54,690] 84 root - INFO - Hypothesis aj_000: float64, float64
[2023-02-08 23:36:54,696] 84 root - INFO - Hypothesis ak_000: float64, float64
[2023-02-08 23:36:54,707] 84 root - INFO - Hypothesis al_000: float64, float64
[2023-02-08 23:36:54,713] 84 root - INFO - Hypothesis am_0: float64, float64
[2023-02-08 23:36:54,720] 84 root - INFO - Hypothesis an_000: float64, float64
[2023-02-08 23:36:54,727] 84 root - INFO - Hypothesis ao_000: float64, float64
[2023-02-08 23:36:54,734] 84 root - INFO - Hypothesis ap_000: float64, float64
[2023-02-08 23:36:54,742] 84 root - INFO - Hypothesis aq_000: float64, float64
[2023-02-08 23:36:54,747] 84 root - INFO - Hypothesis ar_000: float64, float64
[2023-02-08 23:36:54,759] 84 root - INFO - Hypothesis as_000: float64, float64
[2023-02-08 23:36:54,771] 84 root - INFO - Hypothesis at_000: float64, float64
[2023-02-08 23:36:54,776] 84 root - INFO - Hypothesis au_000: float64, float64
[2023-02-08 23:36:54,788] 84 root - INFO - Hypothesis av_000: float64, float64
[2023-02-08 23:36:54,795] 84 root - INFO - Hypothesis ax_000: float64, float64
[2023-02-08 23:36:54,801] 84 root - INFO - Hypothesis ay_000: float64, float64
[2023-02-08 23:36:54,811] 84 root - INFO - Hypothesis ay_001: float64, float64
[2023-02-08 23:36:54,823] 84 root - INFO - Hypothesis ay_002: float64, float64
[2023-02-08 23:36:54,836] 84 root - INFO - Hypothesis ay_003: float64, float64
[2023-02-08 23:36:54,849] 84 root - INFO - Hypothesis ay_004: float64, float64
[2023-02-08 23:36:54,863] 84 root - INFO - Hypothesis ay_005: float64, float64
[2023-02-08 23:36:54,867] 84 root - INFO - Hypothesis ay_006: float64, float64
[2023-02-08 23:36:54,874] 84 root - INFO - Hypothesis ay_007: float64, float64
[2023-02-08 23:36:54,879] 84 root - INFO - Hypothesis ay_008: float64, float64
[2023-02-08 23:36:54,884] 84 root - INFO - Hypothesis ay_009: float64, float64
[2023-02-08 23:36:54,898] 84 root - INFO - Hypothesis az_000: float64, float64
[2023-02-08 23:36:54,903] 84 root - INFO - Hypothesis az_001: float64, float64
[2023-02-08 23:36:54,908] 84 root - INFO - Hypothesis az_002: float64, float64
[2023-02-08 23:36:54,914] 84 root - INFO - Hypothesis az_003: float64, float64
[2023-02-08 23:36:54,919] 84 root - INFO - Hypothesis az_004: float64, float64
[2023-02-08 23:36:54,926] 84 root - INFO - Hypothesis az_005: float64, float64
[2023-02-08 23:36:54,933] 84 root - INFO - Hypothesis az_006: float64, float64
[2023-02-08 23:36:54,938] 84 root - INFO - Hypothesis az_007: float64, float64
[2023-02-08 23:36:54,948] 84 root - INFO - Hypothesis az_008: float64, float64
[2023-02-08 23:36:54,963] 84 root - INFO - Hypothesis az_009: float64, float64
[2023-02-08 23:36:54,975] 84 root - INFO - Hypothesis ba_000: float64, float64
[2023-02-08 23:36:54,980] 84 root - INFO - Hypothesis ba_001: float64, float64
[2023-02-08 23:36:54,985] 84 root - INFO - Hypothesis ba_002: float64, float64
[2023-02-08 23:36:54,990] 84 root - INFO - Hypothesis ba_003: float64, float64
[2023-02-08 23:36:54,996] 84 root - INFO - Hypothesis ba_004: float64, float64
[2023-02-08 23:36:55,001] 84 root - INFO - Hypothesis ba_005: float64, float64
[2023-02-08 23:36:55,007] 84 root - INFO - Hypothesis ba_006: float64, float64
[2023-02-08 23:36:55,014] 84 root - INFO - Hypothesis ba_007: float64, float64
[2023-02-08 23:36:55,020] 84 root - INFO - Hypothesis ba_008: float64, float64
[2023-02-08 23:36:55,027] 84 root - INFO - Hypothesis ba_009: float64, float64
[2023-02-08 23:36:55,032] 84 root - INFO - Hypothesis bb_000: float64, float64
[2023-02-08 23:36:55,040] 84 root - INFO - Hypothesis bc_000: float64, float64
[2023-02-08 23:36:55,047] 84 root - INFO - Hypothesis bd_000: float64, float64
[2023-02-08 23:36:55,053] 84 root - INFO - Hypothesis be_000: float64, float64
[2023-02-08 23:36:55,058] 84 root - INFO - Hypothesis bf_000: float64, float64
[2023-02-08 23:36:55,064] 84 root - INFO - Hypothesis bg_000: float64, float64
[2023-02-08 23:36:55,068] 84 root - INFO - Hypothesis bh_000: float64, float64
[2023-02-08 23:36:55,075] 84 root - INFO - Hypothesis bi_000: float64, float64
[2023-02-08 23:36:55,081] 84 root - INFO - Hypothesis bj_000: float64, float64
[2023-02-08 23:36:55,086] 84 root - INFO - Hypothesis bs_000: float64, float64
[2023-02-08 23:36:55,094] 84 root - INFO - Hypothesis bt_000: float64, float64
[2023-02-08 23:36:55,101] 84 root - INFO - Hypothesis bu_000: float64, float64
[2023-02-08 23:36:55,109] 84 root - INFO - Hypothesis bv_000: float64, float64
[2023-02-08 23:36:55,115] 84 root - INFO - Hypothesis bx_000: float64, float64
[2023-02-08 23:36:55,123] 84 root - INFO - Hypothesis by_000: float64, float64
[2023-02-08 23:36:55,129] 84 root - INFO - Hypothesis bz_000: float64, float64
[2023-02-08 23:36:55,134] 84 root - INFO - Hypothesis ca_000: float64, float64
[2023-02-08 23:36:55,141] 84 root - INFO - Hypothesis cb_000: float64, float64
[2023-02-08 23:36:55,149] 84 root - INFO - Hypothesis cc_000: float64, float64
[2023-02-08 23:36:55,156] 84 root - INFO - Hypothesis cd_000: float64, float64
[2023-02-08 23:36:55,170] 84 root - INFO - Hypothesis ce_000: float64, float64
[2023-02-08 23:36:55,178] 84 root - INFO - Hypothesis ci_000: float64, float64
[2023-02-08 23:36:55,187] 84 root - INFO - Hypothesis cj_000: float64, float64
[2023-02-08 23:36:55,193] 84 root - INFO - Hypothesis ck_000: float64, float64
[2023-02-08 23:36:55,199] 84 root - INFO - Hypothesis cl_000: float64, float64
[2023-02-08 23:36:55,203] 84 root - INFO - Hypothesis cm_000: float64, float64
[2023-02-08 23:36:55,210] 84 root - INFO - Hypothesis cn_000: float64, float64
[2023-02-08 23:36:55,223] 84 root - INFO - Hypothesis cn_001: float64, float64
[2023-02-08 23:36:55,235] 84 root - INFO - Hypothesis cn_002: float64, float64
[2023-02-08 23:36:55,241] 84 root - INFO - Hypothesis cn_003: float64, float64
[2023-02-08 23:36:55,246] 84 root - INFO - Hypothesis cn_004: float64, float64
[2023-02-08 23:36:55,251] 84 root - INFO - Hypothesis cn_005: float64, float64
[2023-02-08 23:36:55,258] 84 root - INFO - Hypothesis cn_006: float64, float64
[2023-02-08 23:36:55,262] 84 root - INFO - Hypothesis cn_007: float64, float64
[2023-02-08 23:36:55,267] 84 root - INFO - Hypothesis cn_008: float64, float64
[2023-02-08 23:36:55,273] 84 root - INFO - Hypothesis cn_009: float64, float64
[2023-02-08 23:36:55,280] 84 root - INFO - Hypothesis cp_000: float64, float64
[2023-02-08 23:36:55,285] 84 root - INFO - Hypothesis cq_000: float64, float64
[2023-02-08 23:36:55,292] 84 root - INFO - Hypothesis cs_000: float64, float64
[2023-02-08 23:36:55,300] 84 root - INFO - Hypothesis cs_001: float64, float64
[2023-02-08 23:36:55,305] 84 root - INFO - Hypothesis cs_002: float64, float64
[2023-02-08 23:36:55,309] 84 root - INFO - Hypothesis cs_003: float64, float64
[2023-02-08 23:36:55,314] 84 root - INFO - Hypothesis cs_004: float64, float64
[2023-02-08 23:36:55,319] 84 root - INFO - Hypothesis cs_005: float64, float64
[2023-02-08 23:36:55,327] 84 root - INFO - Hypothesis cs_006: float64, float64
[2023-02-08 23:36:55,333] 84 root - INFO - Hypothesis cs_007: float64, float64
[2023-02-08 23:36:55,341] 84 root - INFO - Hypothesis cs_008: float64, float64
[2023-02-08 23:36:55,347] 84 root - INFO - Hypothesis cs_009: float64, float64
[2023-02-08 23:36:55,366] 84 root - INFO - Hypothesis dd_000: float64, float64
[2023-02-08 23:36:55,372] 84 root - INFO - Hypothesis de_000: float64, float64
[2023-02-08 23:36:55,379] 84 root - INFO - Hypothesis df_000: float64, float64
[2023-02-08 23:36:55,393] 84 root - INFO - Hypothesis dg_000: float64, float64
[2023-02-08 23:36:55,406] 84 root - INFO - Hypothesis dh_000: float64, float64
[2023-02-08 23:36:55,422] 84 root - INFO - Hypothesis di_000: float64, float64
[2023-02-08 23:36:55,427] 84 root - INFO - Hypothesis dj_000: float64, float64
[2023-02-08 23:36:55,440] 84 root - INFO - Hypothesis dk_000: float64, float64
[2023-02-08 23:36:55,455] 84 root - INFO - Hypothesis dl_000: float64, float64
[2023-02-08 23:36:55,467] 84 root - INFO - Hypothesis dm_000: float64, float64
[2023-02-08 23:36:55,480] 84 root - INFO - Hypothesis dn_000: float64, float64
[2023-02-08 23:36:55,486] 84 root - INFO - Hypothesis do_000: float64, float64
[2023-02-08 23:36:55,492] 84 root - INFO - Hypothesis dp_000: float64, float64
[2023-02-08 23:36:55,498] 84 root - INFO - Hypothesis dq_000: float64, float64
[2023-02-08 23:36:55,504] 84 root - INFO - Hypothesis dr_000: float64, float64
[2023-02-08 23:36:55,510] 84 root - INFO - Hypothesis ds_000: float64, float64
[2023-02-08 23:36:55,517] 84 root - INFO - Hypothesis dt_000: float64, float64
[2023-02-08 23:36:55,523] 84 root - INFO - Hypothesis du_000: float64, float64
[2023-02-08 23:36:55,529] 84 root - INFO - Hypothesis dv_000: float64, float64
[2023-02-08 23:36:55,535] 84 root - INFO - Hypothesis dx_000: float64, float64
[2023-02-08 23:36:55,540] 84 root - INFO - Hypothesis dy_000: float64, float64
[2023-02-08 23:36:55,546] 84 root - INFO - Hypothesis dz_000: float64, float64
[2023-02-08 23:36:55,563] 84 root - INFO - Hypothesis ea_000: float64, float64
[2023-02-08 23:36:55,568] 84 root - INFO - Hypothesis eb_000: float64, float64
[2023-02-08 23:36:55,574] 84 root - INFO - Hypothesis ec_00: float64, float64
[2023-02-08 23:36:55,580] 84 root - INFO - Hypothesis ed_000: float64, float64
[2023-02-08 23:36:55,587] 84 root - INFO - Hypothesis ee_000: float64, float64
[2023-02-08 23:36:55,594] 84 root - INFO - Hypothesis ee_001: float64, float64
[2023-02-08 23:36:55,601] 84 root - INFO - Hypothesis ee_002: float64, float64
[2023-02-08 23:36:55,607] 84 root - INFO - Hypothesis ee_003: float64, float64
[2023-02-08 23:36:55,613] 84 root - INFO - Hypothesis ee_004: float64, float64
[2023-02-08 23:36:55,620] 84 root - INFO - Hypothesis ee_005: float64, float64
[2023-02-08 23:36:55,626] 84 root - INFO - Hypothesis ee_006: float64, float64
[2023-02-08 23:36:55,634] 84 root - INFO - Hypothesis ee_007: float64, float64
[2023-02-08 23:36:55,640] 84 root - INFO - Hypothesis ee_008: float64, float64
[2023-02-08 23:36:55,646] 84 root - INFO - Hypothesis ee_009: float64, float64
[2023-02-08 23:36:55,653] 84 root - INFO - Hypothesis ef_000: float64, float64
[2023-02-08 23:36:55,658] 84 root - INFO - Hypothesis eg_000: float64, float64
[2023-02-08 23:36:55,665] 144 root - INFO - Writing report to yaml file
[2023-02-08 23:36:55,729] 149 root - INFO - Data Validation artifact: DataValidationArtifact(report_file_path='C:\\Users\\shara\\ML_Projects\\artifact\\020823__233610\\data_validation\\report.yaml')
[2023-02-08 23:36:55,741] 23 root - INFO - >>>>>>>>>>>>>>>>>>>>>>>>>>>>>>>>>>>>>>>> Data Transformation <<<<<<<<<<<<<<<<<<<<<<<<<<<<<<<<<<<<<<<<
[2023-02-08 23:36:56,652] 73 root - INFO - Before resampling in training set Input: (28950, 170) Target: (28950,)
