[2023-02-08 22:58:24,335] 159 numexpr.utils - INFO - NumExpr defaulting to 8 threads.
[2023-02-08 22:58:28,554] 17 root - INFO - >>>>>>>>>>>>>>>>>>>>>>>>>>>>>>>>>>>>>>>> Data Ingestion <<<<<<<<<<<<<<<<<<<<<<<<<<<<<<<<<<<<<<<<
[2023-02-08 22:58:28,554] 24 root - INFO - Exporting collection data as pandas DataFrame
[2023-02-08 22:58:28,554] 13 root - INFO - Reading data from database: APS and collection: Sensor
[2023-02-08 23:05:33,819] 15 root - INFO - Found columns: Index(['_id', 'class', 'aa_000', 'ab_000', 'ac_000', 'ad_000', 'ae_000',
       'af_000', 'ag_000', 'ag_001',
       ...
       'ee_002', 'ee_003', 'ee_004', 'ee_005', 'ee_006', 'ee_007', 'ee_008',
       'ee_009', 'ef_000', 'eg_000'],
      dtype='object', length=172)
[2023-02-08 23:05:33,833] 17 root - INFO - Dropping column: _id
[2023-02-08 23:05:34,078] 19 root - INFO - Row and columns in df : (36188, 171)
[2023-02-08 23:05:34,079] 29 root - INFO - save data in feature store
[2023-02-08 23:05:34,454] 35 root - INFO - Create feature store folder if not available
[2023-02-08 23:05:34,459] 39 root - INFO - Save df to feature store folder
[2023-02-08 23:05:36,453] 43 root - INFO - split dataset into train and test set
[2023-02-08 23:05:36,984] 47 root - INFO - create dataset directory folder if not available
[2023-02-08 23:05:36,985] 52 root - INFO - Save df to feature store folder
[2023-02-08 23:05:38,625] 64 root - INFO - Data ingestion artifact: DataIngestionArtifact(feature_store_file_path='C:\\Users\\shara\\ML_Projects\\artifact\\020823__225828\\data_ingestion\\feature_store\\sensor.csv', train_file_path='C:\\Users\\shara\\ML_Projects\\artifact\\020823__225828\\data_ingestion\\dataset\\train.csv', test_file_path='C:\\Users\\shara\\ML_Projects\\artifact\\020823__225828\\data_ingestion\\dataset\\test.csv')
[2023-02-08 23:05:39,015] 18 root - INFO - >>>>>>>>>>>>>>>>>>>>>>>>>>>>>>>>>>>>>>>> Data Validation <<<<<<<<<<<<<<<<<<<<<<<<<<<<<<<<<<<<<<<<
[2023-02-08 23:05:39,015] 107 root - INFO - Reading base DataFrame
[2023-02-08 23:05:41,334] 110 root - INFO - Replace na value in base df
[2023-02-08 23:05:41,334] 112 root - INFO - Drop null values column from base df
[2023-02-08 23:05:41,893] 41 root - INFO - Selecting column names which contain null values above to 0.2
[2023-02-08 23:05:41,893] 43 root - INFO - columns to drop: ['ab_000', 'ad_000', 'bk_000', 'bl_000', 'bm_000', 'bn_000', 'bo_000', 'bp_000', 'bq_000', 'br_000', 'cf_000', 'cg_000', 'ch_000', 'co_000', 'cr_000', 'ct_000', 'cu_000', 'cv_000', 'cx_000', 'cy_000', 'cz_000', 'da_000', 'db_000', 'dc_000']
[2023-02-08 23:05:41,973] 115 root - INFO - Reading train DataFrame
[2023-02-08 23:05:42,344] 117 root - INFO - Reading test DataFrame
[2023-02-08 23:05:42,458] 120 root - INFO - Drop null values column from train DataFrame
[2023-02-08 23:05:42,473] 41 root - INFO - Selecting column names which contain null values above to 0.2
[2023-02-08 23:05:42,473] 43 root - INFO - columns to drop: ['ab_000', 'ad_000', 'bk_000', 'bl_000', 'bm_000', 'bn_000', 'bo_000', 'bp_000', 'bq_000', 'br_000', 'cf_000', 'cg_000', 'ch_000', 'co_000', 'cr_000', 'ct_000', 'cu_000', 'cv_000', 'cx_000', 'cy_000', 'cz_000', 'da_000', 'db_000', 'dc_000']
[2023-02-08 23:05:42,483] 122 root - INFO - Drop null values column from test DataFrame
[2023-02-08 23:05:42,488] 41 root - INFO - Selecting column names which contain null values above to 0.2
[2023-02-08 23:05:42,488] 43 root - INFO - columns to drop: ['ab_000', 'ad_000', 'bk_000', 'bl_000', 'bm_000', 'bn_000', 'bo_000', 'bp_000', 'bq_000', 'br_000', 'cf_000', 'cg_000', 'ch_000', 'co_000', 'cr_000', 'ct_000', 'cu_000', 'cv_000', 'cx_000', 'cy_000', 'cz_000', 'da_000', 'db_000', 'dc_000']
[2023-02-08 23:05:48,169] 130 root - INFO - Is all required columns present in train df
[2023-02-08 23:05:48,169] 132 root - INFO - Is all required columns present in test df
[2023-02-08 23:05:48,169] 136 root - INFO - As all columns are available in train df hence detecting data drift
[2023-02-08 23:05:48,169] 84 root - INFO - Hypothesis class: object, object
[2023-02-08 23:05:48,239] 84 root - INFO - Hypothesis aa_000: float64, float64
[2023-02-08 23:05:48,251] 84 root - INFO - Hypothesis ac_000: float64, float64
[2023-02-08 23:05:48,260] 84 root - INFO - Hypothesis ae_000: float64, float64
[2023-02-08 23:05:48,414] 84 root - INFO - Hypothesis af_000: float64, float64
[2023-02-08 23:05:48,445] 84 root - INFO - Hypothesis ag_000: float64, float64
[2023-02-08 23:05:48,474] 84 root - INFO - Hypothesis ag_001: float64, float64
[2023-02-08 23:05:48,497] 84 root - INFO - Hypothesis ag_002: float64, float64
[2023-02-08 23:05:48,521] 84 root - INFO - Hypothesis ag_003: float64, float64
[2023-02-08 23:05:48,549] 84 root - INFO - Hypothesis ag_004: float64, float64
[2023-02-08 23:05:48,558] 84 root - INFO - Hypothesis ag_005: float64, float64
[2023-02-08 23:05:48,569] 84 root - INFO - Hypothesis ag_006: float64, float64
[2023-02-08 23:05:48,579] 84 root - INFO - Hypothesis ag_007: float64, float64
[2023-02-08 23:05:48,589] 84 root - INFO - Hypothesis ag_008: float64, float64
[2023-02-08 23:05:48,599] 84 root - INFO - Hypothesis ag_009: float64, float64
[2023-02-08 23:05:48,608] 84 root - INFO - Hypothesis ah_000: float64, float64
[2023-02-08 23:05:48,617] 84 root - INFO - Hypothesis ai_000: float64, float64
[2023-02-08 23:05:48,645] 84 root - INFO - Hypothesis aj_000: float64, float64
[2023-02-08 23:05:48,720] 84 root - INFO - Hypothesis ak_000: float64, float64
[2023-02-08 23:05:48,755] 84 root - INFO - Hypothesis al_000: float64, float64
[2023-02-08 23:05:48,791] 84 root - INFO - Hypothesis am_0: float64, float64
[2023-02-08 23:05:48,825] 84 root - INFO - Hypothesis an_000: float64, float64
[2023-02-08 23:05:48,835] 84 root - INFO - Hypothesis ao_000: float64, float64
[2023-02-08 23:05:48,845] 84 root - INFO - Hypothesis ap_000: float64, float64
[2023-02-08 23:05:48,856] 84 root - INFO - Hypothesis aq_000: float64, float64
[2023-02-08 23:05:48,865] 84 root - INFO - Hypothesis ar_000: float64, float64
[2023-02-08 23:05:48,897] 84 root - INFO - Hypothesis as_000: float64, float64
[2023-02-08 23:05:48,926] 84 root - INFO - Hypothesis at_000: float64, float64
[2023-02-08 23:05:48,959] 84 root - INFO - Hypothesis au_000: float64, float64
[2023-02-08 23:05:48,999] 84 root - INFO - Hypothesis av_000: float64, float64
[2023-02-08 23:05:49,009] 84 root - INFO - Hypothesis ax_000: float64, float64
[2023-02-08 23:05:49,020] 84 root - INFO - Hypothesis ay_000: float64, float64
[2023-02-08 23:05:49,053] 84 root - INFO - Hypothesis ay_001: float64, float64
[2023-02-08 23:05:49,083] 84 root - INFO - Hypothesis ay_002: float64, float64
[2023-02-08 23:05:49,110] 84 root - INFO - Hypothesis ay_003: float64, float64
[2023-02-08 23:05:49,137] 84 root - INFO - Hypothesis ay_004: float64, float64
[2023-02-08 23:05:49,161] 84 root - INFO - Hypothesis ay_005: float64, float64
[2023-02-08 23:05:49,171] 84 root - INFO - Hypothesis ay_006: float64, float64
[2023-02-08 23:05:49,180] 84 root - INFO - Hypothesis ay_007: float64, float64
[2023-02-08 23:05:49,190] 84 root - INFO - Hypothesis ay_008: float64, float64
[2023-02-08 23:05:49,220] 84 root - INFO - Hypothesis ay_009: float64, float64
[2023-02-08 23:05:49,249] 84 root - INFO - Hypothesis az_000: float64, float64
[2023-02-08 23:05:49,259] 84 root - INFO - Hypothesis az_001: float64, float64
[2023-02-08 23:05:49,270] 84 root - INFO - Hypothesis az_002: float64, float64
[2023-02-08 23:05:49,280] 84 root - INFO - Hypothesis az_003: float64, float64
[2023-02-08 23:05:49,291] 84 root - INFO - Hypothesis az_004: float64, float64
[2023-02-08 23:05:49,324] 84 root - INFO - Hypothesis az_005: float64, float64
[2023-02-08 23:05:49,336] 84 root - INFO - Hypothesis az_006: float64, float64
[2023-02-08 23:05:49,345] 84 root - INFO - Hypothesis az_007: float64, float64
[2023-02-08 23:05:49,379] 84 root - INFO - Hypothesis az_008: float64, float64
[2023-02-08 23:05:49,408] 84 root - INFO - Hypothesis az_009: float64, float64
[2023-02-08 23:05:49,442] 84 root - INFO - Hypothesis ba_000: float64, float64
[2023-02-08 23:05:49,451] 84 root - INFO - Hypothesis ba_001: float64, float64
[2023-02-08 23:05:49,462] 84 root - INFO - Hypothesis ba_002: float64, float64
[2023-02-08 23:05:49,471] 84 root - INFO - Hypothesis ba_003: float64, float64
[2023-02-08 23:05:49,480] 84 root - INFO - Hypothesis ba_004: float64, float64
[2023-02-08 23:05:49,489] 84 root - INFO - Hypothesis ba_005: float64, float64
[2023-02-08 23:05:49,498] 84 root - INFO - Hypothesis ba_006: float64, float64
[2023-02-08 23:05:49,508] 84 root - INFO - Hypothesis ba_007: float64, float64
[2023-02-08 23:05:49,517] 84 root - INFO - Hypothesis ba_008: float64, float64
[2023-02-08 23:05:49,527] 84 root - INFO - Hypothesis ba_009: float64, float64
[2023-02-08 23:05:49,565] 84 root - INFO - Hypothesis bb_000: float64, float64
[2023-02-08 23:05:49,577] 84 root - INFO - Hypothesis bc_000: float64, float64
[2023-02-08 23:05:49,616] 84 root - INFO - Hypothesis bd_000: float64, float64
[2023-02-08 23:05:49,651] 84 root - INFO - Hypothesis be_000: float64, float64
[2023-02-08 23:05:49,659] 84 root - INFO - Hypothesis bf_000: float64, float64
[2023-02-08 23:05:49,669] 84 root - INFO - Hypothesis bg_000: float64, float64
[2023-02-08 23:05:49,678] 84 root - INFO - Hypothesis bh_000: float64, float64
[2023-02-08 23:05:49,688] 84 root - INFO - Hypothesis bi_000: float64, float64
[2023-02-08 23:05:49,698] 84 root - INFO - Hypothesis bj_000: float64, float64
[2023-02-08 23:05:49,709] 84 root - INFO - Hypothesis bs_000: float64, float64
[2023-02-08 23:05:49,720] 84 root - INFO - Hypothesis bt_000: float64, float64
[2023-02-08 23:05:49,730] 84 root - INFO - Hypothesis bu_000: float64, float64
[2023-02-08 23:05:49,739] 84 root - INFO - Hypothesis bv_000: float64, float64
[2023-02-08 23:05:49,747] 84 root - INFO - Hypothesis bx_000: float64, float64
[2023-02-08 23:05:49,758] 84 root - INFO - Hypothesis by_000: float64, float64
[2023-02-08 23:05:49,768] 84 root - INFO - Hypothesis bz_000: float64, float64
[2023-02-08 23:05:49,799] 84 root - INFO - Hypothesis ca_000: float64, float64
[2023-02-08 23:05:49,809] 84 root - INFO - Hypothesis cb_000: float64, float64
[2023-02-08 23:05:49,845] 84 root - INFO - Hypothesis cc_000: float64, float64
[2023-02-08 23:05:49,855] 84 root - INFO - Hypothesis cd_000: float64, float64
[2023-02-08 23:05:49,887] 84 root - INFO - Hypothesis ce_000: float64, float64
[2023-02-08 23:05:49,896] 84 root - INFO - Hypothesis ci_000: float64, float64
[2023-02-08 23:05:49,905] 84 root - INFO - Hypothesis cj_000: float64, float64
[2023-02-08 23:05:49,937] 84 root - INFO - Hypothesis ck_000: float64, float64
[2023-02-08 23:05:49,945] 84 root - INFO - Hypothesis cl_000: float64, float64
[2023-02-08 23:05:49,954] 84 root - INFO - Hypothesis cm_000: float64, float64
[2023-02-08 23:05:49,962] 84 root - INFO - Hypothesis cn_000: float64, float64
[2023-02-08 23:05:49,989] 84 root - INFO - Hypothesis cn_001: float64, float64
[2023-02-08 23:05:50,018] 84 root - INFO - Hypothesis cn_002: float64, float64
[2023-02-08 23:05:50,049] 84 root - INFO - Hypothesis cn_003: float64, float64
[2023-02-08 23:05:50,059] 84 root - INFO - Hypothesis cn_004: float64, float64
[2023-02-08 23:05:50,069] 84 root - INFO - Hypothesis cn_005: float64, float64
[2023-02-08 23:05:50,078] 84 root - INFO - Hypothesis cn_006: float64, float64
[2023-02-08 23:05:50,088] 84 root - INFO - Hypothesis cn_007: float64, float64
[2023-02-08 23:05:50,097] 84 root - INFO - Hypothesis cn_008: float64, float64
[2023-02-08 23:05:50,107] 84 root - INFO - Hypothesis cn_009: float64, float64
[2023-02-08 23:05:50,116] 84 root - INFO - Hypothesis cp_000: float64, float64
[2023-02-08 23:05:50,127] 84 root - INFO - Hypothesis cq_000: float64, float64
[2023-02-08 23:05:50,139] 84 root - INFO - Hypothesis cs_000: float64, float64
[2023-02-08 23:05:50,150] 84 root - INFO - Hypothesis cs_001: float64, float64
[2023-02-08 23:05:50,162] 84 root - INFO - Hypothesis cs_002: float64, float64
[2023-02-08 23:05:50,175] 84 root - INFO - Hypothesis cs_003: float64, float64
[2023-02-08 23:05:50,188] 84 root - INFO - Hypothesis cs_004: float64, float64
[2023-02-08 23:05:50,200] 84 root - INFO - Hypothesis cs_005: float64, float64
[2023-02-08 23:05:50,212] 84 root - INFO - Hypothesis cs_006: float64, float64
[2023-02-08 23:05:50,225] 84 root - INFO - Hypothesis cs_007: float64, float64
[2023-02-08 23:05:50,235] 84 root - INFO - Hypothesis cs_008: float64, float64
[2023-02-08 23:05:50,247] 84 root - INFO - Hypothesis cs_009: float64, float64
[2023-02-08 23:05:50,275] 84 root - INFO - Hypothesis dd_000: float64, float64
[2023-02-08 23:05:50,284] 84 root - INFO - Hypothesis de_000: float64, float64
[2023-02-08 23:05:50,294] 84 root - INFO - Hypothesis df_000: float64, float64
[2023-02-08 23:05:50,320] 84 root - INFO - Hypothesis dg_000: float64, float64
[2023-02-08 23:05:50,345] 84 root - INFO - Hypothesis dh_000: float64, float64
[2023-02-08 23:05:50,376] 84 root - INFO - Hypothesis di_000: float64, float64
[2023-02-08 23:05:50,402] 84 root - INFO - Hypothesis dj_000: float64, float64
[2023-02-08 23:05:50,428] 84 root - INFO - Hypothesis dk_000: float64, float64
[2023-02-08 23:05:50,458] 84 root - INFO - Hypothesis dl_000: float64, float64
[2023-02-08 23:05:50,485] 84 root - INFO - Hypothesis dm_000: float64, float64
[2023-02-08 23:05:50,513] 84 root - INFO - Hypothesis dn_000: float64, float64
[2023-02-08 23:05:50,523] 84 root - INFO - Hypothesis do_000: float64, float64
[2023-02-08 23:05:50,531] 84 root - INFO - Hypothesis dp_000: float64, float64
[2023-02-08 23:05:50,542] 84 root - INFO - Hypothesis dq_000: float64, float64
[2023-02-08 23:05:50,549] 84 root - INFO - Hypothesis dr_000: float64, float64
[2023-02-08 23:05:50,584] 84 root - INFO - Hypothesis ds_000: float64, float64
[2023-02-08 23:05:50,592] 84 root - INFO - Hypothesis dt_000: float64, float64
[2023-02-08 23:05:50,602] 84 root - INFO - Hypothesis du_000: float64, float64
[2023-02-08 23:05:50,612] 84 root - INFO - Hypothesis dv_000: float64, float64
[2023-02-08 23:05:50,622] 84 root - INFO - Hypothesis dx_000: float64, float64
[2023-02-08 23:05:50,657] 84 root - INFO - Hypothesis dy_000: float64, float64
[2023-02-08 23:05:50,667] 84 root - INFO - Hypothesis dz_000: float64, float64
[2023-02-08 23:05:50,697] 84 root - INFO - Hypothesis ea_000: float64, float64
[2023-02-08 23:05:50,728] 84 root - INFO - Hypothesis eb_000: float64, float64
[2023-02-08 23:05:50,737] 84 root - INFO - Hypothesis ec_00: float64, float64
[2023-02-08 23:05:50,746] 84 root - INFO - Hypothesis ed_000: float64, float64
[2023-02-08 23:05:50,756] 84 root - INFO - Hypothesis ee_000: float64, float64
[2023-02-08 23:05:50,767] 84 root - INFO - Hypothesis ee_001: float64, float64
[2023-02-08 23:05:50,777] 84 root - INFO - Hypothesis ee_002: float64, float64
[2023-02-08 23:05:50,788] 84 root - INFO - Hypothesis ee_003: float64, float64
[2023-02-08 23:05:50,796] 84 root - INFO - Hypothesis ee_004: float64, float64
[2023-02-08 23:05:50,806] 84 root - INFO - Hypothesis ee_005: float64, float64
[2023-02-08 23:05:50,816] 84 root - INFO - Hypothesis ee_006: float64, float64
[2023-02-08 23:05:50,853] 84 root - INFO - Hypothesis ee_007: float64, float64
[2023-02-08 23:05:50,884] 84 root - INFO - Hypothesis ee_008: float64, float64
[2023-02-08 23:05:50,912] 84 root - INFO - Hypothesis ee_009: float64, float64
[2023-02-08 23:05:50,948] 84 root - INFO - Hypothesis ef_000: float64, float64
[2023-02-08 23:05:50,984] 84 root - INFO - Hypothesis eg_000: float64, float64
[2023-02-08 23:05:51,017] 139 root - INFO - As all columns are available in test df hence detecting data drift
[2023-02-08 23:05:51,017] 84 root - INFO - Hypothesis class: object, object
[2023-02-08 23:05:51,054] 84 root - INFO - Hypothesis aa_000: float64, float64
[2023-02-08 23:05:51,060] 84 root - INFO - Hypothesis ac_000: float64, float64
[2023-02-08 23:05:51,066] 84 root - INFO - Hypothesis ae_000: float64, float64
[2023-02-08 23:05:51,082] 84 root - INFO - Hypothesis af_000: float64, float64
[2023-02-08 23:05:51,099] 84 root - INFO - Hypothesis ag_000: float64, float64
[2023-02-08 23:05:51,111] 84 root - INFO - Hypothesis ag_001: float64, float64
[2023-02-08 23:05:51,123] 84 root - INFO - Hypothesis ag_002: float64, float64
[2023-02-08 23:05:51,138] 84 root - INFO - Hypothesis ag_003: float64, float64
[2023-02-08 23:05:51,152] 84 root - INFO - Hypothesis ag_004: float64, float64
[2023-02-08 23:05:51,158] 84 root - INFO - Hypothesis ag_005: float64, float64
[2023-02-08 23:05:51,166] 84 root - INFO - Hypothesis ag_006: float64, float64
[2023-02-08 23:05:51,176] 84 root - INFO - Hypothesis ag_007: float64, float64
[2023-02-08 23:05:51,184] 84 root - INFO - Hypothesis ag_008: float64, float64
[2023-02-08 23:05:51,192] 84 root - INFO - Hypothesis ag_009: float64, float64
[2023-02-08 23:05:51,200] 84 root - INFO - Hypothesis ah_000: float64, float64
[2023-02-08 23:05:51,208] 84 root - INFO - Hypothesis ai_000: float64, float64
[2023-02-08 23:05:51,215] 84 root - INFO - Hypothesis aj_000: float64, float64
[2023-02-08 23:05:51,223] 84 root - INFO - Hypothesis ak_000: float64, float64
[2023-02-08 23:05:51,240] 84 root - INFO - Hypothesis al_000: float64, float64
[2023-02-08 23:05:51,248] 84 root - INFO - Hypothesis am_0: float64, float64
[2023-02-08 23:05:51,255] 84 root - INFO - Hypothesis an_000: float64, float64
[2023-02-08 23:05:51,264] 84 root - INFO - Hypothesis ao_000: float64, float64
[2023-02-08 23:05:51,273] 84 root - INFO - Hypothesis ap_000: float64, float64
[2023-02-08 23:05:51,281] 84 root - INFO - Hypothesis aq_000: float64, float64
[2023-02-08 23:05:51,290] 84 root - INFO - Hypothesis ar_000: float64, float64
[2023-02-08 23:05:51,297] 84 root - INFO - Hypothesis as_000: float64, float64
[2023-02-08 23:05:51,310] 84 root - INFO - Hypothesis at_000: float64, float64
[2023-02-08 23:05:51,315] 84 root - INFO - Hypothesis au_000: float64, float64
[2023-02-08 23:05:51,329] 84 root - INFO - Hypothesis av_000: float64, float64
[2023-02-08 23:05:51,337] 84 root - INFO - Hypothesis ax_000: float64, float64
[2023-02-08 23:05:51,344] 84 root - INFO - Hypothesis ay_000: float64, float64
[2023-02-08 23:05:51,357] 84 root - INFO - Hypothesis ay_001: float64, float64
[2023-02-08 23:05:51,370] 84 root - INFO - Hypothesis ay_002: float64, float64
[2023-02-08 23:05:51,381] 84 root - INFO - Hypothesis ay_003: float64, float64
[2023-02-08 23:05:51,394] 84 root - INFO - Hypothesis ay_004: float64, float64
[2023-02-08 23:05:51,408] 84 root - INFO - Hypothesis ay_005: float64, float64
[2023-02-08 23:05:51,413] 84 root - INFO - Hypothesis ay_006: float64, float64
[2023-02-08 23:05:51,421] 84 root - INFO - Hypothesis ay_007: float64, float64
[2023-02-08 23:05:51,427] 84 root - INFO - Hypothesis ay_008: float64, float64
[2023-02-08 23:05:51,434] 84 root - INFO - Hypothesis ay_009: float64, float64
[2023-02-08 23:05:51,445] 84 root - INFO - Hypothesis az_000: float64, float64
[2023-02-08 23:05:51,451] 84 root - INFO - Hypothesis az_001: float64, float64
[2023-02-08 23:05:51,458] 84 root - INFO - Hypothesis az_002: float64, float64
[2023-02-08 23:05:51,466] 84 root - INFO - Hypothesis az_003: float64, float64
[2023-02-08 23:05:51,471] 84 root - INFO - Hypothesis az_004: float64, float64
[2023-02-08 23:05:51,477] 84 root - INFO - Hypothesis az_005: float64, float64
[2023-02-08 23:05:51,482] 84 root - INFO - Hypothesis az_006: float64, float64
[2023-02-08 23:05:51,489] 84 root - INFO - Hypothesis az_007: float64, float64
[2023-02-08 23:05:51,504] 84 root - INFO - Hypothesis az_008: float64, float64
[2023-02-08 23:05:51,509] 84 root - INFO - Hypothesis az_009: float64, float64
[2023-02-08 23:05:51,521] 84 root - INFO - Hypothesis ba_000: float64, float64
[2023-02-08 23:05:51,528] 84 root - INFO - Hypothesis ba_001: float64, float64
[2023-02-08 23:05:51,535] 84 root - INFO - Hypothesis ba_002: float64, float64
[2023-02-08 23:05:51,543] 84 root - INFO - Hypothesis ba_003: float64, float64
[2023-02-08 23:05:51,548] 84 root - INFO - Hypothesis ba_004: float64, float64
[2023-02-08 23:05:51,554] 84 root - INFO - Hypothesis ba_005: float64, float64
[2023-02-08 23:05:51,560] 84 root - INFO - Hypothesis ba_006: float64, float64
[2023-02-08 23:05:51,568] 84 root - INFO - Hypothesis ba_007: float64, float64
[2023-02-08 23:05:51,572] 84 root - INFO - Hypothesis ba_008: float64, float64
[2023-02-08 23:05:51,577] 84 root - INFO - Hypothesis ba_009: float64, float64
[2023-02-08 23:05:51,581] 84 root - INFO - Hypothesis bb_000: float64, float64
[2023-02-08 23:05:51,587] 84 root - INFO - Hypothesis bc_000: float64, float64
[2023-02-08 23:05:51,592] 84 root - INFO - Hypothesis bd_000: float64, float64
[2023-02-08 23:05:51,599] 84 root - INFO - Hypothesis be_000: float64, float64
[2023-02-08 23:05:51,606] 84 root - INFO - Hypothesis bf_000: float64, float64
[2023-02-08 23:05:51,610] 84 root - INFO - Hypothesis bg_000: float64, float64
[2023-02-08 23:05:51,616] 84 root - INFO - Hypothesis bh_000: float64, float64
[2023-02-08 23:05:51,623] 84 root - INFO - Hypothesis bi_000: float64, float64
[2023-02-08 23:05:51,630] 84 root - INFO - Hypothesis bj_000: float64, float64
[2023-02-08 23:05:51,639] 84 root - INFO - Hypothesis bs_000: float64, float64
[2023-02-08 23:05:51,644] 84 root - INFO - Hypothesis bt_000: float64, float64
[2023-02-08 23:05:51,651] 84 root - INFO - Hypothesis bu_000: float64, float64
[2023-02-08 23:05:51,657] 84 root - INFO - Hypothesis bv_000: float64, float64
[2023-02-08 23:05:51,662] 84 root - INFO - Hypothesis bx_000: float64, float64
[2023-02-08 23:05:51,670] 84 root - INFO - Hypothesis by_000: float64, float64
[2023-02-08 23:05:51,678] 84 root - INFO - Hypothesis bz_000: float64, float64
[2023-02-08 23:05:51,687] 84 root - INFO - Hypothesis ca_000: float64, float64
[2023-02-08 23:05:51,693] 84 root - INFO - Hypothesis cb_000: float64, float64
[2023-02-08 23:05:51,700] 84 root - INFO - Hypothesis cc_000: float64, float64
[2023-02-08 23:05:51,708] 84 root - INFO - Hypothesis cd_000: float64, float64
[2023-02-08 23:05:51,724] 84 root - INFO - Hypothesis ce_000: float64, float64
[2023-02-08 23:05:51,735] 84 root - INFO - Hypothesis ci_000: float64, float64
[2023-02-08 23:05:51,746] 84 root - INFO - Hypothesis cj_000: float64, float64
[2023-02-08 23:05:51,754] 84 root - INFO - Hypothesis ck_000: float64, float64
[2023-02-08 23:05:51,761] 84 root - INFO - Hypothesis cl_000: float64, float64
[2023-02-08 23:05:51,767] 84 root - INFO - Hypothesis cm_000: float64, float64
[2023-02-08 23:05:51,776] 84 root - INFO - Hypothesis cn_000: float64, float64
[2023-02-08 23:05:51,793] 84 root - INFO - Hypothesis cn_001: float64, float64
[2023-02-08 23:05:51,808] 84 root - INFO - Hypothesis cn_002: float64, float64
[2023-02-08 23:05:51,817] 84 root - INFO - Hypothesis cn_003: float64, float64
[2023-02-08 23:05:51,827] 84 root - INFO - Hypothesis cn_004: float64, float64
[2023-02-08 23:05:51,837] 84 root - INFO - Hypothesis cn_005: float64, float64
[2023-02-08 23:05:51,846] 84 root - INFO - Hypothesis cn_006: float64, float64
[2023-02-08 23:05:51,855] 84 root - INFO - Hypothesis cn_007: float64, float64
[2023-02-08 23:05:51,863] 84 root - INFO - Hypothesis cn_008: float64, float64
[2023-02-08 23:05:51,871] 84 root - INFO - Hypothesis cn_009: float64, float64
[2023-02-08 23:05:51,877] 84 root - INFO - Hypothesis cp_000: float64, float64
[2023-02-08 23:05:51,886] 84 root - INFO - Hypothesis cq_000: float64, float64
[2023-02-08 23:05:51,893] 84 root - INFO - Hypothesis cs_000: float64, float64
[2023-02-08 23:05:51,900] 84 root - INFO - Hypothesis cs_001: float64, float64
[2023-02-08 23:05:51,910] 84 root - INFO - Hypothesis cs_002: float64, float64
[2023-02-08 23:05:51,916] 84 root - INFO - Hypothesis cs_003: float64, float64
[2023-02-08 23:05:51,923] 84 root - INFO - Hypothesis cs_004: float64, float64
[2023-02-08 23:05:51,928] 84 root - INFO - Hypothesis cs_005: float64, float64
[2023-02-08 23:05:51,935] 84 root - INFO - Hypothesis cs_006: float64, float64
[2023-02-08 23:05:51,940] 84 root - INFO - Hypothesis cs_007: float64, float64
[2023-02-08 23:05:51,945] 84 root - INFO - Hypothesis cs_008: float64, float64
[2023-02-08 23:05:51,953] 84 root - INFO - Hypothesis cs_009: float64, float64
[2023-02-08 23:05:51,967] 84 root - INFO - Hypothesis dd_000: float64, float64
[2023-02-08 23:05:51,974] 84 root - INFO - Hypothesis de_000: float64, float64
[2023-02-08 23:05:51,979] 84 root - INFO - Hypothesis df_000: float64, float64
[2023-02-08 23:05:51,995] 84 root - INFO - Hypothesis dg_000: float64, float64
[2023-02-08 23:05:52,014] 84 root - INFO - Hypothesis dh_000: float64, float64
[2023-02-08 23:05:52,031] 84 root - INFO - Hypothesis di_000: float64, float64
[2023-02-08 23:05:52,037] 84 root - INFO - Hypothesis dj_000: float64, float64
[2023-02-08 23:05:52,053] 84 root - INFO - Hypothesis dk_000: float64, float64
[2023-02-08 23:05:52,070] 84 root - INFO - Hypothesis dl_000: float64, float64
[2023-02-08 23:05:52,084] 84 root - INFO - Hypothesis dm_000: float64, float64
[2023-02-08 23:05:52,099] 84 root - INFO - Hypothesis dn_000: float64, float64
[2023-02-08 23:05:52,105] 84 root - INFO - Hypothesis do_000: float64, float64
[2023-02-08 23:05:52,110] 84 root - INFO - Hypothesis dp_000: float64, float64
[2023-02-08 23:05:52,115] 84 root - INFO - Hypothesis dq_000: float64, float64
[2023-02-08 23:05:52,120] 84 root - INFO - Hypothesis dr_000: float64, float64
[2023-02-08 23:05:52,127] 84 root - INFO - Hypothesis ds_000: float64, float64
[2023-02-08 23:05:52,133] 84 root - INFO - Hypothesis dt_000: float64, float64
[2023-02-08 23:05:52,139] 84 root - INFO - Hypothesis du_000: float64, float64
[2023-02-08 23:05:52,144] 84 root - INFO - Hypothesis dv_000: float64, float64
[2023-02-08 23:05:52,151] 84 root - INFO - Hypothesis dx_000: float64, float64
[2023-02-08 23:05:52,156] 84 root - INFO - Hypothesis dy_000: float64, float64
[2023-02-08 23:05:52,161] 84 root - INFO - Hypothesis dz_000: float64, float64
[2023-02-08 23:05:52,173] 84 root - INFO - Hypothesis ea_000: float64, float64
[2023-02-08 23:05:52,186] 84 root - INFO - Hypothesis eb_000: float64, float64
[2023-02-08 23:05:52,192] 84 root - INFO - Hypothesis ec_00: float64, float64
[2023-02-08 23:05:52,199] 84 root - INFO - Hypothesis ed_000: float64, float64
[2023-02-08 23:05:52,205] 84 root - INFO - Hypothesis ee_000: float64, float64
[2023-02-08 23:05:52,213] 84 root - INFO - Hypothesis ee_001: float64, float64
[2023-02-08 23:05:52,221] 84 root - INFO - Hypothesis ee_002: float64, float64
[2023-02-08 23:05:52,229] 84 root - INFO - Hypothesis ee_003: float64, float64
[2023-02-08 23:05:52,238] 84 root - INFO - Hypothesis ee_004: float64, float64
[2023-02-08 23:05:52,245] 84 root - INFO - Hypothesis ee_005: float64, float64
[2023-02-08 23:05:52,252] 84 root - INFO - Hypothesis ee_006: float64, float64
[2023-02-08 23:05:52,260] 84 root - INFO - Hypothesis ee_007: float64, float64
[2023-02-08 23:05:52,269] 84 root - INFO - Hypothesis ee_008: float64, float64
[2023-02-08 23:05:52,277] 84 root - INFO - Hypothesis ee_009: float64, float64
[2023-02-08 23:05:52,283] 84 root - INFO - Hypothesis ef_000: float64, float64
[2023-02-08 23:05:52,309] 84 root - INFO - Hypothesis eg_000: float64, float64
[2023-02-08 23:05:52,329] 144 root - INFO - Writing report to yaml file
[2023-02-08 23:05:52,425] 149 root - INFO - Data Validation artifact: DataValidationArtifact(report_file_path='C:\\Users\\shara\\ML_Projects\\artifact\\020823__225828\\data_validation\\report.yaml')
[2023-02-08 23:05:53,460] 73 root - INFO - Before resampling in training set Input: (28950, 170) Target: (7238,)
