[2023-02-09 00:01:22,974] 159 numexpr.utils - INFO - NumExpr defaulting to 8 threads.
[2023-02-09 00:01:27,409] 17 root - INFO - >>>>>>>>>>>>>>>>>>>>>>>>>>>>>>>>>>>>>>>> Data Ingestion <<<<<<<<<<<<<<<<<<<<<<<<<<<<<<<<<<<<<<<<
[2023-02-09 00:01:27,409] 24 root - INFO - Exporting collection data as pandas DataFrame
[2023-02-09 00:01:27,409] 13 root - INFO - Reading data from database: APS and collection: Sensor
[2023-02-09 00:01:58,895] 15 root - INFO - Found columns: Index(['_id', 'class', 'aa_000', 'ab_000', 'ac_000', 'ad_000', 'ae_000',
       'af_000', 'ag_000', 'ag_001',
       ...
       'ee_002', 'ee_003', 'ee_004', 'ee_005', 'ee_006', 'ee_007', 'ee_008',
       'ee_009', 'ef_000', 'eg_000'],
      dtype='object', length=172)
[2023-02-09 00:01:58,904] 17 root - INFO - Dropping column: _id
[2023-02-09 00:01:59,079] 19 root - INFO - Row and columns in df : (36188, 171)
[2023-02-09 00:01:59,080] 29 root - INFO - save data in feature store
[2023-02-09 00:01:59,432] 35 root - INFO - Create feature store folder if not available
[2023-02-09 00:01:59,434] 39 root - INFO - Save df to feature store folder
[2023-02-09 00:02:00,987] 43 root - INFO - split dataset into train and test set
[2023-02-09 00:02:02,194] 47 root - INFO - create dataset directory folder if not available
[2023-02-09 00:02:02,195] 52 root - INFO - Save df to feature store folder
[2023-02-09 00:02:03,619] 64 root - INFO - Data ingestion artifact: DataIngestionArtifact(feature_store_file_path='C:\\Users\\shara\\ML_Projects\\artifact\\020923__000127\\data_ingestion\\feature_store\\sensor.csv', train_file_path='C:\\Users\\shara\\ML_Projects\\artifact\\020923__000127\\data_ingestion\\dataset\\train.csv', test_file_path='C:\\Users\\shara\\ML_Projects\\artifact\\020923__000127\\data_ingestion\\dataset\\test.csv')
[2023-02-09 00:02:03,956] 18 root - INFO - >>>>>>>>>>>>>>>>>>>>>>>>>>>>>>>>>>>>>>>> Data Validation <<<<<<<<<<<<<<<<<<<<<<<<<<<<<<<<<<<<<<<<
[2023-02-09 00:02:03,957] 107 root - INFO - Reading base DataFrame
[2023-02-09 00:02:05,715] 110 root - INFO - Replace na value in base df
[2023-02-09 00:02:05,716] 112 root - INFO - Drop null values column from base df
[2023-02-09 00:02:06,251] 41 root - INFO - Selecting column names which contain null values above to 0.2
[2023-02-09 00:02:06,251] 43 root - INFO - columns to drop: ['ab_000', 'ad_000', 'bk_000', 'bl_000', 'bm_000', 'bn_000', 'bo_000', 'bp_000', 'bq_000', 'br_000', 'cf_000', 'cg_000', 'ch_000', 'co_000', 'cr_000', 'ct_000', 'cu_000', 'cv_000', 'cx_000', 'cy_000', 'cz_000', 'da_000', 'db_000', 'dc_000']
[2023-02-09 00:02:06,316] 115 root - INFO - Reading train DataFrame
[2023-02-09 00:02:06,654] 117 root - INFO - Reading test DataFrame
[2023-02-09 00:02:06,769] 120 root - INFO - Drop null values column from train DataFrame
[2023-02-09 00:02:06,781] 41 root - INFO - Selecting column names which contain null values above to 0.2
[2023-02-09 00:02:06,782] 43 root - INFO - columns to drop: ['ab_000', 'ad_000', 'bk_000', 'bl_000', 'bm_000', 'bn_000', 'bo_000', 'bp_000', 'bq_000', 'br_000', 'cf_000', 'cg_000', 'ch_000', 'co_000', 'cr_000', 'ct_000', 'cu_000', 'cv_000', 'cx_000', 'cy_000', 'cz_000', 'da_000', 'db_000', 'dc_000']
[2023-02-09 00:02:06,793] 122 root - INFO - Drop null values column from test DataFrame
[2023-02-09 00:02:06,798] 41 root - INFO - Selecting column names which contain null values above to 0.2
[2023-02-09 00:02:06,798] 43 root - INFO - columns to drop: ['ab_000', 'ad_000', 'bk_000', 'bl_000', 'bm_000', 'bn_000', 'bo_000', 'bp_000', 'bq_000', 'br_000', 'cf_000', 'cg_000', 'ch_000', 'co_000', 'cr_000', 'ct_000', 'cu_000', 'cv_000', 'cx_000', 'cy_000', 'cz_000', 'da_000', 'db_000', 'dc_000']
[2023-02-09 00:02:11,796] 130 root - INFO - Is all required columns present in train df
[2023-02-09 00:02:11,796] 132 root - INFO - Is all required columns present in test df
[2023-02-09 00:02:11,796] 136 root - INFO - As all columns are available in train df hence detecting data drift
[2023-02-09 00:02:11,797] 84 root - INFO - Hypothesis class: object, object
[2023-02-09 00:02:12,002] 84 root - INFO - Hypothesis aa_000: float64, float64
[2023-02-09 00:02:12,015] 84 root - INFO - Hypothesis ac_000: float64, float64
[2023-02-09 00:02:12,028] 84 root - INFO - Hypothesis ae_000: float64, float64
[2023-02-09 00:02:12,052] 84 root - INFO - Hypothesis af_000: float64, float64
[2023-02-09 00:02:12,075] 84 root - INFO - Hypothesis ag_000: float64, float64
[2023-02-09 00:02:12,102] 84 root - INFO - Hypothesis ag_001: float64, float64
[2023-02-09 00:02:12,125] 84 root - INFO - Hypothesis ag_002: float64, float64
[2023-02-09 00:02:12,149] 84 root - INFO - Hypothesis ag_003: float64, float64
[2023-02-09 00:02:12,156] 84 root - INFO - Hypothesis ag_004: float64, float64
[2023-02-09 00:02:12,164] 84 root - INFO - Hypothesis ag_005: float64, float64
[2023-02-09 00:02:12,197] 84 root - INFO - Hypothesis ag_006: float64, float64
[2023-02-09 00:02:12,226] 84 root - INFO - Hypothesis ag_007: float64, float64
[2023-02-09 00:02:12,259] 84 root - INFO - Hypothesis ag_008: float64, float64
[2023-02-09 00:02:12,295] 84 root - INFO - Hypothesis ag_009: float64, float64
[2023-02-09 00:02:12,320] 84 root - INFO - Hypothesis ah_000: float64, float64
[2023-02-09 00:02:12,329] 84 root - INFO - Hypothesis ai_000: float64, float64
[2023-02-09 00:02:12,357] 84 root - INFO - Hypothesis aj_000: float64, float64
[2023-02-09 00:02:12,385] 84 root - INFO - Hypothesis ak_000: float64, float64
[2023-02-09 00:02:12,422] 84 root - INFO - Hypothesis al_000: float64, float64
[2023-02-09 00:02:12,431] 84 root - INFO - Hypothesis am_0: float64, float64
[2023-02-09 00:02:12,439] 84 root - INFO - Hypothesis an_000: float64, float64
[2023-02-09 00:02:12,447] 84 root - INFO - Hypothesis ao_000: float64, float64
[2023-02-09 00:02:12,458] 84 root - INFO - Hypothesis ap_000: float64, float64
[2023-02-09 00:02:12,467] 84 root - INFO - Hypothesis aq_000: float64, float64
[2023-02-09 00:02:12,506] 84 root - INFO - Hypothesis ar_000: float64, float64
[2023-02-09 00:02:12,542] 84 root - INFO - Hypothesis as_000: float64, float64
[2023-02-09 00:02:12,552] 84 root - INFO - Hypothesis at_000: float64, float64
[2023-02-09 00:02:12,582] 84 root - INFO - Hypothesis au_000: float64, float64
[2023-02-09 00:02:12,610] 84 root - INFO - Hypothesis av_000: float64, float64
[2023-02-09 00:02:12,637] 84 root - INFO - Hypothesis ax_000: float64, float64
[2023-02-09 00:02:12,645] 84 root - INFO - Hypothesis ay_000: float64, float64
[2023-02-09 00:02:12,677] 84 root - INFO - Hypothesis ay_001: float64, float64
[2023-02-09 00:02:12,703] 84 root - INFO - Hypothesis ay_002: float64, float64
[2023-02-09 00:02:12,732] 84 root - INFO - Hypothesis ay_003: float64, float64
[2023-02-09 00:02:12,756] 84 root - INFO - Hypothesis ay_004: float64, float64
[2023-02-09 00:02:12,782] 84 root - INFO - Hypothesis ay_005: float64, float64
[2023-02-09 00:02:12,792] 84 root - INFO - Hypothesis ay_006: float64, float64
[2023-02-09 00:02:12,800] 84 root - INFO - Hypothesis ay_007: float64, float64
[2023-02-09 00:02:12,809] 84 root - INFO - Hypothesis ay_008: float64, float64
[2023-02-09 00:02:12,842] 84 root - INFO - Hypothesis ay_009: float64, float64
[2023-02-09 00:02:12,873] 84 root - INFO - Hypothesis az_000: float64, float64
[2023-02-09 00:02:12,908] 84 root - INFO - Hypothesis az_001: float64, float64
[2023-02-09 00:02:12,917] 84 root - INFO - Hypothesis az_002: float64, float64
[2023-02-09 00:02:12,926] 84 root - INFO - Hypothesis az_003: float64, float64
[2023-02-09 00:02:12,935] 84 root - INFO - Hypothesis az_004: float64, float64
[2023-02-09 00:02:12,971] 84 root - INFO - Hypothesis az_005: float64, float64
[2023-02-09 00:02:13,002] 84 root - INFO - Hypothesis az_006: float64, float64
[2023-02-09 00:02:13,011] 84 root - INFO - Hypothesis az_007: float64, float64
[2023-02-09 00:02:13,038] 84 root - INFO - Hypothesis az_008: float64, float64
[2023-02-09 00:02:13,069] 84 root - INFO - Hypothesis az_009: float64, float64
[2023-02-09 00:02:13,094] 84 root - INFO - Hypothesis ba_000: float64, float64
[2023-02-09 00:02:13,120] 84 root - INFO - Hypothesis ba_001: float64, float64
[2023-02-09 00:02:13,146] 84 root - INFO - Hypothesis ba_002: float64, float64
[2023-02-09 00:02:13,175] 84 root - INFO - Hypothesis ba_003: float64, float64
[2023-02-09 00:02:13,202] 84 root - INFO - Hypothesis ba_004: float64, float64
[2023-02-09 00:02:13,236] 84 root - INFO - Hypothesis ba_005: float64, float64
[2023-02-09 00:02:13,273] 84 root - INFO - Hypothesis ba_006: float64, float64
[2023-02-09 00:02:13,283] 84 root - INFO - Hypothesis ba_007: float64, float64
[2023-02-09 00:02:13,310] 84 root - INFO - Hypothesis ba_008: float64, float64
[2023-02-09 00:02:13,319] 84 root - INFO - Hypothesis ba_009: float64, float64
[2023-02-09 00:02:13,326] 84 root - INFO - Hypothesis bb_000: float64, float64
[2023-02-09 00:02:13,335] 84 root - INFO - Hypothesis bc_000: float64, float64
[2023-02-09 00:02:13,344] 84 root - INFO - Hypothesis bd_000: float64, float64
[2023-02-09 00:02:13,352] 84 root - INFO - Hypothesis be_000: float64, float64
[2023-02-09 00:02:13,387] 84 root - INFO - Hypothesis bf_000: float64, float64
[2023-02-09 00:02:13,423] 84 root - INFO - Hypothesis bg_000: float64, float64
[2023-02-09 00:02:13,435] 84 root - INFO - Hypothesis bh_000: float64, float64
[2023-02-09 00:02:13,445] 84 root - INFO - Hypothesis bi_000: float64, float64
[2023-02-09 00:02:13,454] 84 root - INFO - Hypothesis bj_000: float64, float64
[2023-02-09 00:02:13,494] 84 root - INFO - Hypothesis bs_000: float64, float64
[2023-02-09 00:02:13,534] 84 root - INFO - Hypothesis bt_000: float64, float64
[2023-02-09 00:02:13,545] 84 root - INFO - Hypothesis bu_000: float64, float64
[2023-02-09 00:02:13,555] 84 root - INFO - Hypothesis bv_000: float64, float64
[2023-02-09 00:02:13,563] 84 root - INFO - Hypothesis bx_000: float64, float64
[2023-02-09 00:02:13,572] 84 root - INFO - Hypothesis by_000: float64, float64
[2023-02-09 00:02:13,581] 84 root - INFO - Hypothesis bz_000: float64, float64
[2023-02-09 00:02:13,610] 84 root - INFO - Hypothesis ca_000: float64, float64
[2023-02-09 00:02:13,619] 84 root - INFO - Hypothesis cb_000: float64, float64
[2023-02-09 00:02:13,628] 84 root - INFO - Hypothesis cc_000: float64, float64
[2023-02-09 00:02:13,638] 84 root - INFO - Hypothesis cd_000: float64, float64
[2023-02-09 00:02:13,663] 84 root - INFO - Hypothesis ce_000: float64, float64
[2023-02-09 00:02:13,693] 84 root - INFO - Hypothesis ci_000: float64, float64
[2023-02-09 00:02:13,704] 84 root - INFO - Hypothesis cj_000: float64, float64
[2023-02-09 00:02:13,713] 84 root - INFO - Hypothesis ck_000: float64, float64
[2023-02-09 00:02:13,723] 84 root - INFO - Hypothesis cl_000: float64, float64
[2023-02-09 00:02:13,751] 84 root - INFO - Hypothesis cm_000: float64, float64
[2023-02-09 00:02:13,759] 84 root - INFO - Hypothesis cn_000: float64, float64
[2023-02-09 00:02:13,784] 84 root - INFO - Hypothesis cn_001: float64, float64
[2023-02-09 00:02:13,812] 84 root - INFO - Hypothesis cn_002: float64, float64
[2023-02-09 00:02:13,821] 84 root - INFO - Hypothesis cn_003: float64, float64
[2023-02-09 00:02:13,829] 84 root - INFO - Hypothesis cn_004: float64, float64
[2023-02-09 00:02:13,860] 84 root - INFO - Hypothesis cn_005: float64, float64
[2023-02-09 00:02:13,869] 84 root - INFO - Hypothesis cn_006: float64, float64
[2023-02-09 00:02:13,895] 84 root - INFO - Hypothesis cn_007: float64, float64
[2023-02-09 00:02:13,921] 84 root - INFO - Hypothesis cn_008: float64, float64
[2023-02-09 00:02:13,953] 84 root - INFO - Hypothesis cn_009: float64, float64
[2023-02-09 00:02:13,982] 84 root - INFO - Hypothesis cp_000: float64, float64
[2023-02-09 00:02:13,990] 84 root - INFO - Hypothesis cq_000: float64, float64
[2023-02-09 00:02:14,000] 84 root - INFO - Hypothesis cs_000: float64, float64
[2023-02-09 00:02:14,027] 84 root - INFO - Hypothesis cs_001: float64, float64
[2023-02-09 00:02:14,036] 84 root - INFO - Hypothesis cs_002: float64, float64
[2023-02-09 00:02:14,065] 84 root - INFO - Hypothesis cs_003: float64, float64
[2023-02-09 00:02:14,073] 84 root - INFO - Hypothesis cs_004: float64, float64
[2023-02-09 00:02:14,082] 84 root - INFO - Hypothesis cs_005: float64, float64
[2023-02-09 00:02:14,091] 84 root - INFO - Hypothesis cs_006: float64, float64
[2023-02-09 00:02:14,100] 84 root - INFO - Hypothesis cs_007: float64, float64
[2023-02-09 00:02:14,129] 84 root - INFO - Hypothesis cs_008: float64, float64
[2023-02-09 00:02:14,159] 84 root - INFO - Hypothesis cs_009: float64, float64
[2023-02-09 00:02:14,189] 84 root - INFO - Hypothesis dd_000: float64, float64
[2023-02-09 00:02:14,199] 84 root - INFO - Hypothesis de_000: float64, float64
[2023-02-09 00:02:14,208] 84 root - INFO - Hypothesis df_000: float64, float64
[2023-02-09 00:02:14,233] 84 root - INFO - Hypothesis dg_000: float64, float64
[2023-02-09 00:02:14,262] 84 root - INFO - Hypothesis dh_000: float64, float64
[2023-02-09 00:02:14,288] 84 root - INFO - Hypothesis di_000: float64, float64
[2023-02-09 00:02:14,313] 84 root - INFO - Hypothesis dj_000: float64, float64
[2023-02-09 00:02:14,343] 84 root - INFO - Hypothesis dk_000: float64, float64
[2023-02-09 00:02:14,369] 84 root - INFO - Hypothesis dl_000: float64, float64
[2023-02-09 00:02:14,395] 84 root - INFO - Hypothesis dm_000: float64, float64
[2023-02-09 00:02:14,430] 84 root - INFO - Hypothesis dn_000: float64, float64
[2023-02-09 00:02:14,462] 84 root - INFO - Hypothesis do_000: float64, float64
[2023-02-09 00:02:14,471] 84 root - INFO - Hypothesis dp_000: float64, float64
[2023-02-09 00:02:14,479] 84 root - INFO - Hypothesis dq_000: float64, float64
[2023-02-09 00:02:14,504] 84 root - INFO - Hypothesis dr_000: float64, float64
[2023-02-09 00:02:14,533] 84 root - INFO - Hypothesis ds_000: float64, float64
[2023-02-09 00:02:14,541] 84 root - INFO - Hypothesis dt_000: float64, float64
[2023-02-09 00:02:14,549] 84 root - INFO - Hypothesis du_000: float64, float64
[2023-02-09 00:02:14,558] 84 root - INFO - Hypothesis dv_000: float64, float64
[2023-02-09 00:02:14,568] 84 root - INFO - Hypothesis dx_000: float64, float64
[2023-02-09 00:02:14,576] 84 root - INFO - Hypothesis dy_000: float64, float64
[2023-02-09 00:02:14,584] 84 root - INFO - Hypothesis dz_000: float64, float64
[2023-02-09 00:02:14,615] 84 root - INFO - Hypothesis ea_000: float64, float64
[2023-02-09 00:02:14,643] 84 root - INFO - Hypothesis eb_000: float64, float64
[2023-02-09 00:02:14,675] 84 root - INFO - Hypothesis ec_00: float64, float64
[2023-02-09 00:02:14,684] 84 root - INFO - Hypothesis ed_000: float64, float64
[2023-02-09 00:02:14,693] 84 root - INFO - Hypothesis ee_000: float64, float64
[2023-02-09 00:02:14,702] 84 root - INFO - Hypothesis ee_001: float64, float64
[2023-02-09 00:02:14,710] 84 root - INFO - Hypothesis ee_002: float64, float64
[2023-02-09 00:02:14,747] 84 root - INFO - Hypothesis ee_003: float64, float64
[2023-02-09 00:02:14,786] 84 root - INFO - Hypothesis ee_004: float64, float64
[2023-02-09 00:02:14,816] 84 root - INFO - Hypothesis ee_005: float64, float64
[2023-02-09 00:02:14,825] 84 root - INFO - Hypothesis ee_006: float64, float64
[2023-02-09 00:02:14,833] 84 root - INFO - Hypothesis ee_007: float64, float64
[2023-02-09 00:02:14,841] 84 root - INFO - Hypothesis ee_008: float64, float64
[2023-02-09 00:02:14,872] 84 root - INFO - Hypothesis ee_009: float64, float64
[2023-02-09 00:02:14,898] 84 root - INFO - Hypothesis ef_000: float64, float64
[2023-02-09 00:02:14,923] 84 root - INFO - Hypothesis eg_000: float64, float64
[2023-02-09 00:02:14,949] 139 root - INFO - As all columns are available in test df hence detecting data drift
[2023-02-09 00:02:14,949] 84 root - INFO - Hypothesis class: object, object
[2023-02-09 00:02:14,988] 84 root - INFO - Hypothesis aa_000: float64, float64
[2023-02-09 00:02:14,994] 84 root - INFO - Hypothesis ac_000: float64, float64
[2023-02-09 00:02:14,999] 84 root - INFO - Hypothesis ae_000: float64, float64
[2023-02-09 00:02:15,015] 84 root - INFO - Hypothesis af_000: float64, float64
[2023-02-09 00:02:15,027] 84 root - INFO - Hypothesis ag_000: float64, float64
[2023-02-09 00:02:15,038] 84 root - INFO - Hypothesis ag_001: float64, float64
[2023-02-09 00:02:15,050] 84 root - INFO - Hypothesis ag_002: float64, float64
[2023-02-09 00:02:15,061] 84 root - INFO - Hypothesis ag_003: float64, float64
[2023-02-09 00:02:15,066] 84 root - INFO - Hypothesis ag_004: float64, float64
[2023-02-09 00:02:15,071] 84 root - INFO - Hypothesis ag_005: float64, float64
[2023-02-09 00:02:15,076] 84 root - INFO - Hypothesis ag_006: float64, float64
[2023-02-09 00:02:15,082] 84 root - INFO - Hypothesis ag_007: float64, float64
[2023-02-09 00:02:15,087] 84 root - INFO - Hypothesis ag_008: float64, float64
[2023-02-09 00:02:15,091] 84 root - INFO - Hypothesis ag_009: float64, float64
[2023-02-09 00:02:15,097] 84 root - INFO - Hypothesis ah_000: float64, float64
[2023-02-09 00:02:15,102] 84 root - INFO - Hypothesis ai_000: float64, float64
[2023-02-09 00:02:15,113] 84 root - INFO - Hypothesis aj_000: float64, float64
[2023-02-09 00:02:15,118] 84 root - INFO - Hypothesis ak_000: float64, float64
[2023-02-09 00:02:15,129] 84 root - INFO - Hypothesis al_000: float64, float64
[2023-02-09 00:02:15,134] 84 root - INFO - Hypothesis am_0: float64, float64
[2023-02-09 00:02:15,138] 84 root - INFO - Hypothesis an_000: float64, float64
[2023-02-09 00:02:15,144] 84 root - INFO - Hypothesis ao_000: float64, float64
[2023-02-09 00:02:15,150] 84 root - INFO - Hypothesis ap_000: float64, float64
[2023-02-09 00:02:15,155] 84 root - INFO - Hypothesis aq_000: float64, float64
[2023-02-09 00:02:15,160] 84 root - INFO - Hypothesis ar_000: float64, float64
[2023-02-09 00:02:15,171] 84 root - INFO - Hypothesis as_000: float64, float64
[2023-02-09 00:02:15,184] 84 root - INFO - Hypothesis at_000: float64, float64
[2023-02-09 00:02:15,199] 84 root - INFO - Hypothesis au_000: float64, float64
[2023-02-09 00:02:15,212] 84 root - INFO - Hypothesis av_000: float64, float64
[2023-02-09 00:02:15,219] 84 root - INFO - Hypothesis ax_000: float64, float64
[2023-02-09 00:02:15,226] 84 root - INFO - Hypothesis ay_000: float64, float64
[2023-02-09 00:02:15,240] 84 root - INFO - Hypothesis ay_001: float64, float64
[2023-02-09 00:02:15,252] 84 root - INFO - Hypothesis ay_002: float64, float64
[2023-02-09 00:02:15,267] 84 root - INFO - Hypothesis ay_003: float64, float64
[2023-02-09 00:02:15,284] 84 root - INFO - Hypothesis ay_004: float64, float64
[2023-02-09 00:02:15,302] 84 root - INFO - Hypothesis ay_005: float64, float64
[2023-02-09 00:02:15,307] 84 root - INFO - Hypothesis ay_006: float64, float64
[2023-02-09 00:02:15,313] 84 root - INFO - Hypothesis ay_007: float64, float64
[2023-02-09 00:02:15,319] 84 root - INFO - Hypothesis ay_008: float64, float64
[2023-02-09 00:02:15,325] 84 root - INFO - Hypothesis ay_009: float64, float64
[2023-02-09 00:02:15,340] 84 root - INFO - Hypothesis az_000: float64, float64
[2023-02-09 00:02:15,345] 84 root - INFO - Hypothesis az_001: float64, float64
[2023-02-09 00:02:15,351] 84 root - INFO - Hypothesis az_002: float64, float64
[2023-02-09 00:02:15,356] 84 root - INFO - Hypothesis az_003: float64, float64
[2023-02-09 00:02:15,362] 84 root - INFO - Hypothesis az_004: float64, float64
[2023-02-09 00:02:15,368] 84 root - INFO - Hypothesis az_005: float64, float64
[2023-02-09 00:02:15,374] 84 root - INFO - Hypothesis az_006: float64, float64
[2023-02-09 00:02:15,379] 84 root - INFO - Hypothesis az_007: float64, float64
[2023-02-09 00:02:15,384] 84 root - INFO - Hypothesis az_008: float64, float64
[2023-02-09 00:02:15,389] 84 root - INFO - Hypothesis az_009: float64, float64
[2023-02-09 00:02:15,405] 84 root - INFO - Hypothesis ba_000: float64, float64
[2023-02-09 00:02:15,410] 84 root - INFO - Hypothesis ba_001: float64, float64
[2023-02-09 00:02:15,417] 84 root - INFO - Hypothesis ba_002: float64, float64
[2023-02-09 00:02:15,422] 84 root - INFO - Hypothesis ba_003: float64, float64
[2023-02-09 00:02:15,428] 84 root - INFO - Hypothesis ba_004: float64, float64
[2023-02-09 00:02:15,433] 84 root - INFO - Hypothesis ba_005: float64, float64
[2023-02-09 00:02:15,439] 84 root - INFO - Hypothesis ba_006: float64, float64
[2023-02-09 00:02:15,444] 84 root - INFO - Hypothesis ba_007: float64, float64
[2023-02-09 00:02:15,450] 84 root - INFO - Hypothesis ba_008: float64, float64
[2023-02-09 00:02:15,455] 84 root - INFO - Hypothesis ba_009: float64, float64
[2023-02-09 00:02:15,461] 84 root - INFO - Hypothesis bb_000: float64, float64
[2023-02-09 00:02:15,468] 84 root - INFO - Hypothesis bc_000: float64, float64
[2023-02-09 00:02:15,475] 84 root - INFO - Hypothesis bd_000: float64, float64
[2023-02-09 00:02:15,481] 84 root - INFO - Hypothesis be_000: float64, float64
[2023-02-09 00:02:15,488] 84 root - INFO - Hypothesis bf_000: float64, float64
[2023-02-09 00:02:15,492] 84 root - INFO - Hypothesis bg_000: float64, float64
[2023-02-09 00:02:15,498] 84 root - INFO - Hypothesis bh_000: float64, float64
[2023-02-09 00:02:15,504] 84 root - INFO - Hypothesis bi_000: float64, float64
[2023-02-09 00:02:15,509] 84 root - INFO - Hypothesis bj_000: float64, float64
[2023-02-09 00:02:15,514] 84 root - INFO - Hypothesis bs_000: float64, float64
[2023-02-09 00:02:15,520] 84 root - INFO - Hypothesis bt_000: float64, float64
[2023-02-09 00:02:15,525] 84 root - INFO - Hypothesis bu_000: float64, float64
[2023-02-09 00:02:15,530] 84 root - INFO - Hypothesis bv_000: float64, float64
[2023-02-09 00:02:15,536] 84 root - INFO - Hypothesis bx_000: float64, float64
[2023-02-09 00:02:15,540] 84 root - INFO - Hypothesis by_000: float64, float64
[2023-02-09 00:02:15,546] 84 root - INFO - Hypothesis bz_000: float64, float64
[2023-02-09 00:02:15,551] 84 root - INFO - Hypothesis ca_000: float64, float64
[2023-02-09 00:02:15,557] 84 root - INFO - Hypothesis cb_000: float64, float64
[2023-02-09 00:02:15,562] 84 root - INFO - Hypothesis cc_000: float64, float64
[2023-02-09 00:02:15,569] 84 root - INFO - Hypothesis cd_000: float64, float64
[2023-02-09 00:02:15,579] 84 root - INFO - Hypothesis ce_000: float64, float64
[2023-02-09 00:02:15,584] 84 root - INFO - Hypothesis ci_000: float64, float64
[2023-02-09 00:02:15,590] 84 root - INFO - Hypothesis cj_000: float64, float64
[2023-02-09 00:02:15,595] 84 root - INFO - Hypothesis ck_000: float64, float64
[2023-02-09 00:02:15,601] 84 root - INFO - Hypothesis cl_000: float64, float64
[2023-02-09 00:02:15,608] 84 root - INFO - Hypothesis cm_000: float64, float64
[2023-02-09 00:02:15,612] 84 root - INFO - Hypothesis cn_000: float64, float64
[2023-02-09 00:02:15,622] 84 root - INFO - Hypothesis cn_001: float64, float64
[2023-02-09 00:02:15,626] 84 root - INFO - Hypothesis cn_002: float64, float64
[2023-02-09 00:02:15,630] 84 root - INFO - Hypothesis cn_003: float64, float64
[2023-02-09 00:02:15,635] 84 root - INFO - Hypothesis cn_004: float64, float64
[2023-02-09 00:02:15,640] 84 root - INFO - Hypothesis cn_005: float64, float64
[2023-02-09 00:02:15,645] 84 root - INFO - Hypothesis cn_006: float64, float64
[2023-02-09 00:02:15,651] 84 root - INFO - Hypothesis cn_007: float64, float64
[2023-02-09 00:02:15,655] 84 root - INFO - Hypothesis cn_008: float64, float64
[2023-02-09 00:02:15,661] 84 root - INFO - Hypothesis cn_009: float64, float64
[2023-02-09 00:02:15,668] 84 root - INFO - Hypothesis cp_000: float64, float64
[2023-02-09 00:02:15,674] 84 root - INFO - Hypothesis cq_000: float64, float64
[2023-02-09 00:02:15,679] 84 root - INFO - Hypothesis cs_000: float64, float64
[2023-02-09 00:02:15,684] 84 root - INFO - Hypothesis cs_001: float64, float64
[2023-02-09 00:02:15,689] 84 root - INFO - Hypothesis cs_002: float64, float64
[2023-02-09 00:02:15,693] 84 root - INFO - Hypothesis cs_003: float64, float64
[2023-02-09 00:02:15,698] 84 root - INFO - Hypothesis cs_004: float64, float64
[2023-02-09 00:02:15,703] 84 root - INFO - Hypothesis cs_005: float64, float64
[2023-02-09 00:02:15,709] 84 root - INFO - Hypothesis cs_006: float64, float64
[2023-02-09 00:02:15,714] 84 root - INFO - Hypothesis cs_007: float64, float64
[2023-02-09 00:02:15,719] 84 root - INFO - Hypothesis cs_008: float64, float64
[2023-02-09 00:02:15,725] 84 root - INFO - Hypothesis cs_009: float64, float64
[2023-02-09 00:02:15,735] 84 root - INFO - Hypothesis dd_000: float64, float64
[2023-02-09 00:02:15,741] 84 root - INFO - Hypothesis de_000: float64, float64
[2023-02-09 00:02:15,746] 84 root - INFO - Hypothesis df_000: float64, float64
[2023-02-09 00:02:15,750] 84 root - INFO - Hypothesis dg_000: float64, float64
[2023-02-09 00:02:15,762] 84 root - INFO - Hypothesis dh_000: float64, float64
[2023-02-09 00:02:15,773] 84 root - INFO - Hypothesis di_000: float64, float64
[2023-02-09 00:02:15,777] 84 root - INFO - Hypothesis dj_000: float64, float64
[2023-02-09 00:02:15,789] 84 root - INFO - Hypothesis dk_000: float64, float64
[2023-02-09 00:02:15,793] 84 root - INFO - Hypothesis dl_000: float64, float64
[2023-02-09 00:02:15,804] 84 root - INFO - Hypothesis dm_000: float64, float64
[2023-02-09 00:02:15,816] 84 root - INFO - Hypothesis dn_000: float64, float64
[2023-02-09 00:02:15,822] 84 root - INFO - Hypothesis do_000: float64, float64
[2023-02-09 00:02:15,828] 84 root - INFO - Hypothesis dp_000: float64, float64
[2023-02-09 00:02:15,832] 84 root - INFO - Hypothesis dq_000: float64, float64
[2023-02-09 00:02:15,837] 84 root - INFO - Hypothesis dr_000: float64, float64
[2023-02-09 00:02:15,842] 84 root - INFO - Hypothesis ds_000: float64, float64
[2023-02-09 00:02:15,848] 84 root - INFO - Hypothesis dt_000: float64, float64
[2023-02-09 00:02:15,853] 84 root - INFO - Hypothesis du_000: float64, float64
[2023-02-09 00:02:15,859] 84 root - INFO - Hypothesis dv_000: float64, float64
[2023-02-09 00:02:15,865] 84 root - INFO - Hypothesis dx_000: float64, float64
[2023-02-09 00:02:15,870] 84 root - INFO - Hypothesis dy_000: float64, float64
[2023-02-09 00:02:15,875] 84 root - INFO - Hypothesis dz_000: float64, float64
[2023-02-09 00:02:15,887] 84 root - INFO - Hypothesis ea_000: float64, float64
[2023-02-09 00:02:15,899] 84 root - INFO - Hypothesis eb_000: float64, float64
[2023-02-09 00:02:15,904] 84 root - INFO - Hypothesis ec_00: float64, float64
[2023-02-09 00:02:15,910] 84 root - INFO - Hypothesis ed_000: float64, float64
[2023-02-09 00:02:15,916] 84 root - INFO - Hypothesis ee_000: float64, float64
[2023-02-09 00:02:15,922] 84 root - INFO - Hypothesis ee_001: float64, float64
[2023-02-09 00:02:15,928] 84 root - INFO - Hypothesis ee_002: float64, float64
[2023-02-09 00:02:15,933] 84 root - INFO - Hypothesis ee_003: float64, float64
[2023-02-09 00:02:15,938] 84 root - INFO - Hypothesis ee_004: float64, float64
[2023-02-09 00:02:15,945] 84 root - INFO - Hypothesis ee_005: float64, float64
[2023-02-09 00:02:15,950] 84 root - INFO - Hypothesis ee_006: float64, float64
[2023-02-09 00:02:15,954] 84 root - INFO - Hypothesis ee_007: float64, float64
[2023-02-09 00:02:15,960] 84 root - INFO - Hypothesis ee_008: float64, float64
[2023-02-09 00:02:15,966] 84 root - INFO - Hypothesis ee_009: float64, float64
[2023-02-09 00:02:15,971] 84 root - INFO - Hypothesis ef_000: float64, float64
[2023-02-09 00:02:15,983] 84 root - INFO - Hypothesis eg_000: float64, float64
[2023-02-09 00:02:15,997] 144 root - INFO - Writing report to yaml file
[2023-02-09 00:02:16,052] 149 root - INFO - Data Validation artifact: DataValidationArtifact(report_file_path='C:\\Users\\shara\\ML_Projects\\artifact\\020923__000127\\data_validation\\report.yaml')
[2023-02-09 00:02:16,061] 23 root - INFO - >>>>>>>>>>>>>>>>>>>>>>>>>>>>>>>>>>>>>>>> Data Transformation <<<<<<<<<<<<<<<<<<<<<<<<<<<<<<<<<<<<<<<<
[2023-02-09 00:02:16,776] 73 root - INFO - Before resampling in training set Input: (28950, 170) Target: (28950,)
[2023-02-09 00:03:03,950] 75 root - INFO - After resampling in training set Input: (56130, 170) Target: (56130,)
[2023-02-09 00:03:03,951] 77 root - INFO - Before resampling in testing set Input: (7238, 170) Target: (7238,)
[2023-02-09 00:03:06,480] 79 root - INFO - After resampling in testing set Input: (14022, 170) Target: (14022,)
[2023-02-09 00:03:06,620] 48 root - INFO - Entered the save_object method of utils
[2023-02-09 00:03:06,630] 52 root - INFO - Exited the save_object method of utils
