[2023-02-09 21:49:23,832] 159 numexpr.utils - INFO - NumExpr defaulting to 8 threads.
[2023-02-09 21:49:28,905] 17 root - INFO - >>>>>>>>>>>>>>>>>>>>>>>>>>>>>>>>>>>>>>>> Data Ingestion <<<<<<<<<<<<<<<<<<<<<<<<<<<<<<<<<<<<<<<<
[2023-02-09 21:49:28,905] 24 root - INFO - Exporting collection data as pandas DataFrame
[2023-02-09 21:49:28,905] 13 root - INFO - Reading data from database: APS and collection: Sensor
[2023-02-09 21:50:16,214] 15 root - INFO - Found columns: Index(['_id', 'class', 'aa_000', 'ab_000', 'ac_000', 'ad_000', 'ae_000',
       'af_000', 'ag_000', 'ag_001',
       ...
       'ee_002', 'ee_003', 'ee_004', 'ee_005', 'ee_006', 'ee_007', 'ee_008',
       'ee_009', 'ef_000', 'eg_000'],
      dtype='object', length=172)
[2023-02-09 21:50:16,226] 17 root - INFO - Dropping column: _id
[2023-02-09 21:50:16,463] 19 root - INFO - Row and columns in df : (36188, 171)
[2023-02-09 21:50:16,463] 29 root - INFO - save data in feature store
[2023-02-09 21:50:16,822] 35 root - INFO - Create feature store folder if not available
[2023-02-09 21:50:16,825] 39 root - INFO - Save df to feature store folder
[2023-02-09 21:50:18,824] 43 root - INFO - split dataset into train and test set
[2023-02-09 21:50:19,319] 47 root - INFO - create dataset directory folder if not available
[2023-02-09 21:50:19,319] 52 root - INFO - Save df to feature store folder
[2023-02-09 21:50:21,211] 64 root - INFO - Data ingestion artifact: DataIngestionArtifact(feature_store_file_path='C:\\Users\\shara\\ML_Projects\\artifact\\020923__214928\\data_ingestion\\feature_store\\sensor.csv', train_file_path='C:\\Users\\shara\\ML_Projects\\artifact\\020923__214928\\data_ingestion\\dataset\\train.csv', test_file_path='C:\\Users\\shara\\ML_Projects\\artifact\\020923__214928\\data_ingestion\\dataset\\test.csv')
[2023-02-09 21:50:21,897] 18 root - INFO - >>>>>>>>>>>>>>>>>>>>>>>>>>>>>>>>>>>>>>>> Data Validation <<<<<<<<<<<<<<<<<<<<<<<<<<<<<<<<<<<<<<<<
[2023-02-09 21:50:21,897] 107 root - INFO - Reading base DataFrame
[2023-02-09 21:50:24,226] 110 root - INFO - Replace na value in base df
[2023-02-09 21:50:24,226] 112 root - INFO - Drop null values column from base df
[2023-02-09 21:50:24,759] 41 root - INFO - Selecting column names which contain null values above to 0.2
[2023-02-09 21:50:24,759] 43 root - INFO - columns to drop: ['ab_000', 'ad_000', 'bk_000', 'bl_000', 'bm_000', 'bn_000', 'bo_000', 'bp_000', 'bq_000', 'br_000', 'cf_000', 'cg_000', 'ch_000', 'co_000', 'cr_000', 'ct_000', 'cu_000', 'cv_000', 'cx_000', 'cy_000', 'cz_000', 'da_000', 'db_000', 'dc_000']
[2023-02-09 21:50:24,838] 115 root - INFO - Reading train DataFrame
[2023-02-09 21:50:25,167] 117 root - INFO - Reading test DataFrame
[2023-02-09 21:50:25,282] 120 root - INFO - Drop null values column from train DataFrame
[2023-02-09 21:50:25,298] 41 root - INFO - Selecting column names which contain null values above to 0.2
[2023-02-09 21:50:25,298] 43 root - INFO - columns to drop: ['ab_000', 'ad_000', 'bk_000', 'bl_000', 'bm_000', 'bn_000', 'bo_000', 'bp_000', 'bq_000', 'br_000', 'cf_000', 'cg_000', 'ch_000', 'co_000', 'cr_000', 'ct_000', 'cu_000', 'cv_000', 'cx_000', 'cy_000', 'cz_000', 'da_000', 'db_000', 'dc_000']
[2023-02-09 21:50:25,307] 122 root - INFO - Drop null values column from test DataFrame
[2023-02-09 21:50:25,307] 41 root - INFO - Selecting column names which contain null values above to 0.2
[2023-02-09 21:50:25,307] 43 root - INFO - columns to drop: ['ab_000', 'ad_000', 'bk_000', 'bl_000', 'bm_000', 'bn_000', 'bo_000', 'bp_000', 'bq_000', 'br_000', 'cf_000', 'cg_000', 'ch_000', 'co_000', 'cr_000', 'ct_000', 'cu_000', 'cv_000', 'cx_000', 'cy_000', 'cz_000', 'da_000', 'db_000', 'dc_000']
[2023-02-09 21:50:30,946] 130 root - INFO - Is all required columns present in train df
[2023-02-09 21:50:30,946] 132 root - INFO - Is all required columns present in test df
[2023-02-09 21:50:30,946] 136 root - INFO - As all columns are available in train df hence detecting data drift
[2023-02-09 21:50:30,946] 84 root - INFO - Hypothesis class: object, object
[2023-02-09 21:50:31,201] 84 root - INFO - Hypothesis aa_000: float64, float64
[2023-02-09 21:50:31,287] 84 root - INFO - Hypothesis ac_000: float64, float64
[2023-02-09 21:50:31,299] 84 root - INFO - Hypothesis ae_000: float64, float64
[2023-02-09 21:50:31,346] 84 root - INFO - Hypothesis af_000: float64, float64
[2023-02-09 21:50:31,381] 84 root - INFO - Hypothesis ag_000: float64, float64
[2023-02-09 21:50:31,424] 84 root - INFO - Hypothesis ag_001: float64, float64
[2023-02-09 21:50:31,463] 84 root - INFO - Hypothesis ag_002: float64, float64
[2023-02-09 21:50:31,496] 84 root - INFO - Hypothesis ag_003: float64, float64
[2023-02-09 21:50:31,534] 84 root - INFO - Hypothesis ag_004: float64, float64
[2023-02-09 21:50:31,588] 84 root - INFO - Hypothesis ag_005: float64, float64
[2023-02-09 21:50:31,602] 84 root - INFO - Hypothesis ag_006: float64, float64
[2023-02-09 21:50:31,656] 84 root - INFO - Hypothesis ag_007: float64, float64
[2023-02-09 21:50:31,711] 84 root - INFO - Hypothesis ag_008: float64, float64
[2023-02-09 21:50:31,755] 84 root - INFO - Hypothesis ag_009: float64, float64
[2023-02-09 21:50:31,761] 84 root - INFO - Hypothesis ah_000: float64, float64
[2023-02-09 21:50:31,803] 84 root - INFO - Hypothesis ai_000: float64, float64
[2023-02-09 21:50:31,841] 84 root - INFO - Hypothesis aj_000: float64, float64
[2023-02-09 21:50:31,851] 84 root - INFO - Hypothesis ak_000: float64, float64
[2023-02-09 21:50:31,890] 84 root - INFO - Hypothesis al_000: float64, float64
[2023-02-09 21:50:31,935] 84 root - INFO - Hypothesis am_0: float64, float64
[2023-02-09 21:50:31,980] 84 root - INFO - Hypothesis an_000: float64, float64
[2023-02-09 21:50:32,054] 84 root - INFO - Hypothesis ao_000: float64, float64
[2023-02-09 21:50:32,094] 84 root - INFO - Hypothesis ap_000: float64, float64
[2023-02-09 21:50:32,127] 84 root - INFO - Hypothesis aq_000: float64, float64
[2023-02-09 21:50:32,160] 84 root - INFO - Hypothesis ar_000: float64, float64
[2023-02-09 21:50:32,201] 84 root - INFO - Hypothesis as_000: float64, float64
[2023-02-09 21:50:32,235] 84 root - INFO - Hypothesis at_000: float64, float64
[2023-02-09 21:50:32,265] 84 root - INFO - Hypothesis au_000: float64, float64
[2023-02-09 21:50:32,307] 84 root - INFO - Hypothesis av_000: float64, float64
[2023-02-09 21:50:32,323] 84 root - INFO - Hypothesis ax_000: float64, float64
[2023-02-09 21:50:32,372] 84 root - INFO - Hypothesis ay_000: float64, float64
[2023-02-09 21:50:32,411] 84 root - INFO - Hypothesis ay_001: float64, float64
[2023-02-09 21:50:32,444] 84 root - INFO - Hypothesis ay_002: float64, float64
[2023-02-09 21:50:32,476] 84 root - INFO - Hypothesis ay_003: float64, float64
[2023-02-09 21:50:32,509] 84 root - INFO - Hypothesis ay_004: float64, float64
[2023-02-09 21:50:32,542] 84 root - INFO - Hypothesis ay_005: float64, float64
[2023-02-09 21:50:32,552] 84 root - INFO - Hypothesis ay_006: float64, float64
[2023-02-09 21:50:32,558] 84 root - INFO - Hypothesis ay_007: float64, float64
[2023-02-09 21:50:32,591] 84 root - INFO - Hypothesis ay_008: float64, float64
[2023-02-09 21:50:32,624] 84 root - INFO - Hypothesis ay_009: float64, float64
[2023-02-09 21:50:32,663] 84 root - INFO - Hypothesis az_000: float64, float64
[2023-02-09 21:50:32,677] 84 root - INFO - Hypothesis az_001: float64, float64
[2023-02-09 21:50:32,688] 84 root - INFO - Hypothesis az_002: float64, float64
[2023-02-09 21:50:32,702] 84 root - INFO - Hypothesis az_003: float64, float64
[2023-02-09 21:50:32,713] 84 root - INFO - Hypothesis az_004: float64, float64
[2023-02-09 21:50:32,728] 84 root - INFO - Hypothesis az_005: float64, float64
[2023-02-09 21:50:32,737] 84 root - INFO - Hypothesis az_006: float64, float64
[2023-02-09 21:50:32,745] 84 root - INFO - Hypothesis az_007: float64, float64
[2023-02-09 21:50:32,778] 84 root - INFO - Hypothesis az_008: float64, float64
[2023-02-09 21:50:32,811] 84 root - INFO - Hypothesis az_009: float64, float64
[2023-02-09 21:50:32,846] 84 root - INFO - Hypothesis ba_000: float64, float64
[2023-02-09 21:50:32,886] 84 root - INFO - Hypothesis ba_001: float64, float64
[2023-02-09 21:50:32,927] 84 root - INFO - Hypothesis ba_002: float64, float64
[2023-02-09 21:50:32,969] 84 root - INFO - Hypothesis ba_003: float64, float64
[2023-02-09 21:50:32,999] 84 root - INFO - Hypothesis ba_004: float64, float64
[2023-02-09 21:50:33,007] 84 root - INFO - Hypothesis ba_005: float64, float64
[2023-02-09 21:50:33,040] 84 root - INFO - Hypothesis ba_006: float64, float64
[2023-02-09 21:50:33,052] 84 root - INFO - Hypothesis ba_007: float64, float64
[2023-02-09 21:50:33,088] 84 root - INFO - Hypothesis ba_008: float64, float64
[2023-02-09 21:50:33,096] 84 root - INFO - Hypothesis ba_009: float64, float64
[2023-02-09 21:50:33,137] 84 root - INFO - Hypothesis bb_000: float64, float64
[2023-02-09 21:50:33,176] 84 root - INFO - Hypothesis bc_000: float64, float64
[2023-02-09 21:50:33,178] 84 root - INFO - Hypothesis bd_000: float64, float64
[2023-02-09 21:50:33,195] 84 root - INFO - Hypothesis be_000: float64, float64
[2023-02-09 21:50:33,207] 84 root - INFO - Hypothesis bf_000: float64, float64
[2023-02-09 21:50:33,244] 84 root - INFO - Hypothesis bg_000: float64, float64
[2023-02-09 21:50:33,279] 84 root - INFO - Hypothesis bh_000: float64, float64
[2023-02-09 21:50:33,311] 84 root - INFO - Hypothesis bi_000: float64, float64
[2023-02-09 21:50:33,324] 84 root - INFO - Hypothesis bj_000: float64, float64
[2023-02-09 21:50:33,360] 84 root - INFO - Hypothesis bs_000: float64, float64
[2023-02-09 21:50:33,369] 84 root - INFO - Hypothesis bt_000: float64, float64
[2023-02-09 21:50:33,407] 84 root - INFO - Hypothesis bu_000: float64, float64
[2023-02-09 21:50:33,444] 84 root - INFO - Hypothesis bv_000: float64, float64
[2023-02-09 21:50:33,485] 84 root - INFO - Hypothesis bx_000: float64, float64
[2023-02-09 21:50:33,502] 84 root - INFO - Hypothesis by_000: float64, float64
[2023-02-09 21:50:33,541] 84 root - INFO - Hypothesis bz_000: float64, float64
[2023-02-09 21:50:33,551] 84 root - INFO - Hypothesis ca_000: float64, float64
[2023-02-09 21:50:33,562] 84 root - INFO - Hypothesis cb_000: float64, float64
[2023-02-09 21:50:33,572] 84 root - INFO - Hypothesis cc_000: float64, float64
[2023-02-09 21:50:33,584] 84 root - INFO - Hypothesis cd_000: float64, float64
[2023-02-09 21:50:33,628] 84 root - INFO - Hypothesis ce_000: float64, float64
[2023-02-09 21:50:33,666] 84 root - INFO - Hypothesis ci_000: float64, float64
[2023-02-09 21:50:33,702] 84 root - INFO - Hypothesis cj_000: float64, float64
[2023-02-09 21:50:33,739] 84 root - INFO - Hypothesis ck_000: float64, float64
[2023-02-09 21:50:33,773] 84 root - INFO - Hypothesis cl_000: float64, float64
[2023-02-09 21:50:33,796] 84 root - INFO - Hypothesis cm_000: float64, float64
[2023-02-09 21:50:33,828] 84 root - INFO - Hypothesis cn_000: float64, float64
[2023-02-09 21:50:33,861] 84 root - INFO - Hypothesis cn_001: float64, float64
[2023-02-09 21:50:33,895] 84 root - INFO - Hypothesis cn_002: float64, float64
[2023-02-09 21:50:33,928] 84 root - INFO - Hypothesis cn_003: float64, float64
[2023-02-09 21:50:33,942] 84 root - INFO - Hypothesis cn_004: float64, float64
[2023-02-09 21:50:33,974] 84 root - INFO - Hypothesis cn_005: float64, float64
[2023-02-09 21:50:33,999] 84 root - INFO - Hypothesis cn_006: float64, float64
[2023-02-09 21:50:34,031] 84 root - INFO - Hypothesis cn_007: float64, float64
[2023-02-09 21:50:34,065] 84 root - INFO - Hypothesis cn_008: float64, float64
[2023-02-09 21:50:34,095] 84 root - INFO - Hypothesis cn_009: float64, float64
[2023-02-09 21:50:34,120] 84 root - INFO - Hypothesis cp_000: float64, float64
[2023-02-09 21:50:34,153] 84 root - INFO - Hypothesis cq_000: float64, float64
[2023-02-09 21:50:34,177] 84 root - INFO - Hypothesis cs_000: float64, float64
[2023-02-09 21:50:34,193] 84 root - INFO - Hypothesis cs_001: float64, float64
[2023-02-09 21:50:34,204] 84 root - INFO - Hypothesis cs_002: float64, float64
[2023-02-09 21:50:34,237] 84 root - INFO - Hypothesis cs_003: float64, float64
[2023-02-09 21:50:34,242] 84 root - INFO - Hypothesis cs_004: float64, float64
[2023-02-09 21:50:34,286] 84 root - INFO - Hypothesis cs_005: float64, float64
[2023-02-09 21:50:34,337] 84 root - INFO - Hypothesis cs_006: float64, float64
[2023-02-09 21:50:34,383] 84 root - INFO - Hypothesis cs_007: float64, float64
[2023-02-09 21:50:34,399] 84 root - INFO - Hypothesis cs_008: float64, float64
[2023-02-09 21:50:34,441] 84 root - INFO - Hypothesis cs_009: float64, float64
[2023-02-09 21:50:34,496] 84 root - INFO - Hypothesis dd_000: float64, float64
[2023-02-09 21:50:34,547] 84 root - INFO - Hypothesis de_000: float64, float64
[2023-02-09 21:50:34,582] 84 root - INFO - Hypothesis df_000: float64, float64
[2023-02-09 21:50:34,637] 84 root - INFO - Hypothesis dg_000: float64, float64
[2023-02-09 21:50:34,672] 84 root - INFO - Hypothesis dh_000: float64, float64
[2023-02-09 21:50:34,712] 84 root - INFO - Hypothesis di_000: float64, float64
[2023-02-09 21:50:34,748] 84 root - INFO - Hypothesis dj_000: float64, float64
[2023-02-09 21:50:34,778] 84 root - INFO - Hypothesis dk_000: float64, float64
[2023-02-09 21:50:34,806] 84 root - INFO - Hypothesis dl_000: float64, float64
[2023-02-09 21:50:34,839] 84 root - INFO - Hypothesis dm_000: float64, float64
[2023-02-09 21:50:34,871] 84 root - INFO - Hypothesis dn_000: float64, float64
[2023-02-09 21:50:34,903] 84 root - INFO - Hypothesis do_000: float64, float64
[2023-02-09 21:50:34,953] 84 root - INFO - Hypothesis dp_000: float64, float64
[2023-02-09 21:50:34,986] 84 root - INFO - Hypothesis dq_000: float64, float64
[2023-02-09 21:50:35,009] 84 root - INFO - Hypothesis dr_000: float64, float64
[2023-02-09 21:50:35,051] 84 root - INFO - Hypothesis ds_000: float64, float64
[2023-02-09 21:50:35,074] 84 root - INFO - Hypothesis dt_000: float64, float64
[2023-02-09 21:50:35,108] 84 root - INFO - Hypothesis du_000: float64, float64
[2023-02-09 21:50:35,147] 84 root - INFO - Hypothesis dv_000: float64, float64
[2023-02-09 21:50:35,179] 84 root - INFO - Hypothesis dx_000: float64, float64
[2023-02-09 21:50:35,220] 84 root - INFO - Hypothesis dy_000: float64, float64
[2023-02-09 21:50:35,260] 84 root - INFO - Hypothesis dz_000: float64, float64
[2023-02-09 21:50:35,295] 84 root - INFO - Hypothesis ea_000: float64, float64
[2023-02-09 21:50:35,345] 84 root - INFO - Hypothesis eb_000: float64, float64
[2023-02-09 21:50:35,352] 84 root - INFO - Hypothesis ec_00: float64, float64
[2023-02-09 21:50:35,392] 84 root - INFO - Hypothesis ed_000: float64, float64
[2023-02-09 21:50:35,423] 84 root - INFO - Hypothesis ee_000: float64, float64
[2023-02-09 21:50:35,464] 84 root - INFO - Hypothesis ee_001: float64, float64
[2023-02-09 21:50:35,505] 84 root - INFO - Hypothesis ee_002: float64, float64
[2023-02-09 21:50:35,546] 84 root - INFO - Hypothesis ee_003: float64, float64
[2023-02-09 21:50:35,578] 84 root - INFO - Hypothesis ee_004: float64, float64
[2023-02-09 21:50:35,611] 84 root - INFO - Hypothesis ee_005: float64, float64
[2023-02-09 21:50:35,643] 84 root - INFO - Hypothesis ee_006: float64, float64
[2023-02-09 21:50:35,676] 84 root - INFO - Hypothesis ee_007: float64, float64
[2023-02-09 21:50:35,685] 84 root - INFO - Hypothesis ee_008: float64, float64
[2023-02-09 21:50:35,692] 84 root - INFO - Hypothesis ee_009: float64, float64
[2023-02-09 21:50:35,741] 84 root - INFO - Hypothesis ef_000: float64, float64
[2023-02-09 21:50:35,773] 84 root - INFO - Hypothesis eg_000: float64, float64
[2023-02-09 21:50:35,806] 139 root - INFO - As all columns are available in test df hence detecting data drift
[2023-02-09 21:50:35,806] 84 root - INFO - Hypothesis class: object, object
[2023-02-09 21:50:35,866] 84 root - INFO - Hypothesis aa_000: float64, float64
[2023-02-09 21:50:35,872] 84 root - INFO - Hypothesis ac_000: float64, float64
[2023-02-09 21:50:35,872] 84 root - INFO - Hypothesis ae_000: float64, float64
[2023-02-09 21:50:35,888] 84 root - INFO - Hypothesis af_000: float64, float64
[2023-02-09 21:50:35,888] 84 root - INFO - Hypothesis ag_000: float64, float64
[2023-02-09 21:50:35,904] 84 root - INFO - Hypothesis ag_001: float64, float64
[2023-02-09 21:50:35,920] 84 root - INFO - Hypothesis ag_002: float64, float64
[2023-02-09 21:50:35,929] 84 root - INFO - Hypothesis ag_003: float64, float64
[2023-02-09 21:50:35,938] 84 root - INFO - Hypothesis ag_004: float64, float64
[2023-02-09 21:50:35,944] 84 root - INFO - Hypothesis ag_005: float64, float64
[2023-02-09 21:50:35,952] 84 root - INFO - Hypothesis ag_006: float64, float64
[2023-02-09 21:50:35,961] 84 root - INFO - Hypothesis ag_007: float64, float64
[2023-02-09 21:50:35,964] 84 root - INFO - Hypothesis ag_008: float64, float64
[2023-02-09 21:50:35,976] 84 root - INFO - Hypothesis ag_009: float64, float64
[2023-02-09 21:50:35,980] 84 root - INFO - Hypothesis ah_000: float64, float64
[2023-02-09 21:50:35,988] 84 root - INFO - Hypothesis ai_000: float64, float64
[2023-02-09 21:50:36,002] 84 root - INFO - Hypothesis aj_000: float64, float64
[2023-02-09 21:50:36,012] 84 root - INFO - Hypothesis ak_000: float64, float64
[2023-02-09 21:50:36,028] 84 root - INFO - Hypothesis al_000: float64, float64
[2023-02-09 21:50:36,038] 84 root - INFO - Hypothesis am_0: float64, float64
[2023-02-09 21:50:36,045] 84 root - INFO - Hypothesis an_000: float64, float64
[2023-02-09 21:50:36,052] 84 root - INFO - Hypothesis ao_000: float64, float64
[2023-02-09 21:50:36,061] 84 root - INFO - Hypothesis ap_000: float64, float64
[2023-02-09 21:50:36,073] 84 root - INFO - Hypothesis aq_000: float64, float64
[2023-02-09 21:50:36,078] 84 root - INFO - Hypothesis ar_000: float64, float64
[2023-02-09 21:50:36,096] 84 root - INFO - Hypothesis as_000: float64, float64
[2023-02-09 21:50:36,111] 84 root - INFO - Hypothesis at_000: float64, float64
[2023-02-09 21:50:36,116] 84 root - INFO - Hypothesis au_000: float64, float64
[2023-02-09 21:50:36,128] 84 root - INFO - Hypothesis av_000: float64, float64
[2023-02-09 21:50:36,136] 84 root - INFO - Hypothesis ax_000: float64, float64
[2023-02-09 21:50:36,141] 84 root - INFO - Hypothesis ay_000: float64, float64
[2023-02-09 21:50:36,159] 84 root - INFO - Hypothesis ay_001: float64, float64
[2023-02-09 21:50:36,172] 84 root - INFO - Hypothesis ay_002: float64, float64
[2023-02-09 21:50:36,185] 84 root - INFO - Hypothesis ay_003: float64, float64
[2023-02-09 21:50:36,197] 84 root - INFO - Hypothesis ay_004: float64, float64
[2023-02-09 21:50:36,207] 84 root - INFO - Hypothesis ay_005: float64, float64
[2023-02-09 21:50:36,213] 84 root - INFO - Hypothesis ay_006: float64, float64
[2023-02-09 21:50:36,216] 84 root - INFO - Hypothesis ay_007: float64, float64
[2023-02-09 21:50:36,224] 84 root - INFO - Hypothesis ay_008: float64, float64
[2023-02-09 21:50:36,228] 84 root - INFO - Hypothesis ay_009: float64, float64
[2023-02-09 21:50:36,243] 84 root - INFO - Hypothesis az_000: float64, float64
[2023-02-09 21:50:36,252] 84 root - INFO - Hypothesis az_001: float64, float64
[2023-02-09 21:50:36,257] 84 root - INFO - Hypothesis az_002: float64, float64
[2023-02-09 21:50:36,257] 84 root - INFO - Hypothesis az_003: float64, float64
[2023-02-09 21:50:36,269] 84 root - INFO - Hypothesis az_004: float64, float64
[2023-02-09 21:50:36,274] 84 root - INFO - Hypothesis az_005: float64, float64
[2023-02-09 21:50:36,276] 84 root - INFO - Hypothesis az_006: float64, float64
[2023-02-09 21:50:36,285] 84 root - INFO - Hypothesis az_007: float64, float64
[2023-02-09 21:50:36,286] 84 root - INFO - Hypothesis az_008: float64, float64
[2023-02-09 21:50:36,292] 84 root - INFO - Hypothesis az_009: float64, float64
[2023-02-09 21:50:36,292] 84 root - INFO - Hypothesis ba_000: float64, float64
[2023-02-09 21:50:36,302] 84 root - INFO - Hypothesis ba_001: float64, float64
[2023-02-09 21:50:36,308] 84 root - INFO - Hypothesis ba_002: float64, float64
[2023-02-09 21:50:36,309] 84 root - INFO - Hypothesis ba_003: float64, float64
[2023-02-09 21:50:36,318] 84 root - INFO - Hypothesis ba_004: float64, float64
[2023-02-09 21:50:36,324] 84 root - INFO - Hypothesis ba_005: float64, float64
[2023-02-09 21:50:36,325] 84 root - INFO - Hypothesis ba_006: float64, float64
[2023-02-09 21:50:36,333] 84 root - INFO - Hypothesis ba_007: float64, float64
[2023-02-09 21:50:36,339] 84 root - INFO - Hypothesis ba_008: float64, float64
[2023-02-09 21:50:36,347] 84 root - INFO - Hypothesis ba_009: float64, float64
[2023-02-09 21:50:36,357] 84 root - INFO - Hypothesis bb_000: float64, float64
[2023-02-09 21:50:36,365] 84 root - INFO - Hypothesis bc_000: float64, float64
[2023-02-09 21:50:36,370] 84 root - INFO - Hypothesis bd_000: float64, float64
[2023-02-09 21:50:36,374] 84 root - INFO - Hypothesis be_000: float64, float64
[2023-02-09 21:50:36,380] 84 root - INFO - Hypothesis bf_000: float64, float64
[2023-02-09 21:50:36,382] 84 root - INFO - Hypothesis bg_000: float64, float64
[2023-02-09 21:50:36,389] 84 root - INFO - Hypothesis bh_000: float64, float64
[2023-02-09 21:50:36,397] 84 root - INFO - Hypothesis bi_000: float64, float64
[2023-02-09 21:50:36,403] 84 root - INFO - Hypothesis bj_000: float64, float64
[2023-02-09 21:50:36,406] 84 root - INFO - Hypothesis bs_000: float64, float64
[2023-02-09 21:50:36,412] 84 root - INFO - Hypothesis bt_000: float64, float64
[2023-02-09 21:50:36,420] 84 root - INFO - Hypothesis bu_000: float64, float64
[2023-02-09 21:50:36,422] 84 root - INFO - Hypothesis bv_000: float64, float64
[2023-02-09 21:50:36,428] 84 root - INFO - Hypothesis bx_000: float64, float64
[2023-02-09 21:50:36,437] 84 root - INFO - Hypothesis by_000: float64, float64
[2023-02-09 21:50:36,439] 84 root - INFO - Hypothesis bz_000: float64, float64
[2023-02-09 21:50:36,445] 84 root - INFO - Hypothesis ca_000: float64, float64
[2023-02-09 21:50:36,452] 84 root - INFO - Hypothesis cb_000: float64, float64
[2023-02-09 21:50:36,460] 84 root - INFO - Hypothesis cc_000: float64, float64
[2023-02-09 21:50:36,461] 84 root - INFO - Hypothesis cd_000: float64, float64
[2023-02-09 21:50:36,477] 84 root - INFO - Hypothesis ce_000: float64, float64
[2023-02-09 21:50:36,478] 84 root - INFO - Hypothesis ci_000: float64, float64
[2023-02-09 21:50:36,486] 84 root - INFO - Hypothesis cj_000: float64, float64
[2023-02-09 21:50:36,492] 84 root - INFO - Hypothesis ck_000: float64, float64
[2023-02-09 21:50:36,492] 84 root - INFO - Hypothesis cl_000: float64, float64
[2023-02-09 21:50:36,503] 84 root - INFO - Hypothesis cm_000: float64, float64
[2023-02-09 21:50:36,508] 84 root - INFO - Hypothesis cn_000: float64, float64
[2023-02-09 21:50:36,510] 84 root - INFO - Hypothesis cn_001: float64, float64
[2023-02-09 21:50:36,517] 84 root - INFO - Hypothesis cn_002: float64, float64
[2023-02-09 21:50:36,520] 84 root - INFO - Hypothesis cn_003: float64, float64
[2023-02-09 21:50:36,526] 84 root - INFO - Hypothesis cn_004: float64, float64
[2023-02-09 21:50:36,533] 84 root - INFO - Hypothesis cn_005: float64, float64
[2023-02-09 21:50:36,539] 84 root - INFO - Hypothesis cn_006: float64, float64
[2023-02-09 21:50:36,541] 84 root - INFO - Hypothesis cn_007: float64, float64
[2023-02-09 21:50:36,549] 84 root - INFO - Hypothesis cn_008: float64, float64
[2023-02-09 21:50:36,553] 84 root - INFO - Hypothesis cn_009: float64, float64
[2023-02-09 21:50:36,558] 84 root - INFO - Hypothesis cp_000: float64, float64
[2023-02-09 21:50:36,564] 84 root - INFO - Hypothesis cq_000: float64, float64
[2023-02-09 21:50:36,573] 84 root - INFO - Hypothesis cs_000: float64, float64
[2023-02-09 21:50:36,580] 84 root - INFO - Hypothesis cs_001: float64, float64
[2023-02-09 21:50:36,586] 84 root - INFO - Hypothesis cs_002: float64, float64
[2023-02-09 21:50:36,590] 84 root - INFO - Hypothesis cs_003: float64, float64
[2023-02-09 21:50:36,597] 84 root - INFO - Hypothesis cs_004: float64, float64
[2023-02-09 21:50:36,606] 84 root - INFO - Hypothesis cs_005: float64, float64
[2023-02-09 21:50:36,606] 84 root - INFO - Hypothesis cs_006: float64, float64
[2023-02-09 21:50:36,613] 84 root - INFO - Hypothesis cs_007: float64, float64
[2023-02-09 21:50:36,621] 84 root - INFO - Hypothesis cs_008: float64, float64
[2023-02-09 21:50:36,629] 84 root - INFO - Hypothesis cs_009: float64, float64
[2023-02-09 21:50:36,641] 84 root - INFO - Hypothesis dd_000: float64, float64
[2023-02-09 21:50:36,645] 84 root - INFO - Hypothesis de_000: float64, float64
[2023-02-09 21:50:36,654] 84 root - INFO - Hypothesis df_000: float64, float64
[2023-02-09 21:50:36,669] 84 root - INFO - Hypothesis dg_000: float64, float64
[2023-02-09 21:50:36,687] 84 root - INFO - Hypothesis dh_000: float64, float64
[2023-02-09 21:50:36,702] 84 root - INFO - Hypothesis di_000: float64, float64
[2023-02-09 21:50:36,702] 84 root - INFO - Hypothesis dj_000: float64, float64
[2023-02-09 21:50:36,719] 84 root - INFO - Hypothesis dk_000: float64, float64
[2023-02-09 21:50:36,735] 84 root - INFO - Hypothesis dl_000: float64, float64
[2023-02-09 21:50:36,752] 84 root - INFO - Hypothesis dm_000: float64, float64
[2023-02-09 21:50:36,769] 84 root - INFO - Hypothesis dn_000: float64, float64
[2023-02-09 21:50:36,772] 84 root - INFO - Hypothesis do_000: float64, float64
[2023-02-09 21:50:36,776] 84 root - INFO - Hypothesis dp_000: float64, float64
[2023-02-09 21:50:36,784] 84 root - INFO - Hypothesis dq_000: float64, float64
[2023-02-09 21:50:36,784] 84 root - INFO - Hypothesis dr_000: float64, float64
[2023-02-09 21:50:36,796] 84 root - INFO - Hypothesis ds_000: float64, float64
[2023-02-09 21:50:36,801] 84 root - INFO - Hypothesis dt_000: float64, float64
[2023-02-09 21:50:36,809] 84 root - INFO - Hypothesis du_000: float64, float64
[2023-02-09 21:50:36,809] 84 root - INFO - Hypothesis dv_000: float64, float64
[2023-02-09 21:50:36,818] 84 root - INFO - Hypothesis dx_000: float64, float64
[2023-02-09 21:50:36,825] 84 root - INFO - Hypothesis dy_000: float64, float64
[2023-02-09 21:50:36,825] 84 root - INFO - Hypothesis dz_000: float64, float64
[2023-02-09 21:50:36,842] 84 root - INFO - Hypothesis ea_000: float64, float64
[2023-02-09 21:50:36,862] 84 root - INFO - Hypothesis eb_000: float64, float64
[2023-02-09 21:50:36,866] 84 root - INFO - Hypothesis ec_00: float64, float64
[2023-02-09 21:50:36,868] 84 root - INFO - Hypothesis ed_000: float64, float64
[2023-02-09 21:50:36,874] 84 root - INFO - Hypothesis ee_000: float64, float64
[2023-02-09 21:50:36,886] 84 root - INFO - Hypothesis ee_001: float64, float64
[2023-02-09 21:50:36,891] 84 root - INFO - Hypothesis ee_002: float64, float64
[2023-02-09 21:50:36,895] 84 root - INFO - Hypothesis ee_003: float64, float64
[2023-02-09 21:50:36,903] 84 root - INFO - Hypothesis ee_004: float64, float64
[2023-02-09 21:50:36,908] 84 root - INFO - Hypothesis ee_005: float64, float64
[2023-02-09 21:50:36,915] 84 root - INFO - Hypothesis ee_006: float64, float64
[2023-02-09 21:50:36,919] 84 root - INFO - Hypothesis ee_007: float64, float64
[2023-02-09 21:50:36,924] 84 root - INFO - Hypothesis ee_008: float64, float64
[2023-02-09 21:50:36,932] 84 root - INFO - Hypothesis ee_009: float64, float64
[2023-02-09 21:50:36,939] 84 root - INFO - Hypothesis ef_000: float64, float64
[2023-02-09 21:50:36,956] 84 root - INFO - Hypothesis eg_000: float64, float64
[2023-02-09 21:50:36,972] 144 root - INFO - Writing report to yaml file
[2023-02-09 21:50:37,029] 149 root - INFO - Data Validation artifact: DataValidationArtifact(report_file_path='C:\\Users\\shara\\ML_Projects\\artifact\\020923__214928\\data_validation\\report.yaml')
[2023-02-09 21:50:37,039] 23 root - INFO - >>>>>>>>>>>>>>>>>>>>>>>>>>>>>>>>>>>>>>>> Data Transformation <<<<<<<<<<<<<<<<<<<<<<<<<<<<<<<<<<<<<<<<
[2023-02-09 21:50:37,875] 73 root - INFO - Before resampling in training set Input: (28950, 170) Target: (28950,)
[2023-02-09 21:51:28,716] 75 root - INFO - After resampling in training set Input: (56132, 170) Target: (56132,)
[2023-02-09 21:51:28,724] 77 root - INFO - Before resampling in testing set Input: (7238, 170) Target: (7238,)
[2023-02-09 21:51:31,575] 79 root - INFO - After resampling in testing set Input: (14060, 170) Target: (14060,)
[2023-02-09 21:51:31,730] 48 root - INFO - Entered the save_object method of utils
[2023-02-09 21:51:31,745] 52 root - INFO - Exited the save_object method of utils
[2023-02-09 21:51:31,745] 48 root - INFO - Entered the save_object method of utils
[2023-02-09 21:51:31,754] 52 root - INFO - Exited the save_object method of utils
