[2023-02-12 22:49:50,944] 159 numexpr.utils - INFO - NumExpr defaulting to 8 threads.
[2023-02-12 22:50:02,953] 17 root - INFO - >>>>>>>>>>>>>>>>>>>>>>>>>>>>>>>>>>>>>>>> Data Ingestion <<<<<<<<<<<<<<<<<<<<<<<<<<<<<<<<<<<<<<<<
[2023-02-12 22:50:02,954] 24 root - INFO - Exporting collection data as pandas DataFrame
[2023-02-12 22:50:02,954] 13 root - INFO - Reading data from database: APS and collection: Sensor
[2023-02-12 22:59:05,753] 15 root - INFO - Found columns: Index(['_id', 'class', 'aa_000', 'ab_000', 'ac_000', 'ad_000', 'ae_000',
       'af_000', 'ag_000', 'ag_001',
       ...
       'ee_002', 'ee_003', 'ee_004', 'ee_005', 'ee_006', 'ee_007', 'ee_008',
       'ee_009', 'ef_000', 'eg_000'],
      dtype='object', length=172)
[2023-02-12 22:59:05,765] 17 root - INFO - Dropping column: _id
[2023-02-12 22:59:06,017] 19 root - INFO - Row and columns in df : (36188, 171)
[2023-02-12 22:59:06,019] 29 root - INFO - save data in feature store
[2023-02-12 22:59:06,391] 35 root - INFO - Create feature store folder if not available
[2023-02-12 22:59:06,397] 39 root - INFO - Save df to feature store folder
[2023-02-12 22:59:08,210] 43 root - INFO - split dataset into train and test set
[2023-02-12 22:59:08,745] 47 root - INFO - create dataset directory folder if not available
[2023-02-12 22:59:08,746] 52 root - INFO - Save df to feature store folder
[2023-02-12 22:59:10,409] 64 root - INFO - Data ingestion artifact: DataIngestionArtifact(feature_store_file_path='C:\\Users\\shara\\ML_Projects\\artifact\\021223__225002\\data_ingestion\\feature_store\\sensor.csv', train_file_path='C:\\Users\\shara\\ML_Projects\\artifact\\021223__225002\\data_ingestion\\dataset\\train.csv', test_file_path='C:\\Users\\shara\\ML_Projects\\artifact\\021223__225002\\data_ingestion\\dataset\\test.csv')
[2023-02-12 22:59:10,812] 18 root - INFO - >>>>>>>>>>>>>>>>>>>>>>>>>>>>>>>>>>>>>>>> Data Validation <<<<<<<<<<<<<<<<<<<<<<<<<<<<<<<<<<<<<<<<
[2023-02-12 22:59:10,812] 107 root - INFO - Reading base DataFrame
[2023-02-12 22:59:12,890] 110 root - INFO - Replace na value in base df
[2023-02-12 22:59:12,891] 112 root - INFO - Drop null values column from base df
[2023-02-12 22:59:13,398] 41 root - INFO - Selecting column names which contain null values above to 0.2
[2023-02-12 22:59:13,400] 43 root - INFO - columns to drop: ['ab_000', 'ad_000', 'bk_000', 'bl_000', 'bm_000', 'bn_000', 'bo_000', 'bp_000', 'bq_000', 'br_000', 'cf_000', 'cg_000', 'ch_000', 'co_000', 'cr_000', 'ct_000', 'cu_000', 'cv_000', 'cx_000', 'cy_000', 'cz_000', 'da_000', 'db_000', 'dc_000']
[2023-02-12 22:59:13,473] 115 root - INFO - Reading train DataFrame
[2023-02-12 22:59:13,790] 117 root - INFO - Reading test DataFrame
[2023-02-12 22:59:13,881] 120 root - INFO - Drop null values column from train DataFrame
[2023-02-12 22:59:13,894] 41 root - INFO - Selecting column names which contain null values above to 0.2
[2023-02-12 22:59:13,895] 43 root - INFO - columns to drop: ['ab_000', 'ad_000', 'bk_000', 'bl_000', 'bm_000', 'bn_000', 'bo_000', 'bp_000', 'bq_000', 'br_000', 'cf_000', 'cg_000', 'ch_000', 'co_000', 'cr_000', 'ct_000', 'cu_000', 'cv_000', 'cx_000', 'cy_000', 'cz_000', 'da_000', 'db_000', 'dc_000']
[2023-02-12 22:59:13,907] 122 root - INFO - Drop null values column from test DataFrame
[2023-02-12 22:59:13,910] 41 root - INFO - Selecting column names which contain null values above to 0.2
[2023-02-12 22:59:13,911] 43 root - INFO - columns to drop: ['ab_000', 'ad_000', 'bk_000', 'bl_000', 'bm_000', 'bn_000', 'bo_000', 'bp_000', 'bq_000', 'br_000', 'cf_000', 'cg_000', 'ch_000', 'co_000', 'cr_000', 'ct_000', 'cu_000', 'cv_000', 'cx_000', 'cy_000', 'cz_000', 'da_000', 'db_000', 'dc_000']
[2023-02-12 22:59:20,919] 130 root - INFO - Is all required columns present in train df
[2023-02-12 22:59:20,919] 132 root - INFO - Is all required columns present in test df
[2023-02-12 22:59:20,920] 136 root - INFO - As all columns are available in train df hence detecting data drift
[2023-02-12 22:59:20,920] 84 root - INFO - Hypothesis class: object, object
[2023-02-12 22:59:21,185] 84 root - INFO - Hypothesis aa_000: float64, float64
[2023-02-12 22:59:21,198] 84 root - INFO - Hypothesis ac_000: float64, float64
[2023-02-12 22:59:21,209] 84 root - INFO - Hypothesis ae_000: float64, float64
[2023-02-12 22:59:21,287] 84 root - INFO - Hypothesis af_000: float64, float64
[2023-02-12 22:59:21,328] 84 root - INFO - Hypothesis ag_000: float64, float64
[2023-02-12 22:59:21,368] 84 root - INFO - Hypothesis ag_001: float64, float64
[2023-02-12 22:59:21,408] 84 root - INFO - Hypothesis ag_002: float64, float64
[2023-02-12 22:59:21,456] 84 root - INFO - Hypothesis ag_003: float64, float64
[2023-02-12 22:59:21,495] 84 root - INFO - Hypothesis ag_004: float64, float64
[2023-02-12 22:59:21,534] 84 root - INFO - Hypothesis ag_005: float64, float64
[2023-02-12 22:59:21,544] 84 root - INFO - Hypothesis ag_006: float64, float64
[2023-02-12 22:59:21,556] 84 root - INFO - Hypothesis ag_007: float64, float64
[2023-02-12 22:59:21,567] 84 root - INFO - Hypothesis ag_008: float64, float64
[2023-02-12 22:59:21,578] 84 root - INFO - Hypothesis ag_009: float64, float64
[2023-02-12 22:59:21,621] 84 root - INFO - Hypothesis ah_000: float64, float64
[2023-02-12 22:59:21,634] 84 root - INFO - Hypothesis ai_000: float64, float64
[2023-02-12 22:59:21,675] 84 root - INFO - Hypothesis aj_000: float64, float64
[2023-02-12 22:59:21,724] 84 root - INFO - Hypothesis ak_000: float64, float64
[2023-02-12 22:59:21,780] 84 root - INFO - Hypothesis al_000: float64, float64
[2023-02-12 22:59:21,829] 84 root - INFO - Hypothesis am_0: float64, float64
[2023-02-12 22:59:21,872] 84 root - INFO - Hypothesis an_000: float64, float64
[2023-02-12 22:59:21,886] 84 root - INFO - Hypothesis ao_000: float64, float64
[2023-02-12 22:59:21,898] 84 root - INFO - Hypothesis ap_000: float64, float64
[2023-02-12 22:59:21,912] 84 root - INFO - Hypothesis aq_000: float64, float64
[2023-02-12 22:59:21,925] 84 root - INFO - Hypothesis ar_000: float64, float64
[2023-02-12 22:59:21,961] 84 root - INFO - Hypothesis as_000: float64, float64
[2023-02-12 22:59:21,999] 84 root - INFO - Hypothesis at_000: float64, float64
[2023-02-12 22:59:22,051] 84 root - INFO - Hypothesis au_000: float64, float64
[2023-02-12 22:59:22,095] 84 root - INFO - Hypothesis av_000: float64, float64
[2023-02-12 22:59:22,107] 84 root - INFO - Hypothesis ax_000: float64, float64
[2023-02-12 22:59:22,120] 84 root - INFO - Hypothesis ay_000: float64, float64
[2023-02-12 22:59:22,169] 84 root - INFO - Hypothesis ay_001: float64, float64
[2023-02-12 22:59:22,207] 84 root - INFO - Hypothesis ay_002: float64, float64
[2023-02-12 22:59:22,240] 84 root - INFO - Hypothesis ay_003: float64, float64
[2023-02-12 22:59:22,278] 84 root - INFO - Hypothesis ay_004: float64, float64
[2023-02-12 22:59:22,311] 84 root - INFO - Hypothesis ay_005: float64, float64
[2023-02-12 22:59:22,348] 84 root - INFO - Hypothesis ay_006: float64, float64
[2023-02-12 22:59:22,360] 84 root - INFO - Hypothesis ay_007: float64, float64
[2023-02-12 22:59:22,372] 84 root - INFO - Hypothesis ay_008: float64, float64
[2023-02-12 22:59:22,385] 84 root - INFO - Hypothesis ay_009: float64, float64
[2023-02-12 22:59:22,433] 84 root - INFO - Hypothesis az_000: float64, float64
[2023-02-12 22:59:22,445] 84 root - INFO - Hypothesis az_001: float64, float64
[2023-02-12 22:59:22,460] 84 root - INFO - Hypothesis az_002: float64, float64
[2023-02-12 22:59:22,472] 84 root - INFO - Hypothesis az_003: float64, float64
[2023-02-12 22:59:22,485] 84 root - INFO - Hypothesis az_004: float64, float64
[2023-02-12 22:59:22,497] 84 root - INFO - Hypothesis az_005: float64, float64
[2023-02-12 22:59:22,509] 84 root - INFO - Hypothesis az_006: float64, float64
[2023-02-12 22:59:22,523] 84 root - INFO - Hypothesis az_007: float64, float64
[2023-02-12 22:59:22,567] 84 root - INFO - Hypothesis az_008: float64, float64
[2023-02-12 22:59:22,634] 84 root - INFO - Hypothesis az_009: float64, float64
[2023-02-12 22:59:22,713] 84 root - INFO - Hypothesis ba_000: float64, float64
[2023-02-12 22:59:22,737] 84 root - INFO - Hypothesis ba_001: float64, float64
[2023-02-12 22:59:22,764] 84 root - INFO - Hypothesis ba_002: float64, float64
[2023-02-12 22:59:22,789] 84 root - INFO - Hypothesis ba_003: float64, float64
[2023-02-12 22:59:22,826] 84 root - INFO - Hypothesis ba_004: float64, float64
[2023-02-12 22:59:22,850] 84 root - INFO - Hypothesis ba_005: float64, float64
[2023-02-12 22:59:22,885] 84 root - INFO - Hypothesis ba_006: float64, float64
[2023-02-12 22:59:22,918] 84 root - INFO - Hypothesis ba_007: float64, float64
[2023-02-12 22:59:22,953] 84 root - INFO - Hypothesis ba_008: float64, float64
[2023-02-12 22:59:22,983] 84 root - INFO - Hypothesis ba_009: float64, float64
[2023-02-12 22:59:23,005] 84 root - INFO - Hypothesis bb_000: float64, float64
[2023-02-12 22:59:23,035] 84 root - INFO - Hypothesis bc_000: float64, float64
[2023-02-12 22:59:23,057] 84 root - INFO - Hypothesis bd_000: float64, float64
[2023-02-12 22:59:23,072] 84 root - INFO - Hypothesis be_000: float64, float64
[2023-02-12 22:59:23,087] 84 root - INFO - Hypothesis bf_000: float64, float64
[2023-02-12 22:59:23,100] 84 root - INFO - Hypothesis bg_000: float64, float64
[2023-02-12 22:59:23,115] 84 root - INFO - Hypothesis bh_000: float64, float64
[2023-02-12 22:59:23,134] 84 root - INFO - Hypothesis bi_000: float64, float64
[2023-02-12 22:59:23,148] 84 root - INFO - Hypothesis bj_000: float64, float64
[2023-02-12 22:59:23,163] 84 root - INFO - Hypothesis bs_000: float64, float64
[2023-02-12 22:59:23,178] 84 root - INFO - Hypothesis bt_000: float64, float64
[2023-02-12 22:59:23,196] 84 root - INFO - Hypothesis bu_000: float64, float64
[2023-02-12 22:59:23,211] 84 root - INFO - Hypothesis bv_000: float64, float64
[2023-02-12 22:59:23,226] 84 root - INFO - Hypothesis bx_000: float64, float64
[2023-02-12 22:59:23,241] 84 root - INFO - Hypothesis by_000: float64, float64
[2023-02-12 22:59:23,259] 84 root - INFO - Hypothesis bz_000: float64, float64
[2023-02-12 22:59:23,273] 84 root - INFO - Hypothesis ca_000: float64, float64
[2023-02-12 22:59:23,292] 84 root - INFO - Hypothesis cb_000: float64, float64
[2023-02-12 22:59:23,306] 84 root - INFO - Hypothesis cc_000: float64, float64
[2023-02-12 22:59:23,322] 84 root - INFO - Hypothesis cd_000: float64, float64
[2023-02-12 22:59:23,362] 84 root - INFO - Hypothesis ce_000: float64, float64
[2023-02-12 22:59:23,374] 84 root - INFO - Hypothesis ci_000: float64, float64
[2023-02-12 22:59:23,389] 84 root - INFO - Hypothesis cj_000: float64, float64
[2023-02-12 22:59:23,435] 84 root - INFO - Hypothesis ck_000: float64, float64
[2023-02-12 22:59:23,449] 84 root - INFO - Hypothesis cl_000: float64, float64
[2023-02-12 22:59:23,463] 84 root - INFO - Hypothesis cm_000: float64, float64
[2023-02-12 22:59:23,475] 84 root - INFO - Hypothesis cn_000: float64, float64
[2023-02-12 22:59:23,522] 84 root - INFO - Hypothesis cn_001: float64, float64
[2023-02-12 22:59:23,561] 84 root - INFO - Hypothesis cn_002: float64, float64
[2023-02-12 22:59:23,596] 84 root - INFO - Hypothesis cn_003: float64, float64
[2023-02-12 22:59:23,607] 84 root - INFO - Hypothesis cn_004: float64, float64
[2023-02-12 22:59:23,622] 84 root - INFO - Hypothesis cn_005: float64, float64
[2023-02-12 22:59:23,632] 84 root - INFO - Hypothesis cn_006: float64, float64
[2023-02-12 22:59:23,642] 84 root - INFO - Hypothesis cn_007: float64, float64
[2023-02-12 22:59:23,654] 84 root - INFO - Hypothesis cn_008: float64, float64
[2023-02-12 22:59:23,664] 84 root - INFO - Hypothesis cn_009: float64, float64
[2023-02-12 22:59:23,676] 84 root - INFO - Hypothesis cp_000: float64, float64
[2023-02-12 22:59:23,687] 84 root - INFO - Hypothesis cq_000: float64, float64
[2023-02-12 22:59:23,697] 84 root - INFO - Hypothesis cs_000: float64, float64
[2023-02-12 22:59:23,709] 84 root - INFO - Hypothesis cs_001: float64, float64
[2023-02-12 22:59:23,720] 84 root - INFO - Hypothesis cs_002: float64, float64
[2023-02-12 22:59:23,730] 84 root - INFO - Hypothesis cs_003: float64, float64
[2023-02-12 22:59:23,742] 84 root - INFO - Hypothesis cs_004: float64, float64
[2023-02-12 22:59:23,754] 84 root - INFO - Hypothesis cs_005: float64, float64
[2023-02-12 22:59:23,769] 84 root - INFO - Hypothesis cs_006: float64, float64
[2023-02-12 22:59:23,785] 84 root - INFO - Hypothesis cs_007: float64, float64
[2023-02-12 22:59:23,807] 84 root - INFO - Hypothesis cs_008: float64, float64
[2023-02-12 22:59:23,860] 84 root - INFO - Hypothesis cs_009: float64, float64
[2023-02-12 22:59:23,919] 84 root - INFO - Hypothesis dd_000: float64, float64
[2023-02-12 22:59:23,937] 84 root - INFO - Hypothesis de_000: float64, float64
[2023-02-12 22:59:23,952] 84 root - INFO - Hypothesis df_000: float64, float64
[2023-02-12 22:59:24,007] 84 root - INFO - Hypothesis dg_000: float64, float64
[2023-02-12 22:59:24,066] 84 root - INFO - Hypothesis dh_000: float64, float64
[2023-02-12 22:59:24,076] 84 root - INFO - Hypothesis di_000: float64, float64
[2023-02-12 22:59:24,089] 84 root - INFO - Hypothesis dj_000: float64, float64
[2023-02-12 22:59:24,132] 84 root - INFO - Hypothesis dk_000: float64, float64
[2023-02-12 22:59:24,169] 84 root - INFO - Hypothesis dl_000: float64, float64
[2023-02-12 22:59:24,212] 84 root - INFO - Hypothesis dm_000: float64, float64
[2023-02-12 22:59:24,256] 84 root - INFO - Hypothesis dn_000: float64, float64
[2023-02-12 22:59:24,270] 84 root - INFO - Hypothesis do_000: float64, float64
[2023-02-12 22:59:24,282] 84 root - INFO - Hypothesis dp_000: float64, float64
[2023-02-12 22:59:24,294] 84 root - INFO - Hypothesis dq_000: float64, float64
[2023-02-12 22:59:24,340] 84 root - INFO - Hypothesis dr_000: float64, float64
[2023-02-12 22:59:24,383] 84 root - INFO - Hypothesis ds_000: float64, float64
[2023-02-12 22:59:24,394] 84 root - INFO - Hypothesis dt_000: float64, float64
[2023-02-12 22:59:24,408] 84 root - INFO - Hypothesis du_000: float64, float64
[2023-02-12 22:59:24,419] 84 root - INFO - Hypothesis dv_000: float64, float64
[2023-02-12 22:59:24,429] 84 root - INFO - Hypothesis dx_000: float64, float64
[2023-02-12 22:59:24,440] 84 root - INFO - Hypothesis dy_000: float64, float64
[2023-02-12 22:59:24,452] 84 root - INFO - Hypothesis dz_000: float64, float64
[2023-02-12 22:59:24,488] 84 root - INFO - Hypothesis ea_000: float64, float64
[2023-02-12 22:59:24,523] 84 root - INFO - Hypothesis eb_000: float64, float64
[2023-02-12 22:59:24,534] 84 root - INFO - Hypothesis ec_00: float64, float64
[2023-02-12 22:59:24,546] 84 root - INFO - Hypothesis ed_000: float64, float64
[2023-02-12 22:59:24,557] 84 root - INFO - Hypothesis ee_000: float64, float64
[2023-02-12 22:59:24,569] 84 root - INFO - Hypothesis ee_001: float64, float64
[2023-02-12 22:59:24,582] 84 root - INFO - Hypothesis ee_002: float64, float64
[2023-02-12 22:59:24,594] 84 root - INFO - Hypothesis ee_003: float64, float64
[2023-02-12 22:59:24,605] 84 root - INFO - Hypothesis ee_004: float64, float64
[2023-02-12 22:59:24,617] 84 root - INFO - Hypothesis ee_005: float64, float64
[2023-02-12 22:59:24,629] 84 root - INFO - Hypothesis ee_006: float64, float64
[2023-02-12 22:59:24,642] 84 root - INFO - Hypothesis ee_007: float64, float64
[2023-02-12 22:59:24,654] 84 root - INFO - Hypothesis ee_008: float64, float64
[2023-02-12 22:59:24,665] 84 root - INFO - Hypothesis ee_009: float64, float64
[2023-02-12 22:59:24,711] 84 root - INFO - Hypothesis ef_000: float64, float64
[2023-02-12 22:59:24,757] 84 root - INFO - Hypothesis eg_000: float64, float64
[2023-02-12 22:59:24,792] 139 root - INFO - As all columns are available in test df hence detecting data drift
[2023-02-12 22:59:24,793] 84 root - INFO - Hypothesis class: object, object
[2023-02-12 22:59:24,851] 84 root - INFO - Hypothesis aa_000: float64, float64
[2023-02-12 22:59:24,858] 84 root - INFO - Hypothesis ac_000: float64, float64
[2023-02-12 22:59:24,865] 84 root - INFO - Hypothesis ae_000: float64, float64
[2023-02-12 22:59:24,872] 84 root - INFO - Hypothesis af_000: float64, float64
[2023-02-12 22:59:24,878] 84 root - INFO - Hypothesis ag_000: float64, float64
[2023-02-12 22:59:24,894] 84 root - INFO - Hypothesis ag_001: float64, float64
[2023-02-12 22:59:24,911] 84 root - INFO - Hypothesis ag_002: float64, float64
[2023-02-12 22:59:24,918] 84 root - INFO - Hypothesis ag_003: float64, float64
[2023-02-12 22:59:24,925] 84 root - INFO - Hypothesis ag_004: float64, float64
[2023-02-12 22:59:24,932] 84 root - INFO - Hypothesis ag_005: float64, float64
[2023-02-12 22:59:24,940] 84 root - INFO - Hypothesis ag_006: float64, float64
[2023-02-12 22:59:24,947] 84 root - INFO - Hypothesis ag_007: float64, float64
[2023-02-12 22:59:24,954] 84 root - INFO - Hypothesis ag_008: float64, float64
[2023-02-12 22:59:24,960] 84 root - INFO - Hypothesis ag_009: float64, float64
[2023-02-12 22:59:24,967] 84 root - INFO - Hypothesis ah_000: float64, float64
[2023-02-12 22:59:24,975] 84 root - INFO - Hypothesis ai_000: float64, float64
[2023-02-12 22:59:24,981] 84 root - INFO - Hypothesis aj_000: float64, float64
[2023-02-12 22:59:24,988] 84 root - INFO - Hypothesis ak_000: float64, float64
[2023-02-12 22:59:24,995] 84 root - INFO - Hypothesis al_000: float64, float64
[2023-02-12 22:59:25,002] 84 root - INFO - Hypothesis am_0: float64, float64
[2023-02-12 22:59:25,009] 84 root - INFO - Hypothesis an_000: float64, float64
[2023-02-12 22:59:25,017] 84 root - INFO - Hypothesis ao_000: float64, float64
[2023-02-12 22:59:25,025] 84 root - INFO - Hypothesis ap_000: float64, float64
[2023-02-12 22:59:25,036] 84 root - INFO - Hypothesis aq_000: float64, float64
[2023-02-12 22:59:25,045] 84 root - INFO - Hypothesis ar_000: float64, float64
[2023-02-12 22:59:25,054] 84 root - INFO - Hypothesis as_000: float64, float64
[2023-02-12 22:59:25,084] 84 root - INFO - Hypothesis at_000: float64, float64
[2023-02-12 22:59:25,091] 84 root - INFO - Hypothesis au_000: float64, float64
[2023-02-12 22:59:25,118] 84 root - INFO - Hypothesis av_000: float64, float64
[2023-02-12 22:59:25,133] 84 root - INFO - Hypothesis ax_000: float64, float64
[2023-02-12 22:59:25,143] 84 root - INFO - Hypothesis ay_000: float64, float64
[2023-02-12 22:59:25,178] 84 root - INFO - Hypothesis ay_001: float64, float64
[2023-02-12 22:59:25,214] 84 root - INFO - Hypothesis ay_002: float64, float64
[2023-02-12 22:59:25,244] 84 root - INFO - Hypothesis ay_003: float64, float64
[2023-02-12 22:59:25,283] 84 root - INFO - Hypothesis ay_004: float64, float64
[2023-02-12 22:59:25,313] 84 root - INFO - Hypothesis ay_005: float64, float64
[2023-02-12 22:59:25,325] 84 root - INFO - Hypothesis ay_006: float64, float64
[2023-02-12 22:59:25,339] 84 root - INFO - Hypothesis ay_007: float64, float64
[2023-02-12 22:59:25,353] 84 root - INFO - Hypothesis ay_008: float64, float64
[2023-02-12 22:59:25,372] 84 root - INFO - Hypothesis ay_009: float64, float64
[2023-02-12 22:59:25,412] 84 root - INFO - Hypothesis az_000: float64, float64
[2023-02-12 22:59:25,426] 84 root - INFO - Hypothesis az_001: float64, float64
[2023-02-12 22:59:25,442] 84 root - INFO - Hypothesis az_002: float64, float64
[2023-02-12 22:59:25,456] 84 root - INFO - Hypothesis az_003: float64, float64
[2023-02-12 22:59:25,470] 84 root - INFO - Hypothesis az_004: float64, float64
[2023-02-12 22:59:25,483] 84 root - INFO - Hypothesis az_005: float64, float64
[2023-02-12 22:59:25,496] 84 root - INFO - Hypothesis az_006: float64, float64
[2023-02-12 22:59:25,509] 84 root - INFO - Hypothesis az_007: float64, float64
[2023-02-12 22:59:25,518] 84 root - INFO - Hypothesis az_008: float64, float64
[2023-02-12 22:59:25,554] 84 root - INFO - Hypothesis az_009: float64, float64
[2023-02-12 22:59:25,587] 84 root - INFO - Hypothesis ba_000: float64, float64
[2023-02-12 22:59:25,599] 84 root - INFO - Hypothesis ba_001: float64, float64
[2023-02-12 22:59:25,611] 84 root - INFO - Hypothesis ba_002: float64, float64
[2023-02-12 22:59:25,624] 84 root - INFO - Hypothesis ba_003: float64, float64
[2023-02-12 22:59:25,637] 84 root - INFO - Hypothesis ba_004: float64, float64
[2023-02-12 22:59:25,649] 84 root - INFO - Hypothesis ba_005: float64, float64
[2023-02-12 22:59:25,659] 84 root - INFO - Hypothesis ba_006: float64, float64
[2023-02-12 22:59:25,669] 84 root - INFO - Hypothesis ba_007: float64, float64
[2023-02-12 22:59:25,680] 84 root - INFO - Hypothesis ba_008: float64, float64
[2023-02-12 22:59:25,690] 84 root - INFO - Hypothesis ba_009: float64, float64
[2023-02-12 22:59:25,699] 84 root - INFO - Hypothesis bb_000: float64, float64
[2023-02-12 22:59:25,707] 84 root - INFO - Hypothesis bc_000: float64, float64
[2023-02-12 22:59:25,714] 84 root - INFO - Hypothesis bd_000: float64, float64
[2023-02-12 22:59:25,724] 84 root - INFO - Hypothesis be_000: float64, float64
[2023-02-12 22:59:25,733] 84 root - INFO - Hypothesis bf_000: float64, float64
[2023-02-12 22:59:25,741] 84 root - INFO - Hypothesis bg_000: float64, float64
[2023-02-12 22:59:25,751] 84 root - INFO - Hypothesis bh_000: float64, float64
[2023-02-12 22:59:25,760] 84 root - INFO - Hypothesis bi_000: float64, float64
[2023-02-12 22:59:25,768] 84 root - INFO - Hypothesis bj_000: float64, float64
[2023-02-12 22:59:25,779] 84 root - INFO - Hypothesis bs_000: float64, float64
[2023-02-12 22:59:25,787] 84 root - INFO - Hypothesis bt_000: float64, float64
[2023-02-12 22:59:25,795] 84 root - INFO - Hypothesis bu_000: float64, float64
[2023-02-12 22:59:25,803] 84 root - INFO - Hypothesis bv_000: float64, float64
[2023-02-12 22:59:25,811] 84 root - INFO - Hypothesis bx_000: float64, float64
[2023-02-12 22:59:25,819] 84 root - INFO - Hypothesis by_000: float64, float64
[2023-02-12 22:59:25,827] 84 root - INFO - Hypothesis bz_000: float64, float64
[2023-02-12 22:59:25,835] 84 root - INFO - Hypothesis ca_000: float64, float64
[2023-02-12 22:59:25,847] 84 root - INFO - Hypothesis cb_000: float64, float64
[2023-02-12 22:59:25,856] 84 root - INFO - Hypothesis cc_000: float64, float64
[2023-02-12 22:59:25,862] 84 root - INFO - Hypothesis cd_000: float64, float64
[2023-02-12 22:59:25,881] 84 root - INFO - Hypothesis ce_000: float64, float64
[2023-02-12 22:59:25,889] 84 root - INFO - Hypothesis ci_000: float64, float64
[2023-02-12 22:59:25,897] 84 root - INFO - Hypothesis cj_000: float64, float64
[2023-02-12 22:59:25,905] 84 root - INFO - Hypothesis ck_000: float64, float64
[2023-02-12 22:59:25,913] 84 root - INFO - Hypothesis cl_000: float64, float64
[2023-02-12 22:59:25,923] 84 root - INFO - Hypothesis cm_000: float64, float64
[2023-02-12 22:59:25,930] 84 root - INFO - Hypothesis cn_000: float64, float64
[2023-02-12 22:59:25,946] 84 root - INFO - Hypothesis cn_001: float64, float64
[2023-02-12 22:59:25,955] 84 root - INFO - Hypothesis cn_002: float64, float64
[2023-02-12 22:59:25,961] 84 root - INFO - Hypothesis cn_003: float64, float64
[2023-02-12 22:59:25,972] 84 root - INFO - Hypothesis cn_004: float64, float64
[2023-02-12 22:59:25,983] 84 root - INFO - Hypothesis cn_005: float64, float64
[2023-02-12 22:59:25,990] 84 root - INFO - Hypothesis cn_006: float64, float64
[2023-02-12 22:59:25,997] 84 root - INFO - Hypothesis cn_007: float64, float64
[2023-02-12 22:59:26,005] 84 root - INFO - Hypothesis cn_008: float64, float64
[2023-02-12 22:59:26,012] 84 root - INFO - Hypothesis cn_009: float64, float64
[2023-02-12 22:59:26,018] 84 root - INFO - Hypothesis cp_000: float64, float64
[2023-02-12 22:59:26,025] 84 root - INFO - Hypothesis cq_000: float64, float64
[2023-02-12 22:59:26,034] 84 root - INFO - Hypothesis cs_000: float64, float64
[2023-02-12 22:59:26,042] 84 root - INFO - Hypothesis cs_001: float64, float64
[2023-02-12 22:59:26,051] 84 root - INFO - Hypothesis cs_002: float64, float64
[2023-02-12 22:59:26,059] 84 root - INFO - Hypothesis cs_003: float64, float64
[2023-02-12 22:59:26,068] 84 root - INFO - Hypothesis cs_004: float64, float64
[2023-02-12 22:59:26,076] 84 root - INFO - Hypothesis cs_005: float64, float64
[2023-02-12 22:59:26,083] 84 root - INFO - Hypothesis cs_006: float64, float64
[2023-02-12 22:59:26,091] 84 root - INFO - Hypothesis cs_007: float64, float64
[2023-02-12 22:59:26,098] 84 root - INFO - Hypothesis cs_008: float64, float64
[2023-02-12 22:59:26,107] 84 root - INFO - Hypothesis cs_009: float64, float64
[2023-02-12 22:59:26,122] 84 root - INFO - Hypothesis dd_000: float64, float64
[2023-02-12 22:59:26,129] 84 root - INFO - Hypothesis de_000: float64, float64
[2023-02-12 22:59:26,139] 84 root - INFO - Hypothesis df_000: float64, float64
[2023-02-12 22:59:26,145] 84 root - INFO - Hypothesis dg_000: float64, float64
[2023-02-12 22:59:26,154] 84 root - INFO - Hypothesis dh_000: float64, float64
[2023-02-12 22:59:26,161] 84 root - INFO - Hypothesis di_000: float64, float64
[2023-02-12 22:59:26,171] 84 root - INFO - Hypothesis dj_000: float64, float64
[2023-02-12 22:59:26,177] 84 root - INFO - Hypothesis dk_000: float64, float64
[2023-02-12 22:59:26,185] 84 root - INFO - Hypothesis dl_000: float64, float64
[2023-02-12 22:59:26,191] 84 root - INFO - Hypothesis dm_000: float64, float64
[2023-02-12 22:59:26,198] 84 root - INFO - Hypothesis dn_000: float64, float64
[2023-02-12 22:59:26,206] 84 root - INFO - Hypothesis do_000: float64, float64
[2023-02-12 22:59:26,213] 84 root - INFO - Hypothesis dp_000: float64, float64
[2023-02-12 22:59:26,220] 84 root - INFO - Hypothesis dq_000: float64, float64
[2023-02-12 22:59:26,225] 84 root - INFO - Hypothesis dr_000: float64, float64
[2023-02-12 22:59:26,233] 84 root - INFO - Hypothesis ds_000: float64, float64
[2023-02-12 22:59:26,241] 84 root - INFO - Hypothesis dt_000: float64, float64
[2023-02-12 22:59:26,249] 84 root - INFO - Hypothesis du_000: float64, float64
[2023-02-12 22:59:26,258] 84 root - INFO - Hypothesis dv_000: float64, float64
[2023-02-12 22:59:26,266] 84 root - INFO - Hypothesis dx_000: float64, float64
[2023-02-12 22:59:26,273] 84 root - INFO - Hypothesis dy_000: float64, float64
[2023-02-12 22:59:26,280] 84 root - INFO - Hypothesis dz_000: float64, float64
[2023-02-12 22:59:26,289] 84 root - INFO - Hypothesis ea_000: float64, float64
[2023-02-12 22:59:26,297] 84 root - INFO - Hypothesis eb_000: float64, float64
[2023-02-12 22:59:26,307] 84 root - INFO - Hypothesis ec_00: float64, float64
[2023-02-12 22:59:26,315] 84 root - INFO - Hypothesis ed_000: float64, float64
[2023-02-12 22:59:26,323] 84 root - INFO - Hypothesis ee_000: float64, float64
[2023-02-12 22:59:26,331] 84 root - INFO - Hypothesis ee_001: float64, float64
[2023-02-12 22:59:26,339] 84 root - INFO - Hypothesis ee_002: float64, float64
[2023-02-12 22:59:26,346] 84 root - INFO - Hypothesis ee_003: float64, float64
[2023-02-12 22:59:26,355] 84 root - INFO - Hypothesis ee_004: float64, float64
[2023-02-12 22:59:26,362] 84 root - INFO - Hypothesis ee_005: float64, float64
[2023-02-12 22:59:26,370] 84 root - INFO - Hypothesis ee_006: float64, float64
[2023-02-12 22:59:26,377] 84 root - INFO - Hypothesis ee_007: float64, float64
[2023-02-12 22:59:26,385] 84 root - INFO - Hypothesis ee_008: float64, float64
[2023-02-12 22:59:26,392] 84 root - INFO - Hypothesis ee_009: float64, float64
[2023-02-12 22:59:26,401] 84 root - INFO - Hypothesis ef_000: float64, float64
[2023-02-12 22:59:26,408] 84 root - INFO - Hypothesis eg_000: float64, float64
[2023-02-12 22:59:26,417] 144 root - INFO - Writing report to yaml file
[2023-02-12 22:59:26,507] 149 root - INFO - Data Validation artifact: DataValidationArtifact(report_file_path='C:\\Users\\shara\\ML_Projects\\artifact\\021223__225002\\data_validation\\report.yaml')
[2023-02-12 22:59:26,519] 23 root - INFO - >>>>>>>>>>>>>>>>>>>>>>>>>>>>>>>>>>>>>>>> Data Transformation <<<<<<<<<<<<<<<<<<<<<<<<<<<<<<<<<<<<<<<<
[2023-02-12 22:59:27,648] 73 root - INFO - Before resampling in training set Input: (28950, 170) Target: (28950,)
[2023-02-12 23:00:40,065] 75 root - INFO - After resampling in training set Input: (56122, 170) Target: (56122,)
[2023-02-12 23:00:40,074] 77 root - INFO - Before resampling in testing set Input: (7238, 170) Target: (7238,)
[2023-02-12 23:00:43,706] 79 root - INFO - After resampling in testing set Input: (14072, 170) Target: (14072,)
[2023-02-12 23:00:43,852] 48 root - INFO - Entered the save_object method of utils
[2023-02-12 23:00:43,886] 52 root - INFO - Exited the save_object method of utils
[2023-02-12 23:00:43,887] 48 root - INFO - Entered the save_object method of utils
[2023-02-12 23:00:43,890] 52 root - INFO - Exited the save_object method of utils
[2023-02-12 23:00:43,891] 102 root - INFO - Data transformation object DataTransformationArtifact(transform_object_path='C:\\Users\\shara\\ML_Projects\\artifact\\021223__225002\\data_transformation\\transformer\\transforer.pkl', transformed_train_path='C:\\Users\\shara\\ML_Projects\\artifact\\021223__225002\\data_transformation\\transformed\\train.npz', transformed_test_path='C:\\Users\\shara\\ML_Projects\\artifact\\021223__225002\\data_transformation\\transformed\\test.npz', target_encoder_path='C:\\Users\\shara\\ML_Projects\\artifact\\021223__225002\\data_transformation\\target_encoder\\target_encoder.pkl')
[2023-02-12 23:00:43,921] 41 root - INFO - Loading train and test array
[2023-02-12 23:00:44,063] 45 root - INFO - splitting input and target feature from both training and test arrays
[2023-02-12 23:00:44,063] 49 root - INFO - Train the model
[2023-02-12 23:01:20,625] 52 root - INFO - Calculating f1 train score
[2023-02-12 23:01:20,811] 56 root - INFO - Calculating f1 test score
[2023-02-12 23:01:20,858] 60 root - INFO - Train score: 1.0 and Test score: 0.9784193431974016
[2023-02-12 23:01:20,858] 63 root - INFO - Checking if model is underfitting
[2023-02-12 23:01:20,858] 68 root - INFO - Checking if model is overfitting
[2023-02-12 23:01:20,859] 75 root - INFO - saving model object
[2023-02-12 23:01:20,859] 48 root - INFO - Entered the save_object method of utils
[2023-02-12 23:01:20,870] 52 root - INFO - Exited the save_object method of utils
[2023-02-12 23:01:20,870] 79 root - INFO - Preparing artifact
[2023-02-12 23:01:20,871] 83 root - INFO - Model Trainer artifact: ModelTrainerArtifact(model_path='C:\\Users\\shara\\ML_Projects\\artifact\\021223__225002\\model_trainer\\model\\model.pkl', f1_train_score=1.0, f1_test_score=0.9784193431974016)
[2023-02-12 23:01:20,877] 19 root - INFO - >>>>>>>>>>>>>>>>>>>>>>>>>>>>>>>>>>>>>>>> Model Evaluation <<<<<<<<<<<<<<<<<<<<<<<<<<<<<<<<<<<<<<<<
[2023-02-12 23:01:20,880] 36 root - INFO - Model evaluation artifact: ModelEvaluationArtifact(is_model_accepted=True, improved_accuracy=None)
