[2023-02-15 02:21:45,893] 159 numexpr.utils - INFO - NumExpr defaulting to 8 threads.
[2023-02-15 02:21:52,352] 17 root - INFO - >>>>>>>>>>>>>>>>>>>>>>>>>>>>>>>>>>>>>>>> Data Ingestion <<<<<<<<<<<<<<<<<<<<<<<<<<<<<<<<<<<<<<<<
[2023-02-15 02:21:52,352] 24 root - INFO - Exporting collection data as pandas DataFrame
[2023-02-15 02:21:52,352] 13 root - INFO - Reading data from database: APS and collection: Sensor
[2023-02-15 02:23:12,336] 15 root - INFO - Found columns: Index(['_id', 'class', 'aa_000', 'ab_000', 'ac_000', 'ad_000', 'ae_000',
       'af_000', 'ag_000', 'ag_001',
       ...
       'ee_002', 'ee_003', 'ee_004', 'ee_005', 'ee_006', 'ee_007', 'ee_008',
       'ee_009', 'ef_000', 'eg_000'],
      dtype='object', length=172)
[2023-02-15 02:23:12,350] 17 root - INFO - Dropping column: _id
[2023-02-15 02:23:12,611] 19 root - INFO - Row and columns in df : (36188, 171)
[2023-02-15 02:23:12,611] 29 root - INFO - save data in feature store
[2023-02-15 02:23:12,981] 35 root - INFO - Create feature store folder if not available
[2023-02-15 02:23:12,989] 39 root - INFO - Save df to feature store folder
[2023-02-15 02:23:15,133] 43 root - INFO - split dataset into train and test set
[2023-02-15 02:23:15,605] 47 root - INFO - create dataset directory folder if not available
[2023-02-15 02:23:15,606] 52 root - INFO - Save df to feature store folder
[2023-02-15 02:23:17,971] 64 root - INFO - Data ingestion artifact: DataIngestionArtifact(feature_store_file_path='C:\\Users\\shara\\ML_Projects\\artifact\\021523__022152\\data_ingestion\\feature_store\\sensor.csv', train_file_path='C:\\Users\\shara\\ML_Projects\\artifact\\021523__022152\\data_ingestion\\dataset\\train.csv', test_file_path='C:\\Users\\shara\\ML_Projects\\artifact\\021523__022152\\data_ingestion\\dataset\\test.csv')
[2023-02-15 02:23:18,436] 18 root - INFO - >>>>>>>>>>>>>>>>>>>>>>>>>>>>>>>>>>>>>>>> Data Validation <<<<<<<<<<<<<<<<<<<<<<<<<<<<<<<<<<<<<<<<
[2023-02-15 02:23:18,437] 107 root - INFO - Reading base DataFrame
[2023-02-15 02:23:21,025] 110 root - INFO - Replace na value in base df
[2023-02-15 02:23:21,026] 112 root - INFO - Drop null values column from base df
[2023-02-15 02:23:21,788] 41 root - INFO - Selecting column names which contain null values above to 0.2
[2023-02-15 02:23:21,788] 43 root - INFO - columns to drop: ['ab_000', 'ad_000', 'bk_000', 'bl_000', 'bm_000', 'bn_000', 'bo_000', 'bp_000', 'bq_000', 'br_000', 'cf_000', 'cg_000', 'ch_000', 'co_000', 'cr_000', 'ct_000', 'cu_000', 'cv_000', 'cx_000', 'cy_000', 'cz_000', 'da_000', 'db_000', 'dc_000']
[2023-02-15 02:23:21,875] 115 root - INFO - Reading train DataFrame
[2023-02-15 02:23:22,358] 117 root - INFO - Reading test DataFrame
[2023-02-15 02:23:22,490] 120 root - INFO - Drop null values column from train DataFrame
[2023-02-15 02:23:22,504] 41 root - INFO - Selecting column names which contain null values above to 0.2
[2023-02-15 02:23:22,504] 43 root - INFO - columns to drop: ['ab_000', 'ad_000', 'bk_000', 'bl_000', 'bm_000', 'bn_000', 'bo_000', 'bp_000', 'bq_000', 'br_000', 'cf_000', 'cg_000', 'ch_000', 'co_000', 'cr_000', 'ct_000', 'cu_000', 'cv_000', 'cx_000', 'cy_000', 'cz_000', 'da_000', 'db_000', 'dc_000']
[2023-02-15 02:23:22,521] 122 root - INFO - Drop null values column from test DataFrame
[2023-02-15 02:23:22,526] 41 root - INFO - Selecting column names which contain null values above to 0.2
[2023-02-15 02:23:22,526] 43 root - INFO - columns to drop: ['ab_000', 'ad_000', 'bk_000', 'bl_000', 'bm_000', 'bn_000', 'bo_000', 'bp_000', 'bq_000', 'br_000', 'cf_000', 'cg_000', 'ch_000', 'co_000', 'cr_000', 'ct_000', 'cu_000', 'cv_000', 'cx_000', 'cy_000', 'cz_000', 'da_000', 'db_000', 'dc_000']
[2023-02-15 02:23:28,955] 130 root - INFO - Is all required columns present in train df
[2023-02-15 02:23:28,956] 132 root - INFO - Is all required columns present in test df
[2023-02-15 02:23:28,956] 136 root - INFO - As all columns are available in train df hence detecting data drift
[2023-02-15 02:23:28,956] 84 root - INFO - Hypothesis class: object, object
[2023-02-15 02:23:29,251] 84 root - INFO - Hypothesis aa_000: float64, float64
[2023-02-15 02:23:29,264] 84 root - INFO - Hypothesis ac_000: float64, float64
[2023-02-15 02:23:29,341] 84 root - INFO - Hypothesis ae_000: float64, float64
[2023-02-15 02:23:29,381] 84 root - INFO - Hypothesis af_000: float64, float64
[2023-02-15 02:23:29,429] 84 root - INFO - Hypothesis ag_000: float64, float64
[2023-02-15 02:23:29,480] 84 root - INFO - Hypothesis ag_001: float64, float64
[2023-02-15 02:23:29,527] 84 root - INFO - Hypothesis ag_002: float64, float64
[2023-02-15 02:23:29,561] 84 root - INFO - Hypothesis ag_003: float64, float64
[2023-02-15 02:23:29,611] 84 root - INFO - Hypothesis ag_004: float64, float64
[2023-02-15 02:23:29,660] 84 root - INFO - Hypothesis ag_005: float64, float64
[2023-02-15 02:23:29,673] 84 root - INFO - Hypothesis ag_006: float64, float64
[2023-02-15 02:23:29,720] 84 root - INFO - Hypothesis ag_007: float64, float64
[2023-02-15 02:23:29,767] 84 root - INFO - Hypothesis ag_008: float64, float64
[2023-02-15 02:23:29,780] 84 root - INFO - Hypothesis ag_009: float64, float64
[2023-02-15 02:23:29,827] 84 root - INFO - Hypothesis ah_000: float64, float64
[2023-02-15 02:23:29,876] 84 root - INFO - Hypothesis ai_000: float64, float64
[2023-02-15 02:23:29,924] 84 root - INFO - Hypothesis aj_000: float64, float64
[2023-02-15 02:23:29,969] 84 root - INFO - Hypothesis ak_000: float64, float64
[2023-02-15 02:23:30,014] 84 root - INFO - Hypothesis al_000: float64, float64
[2023-02-15 02:23:30,065] 84 root - INFO - Hypothesis am_0: float64, float64
[2023-02-15 02:23:30,115] 84 root - INFO - Hypothesis an_000: float64, float64
[2023-02-15 02:23:30,163] 84 root - INFO - Hypothesis ao_000: float64, float64
[2023-02-15 02:23:30,214] 84 root - INFO - Hypothesis ap_000: float64, float64
[2023-02-15 02:23:30,266] 84 root - INFO - Hypothesis aq_000: float64, float64
[2023-02-15 02:23:30,281] 84 root - INFO - Hypothesis ar_000: float64, float64
[2023-02-15 02:23:30,324] 84 root - INFO - Hypothesis as_000: float64, float64
[2023-02-15 02:23:30,336] 84 root - INFO - Hypothesis at_000: float64, float64
[2023-02-15 02:23:30,378] 84 root - INFO - Hypothesis au_000: float64, float64
[2023-02-15 02:23:30,418] 84 root - INFO - Hypothesis av_000: float64, float64
[2023-02-15 02:23:30,468] 84 root - INFO - Hypothesis ax_000: float64, float64
[2023-02-15 02:23:30,522] 84 root - INFO - Hypothesis ay_000: float64, float64
[2023-02-15 02:23:30,579] 84 root - INFO - Hypothesis ay_001: float64, float64
[2023-02-15 02:23:30,633] 84 root - INFO - Hypothesis ay_002: float64, float64
[2023-02-15 02:23:30,687] 84 root - INFO - Hypothesis ay_003: float64, float64
[2023-02-15 02:23:30,726] 84 root - INFO - Hypothesis ay_004: float64, float64
[2023-02-15 02:23:30,765] 84 root - INFO - Hypothesis ay_005: float64, float64
[2023-02-15 02:23:30,804] 84 root - INFO - Hypothesis ay_006: float64, float64
[2023-02-15 02:23:30,858] 84 root - INFO - Hypothesis ay_007: float64, float64
[2023-02-15 02:23:30,873] 84 root - INFO - Hypothesis ay_008: float64, float64
[2023-02-15 02:23:30,936] 84 root - INFO - Hypothesis ay_009: float64, float64
[2023-02-15 02:23:30,997] 84 root - INFO - Hypothesis az_000: float64, float64
[2023-02-15 02:23:31,012] 84 root - INFO - Hypothesis az_001: float64, float64
[2023-02-15 02:23:31,066] 84 root - INFO - Hypothesis az_002: float64, float64
[2023-02-15 02:23:31,126] 84 root - INFO - Hypothesis az_003: float64, float64
[2023-02-15 02:23:31,180] 84 root - INFO - Hypothesis az_004: float64, float64
[2023-02-15 02:23:31,248] 84 root - INFO - Hypothesis az_005: float64, float64
[2023-02-15 02:23:31,262] 84 root - INFO - Hypothesis az_006: float64, float64
[2023-02-15 02:23:31,313] 84 root - INFO - Hypothesis az_007: float64, float64
[2023-02-15 02:23:31,367] 84 root - INFO - Hypothesis az_008: float64, float64
[2023-02-15 02:23:31,431] 84 root - INFO - Hypothesis az_009: float64, float64
[2023-02-15 02:23:31,490] 84 root - INFO - Hypothesis ba_000: float64, float64
[2023-02-15 02:23:31,505] 84 root - INFO - Hypothesis ba_001: float64, float64
[2023-02-15 02:23:31,520] 84 root - INFO - Hypothesis ba_002: float64, float64
[2023-02-15 02:23:31,535] 84 root - INFO - Hypothesis ba_003: float64, float64
[2023-02-15 02:23:31,549] 84 root - INFO - Hypothesis ba_004: float64, float64
[2023-02-15 02:23:31,563] 84 root - INFO - Hypothesis ba_005: float64, float64
[2023-02-15 02:23:31,635] 84 root - INFO - Hypothesis ba_006: float64, float64
[2023-02-15 02:23:31,651] 84 root - INFO - Hypothesis ba_007: float64, float64
[2023-02-15 02:23:31,711] 84 root - INFO - Hypothesis ba_008: float64, float64
[2023-02-15 02:23:31,774] 84 root - INFO - Hypothesis ba_009: float64, float64
[2023-02-15 02:23:31,834] 84 root - INFO - Hypothesis bb_000: float64, float64
[2023-02-15 02:23:31,854] 84 root - INFO - Hypothesis bc_000: float64, float64
[2023-02-15 02:23:31,925] 84 root - INFO - Hypothesis bd_000: float64, float64
[2023-02-15 02:23:31,995] 84 root - INFO - Hypothesis be_000: float64, float64
[2023-02-15 02:23:32,012] 84 root - INFO - Hypothesis bf_000: float64, float64
[2023-02-15 02:23:32,083] 84 root - INFO - Hypothesis bg_000: float64, float64
[2023-02-15 02:23:32,159] 84 root - INFO - Hypothesis bh_000: float64, float64
[2023-02-15 02:23:32,229] 84 root - INFO - Hypothesis bi_000: float64, float64
[2023-02-15 02:23:32,302] 84 root - INFO - Hypothesis bj_000: float64, float64
[2023-02-15 02:23:32,319] 84 root - INFO - Hypothesis bs_000: float64, float64
[2023-02-15 02:23:32,337] 84 root - INFO - Hypothesis bt_000: float64, float64
[2023-02-15 02:23:32,401] 84 root - INFO - Hypothesis bu_000: float64, float64
[2023-02-15 02:23:32,417] 84 root - INFO - Hypothesis bv_000: float64, float64
[2023-02-15 02:23:32,434] 84 root - INFO - Hypothesis bx_000: float64, float64
[2023-02-15 02:23:32,452] 84 root - INFO - Hypothesis by_000: float64, float64
[2023-02-15 02:23:32,470] 84 root - INFO - Hypothesis bz_000: float64, float64
[2023-02-15 02:23:32,539] 84 root - INFO - Hypothesis ca_000: float64, float64
[2023-02-15 02:23:32,557] 84 root - INFO - Hypothesis cb_000: float64, float64
[2023-02-15 02:23:32,576] 84 root - INFO - Hypothesis cc_000: float64, float64
[2023-02-15 02:23:32,594] 84 root - INFO - Hypothesis cd_000: float64, float64
[2023-02-15 02:23:32,657] 84 root - INFO - Hypothesis ce_000: float64, float64
[2023-02-15 02:23:32,673] 84 root - INFO - Hypothesis ci_000: float64, float64
[2023-02-15 02:23:32,736] 84 root - INFO - Hypothesis cj_000: float64, float64
[2023-02-15 02:23:32,802] 84 root - INFO - Hypothesis ck_000: float64, float64
[2023-02-15 02:23:32,819] 84 root - INFO - Hypothesis cl_000: float64, float64
[2023-02-15 02:23:32,879] 84 root - INFO - Hypothesis cm_000: float64, float64
[2023-02-15 02:23:32,937] 84 root - INFO - Hypothesis cn_000: float64, float64
[2023-02-15 02:23:32,983] 84 root - INFO - Hypothesis cn_001: float64, float64
[2023-02-15 02:23:33,027] 84 root - INFO - Hypothesis cn_002: float64, float64
[2023-02-15 02:23:33,078] 84 root - INFO - Hypothesis cn_003: float64, float64
[2023-02-15 02:23:33,129] 84 root - INFO - Hypothesis cn_004: float64, float64
[2023-02-15 02:23:33,144] 84 root - INFO - Hypothesis cn_005: float64, float64
[2023-02-15 02:23:33,195] 84 root - INFO - Hypothesis cn_006: float64, float64
[2023-02-15 02:23:33,208] 84 root - INFO - Hypothesis cn_007: float64, float64
[2023-02-15 02:23:33,223] 84 root - INFO - Hypothesis cn_008: float64, float64
[2023-02-15 02:23:33,269] 84 root - INFO - Hypothesis cn_009: float64, float64
[2023-02-15 02:23:33,315] 84 root - INFO - Hypothesis cp_000: float64, float64
[2023-02-15 02:23:33,329] 84 root - INFO - Hypothesis cq_000: float64, float64
[2023-02-15 02:23:33,343] 84 root - INFO - Hypothesis cs_000: float64, float64
[2023-02-15 02:23:33,358] 84 root - INFO - Hypothesis cs_001: float64, float64
[2023-02-15 02:23:33,413] 84 root - INFO - Hypothesis cs_002: float64, float64
[2023-02-15 02:23:33,464] 84 root - INFO - Hypothesis cs_003: float64, float64
[2023-02-15 02:23:33,477] 84 root - INFO - Hypothesis cs_004: float64, float64
[2023-02-15 02:23:33,528] 84 root - INFO - Hypothesis cs_005: float64, float64
[2023-02-15 02:23:33,542] 84 root - INFO - Hypothesis cs_006: float64, float64
[2023-02-15 02:23:33,556] 84 root - INFO - Hypothesis cs_007: float64, float64
[2023-02-15 02:23:33,570] 84 root - INFO - Hypothesis cs_008: float64, float64
[2023-02-15 02:23:33,583] 84 root - INFO - Hypothesis cs_009: float64, float64
[2023-02-15 02:23:33,620] 84 root - INFO - Hypothesis dd_000: float64, float64
[2023-02-15 02:23:33,670] 84 root - INFO - Hypothesis de_000: float64, float64
[2023-02-15 02:23:33,682] 84 root - INFO - Hypothesis df_000: float64, float64
[2023-02-15 02:23:33,728] 84 root - INFO - Hypothesis dg_000: float64, float64
[2023-02-15 02:23:33,779] 84 root - INFO - Hypothesis dh_000: float64, float64
[2023-02-15 02:23:33,826] 84 root - INFO - Hypothesis di_000: float64, float64
[2023-02-15 02:23:33,879] 84 root - INFO - Hypothesis dj_000: float64, float64
[2023-02-15 02:23:33,932] 84 root - INFO - Hypothesis dk_000: float64, float64
[2023-02-15 02:23:33,984] 84 root - INFO - Hypothesis dl_000: float64, float64
[2023-02-15 02:23:34,034] 84 root - INFO - Hypothesis dm_000: float64, float64
[2023-02-15 02:23:34,073] 84 root - INFO - Hypothesis dn_000: float64, float64
[2023-02-15 02:23:34,086] 84 root - INFO - Hypothesis do_000: float64, float64
[2023-02-15 02:23:34,139] 84 root - INFO - Hypothesis dp_000: float64, float64
[2023-02-15 02:23:34,153] 84 root - INFO - Hypothesis dq_000: float64, float64
[2023-02-15 02:23:34,196] 84 root - INFO - Hypothesis dr_000: float64, float64
[2023-02-15 02:23:34,248] 84 root - INFO - Hypothesis ds_000: float64, float64
[2023-02-15 02:23:34,262] 84 root - INFO - Hypothesis dt_000: float64, float64
[2023-02-15 02:23:34,275] 84 root - INFO - Hypothesis du_000: float64, float64
[2023-02-15 02:23:34,328] 84 root - INFO - Hypothesis dv_000: float64, float64
[2023-02-15 02:23:34,379] 84 root - INFO - Hypothesis dx_000: float64, float64
[2023-02-15 02:23:34,425] 84 root - INFO - Hypothesis dy_000: float64, float64
[2023-02-15 02:23:34,436] 84 root - INFO - Hypothesis dz_000: float64, float64
[2023-02-15 02:23:34,483] 84 root - INFO - Hypothesis ea_000: float64, float64
[2023-02-15 02:23:34,528] 84 root - INFO - Hypothesis eb_000: float64, float64
[2023-02-15 02:23:34,582] 84 root - INFO - Hypothesis ec_00: float64, float64
[2023-02-15 02:23:34,632] 84 root - INFO - Hypothesis ed_000: float64, float64
[2023-02-15 02:23:34,677] 84 root - INFO - Hypothesis ee_000: float64, float64
[2023-02-15 02:23:34,691] 84 root - INFO - Hypothesis ee_001: float64, float64
[2023-02-15 02:23:34,705] 84 root - INFO - Hypothesis ee_002: float64, float64
[2023-02-15 02:23:34,720] 84 root - INFO - Hypothesis ee_003: float64, float64
[2023-02-15 02:23:34,733] 84 root - INFO - Hypothesis ee_004: float64, float64
[2023-02-15 02:23:34,781] 84 root - INFO - Hypothesis ee_005: float64, float64
[2023-02-15 02:23:34,834] 84 root - INFO - Hypothesis ee_006: float64, float64
[2023-02-15 02:23:34,847] 84 root - INFO - Hypothesis ee_007: float64, float64
[2023-02-15 02:23:34,861] 84 root - INFO - Hypothesis ee_008: float64, float64
[2023-02-15 02:23:34,914] 84 root - INFO - Hypothesis ee_009: float64, float64
[2023-02-15 02:23:34,964] 84 root - INFO - Hypothesis ef_000: float64, float64
[2023-02-15 02:23:35,006] 84 root - INFO - Hypothesis eg_000: float64, float64
[2023-02-15 02:23:35,054] 139 root - INFO - As all columns are available in test df hence detecting data drift
[2023-02-15 02:23:35,055] 84 root - INFO - Hypothesis class: object, object
[2023-02-15 02:23:35,122] 84 root - INFO - Hypothesis aa_000: float64, float64
[2023-02-15 02:23:35,131] 84 root - INFO - Hypothesis ac_000: float64, float64
[2023-02-15 02:23:35,139] 84 root - INFO - Hypothesis ae_000: float64, float64
[2023-02-15 02:23:35,156] 84 root - INFO - Hypothesis af_000: float64, float64
[2023-02-15 02:23:35,172] 84 root - INFO - Hypothesis ag_000: float64, float64
[2023-02-15 02:23:35,190] 84 root - INFO - Hypothesis ag_001: float64, float64
[2023-02-15 02:23:35,207] 84 root - INFO - Hypothesis ag_002: float64, float64
[2023-02-15 02:23:35,224] 84 root - INFO - Hypothesis ag_003: float64, float64
[2023-02-15 02:23:35,231] 84 root - INFO - Hypothesis ag_004: float64, float64
[2023-02-15 02:23:35,239] 84 root - INFO - Hypothesis ag_005: float64, float64
[2023-02-15 02:23:35,247] 84 root - INFO - Hypothesis ag_006: float64, float64
[2023-02-15 02:23:35,255] 84 root - INFO - Hypothesis ag_007: float64, float64
[2023-02-15 02:23:35,263] 84 root - INFO - Hypothesis ag_008: float64, float64
[2023-02-15 02:23:35,271] 84 root - INFO - Hypothesis ag_009: float64, float64
[2023-02-15 02:23:35,278] 84 root - INFO - Hypothesis ah_000: float64, float64
[2023-02-15 02:23:35,286] 84 root - INFO - Hypothesis ai_000: float64, float64
[2023-02-15 02:23:35,293] 84 root - INFO - Hypothesis aj_000: float64, float64
[2023-02-15 02:23:35,300] 84 root - INFO - Hypothesis ak_000: float64, float64
[2023-02-15 02:23:35,315] 84 root - INFO - Hypothesis al_000: float64, float64
[2023-02-15 02:23:35,323] 84 root - INFO - Hypothesis am_0: float64, float64
[2023-02-15 02:23:35,330] 84 root - INFO - Hypothesis an_000: float64, float64
[2023-02-15 02:23:35,338] 84 root - INFO - Hypothesis ao_000: float64, float64
[2023-02-15 02:23:35,346] 84 root - INFO - Hypothesis ap_000: float64, float64
[2023-02-15 02:23:35,354] 84 root - INFO - Hypothesis aq_000: float64, float64
[2023-02-15 02:23:35,363] 84 root - INFO - Hypothesis ar_000: float64, float64
[2023-02-15 02:23:35,380] 84 root - INFO - Hypothesis as_000: float64, float64
[2023-02-15 02:23:35,398] 84 root - INFO - Hypothesis at_000: float64, float64
[2023-02-15 02:23:35,416] 84 root - INFO - Hypothesis au_000: float64, float64
[2023-02-15 02:23:35,435] 84 root - INFO - Hypothesis av_000: float64, float64
[2023-02-15 02:23:35,444] 84 root - INFO - Hypothesis ax_000: float64, float64
[2023-02-15 02:23:35,451] 84 root - INFO - Hypothesis ay_000: float64, float64
[2023-02-15 02:23:35,477] 84 root - INFO - Hypothesis ay_001: float64, float64
[2023-02-15 02:23:35,499] 84 root - INFO - Hypothesis ay_002: float64, float64
[2023-02-15 02:23:35,521] 84 root - INFO - Hypothesis ay_003: float64, float64
[2023-02-15 02:23:35,544] 84 root - INFO - Hypothesis ay_004: float64, float64
[2023-02-15 02:23:35,567] 84 root - INFO - Hypothesis ay_005: float64, float64
[2023-02-15 02:23:35,576] 84 root - INFO - Hypothesis ay_006: float64, float64
[2023-02-15 02:23:35,584] 84 root - INFO - Hypothesis ay_007: float64, float64
[2023-02-15 02:23:35,593] 84 root - INFO - Hypothesis ay_008: float64, float64
[2023-02-15 02:23:35,601] 84 root - INFO - Hypothesis ay_009: float64, float64
[2023-02-15 02:23:35,619] 84 root - INFO - Hypothesis az_000: float64, float64
[2023-02-15 02:23:35,626] 84 root - INFO - Hypothesis az_001: float64, float64
[2023-02-15 02:23:35,635] 84 root - INFO - Hypothesis az_002: float64, float64
[2023-02-15 02:23:35,644] 84 root - INFO - Hypothesis az_003: float64, float64
[2023-02-15 02:23:35,651] 84 root - INFO - Hypothesis az_004: float64, float64
[2023-02-15 02:23:35,659] 84 root - INFO - Hypothesis az_005: float64, float64
[2023-02-15 02:23:35,667] 84 root - INFO - Hypothesis az_006: float64, float64
[2023-02-15 02:23:35,675] 84 root - INFO - Hypothesis az_007: float64, float64
[2023-02-15 02:23:35,682] 84 root - INFO - Hypothesis az_008: float64, float64
[2023-02-15 02:23:35,698] 84 root - INFO - Hypothesis az_009: float64, float64
[2023-02-15 02:23:35,719] 84 root - INFO - Hypothesis ba_000: float64, float64
[2023-02-15 02:23:35,727] 84 root - INFO - Hypothesis ba_001: float64, float64
[2023-02-15 02:23:35,735] 84 root - INFO - Hypothesis ba_002: float64, float64
[2023-02-15 02:23:35,744] 84 root - INFO - Hypothesis ba_003: float64, float64
[2023-02-15 02:23:35,753] 84 root - INFO - Hypothesis ba_004: float64, float64
[2023-02-15 02:23:35,762] 84 root - INFO - Hypothesis ba_005: float64, float64
[2023-02-15 02:23:35,770] 84 root - INFO - Hypothesis ba_006: float64, float64
[2023-02-15 02:23:35,778] 84 root - INFO - Hypothesis ba_007: float64, float64
[2023-02-15 02:23:35,786] 84 root - INFO - Hypothesis ba_008: float64, float64
[2023-02-15 02:23:35,794] 84 root - INFO - Hypothesis ba_009: float64, float64
[2023-02-15 02:23:35,814] 84 root - INFO - Hypothesis bb_000: float64, float64
[2023-02-15 02:23:35,823] 84 root - INFO - Hypothesis bc_000: float64, float64
[2023-02-15 02:23:35,831] 84 root - INFO - Hypothesis bd_000: float64, float64
[2023-02-15 02:23:35,838] 84 root - INFO - Hypothesis be_000: float64, float64
[2023-02-15 02:23:35,847] 84 root - INFO - Hypothesis bf_000: float64, float64
[2023-02-15 02:23:35,854] 84 root - INFO - Hypothesis bg_000: float64, float64
[2023-02-15 02:23:35,862] 84 root - INFO - Hypothesis bh_000: float64, float64
[2023-02-15 02:23:35,870] 84 root - INFO - Hypothesis bi_000: float64, float64
[2023-02-15 02:23:35,878] 84 root - INFO - Hypothesis bj_000: float64, float64
[2023-02-15 02:23:35,886] 84 root - INFO - Hypothesis bs_000: float64, float64
[2023-02-15 02:23:35,895] 84 root - INFO - Hypothesis bt_000: float64, float64
[2023-02-15 02:23:35,904] 84 root - INFO - Hypothesis bu_000: float64, float64
[2023-02-15 02:23:35,912] 84 root - INFO - Hypothesis bv_000: float64, float64
[2023-02-15 02:23:35,920] 84 root - INFO - Hypothesis bx_000: float64, float64
[2023-02-15 02:23:35,928] 84 root - INFO - Hypothesis by_000: float64, float64
[2023-02-15 02:23:35,936] 84 root - INFO - Hypothesis bz_000: float64, float64
[2023-02-15 02:23:35,944] 84 root - INFO - Hypothesis ca_000: float64, float64
[2023-02-15 02:23:35,953] 84 root - INFO - Hypothesis cb_000: float64, float64
[2023-02-15 02:23:35,962] 84 root - INFO - Hypothesis cc_000: float64, float64
[2023-02-15 02:23:35,971] 84 root - INFO - Hypothesis cd_000: float64, float64
[2023-02-15 02:23:35,988] 84 root - INFO - Hypothesis ce_000: float64, float64
[2023-02-15 02:23:35,997] 84 root - INFO - Hypothesis ci_000: float64, float64
[2023-02-15 02:23:36,006] 84 root - INFO - Hypothesis cj_000: float64, float64
[2023-02-15 02:23:36,014] 84 root - INFO - Hypothesis ck_000: float64, float64
[2023-02-15 02:23:36,024] 84 root - INFO - Hypothesis cl_000: float64, float64
[2023-02-15 02:23:36,031] 84 root - INFO - Hypothesis cm_000: float64, float64
[2023-02-15 02:23:36,039] 84 root - INFO - Hypothesis cn_000: float64, float64
[2023-02-15 02:23:36,058] 84 root - INFO - Hypothesis cn_001: float64, float64
[2023-02-15 02:23:36,083] 84 root - INFO - Hypothesis cn_002: float64, float64
[2023-02-15 02:23:36,091] 84 root - INFO - Hypothesis cn_003: float64, float64
[2023-02-15 02:23:36,102] 84 root - INFO - Hypothesis cn_004: float64, float64
[2023-02-15 02:23:36,111] 84 root - INFO - Hypothesis cn_005: float64, float64
[2023-02-15 02:23:36,120] 84 root - INFO - Hypothesis cn_006: float64, float64
[2023-02-15 02:23:36,130] 84 root - INFO - Hypothesis cn_007: float64, float64
[2023-02-15 02:23:36,138] 84 root - INFO - Hypothesis cn_008: float64, float64
[2023-02-15 02:23:36,147] 84 root - INFO - Hypothesis cn_009: float64, float64
[2023-02-15 02:23:36,155] 84 root - INFO - Hypothesis cp_000: float64, float64
[2023-02-15 02:23:36,163] 84 root - INFO - Hypothesis cq_000: float64, float64
[2023-02-15 02:23:36,173] 84 root - INFO - Hypothesis cs_000: float64, float64
[2023-02-15 02:23:36,182] 84 root - INFO - Hypothesis cs_001: float64, float64
[2023-02-15 02:23:36,191] 84 root - INFO - Hypothesis cs_002: float64, float64
[2023-02-15 02:23:36,200] 84 root - INFO - Hypothesis cs_003: float64, float64
[2023-02-15 02:23:36,209] 84 root - INFO - Hypothesis cs_004: float64, float64
[2023-02-15 02:23:36,218] 84 root - INFO - Hypothesis cs_005: float64, float64
[2023-02-15 02:23:36,227] 84 root - INFO - Hypothesis cs_006: float64, float64
[2023-02-15 02:23:36,237] 84 root - INFO - Hypothesis cs_007: float64, float64
[2023-02-15 02:23:36,246] 84 root - INFO - Hypothesis cs_008: float64, float64
[2023-02-15 02:23:36,254] 84 root - INFO - Hypothesis cs_009: float64, float64
[2023-02-15 02:23:36,273] 84 root - INFO - Hypothesis dd_000: float64, float64
[2023-02-15 02:23:36,281] 84 root - INFO - Hypothesis de_000: float64, float64
[2023-02-15 02:23:36,289] 84 root - INFO - Hypothesis df_000: float64, float64
[2023-02-15 02:23:36,296] 84 root - INFO - Hypothesis dg_000: float64, float64
[2023-02-15 02:23:36,303] 84 root - INFO - Hypothesis dh_000: float64, float64
[2023-02-15 02:23:36,311] 84 root - INFO - Hypothesis di_000: float64, float64
[2023-02-15 02:23:36,318] 84 root - INFO - Hypothesis dj_000: float64, float64
[2023-02-15 02:23:36,334] 84 root - INFO - Hypothesis dk_000: float64, float64
[2023-02-15 02:23:36,349] 84 root - INFO - Hypothesis dl_000: float64, float64
[2023-02-15 02:23:36,366] 84 root - INFO - Hypothesis dm_000: float64, float64
[2023-02-15 02:23:36,383] 84 root - INFO - Hypothesis dn_000: float64, float64
[2023-02-15 02:23:36,390] 84 root - INFO - Hypothesis do_000: float64, float64
[2023-02-15 02:23:36,398] 84 root - INFO - Hypothesis dp_000: float64, float64
[2023-02-15 02:23:36,407] 84 root - INFO - Hypothesis dq_000: float64, float64
[2023-02-15 02:23:36,413] 84 root - INFO - Hypothesis dr_000: float64, float64
[2023-02-15 02:23:36,420] 84 root - INFO - Hypothesis ds_000: float64, float64
[2023-02-15 02:23:36,428] 84 root - INFO - Hypothesis dt_000: float64, float64
[2023-02-15 02:23:36,436] 84 root - INFO - Hypothesis du_000: float64, float64
[2023-02-15 02:23:36,443] 84 root - INFO - Hypothesis dv_000: float64, float64
[2023-02-15 02:23:36,450] 84 root - INFO - Hypothesis dx_000: float64, float64
[2023-02-15 02:23:36,459] 84 root - INFO - Hypothesis dy_000: float64, float64
[2023-02-15 02:23:36,465] 84 root - INFO - Hypothesis dz_000: float64, float64
[2023-02-15 02:23:36,482] 84 root - INFO - Hypothesis ea_000: float64, float64
[2023-02-15 02:23:36,498] 84 root - INFO - Hypothesis eb_000: float64, float64
[2023-02-15 02:23:36,505] 84 root - INFO - Hypothesis ec_00: float64, float64
[2023-02-15 02:23:36,513] 84 root - INFO - Hypothesis ed_000: float64, float64
[2023-02-15 02:23:36,520] 84 root - INFO - Hypothesis ee_000: float64, float64
[2023-02-15 02:23:36,528] 84 root - INFO - Hypothesis ee_001: float64, float64
[2023-02-15 02:23:36,536] 84 root - INFO - Hypothesis ee_002: float64, float64
[2023-02-15 02:23:36,544] 84 root - INFO - Hypothesis ee_003: float64, float64
[2023-02-15 02:23:36,552] 84 root - INFO - Hypothesis ee_004: float64, float64
[2023-02-15 02:23:36,559] 84 root - INFO - Hypothesis ee_005: float64, float64
[2023-02-15 02:23:36,567] 84 root - INFO - Hypothesis ee_006: float64, float64
[2023-02-15 02:23:36,574] 84 root - INFO - Hypothesis ee_007: float64, float64
[2023-02-15 02:23:36,581] 84 root - INFO - Hypothesis ee_008: float64, float64
[2023-02-15 02:23:36,589] 84 root - INFO - Hypothesis ee_009: float64, float64
[2023-02-15 02:23:36,596] 84 root - INFO - Hypothesis ef_000: float64, float64
[2023-02-15 02:23:36,611] 84 root - INFO - Hypothesis eg_000: float64, float64
[2023-02-15 02:23:36,627] 144 root - INFO - Writing report to yaml file
[2023-02-15 02:23:36,708] 149 root - INFO - Data Validation artifact: DataValidationArtifact(report_file_path='C:\\Users\\shara\\ML_Projects\\artifact\\021523__022152\\data_validation\\report.yaml')
[2023-02-15 02:23:36,720] 23 root - INFO - >>>>>>>>>>>>>>>>>>>>>>>>>>>>>>>>>>>>>>>> Data Transformation <<<<<<<<<<<<<<<<<<<<<<<<<<<<<<<<<<<<<<<<
[2023-02-15 02:23:37,990] 73 root - INFO - Before resampling in training set Input: (28950, 170) Target: (28950,)
[2023-02-15 02:25:13,061] 75 root - INFO - After resampling in training set Input: (56188, 170) Target: (56188,)
[2023-02-15 02:25:13,073] 77 root - INFO - Before resampling in testing set Input: (7238, 170) Target: (7238,)
[2023-02-15 02:25:20,966] 79 root - INFO - After resampling in testing set Input: (14034, 170) Target: (14034,)
[2023-02-15 02:25:21,195] 48 root - INFO - Entered the save_object method of utils
[2023-02-15 02:25:21,243] 52 root - INFO - Exited the save_object method of utils
[2023-02-15 02:25:21,245] 48 root - INFO - Entered the save_object method of utils
[2023-02-15 02:25:21,249] 52 root - INFO - Exited the save_object method of utils
[2023-02-15 02:25:21,250] 102 root - INFO - Data transformation object DataTransformationArtifact(transform_object_path='C:\\Users\\shara\\ML_Projects\\artifact\\021523__022152\\data_transformation\\transformer\\transforer.pkl', transformed_train_path='C:\\Users\\shara\\ML_Projects\\artifact\\021523__022152\\data_transformation\\transformed\\train.npz', transformed_test_path='C:\\Users\\shara\\ML_Projects\\artifact\\021523__022152\\data_transformation\\transformed\\test.npz', target_encoder_path='C:\\Users\\shara\\ML_Projects\\artifact\\021523__022152\\data_transformation\\target_encoder\\target_encoder.pkl')
[2023-02-15 02:25:21,291] 41 root - INFO - Loading train and test array
[2023-02-15 02:25:21,585] 45 root - INFO - splitting input and target feature from both training and test arrays
[2023-02-15 02:25:21,585] 49 root - INFO - Train the model
[2023-02-15 02:26:15,367] 52 root - INFO - Calculating f1 train score
[2023-02-15 02:26:15,647] 56 root - INFO - Calculating f1 test score
[2023-02-15 02:26:15,730] 60 root - INFO - Train score: 1.0 and Test score: 0.98195467013137
[2023-02-15 02:26:15,731] 63 root - INFO - Checking if model is underfitting
[2023-02-15 02:26:15,731] 68 root - INFO - Checking if model is overfitting
[2023-02-15 02:26:15,731] 75 root - INFO - saving model object
[2023-02-15 02:26:15,731] 48 root - INFO - Entered the save_object method of utils
[2023-02-15 02:26:15,748] 52 root - INFO - Exited the save_object method of utils
[2023-02-15 02:26:15,748] 79 root - INFO - Preparing artifact
[2023-02-15 02:26:15,749] 83 root - INFO - Model Trainer artifact: ModelTrainerArtifact(model_path='C:\\Users\\shara\\ML_Projects\\artifact\\021523__022152\\model_trainer\\model\\model.pkl', f1_train_score=1.0, f1_test_score=0.98195467013137)
[2023-02-15 02:26:15,759] 22 root - INFO - >>>>>>>>>>>>>>>>>>>>>>>>>>>>>>>>>>>>>>>> Model Evaluation <<<<<<<<<<<<<<<<<<<<<<<<<<<<<<<<<<<<<<<<
[2023-02-15 02:26:15,761] 36 root - INFO - if saved model folder has model then we will compare which model is best trained or the model from saved model folder
[2023-02-15 02:26:15,762] 40 root - INFO - Model evaluation artifact: ModelEvaluationArtifact(is_model_accepted=True, improved_accuracy=None)
[2023-02-15 02:26:15,764] 26 root - INFO - Loding transformer model and target encoder
[2023-02-15 02:26:15,853] 32 root - INFO - Saving model into model pusher directory.
[2023-02-15 02:26:15,854] 48 root - INFO - Entered the save_object method of utils
[2023-02-15 02:26:15,860] 52 root - INFO - Exited the save_object method of utils
[2023-02-15 02:26:15,860] 48 root - INFO - Entered the save_object method of utils
[2023-02-15 02:26:15,871] 52 root - INFO - Exited the save_object method of utils
[2023-02-15 02:26:15,871] 48 root - INFO - Entered the save_object method of utils
[2023-02-15 02:26:15,875] 52 root - INFO - Exited the save_object method of utils
[2023-02-15 02:26:15,876] 38 root - INFO - Saving model in saved model dir
[2023-02-15 02:26:15,878] 48 root - INFO - Entered the save_object method of utils
[2023-02-15 02:26:15,888] 52 root - INFO - Exited the save_object method of utils
