[2023-02-26 23:43:58,220] 159 numexpr.utils - INFO - NumExpr defaulting to 8 threads.
[2023-02-26 23:44:03,324] 17 root - INFO - >>>>>>>>>>>>>>>>>>>>>>>>>>>>>>>>>>>>>>>> Data Ingestion <<<<<<<<<<<<<<<<<<<<<<<<<<<<<<<<<<<<<<<<
[2023-02-26 23:44:03,324] 24 root - INFO - Exporting collection data as pandas DataFrame
[2023-02-26 23:44:03,324] 13 root - INFO - Reading data from database: APS and collection: Sensor
[2023-02-26 23:45:03,740] 15 root - INFO - Found columns: Index(['_id', 'class', 'aa_000', 'ab_000', 'ac_000', 'ad_000', 'ae_000',
       'af_000', 'ag_000', 'ag_001',
       ...
       'ee_002', 'ee_003', 'ee_004', 'ee_005', 'ee_006', 'ee_007', 'ee_008',
       'ee_009', 'ef_000', 'eg_000'],
      dtype='object', length=172)
[2023-02-26 23:45:03,755] 17 root - INFO - Dropping column: _id
[2023-02-26 23:45:04,067] 19 root - INFO - Row and columns in df : (36188, 171)
[2023-02-26 23:45:04,069] 29 root - INFO - save data in feature store
[2023-02-26 23:45:04,536] 35 root - INFO - Create feature store folder if not available
[2023-02-26 23:45:04,540] 39 root - INFO - Save df to feature store folder
[2023-02-26 23:45:07,201] 43 root - INFO - split dataset into train and test set
[2023-02-26 23:45:07,712] 47 root - INFO - create dataset directory folder if not available
[2023-02-26 23:45:07,712] 52 root - INFO - Save df to feature store folder
[2023-02-26 23:45:09,495] 64 root - INFO - Data ingestion artifact: DataIngestionArtifact(feature_store_file_path='C:\\Users\\shara\\ML_Projects\\artifact\\022623__234403\\data_ingestion\\feature_store\\sensor.csv', train_file_path='C:\\Users\\shara\\ML_Projects\\artifact\\022623__234403\\data_ingestion\\dataset\\train.csv', test_file_path='C:\\Users\\shara\\ML_Projects\\artifact\\022623__234403\\data_ingestion\\dataset\\test.csv')
[2023-02-26 23:45:09,913] 18 root - INFO - >>>>>>>>>>>>>>>>>>>>>>>>>>>>>>>>>>>>>>>> Data Validation <<<<<<<<<<<<<<<<<<<<<<<<<<<<<<<<<<<<<<<<
[2023-02-26 23:45:09,915] 107 root - INFO - Reading base DataFrame
[2023-02-26 23:45:12,397] 110 root - INFO - Replace na value in base df
[2023-02-26 23:45:12,397] 112 root - INFO - Drop null values column from base df
[2023-02-26 23:45:12,986] 41 root - INFO - Selecting column names which contain null values above to 0.2
[2023-02-26 23:45:12,988] 43 root - INFO - columns to drop: ['ab_000', 'ad_000', 'bk_000', 'bl_000', 'bm_000', 'bn_000', 'bo_000', 'bp_000', 'bq_000', 'br_000', 'cf_000', 'cg_000', 'ch_000', 'co_000', 'cr_000', 'ct_000', 'cu_000', 'cv_000', 'cx_000', 'cy_000', 'cz_000', 'da_000', 'db_000', 'dc_000']
[2023-02-26 23:45:13,079] 115 root - INFO - Reading train DataFrame
[2023-02-26 23:45:13,492] 117 root - INFO - Reading test DataFrame
[2023-02-26 23:45:13,611] 120 root - INFO - Drop null values column from train DataFrame
[2023-02-26 23:45:13,625] 41 root - INFO - Selecting column names which contain null values above to 0.2
[2023-02-26 23:45:13,625] 43 root - INFO - columns to drop: ['ab_000', 'ad_000', 'bk_000', 'bl_000', 'bm_000', 'bn_000', 'bo_000', 'bp_000', 'bq_000', 'br_000', 'cf_000', 'cg_000', 'ch_000', 'co_000', 'cr_000', 'ct_000', 'cu_000', 'cv_000', 'cx_000', 'cy_000', 'cz_000', 'da_000', 'db_000', 'dc_000']
[2023-02-26 23:45:13,637] 122 root - INFO - Drop null values column from test DataFrame
[2023-02-26 23:45:13,643] 41 root - INFO - Selecting column names which contain null values above to 0.2
[2023-02-26 23:45:13,643] 43 root - INFO - columns to drop: ['ab_000', 'ad_000', 'bk_000', 'bl_000', 'bm_000', 'bn_000', 'bo_000', 'bp_000', 'bq_000', 'br_000', 'cf_000', 'cg_000', 'ch_000', 'co_000', 'cr_000', 'ct_000', 'cu_000', 'cv_000', 'cx_000', 'cy_000', 'cz_000', 'da_000', 'db_000', 'dc_000']
[2023-02-26 23:45:21,360] 130 root - INFO - Is all required columns present in train df
[2023-02-26 23:45:21,361] 132 root - INFO - Is all required columns present in test df
[2023-02-26 23:45:21,361] 136 root - INFO - As all columns are available in train df hence detecting data drift
[2023-02-26 23:45:21,361] 84 root - INFO - Hypothesis class: object, object
[2023-02-26 23:45:21,458] 84 root - INFO - Hypothesis aa_000: float64, float64
[2023-02-26 23:45:21,470] 84 root - INFO - Hypothesis ac_000: float64, float64
[2023-02-26 23:45:21,493] 84 root - INFO - Hypothesis ae_000: float64, float64
[2023-02-26 23:45:21,513] 84 root - INFO - Hypothesis af_000: float64, float64
[2023-02-26 23:45:21,537] 84 root - INFO - Hypothesis ag_000: float64, float64
[2023-02-26 23:45:21,557] 84 root - INFO - Hypothesis ag_001: float64, float64
[2023-02-26 23:45:21,577] 84 root - INFO - Hypothesis ag_002: float64, float64
[2023-02-26 23:45:21,597] 84 root - INFO - Hypothesis ag_003: float64, float64
[2023-02-26 23:45:21,620] 84 root - INFO - Hypothesis ag_004: float64, float64
[2023-02-26 23:45:21,645] 84 root - INFO - Hypothesis ag_005: float64, float64
[2023-02-26 23:45:21,671] 84 root - INFO - Hypothesis ag_006: float64, float64
[2023-02-26 23:45:21,695] 84 root - INFO - Hypothesis ag_007: float64, float64
[2023-02-26 23:45:21,720] 84 root - INFO - Hypothesis ag_008: float64, float64
[2023-02-26 23:45:21,743] 84 root - INFO - Hypothesis ag_009: float64, float64
[2023-02-26 23:45:21,765] 84 root - INFO - Hypothesis ah_000: float64, float64
[2023-02-26 23:45:21,791] 84 root - INFO - Hypothesis ai_000: float64, float64
[2023-02-26 23:45:21,811] 84 root - INFO - Hypothesis aj_000: float64, float64
[2023-02-26 23:45:21,815] 84 root - INFO - Hypothesis ak_000: float64, float64
[2023-02-26 23:45:21,837] 84 root - INFO - Hypothesis al_000: float64, float64
[2023-02-26 23:45:21,857] 84 root - INFO - Hypothesis am_0: float64, float64
[2023-02-26 23:45:21,882] 84 root - INFO - Hypothesis an_000: float64, float64
[2023-02-26 23:45:21,891] 84 root - INFO - Hypothesis ao_000: float64, float64
[2023-02-26 23:45:21,900] 84 root - INFO - Hypothesis ap_000: float64, float64
[2023-02-26 23:45:21,926] 84 root - INFO - Hypothesis aq_000: float64, float64
[2023-02-26 23:45:21,952] 84 root - INFO - Hypothesis ar_000: float64, float64
[2023-02-26 23:45:21,972] 84 root - INFO - Hypothesis as_000: float64, float64
[2023-02-26 23:45:21,975] 84 root - INFO - Hypothesis at_000: float64, float64
[2023-02-26 23:45:21,996] 84 root - INFO - Hypothesis au_000: float64, float64
[2023-02-26 23:45:22,015] 84 root - INFO - Hypothesis av_000: float64, float64
[2023-02-26 23:45:22,039] 84 root - INFO - Hypothesis ax_000: float64, float64
[2023-02-26 23:45:22,061] 84 root - INFO - Hypothesis ay_000: float64, float64
[2023-02-26 23:45:22,079] 84 root - INFO - Hypothesis ay_001: float64, float64
[2023-02-26 23:45:22,099] 84 root - INFO - Hypothesis ay_002: float64, float64
[2023-02-26 23:45:22,123] 84 root - INFO - Hypothesis ay_003: float64, float64
[2023-02-26 23:45:22,142] 84 root - INFO - Hypothesis ay_004: float64, float64
[2023-02-26 23:45:22,161] 84 root - INFO - Hypothesis ay_005: float64, float64
[2023-02-26 23:45:22,185] 84 root - INFO - Hypothesis ay_006: float64, float64
[2023-02-26 23:45:22,211] 84 root - INFO - Hypothesis ay_007: float64, float64
[2023-02-26 23:45:22,239] 84 root - INFO - Hypothesis ay_008: float64, float64
[2023-02-26 23:45:22,268] 84 root - INFO - Hypothesis ay_009: float64, float64
[2023-02-26 23:45:22,289] 84 root - INFO - Hypothesis az_000: float64, float64
[2023-02-26 23:45:22,314] 84 root - INFO - Hypothesis az_001: float64, float64
[2023-02-26 23:45:22,341] 84 root - INFO - Hypothesis az_002: float64, float64
[2023-02-26 23:45:22,369] 84 root - INFO - Hypothesis az_003: float64, float64
[2023-02-26 23:45:22,396] 84 root - INFO - Hypothesis az_004: float64, float64
[2023-02-26 23:45:22,422] 84 root - INFO - Hypothesis az_005: float64, float64
[2023-02-26 23:45:22,449] 84 root - INFO - Hypothesis az_006: float64, float64
[2023-02-26 23:45:22,477] 84 root - INFO - Hypothesis az_007: float64, float64
[2023-02-26 23:45:22,497] 84 root - INFO - Hypothesis az_008: float64, float64
[2023-02-26 23:45:22,520] 84 root - INFO - Hypothesis az_009: float64, float64
[2023-02-26 23:45:22,540] 84 root - INFO - Hypothesis ba_000: float64, float64
[2023-02-26 23:45:22,567] 84 root - INFO - Hypothesis ba_001: float64, float64
[2023-02-26 23:45:22,593] 84 root - INFO - Hypothesis ba_002: float64, float64
[2023-02-26 23:45:22,619] 84 root - INFO - Hypothesis ba_003: float64, float64
[2023-02-26 23:45:22,644] 84 root - INFO - Hypothesis ba_004: float64, float64
[2023-02-26 23:45:22,671] 84 root - INFO - Hypothesis ba_005: float64, float64
[2023-02-26 23:45:22,696] 84 root - INFO - Hypothesis ba_006: float64, float64
[2023-02-26 23:45:22,721] 84 root - INFO - Hypothesis ba_007: float64, float64
[2023-02-26 23:45:22,745] 84 root - INFO - Hypothesis ba_008: float64, float64
[2023-02-26 23:45:22,769] 84 root - INFO - Hypothesis ba_009: float64, float64
[2023-02-26 23:45:22,790] 84 root - INFO - Hypothesis bb_000: float64, float64
[2023-02-26 23:45:22,819] 84 root - INFO - Hypothesis bc_000: float64, float64
[2023-02-26 23:45:22,825] 84 root - INFO - Hypothesis bd_000: float64, float64
[2023-02-26 23:45:22,832] 84 root - INFO - Hypothesis be_000: float64, float64
[2023-02-26 23:45:22,855] 84 root - INFO - Hypothesis bf_000: float64, float64
[2023-02-26 23:45:22,879] 84 root - INFO - Hypothesis bg_000: float64, float64
[2023-02-26 23:45:22,904] 84 root - INFO - Hypothesis bh_000: float64, float64
[2023-02-26 23:45:22,929] 84 root - INFO - Hypothesis bi_000: float64, float64
[2023-02-26 23:45:22,938] 84 root - INFO - Hypothesis bj_000: float64, float64
[2023-02-26 23:45:22,964] 84 root - INFO - Hypothesis bs_000: float64, float64
[2023-02-26 23:45:22,973] 84 root - INFO - Hypothesis bt_000: float64, float64
[2023-02-26 23:45:22,981] 84 root - INFO - Hypothesis bu_000: float64, float64
[2023-02-26 23:45:22,991] 84 root - INFO - Hypothesis bv_000: float64, float64
[2023-02-26 23:45:23,000] 84 root - INFO - Hypothesis bx_000: float64, float64
[2023-02-26 23:45:23,030] 84 root - INFO - Hypothesis by_000: float64, float64
[2023-02-26 23:45:23,059] 84 root - INFO - Hypothesis bz_000: float64, float64
[2023-02-26 23:45:23,086] 84 root - INFO - Hypothesis ca_000: float64, float64
[2023-02-26 23:45:23,095] 84 root - INFO - Hypothesis cb_000: float64, float64
[2023-02-26 23:45:23,106] 84 root - INFO - Hypothesis cc_000: float64, float64
[2023-02-26 23:45:23,135] 84 root - INFO - Hypothesis cd_000: float64, float64
[2023-02-26 23:45:23,158] 84 root - INFO - Hypothesis ce_000: float64, float64
[2023-02-26 23:45:23,186] 84 root - INFO - Hypothesis ci_000: float64, float64
[2023-02-26 23:45:23,195] 84 root - INFO - Hypothesis cj_000: float64, float64
[2023-02-26 23:45:23,220] 84 root - INFO - Hypothesis ck_000: float64, float64
[2023-02-26 23:45:23,229] 84 root - INFO - Hypothesis cl_000: float64, float64
[2023-02-26 23:45:23,257] 84 root - INFO - Hypothesis cm_000: float64, float64
[2023-02-26 23:45:23,264] 84 root - INFO - Hypothesis cn_000: float64, float64
[2023-02-26 23:45:23,302] 84 root - INFO - Hypothesis cn_001: float64, float64
[2023-02-26 23:45:23,333] 84 root - INFO - Hypothesis cn_002: float64, float64
[2023-02-26 23:45:23,362] 84 root - INFO - Hypothesis cn_003: float64, float64
[2023-02-26 23:45:23,395] 84 root - INFO - Hypothesis cn_004: float64, float64
[2023-02-26 23:45:23,425] 84 root - INFO - Hypothesis cn_005: float64, float64
[2023-02-26 23:45:23,457] 84 root - INFO - Hypothesis cn_006: float64, float64
[2023-02-26 23:45:23,486] 84 root - INFO - Hypothesis cn_007: float64, float64
[2023-02-26 23:45:23,512] 84 root - INFO - Hypothesis cn_008: float64, float64
[2023-02-26 23:45:23,538] 84 root - INFO - Hypothesis cn_009: float64, float64
[2023-02-26 23:45:23,561] 84 root - INFO - Hypothesis cp_000: float64, float64
[2023-02-26 23:45:23,585] 84 root - INFO - Hypothesis cq_000: float64, float64
[2023-02-26 23:45:23,594] 84 root - INFO - Hypothesis cs_000: float64, float64
[2023-02-26 23:45:23,620] 84 root - INFO - Hypothesis cs_001: float64, float64
[2023-02-26 23:45:23,644] 84 root - INFO - Hypothesis cs_002: float64, float64
[2023-02-26 23:45:23,671] 84 root - INFO - Hypothesis cs_003: float64, float64
[2023-02-26 23:45:23,700] 84 root - INFO - Hypothesis cs_004: float64, float64
[2023-02-26 23:45:23,710] 84 root - INFO - Hypothesis cs_005: float64, float64
[2023-02-26 23:45:23,722] 84 root - INFO - Hypothesis cs_006: float64, float64
[2023-02-26 23:45:23,751] 84 root - INFO - Hypothesis cs_007: float64, float64
[2023-02-26 23:45:23,780] 84 root - INFO - Hypothesis cs_008: float64, float64
[2023-02-26 23:45:23,810] 84 root - INFO - Hypothesis cs_009: float64, float64
[2023-02-26 23:45:23,833] 84 root - INFO - Hypothesis dd_000: float64, float64
[2023-02-26 23:45:23,860] 84 root - INFO - Hypothesis de_000: float64, float64
[2023-02-26 23:45:23,888] 84 root - INFO - Hypothesis df_000: float64, float64
[2023-02-26 23:45:23,911] 84 root - INFO - Hypothesis dg_000: float64, float64
[2023-02-26 23:45:23,935] 84 root - INFO - Hypothesis dh_000: float64, float64
[2023-02-26 23:45:23,957] 84 root - INFO - Hypothesis di_000: float64, float64
[2023-02-26 23:45:23,980] 84 root - INFO - Hypothesis dj_000: float64, float64
[2023-02-26 23:45:24,003] 84 root - INFO - Hypothesis dk_000: float64, float64
[2023-02-26 23:45:24,024] 84 root - INFO - Hypothesis dl_000: float64, float64
[2023-02-26 23:45:24,043] 84 root - INFO - Hypothesis dm_000: float64, float64
[2023-02-26 23:45:24,064] 84 root - INFO - Hypothesis dn_000: float64, float64
[2023-02-26 23:45:24,089] 84 root - INFO - Hypothesis do_000: float64, float64
[2023-02-26 23:45:24,114] 84 root - INFO - Hypothesis dp_000: float64, float64
[2023-02-26 23:45:24,138] 84 root - INFO - Hypothesis dq_000: float64, float64
[2023-02-26 23:45:24,160] 84 root - INFO - Hypothesis dr_000: float64, float64
[2023-02-26 23:45:24,181] 84 root - INFO - Hypothesis ds_000: float64, float64
[2023-02-26 23:45:24,208] 84 root - INFO - Hypothesis dt_000: float64, float64
[2023-02-26 23:45:24,232] 84 root - INFO - Hypothesis du_000: float64, float64
[2023-02-26 23:45:24,242] 84 root - INFO - Hypothesis dv_000: float64, float64
[2023-02-26 23:45:24,251] 84 root - INFO - Hypothesis dx_000: float64, float64
[2023-02-26 23:45:24,277] 84 root - INFO - Hypothesis dy_000: float64, float64
[2023-02-26 23:45:24,300] 84 root - INFO - Hypothesis dz_000: float64, float64
[2023-02-26 23:45:24,322] 84 root - INFO - Hypothesis ea_000: float64, float64
[2023-02-26 23:45:24,341] 84 root - INFO - Hypothesis eb_000: float64, float64
[2023-02-26 23:45:24,369] 84 root - INFO - Hypothesis ec_00: float64, float64
[2023-02-26 23:45:24,393] 84 root - INFO - Hypothesis ed_000: float64, float64
[2023-02-26 23:45:24,420] 84 root - INFO - Hypothesis ee_000: float64, float64
[2023-02-26 23:45:24,448] 84 root - INFO - Hypothesis ee_001: float64, float64
[2023-02-26 23:45:24,458] 84 root - INFO - Hypothesis ee_002: float64, float64
[2023-02-26 23:45:24,486] 84 root - INFO - Hypothesis ee_003: float64, float64
[2023-02-26 23:45:24,512] 84 root - INFO - Hypothesis ee_004: float64, float64
[2023-02-26 23:45:24,539] 84 root - INFO - Hypothesis ee_005: float64, float64
[2023-02-26 23:45:24,563] 84 root - INFO - Hypothesis ee_006: float64, float64
[2023-02-26 23:45:24,573] 84 root - INFO - Hypothesis ee_007: float64, float64
[2023-02-26 23:45:24,597] 84 root - INFO - Hypothesis ee_008: float64, float64
[2023-02-26 23:45:24,622] 84 root - INFO - Hypothesis ee_009: float64, float64
[2023-02-26 23:45:24,646] 84 root - INFO - Hypothesis ef_000: float64, float64
[2023-02-26 23:45:24,669] 84 root - INFO - Hypothesis eg_000: float64, float64
[2023-02-26 23:45:24,688] 139 root - INFO - As all columns are available in test df hence detecting data drift
[2023-02-26 23:45:24,689] 84 root - INFO - Hypothesis class: object, object
[2023-02-26 23:45:24,727] 84 root - INFO - Hypothesis aa_000: float64, float64
[2023-02-26 23:45:24,734] 84 root - INFO - Hypothesis ac_000: float64, float64
[2023-02-26 23:45:24,738] 84 root - INFO - Hypothesis ae_000: float64, float64
[2023-02-26 23:45:24,745] 84 root - INFO - Hypothesis af_000: float64, float64
[2023-02-26 23:45:24,757] 84 root - INFO - Hypothesis ag_000: float64, float64
[2023-02-26 23:45:24,765] 84 root - INFO - Hypothesis ag_001: float64, float64
[2023-02-26 23:45:24,789] 84 root - INFO - Hypothesis ag_002: float64, float64
[2023-02-26 23:45:24,804] 84 root - INFO - Hypothesis ag_003: float64, float64
[2023-02-26 23:45:24,820] 84 root - INFO - Hypothesis ag_004: float64, float64
[2023-02-26 23:45:24,827] 84 root - INFO - Hypothesis ag_005: float64, float64
[2023-02-26 23:45:24,834] 84 root - INFO - Hypothesis ag_006: float64, float64
[2023-02-26 23:45:24,840] 84 root - INFO - Hypothesis ag_007: float64, float64
[2023-02-26 23:45:24,845] 84 root - INFO - Hypothesis ag_008: float64, float64
[2023-02-26 23:45:24,852] 84 root - INFO - Hypothesis ag_009: float64, float64
[2023-02-26 23:45:24,857] 84 root - INFO - Hypothesis ah_000: float64, float64
[2023-02-26 23:45:24,862] 84 root - INFO - Hypothesis ai_000: float64, float64
[2023-02-26 23:45:24,873] 84 root - INFO - Hypothesis aj_000: float64, float64
[2023-02-26 23:45:24,876] 84 root - INFO - Hypothesis ak_000: float64, float64
[2023-02-26 23:45:24,887] 84 root - INFO - Hypothesis al_000: float64, float64
[2023-02-26 23:45:24,903] 84 root - INFO - Hypothesis am_0: float64, float64
[2023-02-26 23:45:24,913] 84 root - INFO - Hypothesis an_000: float64, float64
[2023-02-26 23:45:24,922] 84 root - INFO - Hypothesis ao_000: float64, float64
[2023-02-26 23:45:24,929] 84 root - INFO - Hypothesis ap_000: float64, float64
[2023-02-26 23:45:24,936] 84 root - INFO - Hypothesis aq_000: float64, float64
[2023-02-26 23:45:24,944] 84 root - INFO - Hypothesis ar_000: float64, float64
[2023-02-26 23:45:24,954] 84 root - INFO - Hypothesis as_000: float64, float64
[2023-02-26 23:45:24,963] 84 root - INFO - Hypothesis at_000: float64, float64
[2023-02-26 23:45:24,968] 84 root - INFO - Hypothesis au_000: float64, float64
[2023-02-26 23:45:24,977] 84 root - INFO - Hypothesis av_000: float64, float64
[2023-02-26 23:45:24,983] 84 root - INFO - Hypothesis ax_000: float64, float64
[2023-02-26 23:45:24,989] 84 root - INFO - Hypothesis ay_000: float64, float64
[2023-02-26 23:45:24,999] 84 root - INFO - Hypothesis ay_001: float64, float64
[2023-02-26 23:45:25,011] 84 root - INFO - Hypothesis ay_002: float64, float64
[2023-02-26 23:45:25,022] 84 root - INFO - Hypothesis ay_003: float64, float64
[2023-02-26 23:45:25,030] 84 root - INFO - Hypothesis ay_004: float64, float64
[2023-02-26 23:45:25,041] 84 root - INFO - Hypothesis ay_005: float64, float64
[2023-02-26 23:45:25,047] 84 root - INFO - Hypothesis ay_006: float64, float64
[2023-02-26 23:45:25,054] 84 root - INFO - Hypothesis ay_007: float64, float64
[2023-02-26 23:45:25,061] 84 root - INFO - Hypothesis ay_008: float64, float64
[2023-02-26 23:45:25,069] 84 root - INFO - Hypothesis ay_009: float64, float64
[2023-02-26 23:45:25,078] 84 root - INFO - Hypothesis az_000: float64, float64
[2023-02-26 23:45:25,086] 84 root - INFO - Hypothesis az_001: float64, float64
[2023-02-26 23:45:25,093] 84 root - INFO - Hypothesis az_002: float64, float64
[2023-02-26 23:45:25,098] 84 root - INFO - Hypothesis az_003: float64, float64
[2023-02-26 23:45:25,106] 84 root - INFO - Hypothesis az_004: float64, float64
[2023-02-26 23:45:25,111] 84 root - INFO - Hypothesis az_005: float64, float64
[2023-02-26 23:45:25,119] 84 root - INFO - Hypothesis az_006: float64, float64
[2023-02-26 23:45:25,125] 84 root - INFO - Hypothesis az_007: float64, float64
[2023-02-26 23:45:25,129] 84 root - INFO - Hypothesis az_008: float64, float64
[2023-02-26 23:45:25,141] 84 root - INFO - Hypothesis az_009: float64, float64
[2023-02-26 23:45:25,153] 84 root - INFO - Hypothesis ba_000: float64, float64
[2023-02-26 23:45:25,158] 84 root - INFO - Hypothesis ba_001: float64, float64
[2023-02-26 23:45:25,165] 84 root - INFO - Hypothesis ba_002: float64, float64
[2023-02-26 23:45:25,172] 84 root - INFO - Hypothesis ba_003: float64, float64
[2023-02-26 23:45:25,179] 84 root - INFO - Hypothesis ba_004: float64, float64
[2023-02-26 23:45:25,187] 84 root - INFO - Hypothesis ba_005: float64, float64
[2023-02-26 23:45:25,192] 84 root - INFO - Hypothesis ba_006: float64, float64
[2023-02-26 23:45:25,200] 84 root - INFO - Hypothesis ba_007: float64, float64
[2023-02-26 23:45:25,205] 84 root - INFO - Hypothesis ba_008: float64, float64
[2023-02-26 23:45:25,209] 84 root - INFO - Hypothesis ba_009: float64, float64
[2023-02-26 23:45:25,214] 84 root - INFO - Hypothesis bb_000: float64, float64
[2023-02-26 23:45:25,222] 84 root - INFO - Hypothesis bc_000: float64, float64
[2023-02-26 23:45:25,227] 84 root - INFO - Hypothesis bd_000: float64, float64
[2023-02-26 23:45:25,233] 84 root - INFO - Hypothesis be_000: float64, float64
[2023-02-26 23:45:25,239] 84 root - INFO - Hypothesis bf_000: float64, float64
[2023-02-26 23:45:25,242] 84 root - INFO - Hypothesis bg_000: float64, float64
[2023-02-26 23:45:25,250] 84 root - INFO - Hypothesis bh_000: float64, float64
[2023-02-26 23:45:25,257] 84 root - INFO - Hypothesis bi_000: float64, float64
[2023-02-26 23:45:25,263] 84 root - INFO - Hypothesis bj_000: float64, float64
[2023-02-26 23:45:25,270] 84 root - INFO - Hypothesis bs_000: float64, float64
[2023-02-26 23:45:25,277] 84 root - INFO - Hypothesis bt_000: float64, float64
[2023-02-26 23:45:25,284] 84 root - INFO - Hypothesis bu_000: float64, float64
[2023-02-26 23:45:25,291] 84 root - INFO - Hypothesis bv_000: float64, float64
[2023-02-26 23:45:25,297] 84 root - INFO - Hypothesis bx_000: float64, float64
[2023-02-26 23:45:25,303] 84 root - INFO - Hypothesis by_000: float64, float64
[2023-02-26 23:45:25,309] 84 root - INFO - Hypothesis bz_000: float64, float64
[2023-02-26 23:45:25,314] 84 root - INFO - Hypothesis ca_000: float64, float64
[2023-02-26 23:45:25,321] 84 root - INFO - Hypothesis cb_000: float64, float64
[2023-02-26 23:45:25,327] 84 root - INFO - Hypothesis cc_000: float64, float64
[2023-02-26 23:45:25,333] 84 root - INFO - Hypothesis cd_000: float64, float64
[2023-02-26 23:45:25,345] 84 root - INFO - Hypothesis ce_000: float64, float64
[2023-02-26 23:45:25,352] 84 root - INFO - Hypothesis ci_000: float64, float64
[2023-02-26 23:45:25,357] 84 root - INFO - Hypothesis cj_000: float64, float64
[2023-02-26 23:45:25,361] 84 root - INFO - Hypothesis ck_000: float64, float64
[2023-02-26 23:45:25,371] 84 root - INFO - Hypothesis cl_000: float64, float64
[2023-02-26 23:45:25,375] 84 root - INFO - Hypothesis cm_000: float64, float64
[2023-02-26 23:45:25,379] 84 root - INFO - Hypothesis cn_000: float64, float64
[2023-02-26 23:45:25,390] 84 root - INFO - Hypothesis cn_001: float64, float64
[2023-02-26 23:45:25,403] 84 root - INFO - Hypothesis cn_002: float64, float64
[2023-02-26 23:45:25,408] 84 root - INFO - Hypothesis cn_003: float64, float64
[2023-02-26 23:45:25,413] 84 root - INFO - Hypothesis cn_004: float64, float64
[2023-02-26 23:45:25,421] 84 root - INFO - Hypothesis cn_005: float64, float64
[2023-02-26 23:45:25,427] 84 root - INFO - Hypothesis cn_006: float64, float64
[2023-02-26 23:45:25,433] 84 root - INFO - Hypothesis cn_007: float64, float64
[2023-02-26 23:45:25,440] 84 root - INFO - Hypothesis cn_008: float64, float64
[2023-02-26 23:45:25,446] 84 root - INFO - Hypothesis cn_009: float64, float64
[2023-02-26 23:45:25,458] 84 root - INFO - Hypothesis cp_000: float64, float64
[2023-02-26 23:45:25,463] 84 root - INFO - Hypothesis cq_000: float64, float64
[2023-02-26 23:45:25,469] 84 root - INFO - Hypothesis cs_000: float64, float64
[2023-02-26 23:45:25,475] 84 root - INFO - Hypothesis cs_001: float64, float64
[2023-02-26 23:45:25,481] 84 root - INFO - Hypothesis cs_002: float64, float64
[2023-02-26 23:45:25,488] 84 root - INFO - Hypothesis cs_003: float64, float64
[2023-02-26 23:45:25,494] 84 root - INFO - Hypothesis cs_004: float64, float64
[2023-02-26 23:45:25,501] 84 root - INFO - Hypothesis cs_005: float64, float64
[2023-02-26 23:45:25,507] 84 root - INFO - Hypothesis cs_006: float64, float64
[2023-02-26 23:45:25,514] 84 root - INFO - Hypothesis cs_007: float64, float64
[2023-02-26 23:45:25,522] 84 root - INFO - Hypothesis cs_008: float64, float64
[2023-02-26 23:45:25,527] 84 root - INFO - Hypothesis cs_009: float64, float64
[2023-02-26 23:45:25,536] 84 root - INFO - Hypothesis dd_000: float64, float64
[2023-02-26 23:45:25,542] 84 root - INFO - Hypothesis de_000: float64, float64
[2023-02-26 23:45:25,547] 84 root - INFO - Hypothesis df_000: float64, float64
[2023-02-26 23:45:25,556] 84 root - INFO - Hypothesis dg_000: float64, float64
[2023-02-26 23:45:25,566] 84 root - INFO - Hypothesis dh_000: float64, float64
[2023-02-26 23:45:25,571] 84 root - INFO - Hypothesis di_000: float64, float64
[2023-02-26 23:45:25,574] 84 root - INFO - Hypothesis dj_000: float64, float64
[2023-02-26 23:45:25,585] 84 root - INFO - Hypothesis dk_000: float64, float64
[2023-02-26 23:45:25,594] 84 root - INFO - Hypothesis dl_000: float64, float64
[2023-02-26 23:45:25,604] 84 root - INFO - Hypothesis dm_000: float64, float64
[2023-02-26 23:45:25,613] 84 root - INFO - Hypothesis dn_000: float64, float64
[2023-02-26 23:45:25,619] 84 root - INFO - Hypothesis do_000: float64, float64
[2023-02-26 23:45:25,625] 84 root - INFO - Hypothesis dp_000: float64, float64
[2023-02-26 23:45:25,631] 84 root - INFO - Hypothesis dq_000: float64, float64
[2023-02-26 23:45:25,641] 84 root - INFO - Hypothesis dr_000: float64, float64
[2023-02-26 23:45:25,652] 84 root - INFO - Hypothesis ds_000: float64, float64
[2023-02-26 23:45:25,658] 84 root - INFO - Hypothesis dt_000: float64, float64
[2023-02-26 23:45:25,663] 84 root - INFO - Hypothesis du_000: float64, float64
[2023-02-26 23:45:25,669] 84 root - INFO - Hypothesis dv_000: float64, float64
[2023-02-26 23:45:25,675] 84 root - INFO - Hypothesis dx_000: float64, float64
[2023-02-26 23:45:25,680] 84 root - INFO - Hypothesis dy_000: float64, float64
[2023-02-26 23:45:25,690] 84 root - INFO - Hypothesis dz_000: float64, float64
[2023-02-26 23:45:25,699] 84 root - INFO - Hypothesis ea_000: float64, float64
[2023-02-26 23:45:25,709] 84 root - INFO - Hypothesis eb_000: float64, float64
[2023-02-26 23:45:25,714] 84 root - INFO - Hypothesis ec_00: float64, float64
[2023-02-26 23:45:25,720] 84 root - INFO - Hypothesis ed_000: float64, float64
[2023-02-26 23:45:25,725] 84 root - INFO - Hypothesis ee_000: float64, float64
[2023-02-26 23:45:25,731] 84 root - INFO - Hypothesis ee_001: float64, float64
[2023-02-26 23:45:25,737] 84 root - INFO - Hypothesis ee_002: float64, float64
[2023-02-26 23:45:25,743] 84 root - INFO - Hypothesis ee_003: float64, float64
[2023-02-26 23:45:25,749] 84 root - INFO - Hypothesis ee_004: float64, float64
[2023-02-26 23:45:25,756] 84 root - INFO - Hypothesis ee_005: float64, float64
[2023-02-26 23:45:25,761] 84 root - INFO - Hypothesis ee_006: float64, float64
[2023-02-26 23:45:25,767] 84 root - INFO - Hypothesis ee_007: float64, float64
[2023-02-26 23:45:25,772] 84 root - INFO - Hypothesis ee_008: float64, float64
[2023-02-26 23:45:25,777] 84 root - INFO - Hypothesis ee_009: float64, float64
[2023-02-26 23:45:25,780] 84 root - INFO - Hypothesis ef_000: float64, float64
[2023-02-26 23:45:25,791] 84 root - INFO - Hypothesis eg_000: float64, float64
[2023-02-26 23:45:25,799] 144 root - INFO - Writing report to yaml file
[2023-02-26 23:45:25,858] 149 root - INFO - Data Validation artifact: DataValidationArtifact(report_file_path='C:\\Users\\shara\\ML_Projects\\artifact\\022623__234403\\data_validation\\report.yaml')
[2023-02-26 23:45:25,868] 23 root - INFO - >>>>>>>>>>>>>>>>>>>>>>>>>>>>>>>>>>>>>>>> Data Transformation <<<<<<<<<<<<<<<<<<<<<<<<<<<<<<<<<<<<<<<<
[2023-02-26 23:45:26,829] 73 root - INFO - Before resampling in training set Input: (28950, 170) Target: (28950,)
[2023-02-26 23:46:38,982] 75 root - INFO - After resampling in training set Input: (56166, 170) Target: (56166,)
[2023-02-26 23:46:38,987] 77 root - INFO - Before resampling in testing set Input: (7238, 170) Target: (7238,)
[2023-02-26 23:46:42,742] 79 root - INFO - After resampling in testing set Input: (14016, 170) Target: (14016,)
[2023-02-26 23:46:42,900] 48 root - INFO - Entered the save_object method of utils
[2023-02-26 23:46:42,919] 52 root - INFO - Exited the save_object method of utils
[2023-02-26 23:46:42,919] 48 root - INFO - Entered the save_object method of utils
[2023-02-26 23:46:42,922] 52 root - INFO - Exited the save_object method of utils
[2023-02-26 23:46:42,923] 102 root - INFO - Data transformation object DataTransformationArtifact(transform_object_path='C:\\Users\\shara\\ML_Projects\\artifact\\022623__234403\\data_transformation\\transformer\\transformer.pkl', transformed_train_path='C:\\Users\\shara\\ML_Projects\\artifact\\022623__234403\\data_transformation\\transformed\\train.npz', transformed_test_path='C:\\Users\\shara\\ML_Projects\\artifact\\022623__234403\\data_transformation\\transformed\\test.npz', target_encoder_path='C:\\Users\\shara\\ML_Projects\\artifact\\022623__234403\\data_transformation\\target_encoder\\target_encoder.pkl')
[2023-02-26 23:46:42,945] 16 root - INFO - >>>>>>>>>>>>>>>>>>>>>>>>>>>>>>>>>>>>>>>> Model Trainer <<<<<<<<<<<<<<<<<<<<<<<<<<<<<<<<<<<<<<<<
[2023-02-26 23:46:42,947] 42 root - INFO - Loading train and test array
[2023-02-26 23:46:43,042] 46 root - INFO - splitting input and target feature from both training and test arrays
[2023-02-26 23:46:43,043] 50 root - INFO - Train the model
[2023-02-26 23:47:26,613] 53 root - INFO - Calculating f1 train score
[2023-02-26 23:47:26,837] 57 root - INFO - Calculating f1 test score
[2023-02-26 23:47:26,896] 61 root - INFO - Train score: 1.0 and Test score: 0.9798754886347183
[2023-02-26 23:47:26,896] 64 root - INFO - Checking if model is underfitting
[2023-02-26 23:47:26,896] 69 root - INFO - Checking if model is overfitting
[2023-02-26 23:47:26,896] 76 root - INFO - saving model object
[2023-02-26 23:47:26,896] 48 root - INFO - Entered the save_object method of utils
[2023-02-26 23:47:26,908] 52 root - INFO - Exited the save_object method of utils
[2023-02-26 23:47:26,908] 80 root - INFO - Preparing artifact
[2023-02-26 23:47:26,909] 84 root - INFO - Model Trainer artifact: ModelTrainerArtifact(model_path='C:\\Users\\shara\\ML_Projects\\artifact\\022623__234403\\model_trainer\\model\\model.pkl', f1_train_score=1.0, f1_test_score=0.9798754886347183)
[2023-02-26 23:47:26,915] 22 root - INFO - >>>>>>>>>>>>>>>>>>>>>>>>>>>>>>>>>>>>>>>> Model Evaluation <<<<<<<<<<<<<<<<<<<<<<<<<<<<<<<<<<<<<<<<
[2023-02-26 23:47:26,916] 36 root - INFO - if saved model folder has model then we will compare which model is best trained or the model from saved model folder
[2023-02-26 23:47:26,917] 44 root - INFO - Finding location of transformer model and target encoder
[2023-02-26 23:47:26,917] 47 root - INFO - Getting latest transformer:saved_models\0
[2023-02-26 23:47:26,917] 50 root - INFO - Previous trained objects of transformer, model and target encoder
[2023-02-26 23:47:26,928] 56 root - INFO - Currently trained model objects
[2023-02-26 23:47:27,291] 71 root - INFO - Accuracy using previous trained model: 0.9691211401425178
[2023-02-26 23:47:27,385] 80 root - INFO - Accuracy using current trained model: 0.841860465116279
[2023-02-26 23:47:27,386] 83 root - INFO - Current trained model is not better than previous trained model
