[2023-02-26 22:59:44,004] 159 numexpr.utils - INFO - NumExpr defaulting to 8 threads.
[2023-02-26 22:59:48,702] 17 root - INFO - >>>>>>>>>>>>>>>>>>>>>>>>>>>>>>>>>>>>>>>> Data Ingestion <<<<<<<<<<<<<<<<<<<<<<<<<<<<<<<<<<<<<<<<
[2023-02-26 22:59:48,702] 24 root - INFO - Exporting collection data as pandas DataFrame
[2023-02-26 22:59:48,702] 13 root - INFO - Reading data from database: APS and collection: Sensor
[2023-02-26 23:02:51,741] 15 root - INFO - Found columns: Index(['_id', 'class', 'aa_000', 'ab_000', 'ac_000', 'ad_000', 'ae_000',
       'af_000', 'ag_000', 'ag_001',
       ...
       'ee_002', 'ee_003', 'ee_004', 'ee_005', 'ee_006', 'ee_007', 'ee_008',
       'ee_009', 'ef_000', 'eg_000'],
      dtype='object', length=172)
[2023-02-26 23:02:51,745] 17 root - INFO - Dropping column: _id
[2023-02-26 23:02:51,988] 19 root - INFO - Row and columns in df : (36188, 171)
[2023-02-26 23:02:51,988] 29 root - INFO - save data in feature store
[2023-02-26 23:02:52,349] 35 root - INFO - Create feature store folder if not available
[2023-02-26 23:02:52,351] 39 root - INFO - Save df to feature store folder
[2023-02-26 23:02:53,756] 43 root - INFO - split dataset into train and test set
[2023-02-26 23:02:54,199] 47 root - INFO - create dataset directory folder if not available
[2023-02-26 23:02:54,201] 52 root - INFO - Save df to feature store folder
[2023-02-26 23:02:55,826] 64 root - INFO - Data ingestion artifact: DataIngestionArtifact(feature_store_file_path='C:\\Users\\shara\\ML_Projects\\artifact\\022623__225948\\data_ingestion\\feature_store\\sensor.csv', train_file_path='C:\\Users\\shara\\ML_Projects\\artifact\\022623__225948\\data_ingestion\\dataset\\train.csv', test_file_path='C:\\Users\\shara\\ML_Projects\\artifact\\022623__225948\\data_ingestion\\dataset\\test.csv')
[2023-02-26 23:02:56,177] 18 root - INFO - >>>>>>>>>>>>>>>>>>>>>>>>>>>>>>>>>>>>>>>> Data Validation <<<<<<<<<<<<<<<<<<<<<<<<<<<<<<<<<<<<<<<<
[2023-02-26 23:02:56,177] 107 root - INFO - Reading base DataFrame
[2023-02-26 23:02:57,933] 110 root - INFO - Replace na value in base df
[2023-02-26 23:02:57,933] 112 root - INFO - Drop null values column from base df
[2023-02-26 23:02:58,392] 41 root - INFO - Selecting column names which contain null values above to 0.2
[2023-02-26 23:02:58,392] 43 root - INFO - columns to drop: ['ab_000', 'ad_000', 'bk_000', 'bl_000', 'bm_000', 'bn_000', 'bo_000', 'bp_000', 'bq_000', 'br_000', 'cf_000', 'cg_000', 'ch_000', 'co_000', 'cr_000', 'ct_000', 'cu_000', 'cv_000', 'cx_000', 'cy_000', 'cz_000', 'da_000', 'db_000', 'dc_000']
[2023-02-26 23:02:58,459] 115 root - INFO - Reading train DataFrame
[2023-02-26 23:02:58,790] 117 root - INFO - Reading test DataFrame
[2023-02-26 23:02:58,902] 120 root - INFO - Drop null values column from train DataFrame
[2023-02-26 23:02:58,918] 41 root - INFO - Selecting column names which contain null values above to 0.2
[2023-02-26 23:02:58,918] 43 root - INFO - columns to drop: ['ab_000', 'ad_000', 'bk_000', 'bl_000', 'bm_000', 'bn_000', 'bo_000', 'bp_000', 'bq_000', 'br_000', 'cf_000', 'cg_000', 'ch_000', 'co_000', 'cr_000', 'ct_000', 'cu_000', 'cv_000', 'cx_000', 'cy_000', 'cz_000', 'da_000', 'db_000', 'dc_000']
[2023-02-26 23:02:58,931] 122 root - INFO - Drop null values column from test DataFrame
[2023-02-26 23:02:58,934] 41 root - INFO - Selecting column names which contain null values above to 0.2
[2023-02-26 23:02:58,934] 43 root - INFO - columns to drop: ['ab_000', 'ad_000', 'bk_000', 'bl_000', 'bm_000', 'bn_000', 'bo_000', 'bp_000', 'bq_000', 'br_000', 'cf_000', 'cg_000', 'ch_000', 'co_000', 'cr_000', 'ct_000', 'cu_000', 'cv_000', 'cx_000', 'cy_000', 'cz_000', 'da_000', 'db_000', 'dc_000']
[2023-02-26 23:03:06,695] 130 root - INFO - Is all required columns present in train df
[2023-02-26 23:03:06,696] 132 root - INFO - Is all required columns present in test df
[2023-02-26 23:03:06,696] 136 root - INFO - As all columns are available in train df hence detecting data drift
[2023-02-26 23:03:06,696] 84 root - INFO - Hypothesis class: object, object
[2023-02-26 23:03:06,792] 84 root - INFO - Hypothesis aa_000: float64, float64
[2023-02-26 23:03:06,819] 84 root - INFO - Hypothesis ac_000: float64, float64
[2023-02-26 23:03:06,844] 84 root - INFO - Hypothesis ae_000: float64, float64
[2023-02-26 23:03:06,879] 84 root - INFO - Hypothesis af_000: float64, float64
[2023-02-26 23:03:06,915] 84 root - INFO - Hypothesis ag_000: float64, float64
[2023-02-26 23:03:06,949] 84 root - INFO - Hypothesis ag_001: float64, float64
[2023-02-26 23:03:06,980] 84 root - INFO - Hypothesis ag_002: float64, float64
[2023-02-26 23:03:07,007] 84 root - INFO - Hypothesis ag_003: float64, float64
[2023-02-26 23:03:07,037] 84 root - INFO - Hypothesis ag_004: float64, float64
[2023-02-26 23:03:07,067] 84 root - INFO - Hypothesis ag_005: float64, float64
[2023-02-26 23:03:07,096] 84 root - INFO - Hypothesis ag_006: float64, float64
[2023-02-26 23:03:07,129] 84 root - INFO - Hypothesis ag_007: float64, float64
[2023-02-26 23:03:07,156] 84 root - INFO - Hypothesis ag_008: float64, float64
[2023-02-26 23:03:07,185] 84 root - INFO - Hypothesis ag_009: float64, float64
[2023-02-26 23:03:07,214] 84 root - INFO - Hypothesis ah_000: float64, float64
[2023-02-26 23:03:07,226] 84 root - INFO - Hypothesis ai_000: float64, float64
[2023-02-26 23:03:07,247] 84 root - INFO - Hypothesis aj_000: float64, float64
[2023-02-26 23:03:07,251] 84 root - INFO - Hypothesis ak_000: float64, float64
[2023-02-26 23:03:07,271] 84 root - INFO - Hypothesis al_000: float64, float64
[2023-02-26 23:03:07,291] 84 root - INFO - Hypothesis am_0: float64, float64
[2023-02-26 23:03:07,313] 84 root - INFO - Hypothesis an_000: float64, float64
[2023-02-26 23:03:07,321] 84 root - INFO - Hypothesis ao_000: float64, float64
[2023-02-26 23:03:07,329] 84 root - INFO - Hypothesis ap_000: float64, float64
[2023-02-26 23:03:07,351] 84 root - INFO - Hypothesis aq_000: float64, float64
[2023-02-26 23:03:07,374] 84 root - INFO - Hypothesis ar_000: float64, float64
[2023-02-26 23:03:07,392] 84 root - INFO - Hypothesis as_000: float64, float64
[2023-02-26 23:03:07,413] 84 root - INFO - Hypothesis at_000: float64, float64
[2023-02-26 23:03:07,435] 84 root - INFO - Hypothesis au_000: float64, float64
[2023-02-26 23:03:07,458] 84 root - INFO - Hypothesis av_000: float64, float64
[2023-02-26 23:03:07,479] 84 root - INFO - Hypothesis ax_000: float64, float64
[2023-02-26 23:03:07,486] 84 root - INFO - Hypothesis ay_000: float64, float64
[2023-02-26 23:03:07,507] 84 root - INFO - Hypothesis ay_001: float64, float64
[2023-02-26 23:03:07,528] 84 root - INFO - Hypothesis ay_002: float64, float64
[2023-02-26 23:03:07,554] 84 root - INFO - Hypothesis ay_003: float64, float64
[2023-02-26 23:03:07,575] 84 root - INFO - Hypothesis ay_004: float64, float64
[2023-02-26 23:03:07,596] 84 root - INFO - Hypothesis ay_005: float64, float64
[2023-02-26 23:03:07,626] 84 root - INFO - Hypothesis ay_006: float64, float64
[2023-02-26 23:03:07,657] 84 root - INFO - Hypothesis ay_007: float64, float64
[2023-02-26 23:03:07,690] 84 root - INFO - Hypothesis ay_008: float64, float64
[2023-02-26 23:03:07,701] 84 root - INFO - Hypothesis ay_009: float64, float64
[2023-02-26 23:03:07,726] 84 root - INFO - Hypothesis az_000: float64, float64
[2023-02-26 23:03:07,736] 84 root - INFO - Hypothesis az_001: float64, float64
[2023-02-26 23:03:07,744] 84 root - INFO - Hypothesis az_002: float64, float64
[2023-02-26 23:03:07,774] 84 root - INFO - Hypothesis az_003: float64, float64
[2023-02-26 23:03:07,807] 84 root - INFO - Hypothesis az_004: float64, float64
[2023-02-26 23:03:07,866] 84 root - INFO - Hypothesis az_005: float64, float64
[2023-02-26 23:03:07,911] 84 root - INFO - Hypothesis az_006: float64, float64
[2023-02-26 23:03:07,924] 84 root - INFO - Hypothesis az_007: float64, float64
[2023-02-26 23:03:07,956] 84 root - INFO - Hypothesis az_008: float64, float64
[2023-02-26 23:03:07,986] 84 root - INFO - Hypothesis az_009: float64, float64
[2023-02-26 23:03:08,015] 84 root - INFO - Hypothesis ba_000: float64, float64
[2023-02-26 23:03:08,051] 84 root - INFO - Hypothesis ba_001: float64, float64
[2023-02-26 23:03:08,084] 84 root - INFO - Hypothesis ba_002: float64, float64
[2023-02-26 23:03:08,118] 84 root - INFO - Hypothesis ba_003: float64, float64
[2023-02-26 23:03:08,146] 84 root - INFO - Hypothesis ba_004: float64, float64
[2023-02-26 23:03:08,174] 84 root - INFO - Hypothesis ba_005: float64, float64
[2023-02-26 23:03:08,207] 84 root - INFO - Hypothesis ba_006: float64, float64
[2023-02-26 23:03:08,233] 84 root - INFO - Hypothesis ba_007: float64, float64
[2023-02-26 23:03:08,243] 84 root - INFO - Hypothesis ba_008: float64, float64
[2023-02-26 23:03:08,251] 84 root - INFO - Hypothesis ba_009: float64, float64
[2023-02-26 23:03:08,278] 84 root - INFO - Hypothesis bb_000: float64, float64
[2023-02-26 23:03:08,303] 84 root - INFO - Hypothesis bc_000: float64, float64
[2023-02-26 23:03:08,309] 84 root - INFO - Hypothesis bd_000: float64, float64
[2023-02-26 23:03:08,316] 84 root - INFO - Hypothesis be_000: float64, float64
[2023-02-26 23:03:08,322] 84 root - INFO - Hypothesis bf_000: float64, float64
[2023-02-26 23:03:08,343] 84 root - INFO - Hypothesis bg_000: float64, float64
[2023-02-26 23:03:08,352] 84 root - INFO - Hypothesis bh_000: float64, float64
[2023-02-26 23:03:08,374] 84 root - INFO - Hypothesis bi_000: float64, float64
[2023-02-26 23:03:08,396] 84 root - INFO - Hypothesis bj_000: float64, float64
[2023-02-26 23:03:08,420] 84 root - INFO - Hypothesis bs_000: float64, float64
[2023-02-26 23:03:08,447] 84 root - INFO - Hypothesis bt_000: float64, float64
[2023-02-26 23:03:08,473] 84 root - INFO - Hypothesis bu_000: float64, float64
[2023-02-26 23:03:08,497] 84 root - INFO - Hypothesis bv_000: float64, float64
[2023-02-26 23:03:08,525] 84 root - INFO - Hypothesis bx_000: float64, float64
[2023-02-26 23:03:08,551] 84 root - INFO - Hypothesis by_000: float64, float64
[2023-02-26 23:03:08,575] 84 root - INFO - Hypothesis bz_000: float64, float64
[2023-02-26 23:03:08,597] 84 root - INFO - Hypothesis ca_000: float64, float64
[2023-02-26 23:03:08,606] 84 root - INFO - Hypothesis cb_000: float64, float64
[2023-02-26 23:03:08,614] 84 root - INFO - Hypothesis cc_000: float64, float64
[2023-02-26 23:03:08,635] 84 root - INFO - Hypothesis cd_000: float64, float64
[2023-02-26 23:03:08,654] 84 root - INFO - Hypothesis ce_000: float64, float64
[2023-02-26 23:03:08,675] 84 root - INFO - Hypothesis ci_000: float64, float64
[2023-02-26 23:03:08,697] 84 root - INFO - Hypothesis cj_000: float64, float64
[2023-02-26 23:03:08,716] 84 root - INFO - Hypothesis ck_000: float64, float64
[2023-02-26 23:03:08,739] 84 root - INFO - Hypothesis cl_000: float64, float64
[2023-02-26 23:03:08,760] 84 root - INFO - Hypothesis cm_000: float64, float64
[2023-02-26 23:03:08,780] 84 root - INFO - Hypothesis cn_000: float64, float64
[2023-02-26 23:03:08,798] 84 root - INFO - Hypothesis cn_001: float64, float64
[2023-02-26 23:03:08,820] 84 root - INFO - Hypothesis cn_002: float64, float64
[2023-02-26 23:03:08,843] 84 root - INFO - Hypothesis cn_003: float64, float64
[2023-02-26 23:03:08,867] 84 root - INFO - Hypothesis cn_004: float64, float64
[2023-02-26 23:03:08,891] 84 root - INFO - Hypothesis cn_005: float64, float64
[2023-02-26 23:03:08,913] 84 root - INFO - Hypothesis cn_006: float64, float64
[2023-02-26 23:03:08,935] 84 root - INFO - Hypothesis cn_007: float64, float64
[2023-02-26 23:03:08,957] 84 root - INFO - Hypothesis cn_008: float64, float64
[2023-02-26 23:03:08,983] 84 root - INFO - Hypothesis cn_009: float64, float64
[2023-02-26 23:03:09,005] 84 root - INFO - Hypothesis cp_000: float64, float64
[2023-02-26 23:03:09,011] 84 root - INFO - Hypothesis cq_000: float64, float64
[2023-02-26 23:03:09,034] 84 root - INFO - Hypothesis cs_000: float64, float64
[2023-02-26 23:03:09,043] 84 root - INFO - Hypothesis cs_001: float64, float64
[2023-02-26 23:03:09,050] 84 root - INFO - Hypothesis cs_002: float64, float64
[2023-02-26 23:03:09,073] 84 root - INFO - Hypothesis cs_003: float64, float64
[2023-02-26 23:03:09,097] 84 root - INFO - Hypothesis cs_004: float64, float64
[2023-02-26 23:03:09,123] 84 root - INFO - Hypothesis cs_005: float64, float64
[2023-02-26 23:03:09,147] 84 root - INFO - Hypothesis cs_006: float64, float64
[2023-02-26 23:03:09,178] 84 root - INFO - Hypothesis cs_007: float64, float64
[2023-02-26 23:03:09,205] 84 root - INFO - Hypothesis cs_008: float64, float64
[2023-02-26 23:03:09,211] 84 root - INFO - Hypothesis cs_009: float64, float64
[2023-02-26 23:03:09,231] 84 root - INFO - Hypothesis dd_000: float64, float64
[2023-02-26 23:03:09,240] 84 root - INFO - Hypothesis de_000: float64, float64
[2023-02-26 23:03:09,248] 84 root - INFO - Hypothesis df_000: float64, float64
[2023-02-26 23:03:09,274] 84 root - INFO - Hypothesis dg_000: float64, float64
[2023-02-26 23:03:09,300] 84 root - INFO - Hypothesis dh_000: float64, float64
[2023-02-26 23:03:09,332] 84 root - INFO - Hypothesis di_000: float64, float64
[2023-02-26 23:03:09,362] 84 root - INFO - Hypothesis dj_000: float64, float64
[2023-02-26 23:03:09,389] 84 root - INFO - Hypothesis dk_000: float64, float64
[2023-02-26 23:03:09,413] 84 root - INFO - Hypothesis dl_000: float64, float64
[2023-02-26 23:03:09,437] 84 root - INFO - Hypothesis dm_000: float64, float64
[2023-02-26 23:03:09,466] 84 root - INFO - Hypothesis dn_000: float64, float64
[2023-02-26 23:03:09,502] 84 root - INFO - Hypothesis do_000: float64, float64
[2023-02-26 23:03:09,537] 84 root - INFO - Hypothesis dp_000: float64, float64
[2023-02-26 23:03:09,574] 84 root - INFO - Hypothesis dq_000: float64, float64
[2023-02-26 23:03:09,602] 84 root - INFO - Hypothesis dr_000: float64, float64
[2023-02-26 23:03:09,635] 84 root - INFO - Hypothesis ds_000: float64, float64
[2023-02-26 23:03:09,669] 84 root - INFO - Hypothesis dt_000: float64, float64
[2023-02-26 23:03:09,681] 84 root - INFO - Hypothesis du_000: float64, float64
[2023-02-26 23:03:09,691] 84 root - INFO - Hypothesis dv_000: float64, float64
[2023-02-26 23:03:09,723] 84 root - INFO - Hypothesis dx_000: float64, float64
[2023-02-26 23:03:09,749] 84 root - INFO - Hypothesis dy_000: float64, float64
[2023-02-26 23:03:09,774] 84 root - INFO - Hypothesis dz_000: float64, float64
[2023-02-26 23:03:09,796] 84 root - INFO - Hypothesis ea_000: float64, float64
[2023-02-26 23:03:09,817] 84 root - INFO - Hypothesis eb_000: float64, float64
[2023-02-26 23:03:09,881] 84 root - INFO - Hypothesis ec_00: float64, float64
[2023-02-26 23:03:09,912] 84 root - INFO - Hypothesis ed_000: float64, float64
[2023-02-26 23:03:09,940] 84 root - INFO - Hypothesis ee_000: float64, float64
[2023-02-26 23:03:09,967] 84 root - INFO - Hypothesis ee_001: float64, float64
[2023-02-26 23:03:09,992] 84 root - INFO - Hypothesis ee_002: float64, float64
[2023-02-26 23:03:10,016] 84 root - INFO - Hypothesis ee_003: float64, float64
[2023-02-26 23:03:10,040] 84 root - INFO - Hypothesis ee_004: float64, float64
[2023-02-26 23:03:10,065] 84 root - INFO - Hypothesis ee_005: float64, float64
[2023-02-26 23:03:10,089] 84 root - INFO - Hypothesis ee_006: float64, float64
[2023-02-26 23:03:10,097] 84 root - INFO - Hypothesis ee_007: float64, float64
[2023-02-26 23:03:10,119] 84 root - INFO - Hypothesis ee_008: float64, float64
[2023-02-26 23:03:10,141] 84 root - INFO - Hypothesis ee_009: float64, float64
[2023-02-26 23:03:10,161] 84 root - INFO - Hypothesis ef_000: float64, float64
[2023-02-26 23:03:10,179] 84 root - INFO - Hypothesis eg_000: float64, float64
[2023-02-26 23:03:10,197] 139 root - INFO - As all columns are available in test df hence detecting data drift
[2023-02-26 23:03:10,197] 84 root - INFO - Hypothesis class: object, object
[2023-02-26 23:03:10,233] 84 root - INFO - Hypothesis aa_000: float64, float64
[2023-02-26 23:03:10,238] 84 root - INFO - Hypothesis ac_000: float64, float64
[2023-02-26 23:03:10,241] 84 root - INFO - Hypothesis ae_000: float64, float64
[2023-02-26 23:03:10,249] 84 root - INFO - Hypothesis af_000: float64, float64
[2023-02-26 23:03:10,251] 84 root - INFO - Hypothesis ag_000: float64, float64
[2023-02-26 23:03:10,259] 84 root - INFO - Hypothesis ag_001: float64, float64
[2023-02-26 23:03:10,267] 84 root - INFO - Hypothesis ag_002: float64, float64
[2023-02-26 23:03:10,275] 84 root - INFO - Hypothesis ag_003: float64, float64
[2023-02-26 23:03:10,278] 84 root - INFO - Hypothesis ag_004: float64, float64
[2023-02-26 23:03:10,282] 84 root - INFO - Hypothesis ag_005: float64, float64
[2023-02-26 23:03:10,288] 84 root - INFO - Hypothesis ag_006: float64, float64
[2023-02-26 23:03:10,295] 84 root - INFO - Hypothesis ag_007: float64, float64
[2023-02-26 23:03:10,299] 84 root - INFO - Hypothesis ag_008: float64, float64
[2023-02-26 23:03:10,304] 84 root - INFO - Hypothesis ag_009: float64, float64
[2023-02-26 23:03:10,313] 84 root - INFO - Hypothesis ah_000: float64, float64
[2023-02-26 23:03:10,317] 84 root - INFO - Hypothesis ai_000: float64, float64
[2023-02-26 23:03:10,321] 84 root - INFO - Hypothesis aj_000: float64, float64
[2023-02-26 23:03:10,325] 84 root - INFO - Hypothesis ak_000: float64, float64
[2023-02-26 23:03:10,332] 84 root - INFO - Hypothesis al_000: float64, float64
[2023-02-26 23:03:10,336] 84 root - INFO - Hypothesis am_0: float64, float64
[2023-02-26 23:03:10,339] 84 root - INFO - Hypothesis an_000: float64, float64
[2023-02-26 23:03:10,345] 84 root - INFO - Hypothesis ao_000: float64, float64
[2023-02-26 23:03:10,350] 84 root - INFO - Hypothesis ap_000: float64, float64
[2023-02-26 23:03:10,357] 84 root - INFO - Hypothesis aq_000: float64, float64
[2023-02-26 23:03:10,361] 84 root - INFO - Hypothesis ar_000: float64, float64
[2023-02-26 23:03:10,370] 84 root - INFO - Hypothesis as_000: float64, float64
[2023-02-26 23:03:10,383] 84 root - INFO - Hypothesis at_000: float64, float64
[2023-02-26 23:03:10,386] 84 root - INFO - Hypothesis au_000: float64, float64
[2023-02-26 23:03:10,394] 84 root - INFO - Hypothesis av_000: float64, float64
[2023-02-26 23:03:10,398] 84 root - INFO - Hypothesis ax_000: float64, float64
[2023-02-26 23:03:10,403] 84 root - INFO - Hypothesis ay_000: float64, float64
[2023-02-26 23:03:10,411] 84 root - INFO - Hypothesis ay_001: float64, float64
[2023-02-26 23:03:10,419] 84 root - INFO - Hypothesis ay_002: float64, float64
[2023-02-26 23:03:10,429] 84 root - INFO - Hypothesis ay_003: float64, float64
[2023-02-26 23:03:10,436] 84 root - INFO - Hypothesis ay_004: float64, float64
[2023-02-26 23:03:10,447] 84 root - INFO - Hypothesis ay_005: float64, float64
[2023-02-26 23:03:10,451] 84 root - INFO - Hypothesis ay_006: float64, float64
[2023-02-26 23:03:10,457] 84 root - INFO - Hypothesis ay_007: float64, float64
[2023-02-26 23:03:10,462] 84 root - INFO - Hypothesis ay_008: float64, float64
[2023-02-26 23:03:10,466] 84 root - INFO - Hypothesis ay_009: float64, float64
[2023-02-26 23:03:10,475] 84 root - INFO - Hypothesis az_000: float64, float64
[2023-02-26 23:03:10,479] 84 root - INFO - Hypothesis az_001: float64, float64
[2023-02-26 23:03:10,484] 84 root - INFO - Hypothesis az_002: float64, float64
[2023-02-26 23:03:10,490] 84 root - INFO - Hypothesis az_003: float64, float64
[2023-02-26 23:03:10,495] 84 root - INFO - Hypothesis az_004: float64, float64
[2023-02-26 23:03:10,499] 84 root - INFO - Hypothesis az_005: float64, float64
[2023-02-26 23:03:10,505] 84 root - INFO - Hypothesis az_006: float64, float64
[2023-02-26 23:03:10,509] 84 root - INFO - Hypothesis az_007: float64, float64
[2023-02-26 23:03:10,513] 84 root - INFO - Hypothesis az_008: float64, float64
[2023-02-26 23:03:10,515] 84 root - INFO - Hypothesis az_009: float64, float64
[2023-02-26 23:03:10,522] 84 root - INFO - Hypothesis ba_000: float64, float64
[2023-02-26 23:03:10,527] 84 root - INFO - Hypothesis ba_001: float64, float64
[2023-02-26 23:03:10,532] 84 root - INFO - Hypothesis ba_002: float64, float64
[2023-02-26 23:03:10,537] 84 root - INFO - Hypothesis ba_003: float64, float64
[2023-02-26 23:03:10,542] 84 root - INFO - Hypothesis ba_004: float64, float64
[2023-02-26 23:03:10,547] 84 root - INFO - Hypothesis ba_005: float64, float64
[2023-02-26 23:03:10,551] 84 root - INFO - Hypothesis ba_006: float64, float64
[2023-02-26 23:03:10,557] 84 root - INFO - Hypothesis ba_007: float64, float64
[2023-02-26 23:03:10,561] 84 root - INFO - Hypothesis ba_008: float64, float64
[2023-02-26 23:03:10,566] 84 root - INFO - Hypothesis ba_009: float64, float64
[2023-02-26 23:03:10,575] 84 root - INFO - Hypothesis bb_000: float64, float64
[2023-02-26 23:03:10,580] 84 root - INFO - Hypothesis bc_000: float64, float64
[2023-02-26 23:03:10,583] 84 root - INFO - Hypothesis bd_000: float64, float64
[2023-02-26 23:03:10,587] 84 root - INFO - Hypothesis be_000: float64, float64
[2023-02-26 23:03:10,592] 84 root - INFO - Hypothesis bf_000: float64, float64
[2023-02-26 23:03:10,595] 84 root - INFO - Hypothesis bg_000: float64, float64
[2023-02-26 23:03:10,599] 84 root - INFO - Hypothesis bh_000: float64, float64
[2023-02-26 23:03:10,605] 84 root - INFO - Hypothesis bi_000: float64, float64
[2023-02-26 23:03:10,610] 84 root - INFO - Hypothesis bj_000: float64, float64
[2023-02-26 23:03:10,614] 84 root - INFO - Hypothesis bs_000: float64, float64
[2023-02-26 23:03:10,619] 84 root - INFO - Hypothesis bt_000: float64, float64
[2023-02-26 23:03:10,625] 84 root - INFO - Hypothesis bu_000: float64, float64
[2023-02-26 23:03:10,630] 84 root - INFO - Hypothesis bv_000: float64, float64
[2023-02-26 23:03:10,635] 84 root - INFO - Hypothesis bx_000: float64, float64
[2023-02-26 23:03:10,640] 84 root - INFO - Hypothesis by_000: float64, float64
[2023-02-26 23:03:10,645] 84 root - INFO - Hypothesis bz_000: float64, float64
[2023-02-26 23:03:10,649] 84 root - INFO - Hypothesis ca_000: float64, float64
[2023-02-26 23:03:10,654] 84 root - INFO - Hypothesis cb_000: float64, float64
[2023-02-26 23:03:10,660] 84 root - INFO - Hypothesis cc_000: float64, float64
[2023-02-26 23:03:10,665] 84 root - INFO - Hypothesis cd_000: float64, float64
[2023-02-26 23:03:10,672] 84 root - INFO - Hypothesis ce_000: float64, float64
[2023-02-26 23:03:10,676] 84 root - INFO - Hypothesis ci_000: float64, float64
[2023-02-26 23:03:10,681] 84 root - INFO - Hypothesis cj_000: float64, float64
[2023-02-26 23:03:10,684] 84 root - INFO - Hypothesis ck_000: float64, float64
[2023-02-26 23:03:10,689] 84 root - INFO - Hypothesis cl_000: float64, float64
[2023-02-26 23:03:10,698] 84 root - INFO - Hypothesis cm_000: float64, float64
[2023-02-26 23:03:10,701] 84 root - INFO - Hypothesis cn_000: float64, float64
[2023-02-26 23:03:10,711] 84 root - INFO - Hypothesis cn_001: float64, float64
[2023-02-26 23:03:10,715] 84 root - INFO - Hypothesis cn_002: float64, float64
[2023-02-26 23:03:10,720] 84 root - INFO - Hypothesis cn_003: float64, float64
[2023-02-26 23:03:10,728] 84 root - INFO - Hypothesis cn_004: float64, float64
[2023-02-26 23:03:10,733] 84 root - INFO - Hypothesis cn_005: float64, float64
[2023-02-26 23:03:10,738] 84 root - INFO - Hypothesis cn_006: float64, float64
[2023-02-26 23:03:10,744] 84 root - INFO - Hypothesis cn_007: float64, float64
[2023-02-26 23:03:10,748] 84 root - INFO - Hypothesis cn_008: float64, float64
[2023-02-26 23:03:10,754] 84 root - INFO - Hypothesis cn_009: float64, float64
[2023-02-26 23:03:10,758] 84 root - INFO - Hypothesis cp_000: float64, float64
[2023-02-26 23:03:10,763] 84 root - INFO - Hypothesis cq_000: float64, float64
[2023-02-26 23:03:10,768] 84 root - INFO - Hypothesis cs_000: float64, float64
[2023-02-26 23:03:10,773] 84 root - INFO - Hypothesis cs_001: float64, float64
[2023-02-26 23:03:10,777] 84 root - INFO - Hypothesis cs_002: float64, float64
[2023-02-26 23:03:10,783] 84 root - INFO - Hypothesis cs_003: float64, float64
[2023-02-26 23:03:10,787] 84 root - INFO - Hypothesis cs_004: float64, float64
[2023-02-26 23:03:10,792] 84 root - INFO - Hypothesis cs_005: float64, float64
[2023-02-26 23:03:10,798] 84 root - INFO - Hypothesis cs_006: float64, float64
[2023-02-26 23:03:10,803] 84 root - INFO - Hypothesis cs_007: float64, float64
[2023-02-26 23:03:10,808] 84 root - INFO - Hypothesis cs_008: float64, float64
[2023-02-26 23:03:10,811] 84 root - INFO - Hypothesis cs_009: float64, float64
[2023-02-26 23:03:10,819] 84 root - INFO - Hypothesis dd_000: float64, float64
[2023-02-26 23:03:10,823] 84 root - INFO - Hypothesis de_000: float64, float64
[2023-02-26 23:03:10,827] 84 root - INFO - Hypothesis df_000: float64, float64
[2023-02-26 23:03:10,835] 84 root - INFO - Hypothesis dg_000: float64, float64
[2023-02-26 23:03:10,842] 84 root - INFO - Hypothesis dh_000: float64, float64
[2023-02-26 23:03:10,846] 84 root - INFO - Hypothesis di_000: float64, float64
[2023-02-26 23:03:10,849] 84 root - INFO - Hypothesis dj_000: float64, float64
[2023-02-26 23:03:10,858] 84 root - INFO - Hypothesis dk_000: float64, float64
[2023-02-26 23:03:10,866] 84 root - INFO - Hypothesis dl_000: float64, float64
[2023-02-26 23:03:10,874] 84 root - INFO - Hypothesis dm_000: float64, float64
[2023-02-26 23:03:10,883] 84 root - INFO - Hypothesis dn_000: float64, float64
[2023-02-26 23:03:10,889] 84 root - INFO - Hypothesis do_000: float64, float64
[2023-02-26 23:03:10,894] 84 root - INFO - Hypothesis dp_000: float64, float64
[2023-02-26 23:03:10,899] 84 root - INFO - Hypothesis dq_000: float64, float64
[2023-02-26 23:03:10,902] 84 root - INFO - Hypothesis dr_000: float64, float64
[2023-02-26 23:03:10,905] 84 root - INFO - Hypothesis ds_000: float64, float64
[2023-02-26 23:03:10,910] 84 root - INFO - Hypothesis dt_000: float64, float64
[2023-02-26 23:03:10,915] 84 root - INFO - Hypothesis du_000: float64, float64
[2023-02-26 23:03:10,920] 84 root - INFO - Hypothesis dv_000: float64, float64
[2023-02-26 23:03:10,927] 84 root - INFO - Hypothesis dx_000: float64, float64
[2023-02-26 23:03:10,930] 84 root - INFO - Hypothesis dy_000: float64, float64
[2023-02-26 23:03:10,941] 84 root - INFO - Hypothesis dz_000: float64, float64
[2023-02-26 23:03:10,950] 84 root - INFO - Hypothesis ea_000: float64, float64
[2023-02-26 23:03:10,961] 84 root - INFO - Hypothesis eb_000: float64, float64
[2023-02-26 23:03:10,966] 84 root - INFO - Hypothesis ec_00: float64, float64
[2023-02-26 23:03:10,971] 84 root - INFO - Hypothesis ed_000: float64, float64
[2023-02-26 23:03:10,977] 84 root - INFO - Hypothesis ee_000: float64, float64
[2023-02-26 23:03:10,983] 84 root - INFO - Hypothesis ee_001: float64, float64
[2023-02-26 23:03:10,993] 84 root - INFO - Hypothesis ee_002: float64, float64
[2023-02-26 23:03:11,000] 84 root - INFO - Hypothesis ee_003: float64, float64
[2023-02-26 23:03:11,008] 84 root - INFO - Hypothesis ee_004: float64, float64
[2023-02-26 23:03:11,015] 84 root - INFO - Hypothesis ee_005: float64, float64
[2023-02-26 23:03:11,024] 84 root - INFO - Hypothesis ee_006: float64, float64
[2023-02-26 23:03:11,032] 84 root - INFO - Hypothesis ee_007: float64, float64
[2023-02-26 23:03:11,040] 84 root - INFO - Hypothesis ee_008: float64, float64
[2023-02-26 23:03:11,047] 84 root - INFO - Hypothesis ee_009: float64, float64
[2023-02-26 23:03:11,051] 84 root - INFO - Hypothesis ef_000: float64, float64
[2023-02-26 23:03:11,063] 84 root - INFO - Hypothesis eg_000: float64, float64
[2023-02-26 23:03:11,074] 144 root - INFO - Writing report to yaml file
[2023-02-26 23:03:11,135] 149 root - INFO - Data Validation artifact: DataValidationArtifact(report_file_path='C:\\Users\\shara\\ML_Projects\\artifact\\022623__225948\\data_validation\\report.yaml')
[2023-02-26 23:03:11,147] 23 root - INFO - >>>>>>>>>>>>>>>>>>>>>>>>>>>>>>>>>>>>>>>> Data Transformation <<<<<<<<<<<<<<<<<<<<<<<<<<<<<<<<<<<<<<<<
[2023-02-26 23:03:12,201] 73 root - INFO - Before resampling in training set Input: (28950, 170) Target: (28950,)
[2023-02-26 23:04:04,266] 75 root - INFO - After resampling in training set Input: (56196, 170) Target: (56196,)
[2023-02-26 23:04:04,268] 77 root - INFO - Before resampling in testing set Input: (7238, 170) Target: (7238,)
[2023-02-26 23:04:07,225] 79 root - INFO - After resampling in testing set Input: (14030, 170) Target: (14030,)
[2023-02-26 23:04:07,364] 48 root - INFO - Entered the save_object method of utils
[2023-02-26 23:04:07,377] 52 root - INFO - Exited the save_object method of utils
[2023-02-26 23:04:07,378] 48 root - INFO - Entered the save_object method of utils
[2023-02-26 23:04:07,378] 52 root - INFO - Exited the save_object method of utils
[2023-02-26 23:04:07,379] 102 root - INFO - Data transformation object DataTransformationArtifact(transform_object_path='C:\\Users\\shara\\ML_Projects\\artifact\\022623__225948\\data_transformation\\transformer\\transformer.pkl', transformed_train_path='C:\\Users\\shara\\ML_Projects\\artifact\\022623__225948\\data_transformation\\transformed\\train.npz', transformed_test_path='C:\\Users\\shara\\ML_Projects\\artifact\\022623__225948\\data_transformation\\transformed\\test.npz', target_encoder_path='C:\\Users\\shara\\ML_Projects\\artifact\\022623__225948\\data_transformation\\target_encoder\\target_encoder.pkl')
[2023-02-26 23:04:07,394] 16 root - INFO - >>>>>>>>>>>>>>>>>>>>>>>>>>>>>>>>>>>>>>>> Model Trainer <<<<<<<<<<<<<<<<<<<<<<<<<<<<<<<<<<<<<<<<
[2023-02-26 23:04:07,395] 42 root - INFO - Loading train and test array
[2023-02-26 23:04:07,497] 46 root - INFO - splitting input and target feature from both training and test arrays
[2023-02-26 23:04:07,498] 50 root - INFO - Train the model
[2023-02-26 23:04:39,472] 53 root - INFO - Calculating f1 train score
[2023-02-26 23:04:39,646] 57 root - INFO - Calculating f1 test score
[2023-02-26 23:04:39,709] 61 root - INFO - Train score: 1.0 and Test score: 0.9710409220220294
[2023-02-26 23:04:39,709] 64 root - INFO - Checking if model is underfitting
[2023-02-26 23:04:39,709] 69 root - INFO - Checking if model is overfitting
[2023-02-26 23:04:39,709] 76 root - INFO - saving model object
[2023-02-26 23:04:39,709] 48 root - INFO - Entered the save_object method of utils
[2023-02-26 23:04:39,716] 52 root - INFO - Exited the save_object method of utils
[2023-02-26 23:04:39,716] 80 root - INFO - Preparing artifact
[2023-02-26 23:04:39,718] 84 root - INFO - Model Trainer artifact: ModelTrainerArtifact(model_path='C:\\Users\\shara\\ML_Projects\\artifact\\022623__225948\\model_trainer\\model\\model.pkl', f1_train_score=1.0, f1_test_score=0.9710409220220294)
[2023-02-26 23:04:39,724] 22 root - INFO - >>>>>>>>>>>>>>>>>>>>>>>>>>>>>>>>>>>>>>>> Model Evaluation <<<<<<<<<<<<<<<<<<<<<<<<<<<<<<<<<<<<<<<<
[2023-02-26 23:04:39,725] 36 root - INFO - if saved model folder has model then we will compare which model is best trained or the model from saved model folder
[2023-02-26 23:04:39,725] 44 root - INFO - Finding location of transformer model and target encoder
[2023-02-26 23:04:39,726] 47 root - INFO - Getting latest transformer:saved_models\0
[2023-02-26 23:04:39,726] 50 root - INFO - Previous trained objects of transformer, model and target encoder
[2023-02-26 23:04:39,734] 56 root - INFO - Currently trained model objects
[2023-02-26 23:04:40,012] 71 root - INFO - Accuracy using previous trained model: 0.9493975903614458
